<?xml version="1.0" encoding="UTF-8"?>
<!-- Generated by org.testng.reporters.JUnitReportReporter -->
<testsuite hostname="baclark77-mac1.home" name="com.nbcuni.test.publisher.tests.ContentEntityCreationManagement.ContentTypesEntities.Person.CreatePerson" tests="1" failures="0" timestamp="25 Jan 2014 02:58:26 GMT" time="542.979" errors="0">
  <testcase name="CreatePerson" time="542.979" classname="com.nbcuni.test.publisher.tests.ContentEntityCreationManagement.ContentTypesEntities.Person.CreatePerson"/>
</testsuite> <!-- com.nbcuni.test.publisher.tests.ContentEntityCreationManagement.ContentTypesEntities.Person.CreatePerson -->
