<?xml version="1.0" encoding="UTF-8"?>
<!-- Generated by org.testng.reporters.JUnitReportReporter -->
<testsuite hostname="baclark77-mac1.home" name="com.nbcuni.test.publisher.tests.Queues.CreateUpdateRevisionsToQueues.BasicUIForCreatingAndRevisingQueues" tests="1" failures="0" timestamp="17 Jan 2014 21:54:53 GMT" time="24.438" errors="0">
  <testcase name="BasicUIForCreatingAndRevisingQueues" time="24.438" classname="com.nbcuni.test.publisher.tests.Queues.CreateUpdateRevisionsToQueues.BasicUIForCreatingAndRevisingQueues"/>
</testsuite> <!-- com.nbcuni.test.publisher.tests.Queues.CreateUpdateRevisionsToQueues.BasicUIForCreatingAndRevisingQueues -->
