<?xml version="1.0" encoding="UTF-8"?>
<!-- Generated by org.testng.reporters.JUnitReportReporter -->
<testsuite hostname="baclark77-mac1.home" name="com.nbcuni.test.publisher.tests.Security.FileViewDeniedToUnauthenticatedUsers" tests="1" failures="0" timestamp="17 Jan 2014 21:54:53 GMT" time="17.126" errors="0">
  <testcase name="FileViewDeniedToUnauthenticatedUsers" time="17.126" classname="com.nbcuni.test.publisher.tests.Security.FileViewDeniedToUnauthenticatedUsers"/>
</testsuite> <!-- com.nbcuni.test.publisher.tests.Security.FileViewDeniedToUnauthenticatedUsers -->
