<?xml version="1.0" encoding="UTF-8"?>
<!-- Generated by org.testng.reporters.JUnitReportReporter -->
<testsuite hostname="baclark77-mac1.home" name="com.nbcuni.test.publisher.tests.ContentEntityCreationManagement.ContentEntityModerationStatesWorkflows.MultiEditorPublishingWorkflow" tests="1" failures="0" timestamp="10 Jun 2014 11:13:14 GMT" time="107.036" errors="0">
  <testcase name="MultiEditorPublishingWorkflow_Test" time="107.036" classname="com.nbcuni.test.publisher.tests.ContentEntityCreationManagement.ContentEntityModerationStatesWorkflows.MultiEditorPublishingWorkflow"/>
</testsuite> <!-- com.nbcuni.test.publisher.tests.ContentEntityCreationManagement.ContentEntityModerationStatesWorkflows.MultiEditorPublishingWorkflow -->
