<?xml version="1.0" encoding="UTF-8"?>
<!-- Generated by org.testng.reporters.JUnitReportReporter -->
<testsuite hostname="baclark77-mac1.home" name="com.nbcuni.test.publisher.contentbuildscripts.MPXPerformanceUpgrade.PublishUpdate.EditVideos" tests="1" failures="0" timestamp="28 May 2014 16:41:14 GMT" time="192.871" errors="0">
  <testcase name="Test" time="192.871" classname="com.nbcuni.test.publisher.contentbuildscripts.MPXPerformanceUpgrade.PublishUpdate.EditVideos"/>
</testsuite> <!-- com.nbcuni.test.publisher.contentbuildscripts.MPXPerformanceUpgrade.PublishUpdate.EditVideos -->
