<?xml version="1.0" encoding="UTF-8"?>
<!-- Generated by org.testng.reporters.JUnitReportReporter -->
<testsuite hostname="baclark77-mac1.home" name="com.nbcuni.test.publisher.tests.ContentEntityCreationManagement.ProgramGuides.ROVITVSchedule.ProgramGuideVerification" tests="1" failures="0" timestamp="31 Mar 2014 01:23:01 GMT" time="35.106" errors="0">
  <testcase name="ProgramGuideVerification_Test" time="35.106" classname="com.nbcuni.test.publisher.tests.ContentEntityCreationManagement.ProgramGuides.ROVITVSchedule.ProgramGuideVerification"/>
</testsuite> <!-- com.nbcuni.test.publisher.tests.ContentEntityCreationManagement.ProgramGuides.ROVITVSchedule.ProgramGuideVerification -->
