<?xml version="1.0" encoding="UTF-8"?>
<!-- Generated by org.testng.reporters.JUnitReportReporter -->
<testsuite hostname="baclark77-mac1.home" name="com.nbcuni.test.publisher.tests.ContentEntityCreationManagement.ContentTypesEntities.Person.CreatePerson" tests="1" failures="0" timestamp="24 Dec 2013 15:22:09 GMT" time="19.552" errors="0">
  <testcase name="CreatePerson" time="19.552" classname="com.nbcuni.test.publisher.tests.ContentEntityCreationManagement.ContentTypesEntities.Person.CreatePerson"/>
</testsuite> <!-- com.nbcuni.test.publisher.tests.ContentEntityCreationManagement.ContentTypesEntities.Person.CreatePerson -->
