<?xml version="1.0" encoding="UTF-8"?>
<!-- Generated by org.testng.reporters.JUnitReportReporter -->
<testsuite hostname="BACLARK77-MAC1.local" name="com.nbcuni.test.publisher.tests.Metrics.SiteCatalyst.ImplementSiteCatalyst" tests="1" failures="0" timestamp="2 Oct 2014 17:15:36 GMT" time="28.925" errors="0">
  <testcase name="ImplementSiteCatalyst_TC1061" time="28.925" classname="com.nbcuni.test.publisher.tests.Metrics.SiteCatalyst.ImplementSiteCatalyst"/>
</testsuite> <!-- com.nbcuni.test.publisher.tests.Metrics.SiteCatalyst.ImplementSiteCatalyst -->
