<?xml version="1.0" encoding="UTF-8"?>
<!-- Generated by org.testng.reporters.JUnitReportReporter -->
<testsuite hostname="BACLARK77-MAC1.local" name="com.nbcuni.test.publisher.tests.ContentEntityCreationManagement.ContentandEntityManagement.CountdownClock.CountdownClockEvents" tests="2" failures="0" timestamp="9 Oct 2014 00:35:31 GMT" time="248.192" errors="0">
  <testcase name="CountdownClockEvents_TC4887" time="189.762" classname="com.nbcuni.test.publisher.tests.ContentEntityCreationManagement.ContentandEntityManagement.CountdownClock.CountdownClockEvents"/>
  <testcase name="Cleanup" time="58.430" classname="com.nbcuni.test.publisher.tests.ContentEntityCreationManagement.ContentandEntityManagement.CountdownClock.CountdownClockEvents"/>
</testsuite> <!-- com.nbcuni.test.publisher.tests.ContentEntityCreationManagement.ContentandEntityManagement.CountdownClock.CountdownClockEvents -->
