<?xml version="1.0" encoding="UTF-8"?>
<!-- Generated by org.testng.reporters.JUnitReportReporter -->
<testsuite hostname="localhost" name="com.nbcuni.test.publisher.tests.SiteManagementAndReporting.TVE.ImplementTVEModulesCore" tests="1" failures="0" timestamp="24 Jun 2014 19:26:17 GMT" time="127.807" errors="0">
  <testcase name="ImplementTVEModulesCore_TC3261" time="127.807" classname="com.nbcuni.test.publisher.tests.SiteManagementAndReporting.TVE.ImplementTVEModulesCore"/>
</testsuite> <!-- com.nbcuni.test.publisher.tests.SiteManagementAndReporting.TVE.ImplementTVEModulesCore -->
