<?xml version="1.0" encoding="UTF-8"?>
<!-- Generated by org.testng.reporters.JUnitReportReporter -->
<testsuite hostname="BACLARK77-MAC1.local" name="com.nbcuni.test.publisher.tests.ContentEntityCreationManagement.ContentTypesEntities.CharacterProfile.CreateCharacterProfile" tests="1" failures="0" timestamp="30 Jan 2014 19:29:18 GMT" time="33.574" errors="0">
  <testcase name="CreateCharacterProfile_Test" time="33.574" classname="com.nbcuni.test.publisher.tests.ContentEntityCreationManagement.ContentTypesEntities.CharacterProfile.CreateCharacterProfile"/>
</testsuite> <!-- com.nbcuni.test.publisher.tests.ContentEntityCreationManagement.ContentTypesEntities.CharacterProfile.CreateCharacterProfile -->
