<?xml version="1.0" encoding="UTF-8"?>
<!-- Generated by org.testng.reporters.JUnitReportReporter -->
<testsuite hostname="localhost" name="com.nbcuni.test.publisher.contentbuildscripts.MPXPerformanceUpgrade.CreatePub7Content.CreateBulkContent1" tests="1" failures="0" timestamp="24 Jun 2014 14:25:37 GMT" time="634.744" errors="0">
  <testcase name="Test" time="634.744" classname="com.nbcuni.test.publisher.contentbuildscripts.MPXPerformanceUpgrade.CreatePub7Content.CreateBulkContent1"/>
</testsuite> <!-- com.nbcuni.test.publisher.contentbuildscripts.MPXPerformanceUpgrade.CreatePub7Content.CreateBulkContent1 -->
