<?xml version="1.0" encoding="UTF-8"?>
<!-- Generated by org.testng.reporters.JUnitReportReporter -->
<testsuite hostname="localhost" name="com.nbcuni.test.publisher.tests.ContentEntityCreationManagement.Images.AddApplyEmbeddedMetadataButton.AddApplyEmbeddedMetadataButtonAllImageForms" tests="1" failures="0" timestamp="13 Jun 2014 20:35:57 GMT" time="48.368" errors="0">
  <testcase name="AddApplyEmbeddedMetadataButtonAllImageForms_Test" time="48.368" classname="com.nbcuni.test.publisher.tests.ContentEntityCreationManagement.Images.AddApplyEmbeddedMetadataButton.AddApplyEmbeddedMetadataButtonAllImageForms"/>
</testsuite> <!-- com.nbcuni.test.publisher.tests.ContentEntityCreationManagement.Images.AddApplyEmbeddedMetadataButton.AddApplyEmbeddedMetadataButtonAllImageForms -->
