<?xml version="1.0" encoding="UTF-8"?>
<!-- Generated by org.testng.reporters.JUnitReportReporter -->
<<<<<<< HEAD
<testsuite hostname="BACLARK77-MAC1.local" name="com.nbcuni.test.publisher.tests.Setup.A1_TestSetup" tests="1" failures="0" timestamp="17 Sep 2014 21:20:26 GMT" time="151.837" errors="0">
  <testcase name="TestSetup_Test" time="151.837" classname="com.nbcuni.test.publisher.tests.Setup.A1_TestSetup"/>
=======
<testsuite hostname="BACLARK77-MAC1.local" name="com.nbcuni.test.publisher.tests.Setup.A1_TestSetup" tests="1" failures="0" timestamp="3 Sep 2014 19:44:01 GMT" time="290.328" errors="0">
  <testcase name="TestSetup_Test" time="290.328" classname="com.nbcuni.test.publisher.tests.Setup.A1_TestSetup"/>
>>>>>>> refs/heads/Vineela
</testsuite> <!-- com.nbcuni.test.publisher.tests.Setup.A1_TestSetup -->
