<?xml version="1.0" encoding="UTF-8"?>
<!-- Generated by org.testng.reporters.JUnitReportReporter -->
<testsuite hostname="BACLARK77-MAC1.local" name="com.nbcuni.test.publisher.tests.SiteManagementAndReporting.SEOModules.TurnOnSEOOptimizationModule" tests="1" failures="0" timestamp="6 Mar 2014 14:05:07 GMT" time="111.221" errors="0">
  <testcase name="TurnOnSEOOptimizationModule_Test" time="111.221" classname="com.nbcuni.test.publisher.tests.SiteManagementAndReporting.SEOModules.TurnOnSEOOptimizationModule"/>
</testsuite> <!-- com.nbcuni.test.publisher.tests.SiteManagementAndReporting.SEOModules.TurnOnSEOOptimizationModule -->
