<?xml version="1.0" encoding="UTF-8"?>
<!-- Generated by org.testng.reporters.JUnitReportReporter -->
<testsuite hostname="baclark77-mac1.home" name="com.nbcuni.test.publisher.tests.Video.ScheduleMPXVideos.Configuration" tests="1" failures="0" timestamp="5 Feb 2014 18:11:39 GMT" time="17.219" errors="0">
  <testcase name="Configuration_Test" time="17.219" classname="com.nbcuni.test.publisher.tests.Video.ScheduleMPXVideos.Configuration"/>
</testsuite> <!-- com.nbcuni.test.publisher.tests.Video.ScheduleMPXVideos.Configuration -->
