<?xml version="1.0" encoding="UTF-8"?>
<!-- Generated by org.testng.reporters.JUnitReportReporter -->
<testsuite hostname="baclark77-mac1.home" name="com.nbcuni.test.publisher.tests.SiteManagementAndReporting.SEOModules.SEOOptimizationModule" tests="1" failures="0" timestamp="23 May 2014 14:30:26 GMT" time="86.327" errors="0">
  <testcase name="SEOOptimizationModule_TC1219" time="86.327" classname="com.nbcuni.test.publisher.tests.SiteManagementAndReporting.SEOModules.SEOOptimizationModule"/>
</testsuite> <!-- com.nbcuni.test.publisher.tests.SiteManagementAndReporting.SEOModules.SEOOptimizationModule -->
