<?xml version="1.0" encoding="UTF-8"?>
<!-- Generated by org.testng.reporters.JUnitReportReporter -->
<testsuite hostname="BACLARK77-MAC1.local" name="com.nbcuni.test.publisher.tests.ContentEntityCreationManagement.Images.EXIF.PopulateEXIFBulkUpload" tests="1" failures="0" timestamp="22 Sep 2014 13:51:25 GMT" time="119.394" errors="0">
  <testcase name="PopulateEXIFBulkUpload_TC3192" time="119.394" classname="com.nbcuni.test.publisher.tests.ContentEntityCreationManagement.Images.EXIF.PopulateEXIFBulkUpload"/>
</testsuite> <!-- com.nbcuni.test.publisher.tests.ContentEntityCreationManagement.Images.EXIF.PopulateEXIFBulkUpload -->
