<?xml version="1.0" encoding="UTF-8"?>
<!-- Generated by org.testng.reporters.JUnitReportReporter -->
<testsuite hostname="BACLARK77-MAC1.local" name="com.nbcuni.test.publisher.tests.Queues.DynamicQueues.AddTaxonomyParameters" tests="1" failures="0" timestamp="22 Sep 2014 21:10:49 GMT" time="91.161" errors="0">
  <testcase name="AddTaxonomyParameters_TC4420" time="91.161" classname="com.nbcuni.test.publisher.tests.Queues.DynamicQueues.AddTaxonomyParameters"/>
</testsuite> <!-- com.nbcuni.test.publisher.tests.Queues.DynamicQueues.AddTaxonomyParameters -->
