<?xml version="1.0" encoding="UTF-8"?>
<!-- Generated by org.testng.reporters.JUnitReportReporter -->
<testsuite hostname="BACLARK77-MAC1.local" name="com.nbcuni.test.publisher.tests.ContentEntityCreationManagement.ContentandEntityManagement.URLAlias.AutomaticAlias" tests="1" failures="0" timestamp="7 Oct 2014 03:04:11 GMT" time="67.195" errors="0">
  <testcase name="AutomaticAlias_TC3303" time="67.195" classname="com.nbcuni.test.publisher.tests.ContentEntityCreationManagement.ContentandEntityManagement.URLAlias.AutomaticAlias"/>
</testsuite> <!-- com.nbcuni.test.publisher.tests.ContentEntityCreationManagement.ContentandEntityManagement.URLAlias.AutomaticAlias -->
