<?xml version="1.0" encoding="UTF-8"?>
<!-- Generated by org.testng.reporters.JUnitReportReporter -->
<testsuite hostname="baclark77-mac1.home" name="com.nbcuni.test.publisher.tests.Video.ScheduleMPXVideos.MPXVideosSchedulingVerificationInitialOverrides" tests="1" failures="0" timestamp="20 May 2014 15:25:59 GMT" time="77.975" errors="1">
  <testcase name="MPXVideosSchedulingVerificationInitialOverrides_Test" time="77.975" classname="com.nbcuni.test.publisher.tests.Video.ScheduleMPXVideos.MPXVideosSchedulingVerificationInitialOverrides">
    <error type="java.lang.AssertionError" message="Result &#039;Automation1&#039; is not present in the search result set">
      <![CDATA[java.lang.AssertionError: Result 'Automation1' is not present in the search result set
	at org.testng.Assert.fail(Assert.java:94)
	at com.nbcuni.test.publisher.pageobjects.Content.SearchFor.VerifySearchResultsPresent(SearchFor.java:173)
	at com.nbcuni.test.publisher.tests.Video.ScheduleMPXVideos.MPXVideosSchedulingVerificationInitialOverrides.MPXVideosSchedulingVerificationInitialOverrides_Test(MPXVideosSchedulingVerificationInitialOverrides.java:105)
	at sun.reflect.NativeMethodAccessorImpl.invoke0(Native Method)
	at sun.reflect.NativeMethodAccessorImpl.invoke(NativeMethodAccessorImpl.java:57)
	at sun.reflect.DelegatingMethodAccessorImpl.invoke(DelegatingMethodAccessorImpl.java:43)
	at java.lang.reflect.Method.invoke(Method.java:606)
	at org.testng.internal.MethodInvocationHelper.invokeMethod(MethodInvocationHelper.java:84)
	at org.testng.internal.Invoker.invokeMethod(Invoker.java:714)
	at org.testng.internal.Invoker.invokeTestMethod(Invoker.java:901)
	at org.testng.internal.Invoker.invokeTestMethods(Invoker.java:1231)
	at org.testng.internal.TestMethodWorker.invokeTestMethods(TestMethodWorker.java:127)
	at org.testng.internal.TestMethodWorker.run(TestMethodWorker.java:111)
	at java.util.concurrent.ThreadPoolExecutor.runWorker(ThreadPoolExecutor.java:1145)
	at java.util.concurrent.ThreadPoolExecutor$Worker.run(ThreadPoolExecutor.java:615)
	at java.lang.Thread.run(Thread.java:724)
]]>
    </error>
  </testcase> <!-- MPXVideosSchedulingVerificationInitialOverrides_Test -->
</testsuite> <!-- com.nbcuni.test.publisher.tests.Video.ScheduleMPXVideos.MPXVideosSchedulingVerificationInitialOverrides -->
