<?xml version="1.0" encoding="UTF-8"?>
<!-- Generated by org.testng.reporters.JUnitReportReporter -->
<testsuite hostname="baclark77-mac1.home" name="com.nbcuni.test.publisher.tests.ContentEntityCreationManagement.ContentandEntityManagement.EnhanceContentLibraryTable.EnhanceContentLibraryTable" tests="1" failures="0" timestamp="8 May 2014 18:08:03 GMT" time="46.493" errors="0">
  <testcase name="EnhanceContentLibraryTable_Test" time="46.493" classname="com.nbcuni.test.publisher.tests.ContentEntityCreationManagement.ContentandEntityManagement.EnhanceContentLibraryTable.EnhanceContentLibraryTable"/>
</testsuite> <!-- com.nbcuni.test.publisher.tests.ContentEntityCreationManagement.ContentandEntityManagement.EnhanceContentLibraryTable.EnhanceContentLibraryTable -->
