<?xml version="1.0" encoding="UTF-8"?>
<!-- Generated by org.testng.reporters.JUnitReportReporter -->
<testsuite hostname="BACLARK77-MAC1.local" name="com.nbcuni.test.publisher.tests.SiteManagementAndReporting.AdminViews.NoWhiteScreen" tests="4" failures="4" timestamp="7 Oct 2014 03:04:11 GMT" time="216.651" errors="0">
  <testcase name="NoWhiteScreen_TC4147" time="51.660" classname="com.nbcuni.test.publisher.tests.SiteManagementAndReporting.AdminViews.NoWhiteScreen">
    <failure type="org.openqa.selenium.TimeoutException" message="Timed out after 10 seconds waiting for com.nbcuni.test.publisher.pageobjects.Content.ContentParent$1@147b73e3
Build info: version: &#039;2.41.0&#039;, revision: &#039;3192d8a6c4449dc285928ba024779344f5423c58&#039;, time: &#039;2014-03-27 11:29:39&#039;
System info: host: &#039;BACLARK77-MAC1.local&#039;, ip: &#039;192.168.0.4&#039;, os.name: &#039;Mac OS X&#039;, os.arch: &#039;x86_64&#039;, os.version: &#039;10.9.4&#039;, java.version: &#039;1.7.0_25&#039;
Driver info: driver.version: unknown">
      <![CDATA[org.openqa.selenium.TimeoutException: Timed out after 10 seconds waiting for com.nbcuni.test.publisher.pageobjects.Content.ContentParent$1@147b73e3
Build info: version: '2.41.0', revision: '3192d8a6c4449dc285928ba024779344f5423c58', time: '2014-03-27 11:29:39'
System info: host: 'BACLARK77-MAC1.local', ip: '192.168.0.4', os.name: 'Mac OS X', os.arch: 'x86_64', os.version: '10.9.4', java.version: '1.7.0_25'
Driver info: driver.version: unknown
	at org.openqa.selenium.support.ui.FluentWait.timeoutException(FluentWait.java:259)
	at org.openqa.selenium.support.ui.FluentWait.until(FluentWait.java:228)
	at com.nbcuni.test.publisher.pageobjects.Content.ContentParent.VerifyPageContentPresent(ContentParent.java:140)
	at com.nbcuni.test.publisher.tests.SiteManagementAndReporting.AdminViews.NoWhiteScreen.NoWhiteScreen_TC4147(NoWhiteScreen.java:38)
	at sun.reflect.NativeMethodAccessorImpl.invoke0(Native Method)
	at sun.reflect.NativeMethodAccessorImpl.invoke(NativeMethodAccessorImpl.java:57)
	at sun.reflect.DelegatingMethodAccessorImpl.invoke(DelegatingMethodAccessorImpl.java:43)
	at java.lang.reflect.Method.invoke(Method.java:606)
	at org.testng.internal.MethodInvocationHelper.invokeMethod(MethodInvocationHelper.java:84)
	at org.testng.internal.Invoker.invokeMethod(Invoker.java:714)
	at org.testng.internal.Invoker.retryFailed(Invoker.java:1049)
	at org.testng.internal.Invoker.invokeTestMethods(Invoker.java:1254)
	at org.testng.internal.TestMethodWorker.invokeTestMethods(TestMethodWorker.java:127)
	at org.testng.internal.TestMethodWorker.run(TestMethodWorker.java:111)
	at java.util.concurrent.ThreadPoolExecutor.runWorker(ThreadPoolExecutor.java:1145)
	at java.util.concurrent.ThreadPoolExecutor$Worker.run(ThreadPoolExecutor.java:615)
	at java.lang.Thread.run(Thread.java:724)
]]>
    </failure>
  </testcase> <!-- NoWhiteScreen_TC4147 -->
  <testcase name="NoWhiteScreen_TC4147" time="55.015" classname="com.nbcuni.test.publisher.tests.SiteManagementAndReporting.AdminViews.NoWhiteScreen">
    <failure type="org.openqa.selenium.TimeoutException" message="Timed out after 10 seconds waiting for com.nbcuni.test.publisher.pageobjects.Content.ContentParent$1@699dad28
Build info: version: &#039;2.41.0&#039;, revision: &#039;3192d8a6c4449dc285928ba024779344f5423c58&#039;, time: &#039;2014-03-27 11:29:39&#039;
System info: host: &#039;BACLARK77-MAC1.local&#039;, ip: &#039;192.168.0.4&#039;, os.name: &#039;Mac OS X&#039;, os.arch: &#039;x86_64&#039;, os.version: &#039;10.9.4&#039;, java.version: &#039;1.7.0_25&#039;
Driver info: driver.version: unknown">
      <![CDATA[org.openqa.selenium.TimeoutException: Timed out after 10 seconds waiting for com.nbcuni.test.publisher.pageobjects.Content.ContentParent$1@699dad28
Build info: version: '2.41.0', revision: '3192d8a6c4449dc285928ba024779344f5423c58', time: '2014-03-27 11:29:39'
System info: host: 'BACLARK77-MAC1.local', ip: '192.168.0.4', os.name: 'Mac OS X', os.arch: 'x86_64', os.version: '10.9.4', java.version: '1.7.0_25'
Driver info: driver.version: unknown
	at org.openqa.selenium.support.ui.FluentWait.timeoutException(FluentWait.java:259)
	at org.openqa.selenium.support.ui.FluentWait.until(FluentWait.java:228)
	at com.nbcuni.test.publisher.pageobjects.Content.ContentParent.VerifyPageContentPresent(ContentParent.java:140)
	at com.nbcuni.test.publisher.tests.SiteManagementAndReporting.AdminViews.NoWhiteScreen.NoWhiteScreen_TC4147(NoWhiteScreen.java:38)
	at sun.reflect.NativeMethodAccessorImpl.invoke0(Native Method)
	at sun.reflect.NativeMethodAccessorImpl.invoke(NativeMethodAccessorImpl.java:57)
	at sun.reflect.DelegatingMethodAccessorImpl.invoke(DelegatingMethodAccessorImpl.java:43)
	at java.lang.reflect.Method.invoke(Method.java:606)
	at org.testng.internal.MethodInvocationHelper.invokeMethod(MethodInvocationHelper.java:84)
	at org.testng.internal.Invoker.invokeMethod(Invoker.java:714)
	at org.testng.internal.Invoker.invokeTestMethod(Invoker.java:901)
	at org.testng.internal.Invoker.invokeTestMethods(Invoker.java:1231)
	at org.testng.internal.TestMethodWorker.invokeTestMethods(TestMethodWorker.java:127)
	at org.testng.internal.TestMethodWorker.run(TestMethodWorker.java:111)
	at java.util.concurrent.ThreadPoolExecutor.runWorker(ThreadPoolExecutor.java:1145)
	at java.util.concurrent.ThreadPoolExecutor$Worker.run(ThreadPoolExecutor.java:615)
	at java.lang.Thread.run(Thread.java:724)
]]>
    </failure>
  </testcase> <!-- NoWhiteScreen_TC4147 -->
  <testcase name="NoWhiteScreen_TC4147" time="55.290" classname="com.nbcuni.test.publisher.tests.SiteManagementAndReporting.AdminViews.NoWhiteScreen">
    <failure type="org.openqa.selenium.TimeoutException" message="Timed out after 10 seconds waiting for com.nbcuni.test.publisher.pageobjects.Content.ContentParent$1@51282629
Build info: version: &#039;2.41.0&#039;, revision: &#039;3192d8a6c4449dc285928ba024779344f5423c58&#039;, time: &#039;2014-03-27 11:29:39&#039;
System info: host: &#039;BACLARK77-MAC1.local&#039;, ip: &#039;192.168.0.4&#039;, os.name: &#039;Mac OS X&#039;, os.arch: &#039;x86_64&#039;, os.version: &#039;10.9.4&#039;, java.version: &#039;1.7.0_25&#039;
Driver info: driver.version: unknown">
      <![CDATA[org.openqa.selenium.TimeoutException: Timed out after 10 seconds waiting for com.nbcuni.test.publisher.pageobjects.Content.ContentParent$1@51282629
Build info: version: '2.41.0', revision: '3192d8a6c4449dc285928ba024779344f5423c58', time: '2014-03-27 11:29:39'
System info: host: 'BACLARK77-MAC1.local', ip: '192.168.0.4', os.name: 'Mac OS X', os.arch: 'x86_64', os.version: '10.9.4', java.version: '1.7.0_25'
Driver info: driver.version: unknown
	at org.openqa.selenium.support.ui.FluentWait.timeoutException(FluentWait.java:259)
	at org.openqa.selenium.support.ui.FluentWait.until(FluentWait.java:228)
	at com.nbcuni.test.publisher.pageobjects.Content.ContentParent.VerifyPageContentPresent(ContentParent.java:140)
	at com.nbcuni.test.publisher.tests.SiteManagementAndReporting.AdminViews.NoWhiteScreen.NoWhiteScreen_TC4147(NoWhiteScreen.java:38)
	at sun.reflect.NativeMethodAccessorImpl.invoke0(Native Method)
	at sun.reflect.NativeMethodAccessorImpl.invoke(NativeMethodAccessorImpl.java:57)
	at sun.reflect.DelegatingMethodAccessorImpl.invoke(DelegatingMethodAccessorImpl.java:43)
	at java.lang.reflect.Method.invoke(Method.java:606)
	at org.testng.internal.MethodInvocationHelper.invokeMethod(MethodInvocationHelper.java:84)
	at org.testng.internal.Invoker.invokeMethod(Invoker.java:714)
	at org.testng.internal.Invoker.retryFailed(Invoker.java:1049)
	at org.testng.internal.Invoker.invokeTestMethods(Invoker.java:1254)
	at org.testng.internal.TestMethodWorker.invokeTestMethods(TestMethodWorker.java:127)
	at org.testng.internal.TestMethodWorker.run(TestMethodWorker.java:111)
	at java.util.concurrent.ThreadPoolExecutor.runWorker(ThreadPoolExecutor.java:1145)
	at java.util.concurrent.ThreadPoolExecutor$Worker.run(ThreadPoolExecutor.java:615)
	at java.lang.Thread.run(Thread.java:724)
]]>
    </failure>
  </testcase> <!-- NoWhiteScreen_TC4147 -->
  <testcase name="NoWhiteScreen_TC4147" time="54.686" classname="com.nbcuni.test.publisher.tests.SiteManagementAndReporting.AdminViews.NoWhiteScreen">
    <failure type="org.openqa.selenium.TimeoutException" message="Timed out after 10 seconds waiting for com.nbcuni.test.publisher.pageobjects.Content.ContentParent$1@141ffc85
Build info: version: &#039;2.41.0&#039;, revision: &#039;3192d8a6c4449dc285928ba024779344f5423c58&#039;, time: &#039;2014-03-27 11:29:39&#039;
System info: host: &#039;BACLARK77-MAC1.local&#039;, ip: &#039;192.168.0.4&#039;, os.name: &#039;Mac OS X&#039;, os.arch: &#039;x86_64&#039;, os.version: &#039;10.9.4&#039;, java.version: &#039;1.7.0_25&#039;
Driver info: driver.version: unknown">
      <![CDATA[org.openqa.selenium.TimeoutException: Timed out after 10 seconds waiting for com.nbcuni.test.publisher.pageobjects.Content.ContentParent$1@141ffc85
Build info: version: '2.41.0', revision: '3192d8a6c4449dc285928ba024779344f5423c58', time: '2014-03-27 11:29:39'
System info: host: 'BACLARK77-MAC1.local', ip: '192.168.0.4', os.name: 'Mac OS X', os.arch: 'x86_64', os.version: '10.9.4', java.version: '1.7.0_25'
Driver info: driver.version: unknown
	at org.openqa.selenium.support.ui.FluentWait.timeoutException(FluentWait.java:259)
	at org.openqa.selenium.support.ui.FluentWait.until(FluentWait.java:228)
	at com.nbcuni.test.publisher.pageobjects.Content.ContentParent.VerifyPageContentPresent(ContentParent.java:140)
	at com.nbcuni.test.publisher.tests.SiteManagementAndReporting.AdminViews.NoWhiteScreen.NoWhiteScreen_TC4147(NoWhiteScreen.java:38)
	at sun.reflect.NativeMethodAccessorImpl.invoke0(Native Method)
	at sun.reflect.NativeMethodAccessorImpl.invoke(NativeMethodAccessorImpl.java:57)
	at sun.reflect.DelegatingMethodAccessorImpl.invoke(DelegatingMethodAccessorImpl.java:43)
	at java.lang.reflect.Method.invoke(Method.java:606)
	at org.testng.internal.MethodInvocationHelper.invokeMethod(MethodInvocationHelper.java:84)
	at org.testng.internal.Invoker.invokeMethod(Invoker.java:714)
	at org.testng.internal.Invoker.retryFailed(Invoker.java:1049)
	at org.testng.internal.Invoker.invokeTestMethods(Invoker.java:1254)
	at org.testng.internal.TestMethodWorker.invokeTestMethods(TestMethodWorker.java:127)
	at org.testng.internal.TestMethodWorker.run(TestMethodWorker.java:111)
	at java.util.concurrent.ThreadPoolExecutor.runWorker(ThreadPoolExecutor.java:1145)
	at java.util.concurrent.ThreadPoolExecutor$Worker.run(ThreadPoolExecutor.java:615)
	at java.lang.Thread.run(Thread.java:724)
]]>
    </failure>
  </testcase> <!-- NoWhiteScreen_TC4147 -->
</testsuite> <!-- com.nbcuni.test.publisher.tests.SiteManagementAndReporting.AdminViews.NoWhiteScreen -->
