<?xml version="1.0" encoding="UTF-8"?>
<!-- Generated by org.testng.reporters.JUnitReportReporter -->
<testsuite hostname="localhost" name="com.nbcuni.test.publisher.contentbuildscripts.MPXPerformanceUpgrade.CreatePub7Content.CreateBulkContent" tests="1" failures="0" timestamp="23 Jun 2014 19:48:59 GMT" time="1725.585" errors="0">
  <testcase name="Test" time="1725.585" classname="com.nbcuni.test.publisher.contentbuildscripts.MPXPerformanceUpgrade.CreatePub7Content.CreateBulkContent"/>
</testsuite> <!-- com.nbcuni.test.publisher.contentbuildscripts.MPXPerformanceUpgrade.CreatePub7Content.CreateBulkContent -->
