<?xml version="1.0" encoding="UTF-8"?>
<!-- Generated by org.testng.reporters.JUnitReportReporter -->
<testsuite hostname="baclark77-mac1.home" name="com.nbcuni.test.publisher.tests.ContentEntityCreationManagement.ContentandEntityManagement.EnhanceMediaGalleriesTab.EnhanceMediaGalleriesTab" tests="1" failures="0" timestamp="22 Apr 2014 20:24:20 GMT" time="40.236" errors="0">
  <testcase name="EnhanceMediaGalleriesTab_TC1293" time="40.236" classname="com.nbcuni.test.publisher.tests.ContentEntityCreationManagement.ContentandEntityManagement.EnhanceMediaGalleriesTab.EnhanceMediaGalleriesTab"/>
</testsuite> <!-- com.nbcuni.test.publisher.tests.ContentEntityCreationManagement.ContentandEntityManagement.EnhanceMediaGalleriesTab.EnhanceMediaGalleriesTab -->
