<?xml version="1.0" encoding="UTF-8"?>
<!-- Generated by org.testng.reporters.JUnitReportReporter -->
<testsuite hostname="baclark77-mac1.home" name="com.nbcuni.test.publisher.tests.UserCreationAndManagement.Roles.RolesPredefinedInPublisher7" tests="1" failures="0" timestamp="20 May 2014 15:25:59 GMT" time="21.682" errors="0">
  <testcase name="RolesPredefinedInPublisher7_TC2184" time="21.682" classname="com.nbcuni.test.publisher.tests.UserCreationAndManagement.Roles.RolesPredefinedInPublisher7"/>
</testsuite> <!-- com.nbcuni.test.publisher.tests.UserCreationAndManagement.Roles.RolesPredefinedInPublisher7 -->
