<?xml version="1.0" encoding="UTF-8"?>
<!-- Generated by org.testng.reporters.JUnitReportReporter -->
<testsuite hostname="baclark77-mac1.home" name="com.nbcuni.test.publisher.tests.Advertising.Comscore.PixelmanModuleSetupAndVerification" tests="1" failures="0" timestamp="2 Feb 2014 17:57:37 GMT" time="104.258" errors="0">
  <testcase name="PixelmanModuleSetupAndVerification_Test" time="104.258" classname="com.nbcuni.test.publisher.tests.Advertising.Comscore.PixelmanModuleSetupAndVerification"/>
</testsuite> <!-- com.nbcuni.test.publisher.tests.Advertising.Comscore.PixelmanModuleSetupAndVerification -->
