<?xml version="1.0" encoding="UTF-8"?>
<!-- Generated by org.testng.reporters.JUnitReportReporter -->
<testsuite hostname="baclark77-mac1.home" name="com.nbcuni.test.publisher.tests.ContentEntityCreationManagement.ContentandEntityManagement.CloneANode.Cloning" tests="1" failures="0" timestamp="3 Jun 2014 11:01:43 GMT" time="58.003" errors="0">
  <testcase name="Cloning_TC1054" time="58.003" classname="com.nbcuni.test.publisher.tests.ContentEntityCreationManagement.ContentandEntityManagement.CloneANode.Cloning"/>
</testsuite> <!-- com.nbcuni.test.publisher.tests.ContentEntityCreationManagement.ContentandEntityManagement.CloneANode.Cloning -->
