<?xml version="1.0" encoding="UTF-8"?>
<!-- Generated by org.testng.reporters.JUnitReportReporter -->
<testsuite hostname="baclark77-mac1.home" name="com.nbcuni.test.publisher.tests.Video.NonFunctionalEnhanceMPXPlayerContentAdminScreen.EnhanceMPXPlayerContentAdminScreen" tests="1" failures="0" timestamp="20 May 2014 15:25:59 GMT" time="52.458" errors="0">
  <testcase name="EnhanceMPXPlayerContentAdminScreen_Test" time="52.458" classname="com.nbcuni.test.publisher.tests.Video.NonFunctionalEnhanceMPXPlayerContentAdminScreen.EnhanceMPXPlayerContentAdminScreen"/>
</testsuite> <!-- com.nbcuni.test.publisher.tests.Video.NonFunctionalEnhanceMPXPlayerContentAdminScreen.EnhanceMPXPlayerContentAdminScreen -->
