<?xml version="1.0" encoding="UTF-8"?>
<!-- Generated by org.testng.reporters.JUnitReportReporter -->
<testsuite hostname="BACLARK77-MAC1.local" name="com.nbcuni.test.publisher.tests.Advertising.MPS.MPSConfigurationPage" tests="2" failures="0" timestamp="6 Oct 2014 21:29:57 GMT" time="139.279" errors="0">
  <testcase name="Cleanup" time="3.166" classname="com.nbcuni.test.publisher.tests.Advertising.MPS.MPSConfigurationPage"/>
  <testcase name="MPSConfigurationPage_TC3306" time="136.113" classname="com.nbcuni.test.publisher.tests.Advertising.MPS.MPSConfigurationPage"/>
</testsuite> <!-- com.nbcuni.test.publisher.tests.Advertising.MPS.MPSConfigurationPage -->
