<?xml version="1.0" encoding="UTF-8"?>
<!-- Generated by org.testng.reporters.JUnitReportReporter -->
<testsuite hostname="baclark77-mac1.home" name="com.nbcuni.test.publisher.tests.ContentEntityCreationManagement.ContentandEntityManagement.CloneANode.NodeCloneModuleTesting" tests="1" failures="0" timestamp="21 Feb 2014 17:18:51 GMT" time="43.542" errors="0">
  <testcase name="NodeCloneModuleTesting_Test" time="43.542" classname="com.nbcuni.test.publisher.tests.ContentEntityCreationManagement.ContentandEntityManagement.CloneANode.NodeCloneModuleTesting"/>
</testsuite> <!-- com.nbcuni.test.publisher.tests.ContentEntityCreationManagement.ContentandEntityManagement.CloneANode.NodeCloneModuleTesting -->
