<?xml version="1.0" encoding="UTF-8"?>
<!-- Generated by org.testng.reporters.JUnitReportReporter -->
<testsuite hostname="BACLARK77-MAC1.local" name="com.nbcuni.test.publisher.tests.Advertising.MPS.ImplementMPS" tests="1" failures="0" timestamp="14 Oct 2014 18:57:49 GMT" time="129.174" errors="0">
  <testcase name="ImplementMPS_TC2901" time="129.174" classname="com.nbcuni.test.publisher.tests.Advertising.MPS.ImplementMPS"/>
</testsuite> <!-- com.nbcuni.test.publisher.tests.Advertising.MPS.ImplementMPS -->
