<?xml version="1.0" encoding="UTF-8"?>
<!-- Generated by org.testng.reporters.JUnitReportReporter -->
<testsuite hostname="baclark77-mac1.home" name="com.nbcuni.test.publisher.tests.Queues.UnauthenticatedUsersCanViewQueuesRevisionList.UnauthenticatedUsersCanViewQueuesRevisionList" tests="1" failures="0" timestamp="4 Feb 2014 15:27:31 GMT" time="5.841" errors="0">
  <testcase name="UnauthenticatedUsersCanViewQueuesRevisionList_Test" time="5.841" classname="com.nbcuni.test.publisher.tests.Queues.UnauthenticatedUsersCanViewQueuesRevisionList.UnauthenticatedUsersCanViewQueuesRevisionList"/>
</testsuite> <!-- com.nbcuni.test.publisher.tests.Queues.UnauthenticatedUsersCanViewQueuesRevisionList.UnauthenticatedUsersCanViewQueuesRevisionList -->
