<?xml version="1.0" encoding="UTF-8"?>
<!-- Generated by org.testng.reporters.JUnitReportReporter -->
<testsuite hostname="baclark77-mac1.home" name="com.nbcuni.test.publisher.tests.UserCreationAndManagement.Permissions.EditorPermissionCustomQueuesOperationsMenu" tests="1" failures="0" timestamp="20 May 2014 15:25:59 GMT" time="3.877" errors="0">
  <testcase name="EditorPermissionCustomQueuesOperationsMenu_TC1379" time="3.877" classname="com.nbcuni.test.publisher.tests.UserCreationAndManagement.Permissions.EditorPermissionCustomQueuesOperationsMenu"/>
</testsuite> <!-- com.nbcuni.test.publisher.tests.UserCreationAndManagement.Permissions.EditorPermissionCustomQueuesOperationsMenu -->
