<?xml version="1.0" encoding="UTF-8"?>
<!-- Generated by org.testng.reporters.JUnitReportReporter -->
<testsuite hostname="BACLARK77-MAC1.local" name="com.nbcuni.test.publisher.tests.Setup.Z1_TestCleanup" tests="1" failures="0" timestamp="7 Oct 2014 03:04:11 GMT" time="9.420" errors="0">
  <testcase name="TestCleanup_Test" time="9.420" classname="com.nbcuni.test.publisher.tests.Setup.Z1_TestCleanup"/>
</testsuite> <!-- com.nbcuni.test.publisher.tests.Setup.Z1_TestCleanup -->
