<?xml version="1.0" encoding="UTF-8"?>
<!-- Generated by org.testng.reporters.JUnitReportReporter -->
<testsuite hostname="BACLARK77-MAC1.local" name="com.nbcuni.test.publisher.tests.Queues.DynamicQueues.CreateConfigureDynamicQueue" tests="2" failures="0" timestamp="31 Jul 2014 17:12:45 GMT" time="284.396" errors="0">
  <testcase name="Cleanup" time="16.140" classname="com.nbcuni.test.publisher.tests.Queues.DynamicQueues.CreateConfigureDynamicQueue"/>
  <testcase name="CreateConfigureDynamicQueue_TC4197" time="268.256" classname="com.nbcuni.test.publisher.tests.Queues.DynamicQueues.CreateConfigureDynamicQueue"/>
</testsuite> <!-- com.nbcuni.test.publisher.tests.Queues.DynamicQueues.CreateConfigureDynamicQueue -->
