<?xml version="1.0" encoding="UTF-8"?>
<!-- Generated by org.testng.reporters.JUnitReportReporter -->
<testsuite hostname="BACLARK77-MAC1.local" name="com.nbcuni.test.publisher.contentbuildscripts.Build1000MPXAssets" tests="1" failures="1" timestamp="11 Feb 2014 23:55:04 GMT" time="147.760" errors="0">
  <testcase name="BuildAssets_Test" time="147.760" classname="com.nbcuni.test.publisher.contentbuildscripts.Build1000MPXAssets">
    <failure type="org.sikuli.script.FindFailed" message="can not find /Users/brandonclark/SQE-TEST-Pub7/main/src/test/java/com/nbcuni/test/publisher/lib/sikuli/images/FileUpload/HighlightedAllMyFiles_Btn.png on the screen.">
      <![CDATA[FindFailed: can not find /Users/brandonclark/SQE-TEST-Pub7/main/src/test/java/com/nbcuni/test/publisher/lib/sikuli/images/FileUpload/HighlightedAllMyFiles_Btn.png on the screen.
  Line 1574, in file Region.java

	at org.sikuli.script.Region.handleFindFailed(Region.java:1574)
	at org.sikuli.script.Region.wait(Region.java:1682)
	at org.sikuli.script.Region.find(Region.java:1590)
	at org.sikuli.script.Region.getLocationFromTarget(Region.java:1991)
	at org.sikuli.script.Region.click(Region.java:2197)
	at org.sikuli.script.Region.click(Region.java:2181)
	at com.nbcuni.test.publisher.pageobjects.MPX.ThePlatform.MPXAddMedia.ClickMoviesUploadBtn(MPXAddMedia.java:80)
	at com.nbcuni.test.publisher.contentbuildscripts.Build1000MPXAssets.BuildAssets_Test(Build1000MPXAssets.java:57)
	at sun.reflect.NativeMethodAccessorImpl.invoke0(Native Method)
	at sun.reflect.NativeMethodAccessorImpl.invoke(NativeMethodAccessorImpl.java:39)
	at sun.reflect.DelegatingMethodAccessorImpl.invoke(DelegatingMethodAccessorImpl.java:25)
	at java.lang.reflect.Method.invoke(Method.java:597)
	at org.testng.internal.MethodInvocationHelper.invokeMethod(MethodInvocationHelper.java:84)
	at org.testng.internal.Invoker.invokeMethod(Invoker.java:714)
	at org.testng.internal.Invoker.invokeTestMethod(Invoker.java:901)
	at org.testng.internal.Invoker.invokeTestMethods(Invoker.java:1231)
	at org.testng.internal.TestMethodWorker.invokeTestMethods(TestMethodWorker.java:127)
	at org.testng.internal.TestMethodWorker.run(TestMethodWorker.java:111)
	at org.testng.TestRunner.privateRun(TestRunner.java:767)
	at org.testng.TestRunner.run(TestRunner.java:617)
	at org.testng.SuiteRunner.runTest(SuiteRunner.java:334)
	at org.testng.SuiteRunner.runSequentially(SuiteRunner.java:329)
	at org.testng.SuiteRunner.privateRun(SuiteRunner.java:291)
	at org.testng.SuiteRunner.run(SuiteRunner.java:240)
	at org.testng.SuiteRunnerWorker.runSuite(SuiteRunnerWorker.java:52)
	at org.testng.SuiteRunnerWorker.run(SuiteRunnerWorker.java:86)
	at org.testng.TestNG.runSuitesSequentially(TestNG.java:1224)
	at org.testng.TestNG.runSuitesLocally(TestNG.java:1149)
	at org.testng.TestNG.run(TestNG.java:1057)
	at org.testng.remote.RemoteTestNG.run(RemoteTestNG.java:111)
	at org.testng.remote.RemoteTestNG.initAndRun(RemoteTestNG.java:204)
	at org.testng.remote.RemoteTestNG.main(RemoteTestNG.java:175)
]]>
    </failure>
  </testcase> <!-- BuildAssets_Test -->
</testsuite> <!-- com.nbcuni.test.publisher.contentbuildscripts.Build1000MPXAssets -->
