<?xml version="1.0" encoding="UTF-8"?>
<!-- Generated by org.testng.reporters.JUnitReportReporter -->
<testsuite hostname="baclark77-mac1.home" name="com.nbcuni.test.publisher.tests.UserCreationAndManagement.Roles.RolesPredefinedInPublisher7" tests="1" failures="0" timestamp="15 Apr 2014 00:06:30 GMT" time="72.955" errors="0">
  <testcase name="RolesPredefinedInPublisher7_Test" time="72.955" classname="com.nbcuni.test.publisher.tests.UserCreationAndManagement.Roles.RolesPredefinedInPublisher7"/>
</testsuite> <!-- com.nbcuni.test.publisher.tests.UserCreationAndManagement.Roles.RolesPredefinedInPublisher7 -->
