<?xml version="1.0" encoding="UTF-8"?>
<!-- Generated by org.testng.reporters.JUnitReportReporter -->
<testsuite hostname="baclark77-mac1.home" name="com.nbcuni.test.publisher.tests.UserCreationAndManagement.Roles.RolesPredefinedInPublisher7" tests="1" failures="0" timestamp="2 Feb 2014 17:57:37 GMT" time="12.116" errors="0">
  <testcase name="RolesPredefinedInPublisher7_Test" time="12.116" classname="com.nbcuni.test.publisher.tests.UserCreationAndManagement.Roles.RolesPredefinedInPublisher7"/>
</testsuite> <!-- com.nbcuni.test.publisher.tests.UserCreationAndManagement.Roles.RolesPredefinedInPublisher7 -->
