<?xml version="1.0" encoding="UTF-8"?>
<!-- Generated by org.testng.reporters.JUnitReportReporter -->
<testsuite hostname="baclark77-mac1.home" name="com.nbcuni.test.publisher.tests.ContentEntityCreationManagement.ContentandEntityRelationships.CastCrewFieldCollectionsVerification_Movie" tests="1" failures="0" timestamp="5 Feb 2014 15:57:05 GMT" time="118.570" errors="0">
  <testcase name="CastCrewFieldCollectionsVerificationMovie_Test" time="118.570" classname="com.nbcuni.test.publisher.tests.ContentEntityCreationManagement.ContentandEntityRelationships.CastCrewFieldCollectionsVerification_Movie"/>
</testsuite> <!-- com.nbcuni.test.publisher.tests.ContentEntityCreationManagement.ContentandEntityRelationships.CastCrewFieldCollectionsVerification_Movie -->
