<?xml version="1.0" encoding="UTF-8"?>
<!-- Generated by org.testng.reporters.JUnitReportReporter -->
<testsuite hostname="baclark77-mac1.home" name="com.nbcuni.test.publisher.tests.Metrics.AddAbilityOverrideSiteCatalystVariablesPerNodeBasis.AddAbilityOverrideSiteCatalystVariablesPerNodeBasis" tests="1" failures="0" timestamp="9 Apr 2014 12:13:19 GMT" time="26.718" errors="0">
  <testcase name="AddAbilityOverrideSiteCatalystVariablesPerNodeBasis_Test" time="26.718" classname="com.nbcuni.test.publisher.tests.Metrics.AddAbilityOverrideSiteCatalystVariablesPerNodeBasis.AddAbilityOverrideSiteCatalystVariablesPerNodeBasis"/>
</testsuite> <!-- com.nbcuni.test.publisher.tests.Metrics.AddAbilityOverrideSiteCatalystVariablesPerNodeBasis.AddAbilityOverrideSiteCatalystVariablesPerNodeBasis -->
