<?xml version="1.0" encoding="UTF-8"?>
<!-- Generated by org.testng.reporters.JUnitReportReporter -->
<testsuite hostname="baclark77-mac1.home" name="com.nbcuni.test.publisher.tests.ContentEntityCreationManagement.ContentandEntityManagement.InstallZeeboxModule.InstallZeeboxModule" tests="1" failures="0" timestamp="1 Feb 2014 00:00:25 GMT" time="74.073" errors="0">
  <testcase name="InstallZeeboxModule_Test" time="74.073" classname="com.nbcuni.test.publisher.tests.ContentEntityCreationManagement.ContentandEntityManagement.InstallZeeboxModule.InstallZeeboxModule"/>
</testsuite> <!-- com.nbcuni.test.publisher.tests.ContentEntityCreationManagement.ContentandEntityManagement.InstallZeeboxModule.InstallZeeboxModule -->
