<?xml version="1.0" encoding="UTF-8"?>
<!-- Generated by org.testng.reporters.JUnitReportReporter -->
<testsuite hostname="BACLARK77-MAC1.local" name="com.nbcuni.test.publisher.tests.Advertising.Comscore.PixelmanModuleSetupAndVerification" tests="1" failures="1" timestamp="3 Apr 2014 17:08:36 GMT" time="25.964" errors="0">
  <testcase name="PixelmanModuleSetupAndVerification_Test" time="25.964" classname="com.nbcuni.test.publisher.tests.Advertising.Comscore.PixelmanModuleSetupAndVerification">
    <failure type="org.openqa.selenium.NoSuchElementException" message="An element could not be located on the page using the given search parameters. (WARNING: The server did not provide any stacktrace information)
Command duration or timeout: 14 milliseconds
For documentation on this error, please visit: http://seleniumhq.org/exceptions/no_such_element.html
Build info: version: &#039;2.35.0&#039;, revision: &#039;8df0c6bedf70ff9f22c647788f9fe9c8d22210e2&#039;, time: &#039;2013-08-17 12:46:41&#039;
System info: os.name: &#039;Mac OS X&#039;, os.arch: &#039;x86_64&#039;, os.version: &#039;10.9.2&#039;, java.version: &#039;1.7.0_25&#039;
Session ID: a1eac355-2bdd-4765-985f-fcaf3eafcddd
Driver info: com.nbcuni.test.publisher.common.Driver.Driver
Capabilities [{platform=MAC, app=safari, javascriptEnabled=true, browserName=iOS, desired={app=safari, device=Iphone Simulator, takesScreenshot=true}, locationContextEnabled=false, version=6.1, databaseEnabled=false, webStorageEnabled=false, safari=true, device=Iphone Simulator, warnings={}, takesScreenshot=true}]">
      <![CDATA[org.openqa.selenium.NoSuchElementException: An element could not be located on the page using the given search parameters. (WARNING: The server did not provide any stacktrace information)
Command duration or timeout: 14 milliseconds
For documentation on this error, please visit: http://seleniumhq.org/exceptions/no_such_element.html
Build info: version: '2.35.0', revision: '8df0c6bedf70ff9f22c647788f9fe9c8d22210e2', time: '2013-08-17 12:46:41'
System info: os.name: 'Mac OS X', os.arch: 'x86_64', os.version: '10.9.2', java.version: '1.7.0_25'
Session ID: a1eac355-2bdd-4765-985f-fcaf3eafcddd
Driver info: com.nbcuni.test.publisher.common.Driver.Driver
Capabilities [{platform=MAC, app=safari, javascriptEnabled=true, browserName=iOS, desired={app=safari, device=Iphone Simulator, takesScreenshot=true}, locationContextEnabled=false, version=6.1, databaseEnabled=false, webStorageEnabled=false, safari=true, device=Iphone Simulator, warnings={}, takesScreenshot=true}]
	at sun.reflect.NativeConstructorAccessorImpl.newInstance0(Native Method)
	at sun.reflect.NativeConstructorAccessorImpl.newInstance(NativeConstructorAccessorImpl.java:57)
	at sun.reflect.DelegatingConstructorAccessorImpl.newInstance(DelegatingConstructorAccessorImpl.java:45)
	at java.lang.reflect.Constructor.newInstance(Constructor.java:526)
	at org.openqa.selenium.remote.ErrorHandler.createThrowable(ErrorHandler.java:191)
	at org.openqa.selenium.remote.ErrorHandler.throwIfResponseFailed(ErrorHandler.java:145)
	at org.openqa.selenium.remote.RemoteWebDriver.execute(RemoteWebDriver.java:554)
	at org.openqa.selenium.remote.RemoteWebDriver.findElement(RemoteWebDriver.java:307)
	at org.openqa.selenium.remote.RemoteWebDriver.findElementByXPath(RemoteWebDriver.java:404)
	at org.openqa.selenium.By$ByXPath.findElement(By.java:344)
	at org.openqa.selenium.remote.RemoteWebDriver.findElement(RemoteWebDriver.java:299)
	at com.nbcuni.test.publisher.pageobjects.Overlay.Dialog_Frm(Overlay.java:46)
	at com.nbcuni.test.publisher.pageobjects.Overlay.SwitchToFrame(Overlay.java:66)
	at com.nbcuni.test.publisher.tests.Advertising.Comscore.PixelmanModuleSetupAndVerification.PixelmanModuleSetupAndVerification_Test(PixelmanModuleSetupAndVerification.java:37)
	at sun.reflect.NativeMethodAccessorImpl.invoke0(Native Method)
	at sun.reflect.NativeMethodAccessorImpl.invoke(NativeMethodAccessorImpl.java:57)
	at sun.reflect.DelegatingMethodAccessorImpl.invoke(DelegatingMethodAccessorImpl.java:43)
	at java.lang.reflect.Method.invoke(Method.java:606)
	at org.testng.internal.MethodInvocationHelper.invokeMethod(MethodInvocationHelper.java:84)
	at org.testng.internal.Invoker.invokeMethod(Invoker.java:714)
	at org.testng.internal.Invoker.invokeTestMethod(Invoker.java:901)
	at org.testng.internal.Invoker.invokeTestMethods(Invoker.java:1231)
	at org.testng.internal.TestMethodWorker.invokeTestMethods(TestMethodWorker.java:127)
	at org.testng.internal.TestMethodWorker.run(TestMethodWorker.java:111)
	at org.testng.TestRunner.privateRun(TestRunner.java:767)
	at org.testng.TestRunner.run(TestRunner.java:617)
	at org.testng.SuiteRunner.runTest(SuiteRunner.java:334)
	at org.testng.SuiteRunner.runSequentially(SuiteRunner.java:329)
	at org.testng.SuiteRunner.privateRun(SuiteRunner.java:291)
	at org.testng.SuiteRunner.run(SuiteRunner.java:240)
	at org.testng.SuiteRunnerWorker.runSuite(SuiteRunnerWorker.java:52)
	at org.testng.SuiteRunnerWorker.run(SuiteRunnerWorker.java:86)
	at org.testng.TestNG.runSuitesSequentially(TestNG.java:1224)
	at org.testng.TestNG.runSuitesLocally(TestNG.java:1149)
	at org.testng.TestNG.run(TestNG.java:1057)
	at org.testng.remote.RemoteTestNG.run(RemoteTestNG.java:111)
	at org.testng.remote.RemoteTestNG.initAndRun(RemoteTestNG.java:204)
	at org.testng.remote.RemoteTestNG.main(RemoteTestNG.java:175)
]]>
    </failure>
  </testcase> <!-- PixelmanModuleSetupAndVerification_Test -->
</testsuite> <!-- com.nbcuni.test.publisher.tests.Advertising.Comscore.PixelmanModuleSetupAndVerification -->
