<?xml version="1.0" encoding="UTF-8"?>
<!-- Generated by org.testng.reporters.JUnitReportReporter -->
<testsuite hostname="BACLARK77-MAC1.local" name="com.nbcuni.test.publisher.tests.Video.CanonicalURLSupport.CanonicalURL" tests="1" failures="0" timestamp="13 Oct 2014 12:59:59 GMT" time="136.728" errors="0">
  <testcase name="CanonicalURL_TC1080" time="136.728" classname="com.nbcuni.test.publisher.tests.Video.CanonicalURLSupport.CanonicalURL"/>
</testsuite> <!-- com.nbcuni.test.publisher.tests.Video.CanonicalURLSupport.CanonicalURL -->
