<?xml version="1.0" encoding="UTF-8"?>
<!-- Generated by org.testng.reporters.JUnitReportReporter -->
<testsuite hostname="BACLARK77-MAC1.local" name="com.nbcuni.test.publisher.tests.SiteManagementAndReporting.SURF.SURFModule" tests="1" failures="0" timestamp="7 Jul 2014 15:34:48 GMT" time="110.642" errors="0">
  <testcase name="SURFModule_TC3564" time="110.642" classname="com.nbcuni.test.publisher.tests.SiteManagementAndReporting.SURF.SURFModule"/>
</testsuite> <!-- com.nbcuni.test.publisher.tests.SiteManagementAndReporting.SURF.SURFModule -->
