<?xml version="1.0" encoding="UTF-8"?>
<!-- Generated by org.testng.reporters.JUnitReportReporter -->
<testsuite hostname="baclark77-mac1.home" name="com.nbcuni.test.publisher.tests.SiteManagementAndReporting.EmailReRouting.EnableEmailReRouting" tests="1" failures="0" timestamp="5 May 2014 15:53:44 GMT" time="73.810" errors="0">
  <testcase name="EnableEmailReRouting_Test" time="73.810" classname="com.nbcuni.test.publisher.tests.SiteManagementAndReporting.EmailReRouting.EnableEmailReRouting"/>
</testsuite> <!-- com.nbcuni.test.publisher.tests.SiteManagementAndReporting.EmailReRouting.EnableEmailReRouting -->
