<?xml version="1.0" encoding="UTF-8"?>
<!-- Generated by org.testng.reporters.JUnitReportReporter -->
<testsuite hostname="BACLARK77-MAC1.local" name="com.nbcuni.test.publisher.tests.ContentEntityCreationManagement.ContentandEntityManagement.ContentandEntityScheduling.EnhanceOperationsDropdownonScheduleTab" tests="1" failures="0" timestamp="12 Feb 2014 18:25:10 GMT" time="91.134" errors="0">
  <testcase name="EnhanceOperationsDropdownonScheduleTab_Test" time="91.134" classname="com.nbcuni.test.publisher.tests.ContentEntityCreationManagement.ContentandEntityManagement.ContentandEntityScheduling.EnhanceOperationsDropdownonScheduleTab"/>
</testsuite> <!-- com.nbcuni.test.publisher.tests.ContentEntityCreationManagement.ContentandEntityManagement.ContentandEntityScheduling.EnhanceOperationsDropdownonScheduleTab -->
