<?xml version="1.0" encoding="UTF-8"?>
<!-- Generated by org.testng.reporters.JUnitReportReporter -->
<testsuite hostname="BACLARK77-MAC1.local" name="com.nbcuni.test.publisher.tests.Video.DeIngestingMPXAccountsAndCorrespondingAssets.EntityReferenceVerification" tests="1" failures="0" timestamp="29 Jul 2014 23:53:47 GMT" time="244.163" errors="0">
  <testcase name="EntityReferenceVerification_TC1886" time="244.163" classname="com.nbcuni.test.publisher.tests.Video.DeIngestingMPXAccountsAndCorrespondingAssets.EntityReferenceVerification"/>
</testsuite> <!-- com.nbcuni.test.publisher.tests.Video.DeIngestingMPXAccountsAndCorrespondingAssets.EntityReferenceVerification -->
