<?xml version="1.0" encoding="UTF-8"?>
<!-- Generated by org.testng.reporters.JUnitReportReporter -->
<testsuite hostname="baclark77-mac1.home" name="com.nbcuni.test.publisher.tests.ContentEntityCreationManagement.ContentTypesEntities.TVSeason.CreateTVSeason" tests="1" failures="0" timestamp="15 Apr 2014 00:06:30 GMT" time="40.123" errors="0">
  <testcase name="CreateTVSeason_Test" time="40.123" classname="com.nbcuni.test.publisher.tests.ContentEntityCreationManagement.ContentTypesEntities.TVSeason.CreateTVSeason"/>
</testsuite> <!-- com.nbcuni.test.publisher.tests.ContentEntityCreationManagement.ContentTypesEntities.TVSeason.CreateTVSeason -->
