<?xml version="1.0" encoding="UTF-8"?>
<!-- Generated by org.testng.reporters.JUnitReportReporter -->
<testsuite hostname="baclark77-mac1.home" name="com.nbcuni.test.publisher.tests.Queues.AddModerationStatesToRevisionsOfAQueue.QueueModerationStates" tests="1" failures="0" timestamp="2 Jan 2014 16:54:12 GMT" time="40.686" errors="0">
  <testcase name="QueueModerationStates" time="40.686" classname="com.nbcuni.test.publisher.tests.Queues.AddModerationStatesToRevisionsOfAQueue.QueueModerationStates"/>
</testsuite> <!-- com.nbcuni.test.publisher.tests.Queues.AddModerationStatesToRevisionsOfAQueue.QueueModerationStates -->
