<?xml version="1.0" encoding="UTF-8"?>
<!-- Generated by org.testng.reporters.JUnitReportReporter -->
<testsuite hostname="localhost" name="com.nbcuni.test.publisher.tests.ContentEntityCreationManagement.ContentandEntityManagement.ContentandEntityScheduling.SchedulingContentPublishUnpublished" tests="1" failures="0" timestamp="13 Jun 2014 20:35:56 GMT" time="272.034" errors="0">
  <testcase name="SchedulingContentPublishUnpublished_TC2159" time="272.034" classname="com.nbcuni.test.publisher.tests.ContentEntityCreationManagement.ContentandEntityManagement.ContentandEntityScheduling.SchedulingContentPublishUnpublished"/>
</testsuite> <!-- com.nbcuni.test.publisher.tests.ContentEntityCreationManagement.ContentandEntityManagement.ContentandEntityScheduling.SchedulingContentPublishUnpublished -->
