<?xml version="1.0" encoding="UTF-8"?>
<!-- Generated by org.testng.reporters.JUnitReportReporter -->
<testsuite hostname="BACLARK77-MAC1.local" name="com.nbcuni.test.publisher.tests.Security.FileViewDeniedToUnauthenticatedUsers" tests="1" failures="0" timestamp="3 Apr 2014 18:17:03 GMT" time="14.566" errors="0">
  <testcase name="FileViewDeniedToUnauthenticatedUsers_Test" time="14.566" classname="com.nbcuni.test.publisher.tests.Security.FileViewDeniedToUnauthenticatedUsers"/>
</testsuite> <!-- com.nbcuni.test.publisher.tests.Security.FileViewDeniedToUnauthenticatedUsers -->
