<?xml version="1.0" encoding="UTF-8"?>
<!-- Generated by org.testng.reporters.JUnitReportReporter -->
<testsuite hostname="BACLARK77-MAC1.local" name="com.nbcuni.test.publisher.tests.Setup.TestSetup" tests="1" failures="0" timestamp="30 Apr 2014 16:43:52 GMT" time="19.575" errors="0">
  <testcase name="TestSetup_Test" time="19.575" classname="com.nbcuni.test.publisher.tests.Setup.TestSetup"/>
</testsuite> <!-- com.nbcuni.test.publisher.tests.Setup.TestSetup -->
