<?xml version="1.0" encoding="UTF-8"?>
<!-- Generated by org.testng.reporters.JUnitReportReporter -->
<testsuite hostname="localhost" name="com.nbcuni.test.publisher.tests.UserCreationAndManagement.Permissions.CreatePermissionSetsGUI" tests="1" failures="0" timestamp="13 Jun 2014 20:35:57 GMT" time="64.945" errors="0">
  <testcase name="CreatePermissionSetsGUI_TC1381" time="64.945" classname="com.nbcuni.test.publisher.tests.UserCreationAndManagement.Permissions.CreatePermissionSetsGUI"/>
</testsuite> <!-- com.nbcuni.test.publisher.tests.UserCreationAndManagement.Permissions.CreatePermissionSetsGUI -->
