<?xml version="1.0" encoding="UTF-8"?>
<!-- Generated by org.testng.reporters.JUnitReportReporter -->
<testsuite hostname="BACLARK77-MAC1.local" name="com.nbcuni.test.publisher.tests.UserCreationAndManagement.Permissions.EditorPermissionsContentAndContentRevisionsView" tests="1" failures="0" timestamp="18 Sep 2014 17:16:10 GMT" time="106.216" errors="0">
  <testcase name="EditorPermissionsContentAndContentRevisionsView_TC1393" time="106.216" classname="com.nbcuni.test.publisher.tests.UserCreationAndManagement.Permissions.EditorPermissionsContentAndContentRevisionsView"/>
</testsuite> <!-- com.nbcuni.test.publisher.tests.UserCreationAndManagement.Permissions.EditorPermissionsContentAndContentRevisionsView -->
