<?xml version="1.0" encoding="UTF-8"?>
<!-- Generated by org.testng.reporters.JUnitReportReporter -->
<testsuite hostname="baclark77-mac1.home" name="com.nbcuni.test.publisher.contentbuildscripts.MPXPerformanceUpgrade.EditVideos.EditVideos" tests="1" failures="0" timestamp="21 May 2014 19:14:25 GMT" time="268.767" errors="0">
  <testcase name="Test" time="268.767" classname="com.nbcuni.test.publisher.contentbuildscripts.MPXPerformanceUpgrade.EditVideos.EditVideos"/>
</testsuite> <!-- com.nbcuni.test.publisher.contentbuildscripts.MPXPerformanceUpgrade.EditVideos.EditVideos -->
