<?xml version="1.0" encoding="UTF-8"?>
<!-- Generated by org.testng.reporters.JUnitReportReporter -->
<testsuite hostname="BACLARK77-MAC1.local" name="com.nbcuni.test.publisher.tests.ContentEntityCreationManagement.Images.RepresentativeImage.SetDefaultRepresentativeImagePost" tests="1" failures="0" timestamp="6 Mar 2014 18:12:10 GMT" time="39.133" errors="0">
  <testcase name="SetDefaultRepresentativeImagePost_Test" time="39.133" classname="com.nbcuni.test.publisher.tests.ContentEntityCreationManagement.Images.RepresentativeImage.SetDefaultRepresentativeImagePost"/>
</testsuite> <!-- com.nbcuni.test.publisher.tests.ContentEntityCreationManagement.Images.RepresentativeImage.SetDefaultRepresentativeImagePost -->
