<?xml version="1.0" encoding="UTF-8"?>
<!-- Generated by org.testng.reporters.JUnitReportReporter -->
<testsuite hostname="baclark77-mac1.home" name="com.nbcuni.test.publisher.tests.UserCreationAndManagement.UnauthenticatedUsersNotAbleToViewThePublishedContents.UnauthenticatedUsersNotAbleToViewThePublishedContents" tests="1" failures="0" timestamp="16 Jan 2014 15:26:30 GMT" time="40.368" errors="0">
  <testcase name="UnauthenticatedUsersNotAbleToViewThePublishedContents" time="40.368" classname="com.nbcuni.test.publisher.tests.UserCreationAndManagement.UnauthenticatedUsersNotAbleToViewThePublishedContents.UnauthenticatedUsersNotAbleToViewThePublishedContents"/>
</testsuite> <!-- com.nbcuni.test.publisher.tests.UserCreationAndManagement.UnauthenticatedUsersNotAbleToViewThePublishedContents.UnauthenticatedUsersNotAbleToViewThePublishedContents -->
