<?xml version="1.0" encoding="UTF-8"?>
<!-- Generated by org.testng.reporters.JUnitReportReporter -->
<testsuite hostname="baclark77-mac1.home" name="com.nbcuni.test.publisher.tests.Advertising.AdFolders.AdFoldersRichMediaAds" tests="1" failures="0" timestamp="20 May 2014 15:25:59 GMT" time="123.532" errors="0">
  <testcase name="AdFoldersRichMediaAds_TC1160" time="123.532" classname="com.nbcuni.test.publisher.tests.Advertising.AdFolders.AdFoldersRichMediaAds"/>
</testsuite> <!-- com.nbcuni.test.publisher.tests.Advertising.AdFolders.AdFoldersRichMediaAds -->
