<?xml version="1.0" encoding="UTF-8"?>
<!-- Generated by org.testng.reporters.JUnitReportReporter -->
<testsuite hostname="BACLARK77-MAC1.local" name="com.nbcuni.test.publisher.tests.Commerce.CreatePubFeatureSetModules" tests="1" failures="0" timestamp="2 Oct 2014 17:15:36 GMT" time="40.149" errors="0">
  <testcase name="CreatePubFeatureSetModules_TC4061" time="40.149" classname="com.nbcuni.test.publisher.tests.Commerce.CreatePubFeatureSetModules"/>
</testsuite> <!-- com.nbcuni.test.publisher.tests.Commerce.CreatePubFeatureSetModules -->
