<?xml version="1.0" encoding="UTF-8"?>
<!-- Generated by org.testng.reporters.JUnitReportReporter -->
<testsuite hostname="BACLARK77-MAC1.local" name="com.nbcuni.tests.publisher.tests.advertising.PixelmanModuleSetupAndVerification" tests="1" failures="0" timestamp="17 Dec 2013 20:33:06 GMT" time="84.716" errors="0">
  <testcase name="Test" time="84.716" classname="com.nbcuni.tests.publisher.tests.advertising.PixelmanModuleSetupAndVerification"/>
</testsuite> <!-- com.nbcuni.tests.publisher.tests.advertising.PixelmanModuleSetupAndVerification -->
