<?xml version="1.0" encoding="UTF-8"?>
<!-- Generated by org.testng.reporters.JUnitReportReporter -->
<<<<<<< HEAD
<testsuite hostname="BACLARK77-MAC1.local" name="com.nbcuni.test.publisher.tests.ContentEntityCreationManagement.Images.EXIF.PopulateEXIFBulkUpload" tests="1" failures="0" timestamp="22 Sep 2014 23:41:14 GMT" time="141.211" errors="0">
  <testcase name="PopulateEXIFBulkUpload_TC3192" time="141.211" classname="com.nbcuni.test.publisher.tests.ContentEntityCreationManagement.Images.EXIF.PopulateEXIFBulkUpload"/>
=======
<testsuite hostname="BACLARK77-MAC1.local" name="com.nbcuni.test.publisher.tests.ContentEntityCreationManagement.Images.EXIF.PopulateEXIFBulkUpload" tests="1" failures="0" timestamp="7 Oct 2014 03:04:11 GMT" time="127.157" errors="0">
  <testcase name="PopulateEXIFBulkUpload_TC3192" time="127.157" classname="com.nbcuni.test.publisher.tests.ContentEntityCreationManagement.Images.EXIF.PopulateEXIFBulkUpload"/>
>>>>>>> refs/heads/Brandon
</testsuite> <!-- com.nbcuni.test.publisher.tests.ContentEntityCreationManagement.Images.EXIF.PopulateEXIFBulkUpload -->
