<?xml version="1.0" encoding="UTF-8"?>
<!-- Generated by org.testng.reporters.JUnitReportReporter -->
<testsuite hostname="baclark77-mac1.home" name="com.nbcuni.test.publisher.contentbuildscripts.MPXPerformanceUpgrade.CreateVideos" tests="1" failures="0" timestamp="21 May 2014 13:32:38 GMT" time="112.111" errors="0">
  <testcase name="Test" time="112.111" classname="com.nbcuni.test.publisher.contentbuildscripts.MPXPerformanceUpgrade.CreateVideos"/>
</testsuite> <!-- com.nbcuni.test.publisher.contentbuildscripts.MPXPerformanceUpgrade.CreateVideos -->
