<?xml version="1.0" encoding="UTF-8"?>
<!-- Generated by org.testng.reporters.JUnitReportReporter -->
<testsuite hostname="BACLARK77-MAC1.local" name="com.nbcuni.test.publisher.tests.Metrics.SiteCatalyst.ImplementSiteCatalyst" tests="1" failures="0" timestamp="7 Oct 2014 12:15:49 GMT" time="39.005" errors="0">
  <testcase name="ImplementSiteCatalyst_TC1061" time="39.005" classname="com.nbcuni.test.publisher.tests.Metrics.SiteCatalyst.ImplementSiteCatalyst"/>
</testsuite> <!-- com.nbcuni.test.publisher.tests.Metrics.SiteCatalyst.ImplementSiteCatalyst -->
