<?xml version="1.0" encoding="UTF-8"?>
<!-- Generated by org.testng.reporters.JUnitReportReporter -->
<testsuite hostname="baclark77-mac1.home" name="com.nbcuni.test.publisher.tests.Queues.UnauthenticatedUsersCanViewQueuesRevisionList.UnauthenticatedUsersCanViewQueuesRevisionList" tests="1" failures="0" timestamp="14 Jan 2014 20:12:25 GMT" time="5.310" errors="0">
  <testcase name="UnauthenticatedUsersCanViewQueuesRevisionList" time="5.310" classname="com.nbcuni.test.publisher.tests.Queues.UnauthenticatedUsersCanViewQueuesRevisionList.UnauthenticatedUsersCanViewQueuesRevisionList"/>
</testsuite> <!-- com.nbcuni.test.publisher.tests.Queues.UnauthenticatedUsersCanViewQueuesRevisionList.UnauthenticatedUsersCanViewQueuesRevisionList -->
