<?xml version="1.0" encoding="UTF-8"?>
<!-- Generated by org.testng.reporters.JUnitReportReporter -->
<testsuite hostname="baclark77-mac1.home" name="com.nbcuni.test.publisher.tests.SiteManagementAndReporting.DefaultModules.DefaultModulesEnabled" tests="1" failures="0" timestamp="9 Apr 2014 12:13:19 GMT" time="52.012" errors="0">
  <testcase name="DefaultModulesEnabled_Test" time="52.012" classname="com.nbcuni.test.publisher.tests.SiteManagementAndReporting.DefaultModules.DefaultModulesEnabled"/>
</testsuite> <!-- com.nbcuni.test.publisher.tests.SiteManagementAndReporting.DefaultModules.DefaultModulesEnabled -->
