<?xml version="1.0" encoding="UTF-8"?>
<!-- Generated by org.testng.reporters.JUnitReportReporter -->
<testsuite hostname="baclark77-mac1.home" name="com.nbcuni.test.publisher.tests.Video.CanonicalURLSupport.MPXCanonicalURLImportableURLAlias" tests="1" failures="1" timestamp="5 Feb 2014 15:57:05 GMT" time="106.755" errors="0">
  <testcase name="MPXCanonicalURLImportableURLAlias_Test" time="106.755" classname="com.nbcuni.test.publisher.tests.Video.CanonicalURLSupport.MPXCanonicalURLImportableURLAlias">
    <failure type="org.sikuli.script.FindFailed" message="can not find /Users/brandonclark/SQE-TEST-Pub7/main/src/test/java/com/nbcuni/test/publisher/lib/sikuli/images/Common/Loading_Txt.png on the screen.">
      <![CDATA[FindFailed: can not find /Users/brandonclark/SQE-TEST-Pub7/main/src/test/java/com/nbcuni/test/publisher/lib/sikuli/images/Common/Loading_Txt.png on the screen.
Line ?, in File ?
	at org.sikuli.script.Region.handleFindFailed(Region.java:421)
	at org.sikuli.script.Region.wait(Region.java:512)
	at com.nbcuni.test.publisher.pageobjects.MPX.ThePlatform.MPXAssets.WaitForImgPresent(MPXAssets.java:61)
	at com.nbcuni.test.publisher.pageobjects.MPX.ThePlatform.MPXAssets.WaitForAllAssetsToLoad(MPXAssets.java:54)
	at com.nbcuni.test.publisher.pageobjects.MPX.ThePlatform.MPXSelectAccount.SelectAccount(MPXSelectAccount.java:59)
	at com.nbcuni.test.publisher.tests.Video.CanonicalURLSupport.MPXCanonicalURLImportableURLAlias.MPXCanonicalURLImportableURLAlias_Test(MPXCanonicalURLImportableURLAlias.java:109)
	at sun.reflect.NativeMethodAccessorImpl.invoke0(Native Method)
	at sun.reflect.NativeMethodAccessorImpl.invoke(NativeMethodAccessorImpl.java:39)
	at sun.reflect.DelegatingMethodAccessorImpl.invoke(DelegatingMethodAccessorImpl.java:25)
	at java.lang.reflect.Method.invoke(Method.java:597)
	at org.testng.internal.MethodInvocationHelper.invokeMethod(MethodInvocationHelper.java:84)
	at org.testng.internal.Invoker.invokeMethod(Invoker.java:714)
	at org.testng.internal.Invoker.invokeTestMethod(Invoker.java:901)
	at org.testng.internal.Invoker.invokeTestMethods(Invoker.java:1231)
	at org.testng.internal.TestMethodWorker.invokeTestMethods(TestMethodWorker.java:127)
	at org.testng.internal.TestMethodWorker.run(TestMethodWorker.java:111)
	at java.util.concurrent.ThreadPoolExecutor$Worker.runTask(ThreadPoolExecutor.java:895)
	at java.util.concurrent.ThreadPoolExecutor$Worker.run(ThreadPoolExecutor.java:918)
	at java.lang.Thread.run(Thread.java:695)
]]>
    </failure>
  </testcase> <!-- MPXCanonicalURLImportableURLAlias_Test -->
</testsuite> <!-- com.nbcuni.test.publisher.tests.Video.CanonicalURLSupport.MPXCanonicalURLImportableURLAlias -->
