<?xml version="1.0" encoding="UTF-8"?>
<!-- Generated by org.testng.reporters.JUnitReportReporter -->
<testsuite hostname="BACLARK77-MAC1.local" name="com.nbcuni.test.publisher.tests.ContentEntityCreationManagement.ContentandEntityManagement.EnhanceMediaGalleriesTab.EnhanceMediaGalleriesTab" tests="1" failures="0" timestamp="24 Apr 2014 13:11:56 GMT" time="35.135" errors="0">
  <testcase name="EnhanceMediaGalleriesTab_TC1293" time="35.135" classname="com.nbcuni.test.publisher.tests.ContentEntityCreationManagement.ContentandEntityManagement.EnhanceMediaGalleriesTab.EnhanceMediaGalleriesTab"/>
</testsuite> <!-- com.nbcuni.test.publisher.tests.ContentEntityCreationManagement.ContentandEntityManagement.EnhanceMediaGalleriesTab.EnhanceMediaGalleriesTab -->
