<?xml version="1.0" encoding="UTF-8"?>
<!-- Generated by org.testng.reporters.JUnitReportReporter -->
<testsuite hostname="BACLARK77-MAC1.local" name="com.nbcuni.test.publisher.tests.Video.Configuration.ConfigurationMultipleMPXAccounts" tests="1" failures="0" timestamp="29 Apr 2014 16:59:16 GMT" time="260.242" errors="0">
  <testcase name="ConfigurationMultipleMPXAccounts_TC1073" time="260.242" classname="com.nbcuni.test.publisher.tests.Video.Configuration.ConfigurationMultipleMPXAccounts"/>
</testsuite> <!-- com.nbcuni.test.publisher.tests.Video.Configuration.ConfigurationMultipleMPXAccounts -->
