<?xml version="1.0" encoding="UTF-8"?>
<!-- Generated by org.testng.reporters.JUnitReportReporter -->
<testsuite hostname="baclark77-mac1.home" name="com.nbcuni.test.publisher.tests.ContentEntityCreationManagement.ContentandEntityRelationships.CastCrewFieldCollectionsVerification_TVEpisode" tests="1" failures="0" timestamp="6 Feb 2014 00:00:42 GMT" time="124.648" errors="0">
  <testcase name="CastCrewFieldCollectionsVerificationTVEpisode_Test" time="124.648" classname="com.nbcuni.test.publisher.tests.ContentEntityCreationManagement.ContentandEntityRelationships.CastCrewFieldCollectionsVerification_TVEpisode"/>
</testsuite> <!-- com.nbcuni.test.publisher.tests.ContentEntityCreationManagement.ContentandEntityRelationships.CastCrewFieldCollectionsVerification_TVEpisode -->
