<?xml version="1.0" encoding="UTF-8"?>
<!-- Generated by org.testng.reporters.JUnitReportReporter -->
<testsuite hostname="baclark77-mac1.home" name="com.nbcuni.test.publisher.tests.Advertising.AdFolders.AdFoldersRichMediaAds" tests="1" failures="0" timestamp="13 Mar 2014 19:26:12 GMT" time="93.399" errors="0">
  <testcase name="AdFoldersRichMediaAds_Test" time="93.399" classname="com.nbcuni.test.publisher.tests.Advertising.AdFolders.AdFoldersRichMediaAds"/>
</testsuite> <!-- com.nbcuni.test.publisher.tests.Advertising.AdFolders.AdFoldersRichMediaAds -->
