<?xml version="1.0" encoding="UTF-8"?>
<!-- Generated by org.testng.reporters.JUnitReportReporter -->
<testsuite hostname="baclark77-mac1.home" name="com.nbcuni.test.publisher.tests.ContentEntityCreationManagement.ProgramGuides.ROVITVSchedule.Configuration" tests="1" failures="0" timestamp="4 Feb 2014 20:57:19 GMT" time="68.550" errors="0">
  <testcase name="Configuration_Test" time="68.550" classname="com.nbcuni.test.publisher.tests.ContentEntityCreationManagement.ProgramGuides.ROVITVSchedule.Configuration"/>
</testsuite> <!-- com.nbcuni.test.publisher.tests.ContentEntityCreationManagement.ProgramGuides.ROVITVSchedule.Configuration -->
