<?xml version="1.0" encoding="UTF-8"?>
<!-- Generated by org.testng.reporters.JUnitReportReporter -->
<testsuite hostname="BACLARK77-MAC1.local" name="com.nbcuni.test.publisher.tests.Queues.DeletingQueueRevisions.DeleteRevisionsQueues" tests="1" failures="0" timestamp="22 Jul 2014 19:25:56 GMT" time="63.941" errors="0">
  <testcase name="DeleteRevisionsQueues_Test" time="63.941" classname="com.nbcuni.test.publisher.tests.Queues.DeletingQueueRevisions.DeleteRevisionsQueues"/>
</testsuite> <!-- com.nbcuni.test.publisher.tests.Queues.DeletingQueueRevisions.DeleteRevisionsQueues -->
