<?xml version="1.0" encoding="UTF-8"?>
<!-- Generated by org.testng.reporters.JUnitReportReporter -->
<testsuite hostname="baclark77-mac1.home" name="com.nbcuni.test.publisher.tests.ContentEntityCreationManagement.ContentTypesEntities.Movie.CharacterFieldShouldAppearOnlyWhenCharacterIsSelectedAsCharacter" tests="1" failures="0" timestamp="30 Mar 2014 15:48:36 GMT" time="74.710" errors="0">
  <testcase name="CharacterFieldShouldAppearOnlyWhenCharacterIsSelectedAsCharacter_Test" time="74.710" classname="com.nbcuni.test.publisher.tests.ContentEntityCreationManagement.ContentTypesEntities.Movie.CharacterFieldShouldAppearOnlyWhenCharacterIsSelectedAsCharacter"/>
</testsuite> <!-- com.nbcuni.test.publisher.tests.ContentEntityCreationManagement.ContentTypesEntities.Movie.CharacterFieldShouldAppearOnlyWhenCharacterIsSelectedAsCharacter -->
