<?xml version="1.0" encoding="UTF-8"?>
<!-- Generated by org.testng.reporters.JUnitReportReporter -->
<<<<<<< HEAD
<<<<<<< HEAD
<<<<<<< HEAD
<<<<<<< HEAD
<<<<<<< HEAD
<testsuite hostname="BACLARK77-MAC1.local" name="com.nbcuni.test.publisher.tests.Setup.A1_TestSetup" tests="1" failures="0" timestamp="12 Sep 2014 18:52:52 GMT" time="173.979" errors="0">
  <testcase name="TestSetup_Test" time="173.979" classname="com.nbcuni.test.publisher.tests.Setup.A1_TestSetup"/>
=======
<testsuite hostname="BACLARK77-MAC1.local" name="com.nbcuni.test.publisher.tests.Setup.A1_TestSetup" tests="1" failures="0" timestamp="16 Sep 2014 12:47:35 GMT" time="236.396" errors="0">
  <testcase name="TestSetup_Test" time="236.396" classname="com.nbcuni.test.publisher.tests.Setup.A1_TestSetup"/>
>>>>>>> refs/heads/Brandon
=======
<testsuite hostname="BACLARK77-MAC1.local" name="com.nbcuni.test.publisher.tests.Setup.A1_TestSetup" tests="1" failures="0" timestamp="16 Sep 2014 15:57:42 GMT" time="138.230" errors="0">
  <testcase name="TestSetup_Test" time="138.230" classname="com.nbcuni.test.publisher.tests.Setup.A1_TestSetup"/>
>>>>>>> refs/heads/Brandon
=======
<testsuite hostname="BACLARK77-MAC1.local" name="com.nbcuni.test.publisher.tests.Setup.A1_TestSetup" tests="1" failures="0" timestamp="16 Sep 2014 21:18:39 GMT" time="146.820" errors="0">
  <testcase name="TestSetup_Test" time="146.820" classname="com.nbcuni.test.publisher.tests.Setup.A1_TestSetup"/>
>>>>>>> refs/heads/Brandon
=======
<testsuite hostname="BACLARK77-MAC1.local" name="com.nbcuni.test.publisher.tests.Setup.A1_TestSetup" tests="1" failures="0" timestamp="17 Sep 2014 18:42:12 GMT" time="210.437" errors="0">
  <testcase name="TestSetup_Test" time="210.437" classname="com.nbcuni.test.publisher.tests.Setup.A1_TestSetup"/>
>>>>>>> refs/heads/Brandon
=======
<testsuite hostname="BACLARK77-MAC1.local" name="com.nbcuni.test.publisher.tests.Setup.A1_TestSetup" tests="1" failures="0" timestamp="17 Sep 2014 21:20:26 GMT" time="151.837" errors="0">
  <testcase name="TestSetup_Test" time="151.837" classname="com.nbcuni.test.publisher.tests.Setup.A1_TestSetup"/>
>>>>>>> refs/heads/Brandon
</testsuite> <!-- com.nbcuni.test.publisher.tests.Setup.A1_TestSetup -->
