<?xml version="1.0" encoding="UTF-8"?>
<!-- Generated by org.testng.reporters.JUnitReportReporter -->
<testsuite hostname="baclark77-mac1.home" name="com.nbcuni.test.publisher.tests.SiteManagementAndReporting.SocialIntegration.Facebook.TestingFacebookAutopublishing" tests="1" failures="1" timestamp="2 Jan 2014 16:54:12 GMT" time="29.532" errors="0">
  <testcase name="TestingFacebookAutopublishing" time="29.532" classname="com.nbcuni.test.publisher.tests.SiteManagementAndReporting.SocialIntegration.Facebook.TestingFacebookAutopublishing">
    <failure type="org.openqa.selenium.TimeoutException" message="Timed out after 10 seconds waiting for text (&#039;Created facebook application Publisher 7 Test App (42e400a8f23e483).&#039;) to be present in element found by By.xpath: //div[@class=&#039;messages status&#039;]
Build info: version: &#039;2.35.0&#039;, revision: &#039;8df0c6bedf70ff9f22c647788f9fe9c8d22210e2&#039;, time: &#039;2013-08-17 12:46:41&#039;
System info: os.name: &#039;Mac OS X&#039;, os.arch: &#039;x86_64&#039;, os.version: &#039;10.8.5&#039;, java.version: &#039;1.7.0_25&#039;
Driver info: driver.version: unknown">
      <![CDATA[org.openqa.selenium.TimeoutException: Timed out after 10 seconds waiting for text ('Created facebook application Publisher 7 Test App (42e400a8f23e483).') to be present in element found by By.xpath: //div[@class='messages status']
Build info: version: '2.35.0', revision: '8df0c6bedf70ff9f22c647788f9fe9c8d22210e2', time: '2013-08-17 12:46:41'
System info: os.name: 'Mac OS X', os.arch: 'x86_64', os.version: '10.8.5', java.version: '1.7.0_25'
Driver info: driver.version: unknown
	at org.openqa.selenium.support.ui.FluentWait.timeoutException(FluentWait.java:259)
	at org.openqa.selenium.support.ui.FluentWait.until(FluentWait.java:228)
	at com.nbcuni.test.publisher.pageobjects.content.ContentParent.VerifyMessageStatus(ContentParent.java:55)
	at com.nbcuni.test.publisher.tests.SiteManagementAndReporting.SocialIntegration.Facebook.TestingFacebookAutopublishing.TestingFacebookAutopublishing(TestingFacebookAutopublishing.java:109)
	at sun.reflect.NativeMethodAccessorImpl.invoke0(Native Method)
	at sun.reflect.NativeMethodAccessorImpl.invoke(NativeMethodAccessorImpl.java:57)
	at sun.reflect.DelegatingMethodAccessorImpl.invoke(DelegatingMethodAccessorImpl.java:43)
	at java.lang.reflect.Method.invoke(Method.java:606)
	at org.testng.internal.MethodInvocationHelper.invokeMethod(MethodInvocationHelper.java:84)
	at org.testng.internal.Invoker.invokeMethod(Invoker.java:714)
	at org.testng.internal.Invoker.invokeTestMethod(Invoker.java:901)
	at org.testng.internal.Invoker.invokeTestMethods(Invoker.java:1231)
	at org.testng.internal.TestMethodWorker.invokeTestMethods(TestMethodWorker.java:127)
	at org.testng.internal.TestMethodWorker.run(TestMethodWorker.java:111)
	at java.util.concurrent.ThreadPoolExecutor.runWorker(ThreadPoolExecutor.java:1145)
	at java.util.concurrent.ThreadPoolExecutor$Worker.run(ThreadPoolExecutor.java:615)
	at java.lang.Thread.run(Thread.java:724)
]]>
    </failure>
  </testcase> <!-- TestingFacebookAutopublishing -->
</testsuite> <!-- com.nbcuni.test.publisher.tests.SiteManagementAndReporting.SocialIntegration.Facebook.TestingFacebookAutopublishing -->
