<?xml version="1.0" encoding="UTF-8"?>
<!-- Generated by org.testng.reporters.JUnitReportReporter -->
<testsuite hostname="baclark77-mac1.home" name="com.nbcuni.test.publisher.tests.SocialIntegration.FunctionalImplementGigyaShareBar.FunctionalImplementGigyaShareBar" tests="1" failures="0" timestamp="14 Feb 2014 19:51:38 GMT" time="76.678" errors="0">
  <testcase name="FunctionalImplementGigyaShareBar_Test" time="76.678" classname="com.nbcuni.test.publisher.tests.SocialIntegration.FunctionalImplementGigyaShareBar.FunctionalImplementGigyaShareBar"/>
</testsuite> <!-- com.nbcuni.test.publisher.tests.SocialIntegration.FunctionalImplementGigyaShareBar.FunctionalImplementGigyaShareBar -->
