<?xml version="1.0" encoding="UTF-8"?>
<!-- Generated by org.testng.reporters.JUnitReportReporter -->
<testsuite hostname="baclark77-mac1.home" name="com.nbcuni.test.publisher.tests.Queues.AddModerationStatesToRevisionsOfAQueue.QueueModerationStates" tests="1" failures="0" timestamp="7 Jan 2014 02:36:57 GMT" time="169.755" errors="1">
  <testcase name="QueueModerationStates" time="169.755" classname="com.nbcuni.test.publisher.tests.Queues.AddModerationStatesToRevisionsOfAQueue.QueueModerationStates">
    <error type="java.lang.AssertionError" message="verifyObjectContainsText:  Object (//td[@class=&#039;views-field views-field-history-list&#039;])[1] Does not contain the text Revision was set from Draft to Draft on 01/06/2014">
      <![CDATA[java.lang.AssertionError: verifyObjectContainsText:  Object (//td[@class='views-field views-field-history-list'])[1] Does not contain the text Revision was set from Draft to Draft on 01/06/2014
	at org.testng.Assert.fail(Assert.java:94)
	at com.nbcuni.test.lib.Util.verifyObjectContainsText(Util.java:1163)
	at com.nbcuni.test.publisher.pageobjects.queues.QueuesRevisionList.VerifyStateFlowHistoryEvent(QueuesRevisionList.java:54)
	at com.nbcuni.test.publisher.tests.Queues.AddModerationStatesToRevisionsOfAQueue.QueueModerationStates.QueueModerationStates(QueueModerationStates.java:106)
	at sun.reflect.NativeMethodAccessorImpl.invoke0(Native Method)
	at sun.reflect.NativeMethodAccessorImpl.invoke(NativeMethodAccessorImpl.java:39)
	at sun.reflect.DelegatingMethodAccessorImpl.invoke(DelegatingMethodAccessorImpl.java:25)
	at java.lang.reflect.Method.invoke(Method.java:597)
	at org.testng.internal.MethodInvocationHelper.invokeMethod(MethodInvocationHelper.java:84)
	at org.testng.internal.Invoker.invokeMethod(Invoker.java:714)
	at org.testng.internal.Invoker.invokeTestMethod(Invoker.java:901)
	at org.testng.internal.Invoker.invokeTestMethods(Invoker.java:1231)
	at org.testng.internal.TestMethodWorker.invokeTestMethods(TestMethodWorker.java:127)
	at org.testng.internal.TestMethodWorker.run(TestMethodWorker.java:111)
	at java.util.concurrent.ThreadPoolExecutor$Worker.runTask(ThreadPoolExecutor.java:895)
	at java.util.concurrent.ThreadPoolExecutor$Worker.run(ThreadPoolExecutor.java:918)
	at java.lang.Thread.run(Thread.java:695)
]]>
    </error>
  </testcase> <!-- QueueModerationStates -->
</testsuite> <!-- com.nbcuni.test.publisher.tests.Queues.AddModerationStatesToRevisionsOfAQueue.QueueModerationStates -->
