<?xml version="1.0" encoding="UTF-8"?>
<!-- Generated by org.testng.reporters.JUnitReportReporter -->
<testsuite hostname="baclark77-mac1.home" name="com.nbcuni.test.publisher.tests.ContentEntityCreationManagement.ContentandEntityManagement.CloneANode.Cloning" tests="1" failures="0" timestamp="9 Jun 2014 18:49:38 GMT" time="120.468" errors="0">
  <testcase name="Cloning_TC1054" time="120.468" classname="com.nbcuni.test.publisher.tests.ContentEntityCreationManagement.ContentandEntityManagement.CloneANode.Cloning"/>
</testsuite> <!-- com.nbcuni.test.publisher.tests.ContentEntityCreationManagement.ContentandEntityManagement.CloneANode.Cloning -->
