<?xml version="1.0" encoding="UTF-8"?>
<!-- Generated by org.testng.reporters.JUnitReportReporter -->
<testsuite hostname="baclark77-mac1.home" name="com.nbcuni.test.publisher.tests.Queues.AddModerationStatesToRevisionsOfAQueue.QueueModerationStates" tests="1" failures="0" timestamp="1 Feb 2014 18:03:11 GMT" time="37.434" errors="0">
  <testcase name="QueueModerationStates_Test" time="37.434" classname="com.nbcuni.test.publisher.tests.Queues.AddModerationStatesToRevisionsOfAQueue.QueueModerationStates"/>
</testsuite> <!-- com.nbcuni.test.publisher.tests.Queues.AddModerationStatesToRevisionsOfAQueue.QueueModerationStates -->
