<?xml version="1.0" encoding="UTF-8"?>
<!-- Generated by org.testng.reporters.JUnitReportReporter -->
<testsuite hostname="baclark77-mac1.home" name="com.nbcuni.test.publisher.tests.ContentEntityCreationManagement.ContentEntityModerationStatesWorkflows.MultiEditorPublishingWorkflow" tests="1" failures="0" timestamp="11 Mar 2014 18:03:13 GMT" time="14.128" errors="0">
  <testcase name="MultiEditorPublishingWorkflow_Test" time="14.128" classname="com.nbcuni.test.publisher.tests.ContentEntityCreationManagement.ContentEntityModerationStatesWorkflows.MultiEditorPublishingWorkflow"/>
</testsuite> <!-- com.nbcuni.test.publisher.tests.ContentEntityCreationManagement.ContentEntityModerationStatesWorkflows.MultiEditorPublishingWorkflow -->
