<?xml version="1.0" encoding="UTF-8"?>
<!-- Generated by org.testng.reporters.JUnitReportReporter -->
<testsuite hostname="BACLARK77-MAC1.local" name="com.nbcuni.test.publisher.tests.Advertising.MPS.MPSConfigurationPage" tests="2" failures="0" timestamp="8 Sep 2014 20:21:05 GMT" time="90.319" errors="0">
  <testcase name="Cleanup" time="2.803" classname="com.nbcuni.test.publisher.tests.Advertising.MPS.MPSConfigurationPage"/>
  <testcase name="MPSConfigurationPage_TC3306" time="87.516" classname="com.nbcuni.test.publisher.tests.Advertising.MPS.MPSConfigurationPage"/>
</testsuite> <!-- com.nbcuni.test.publisher.tests.Advertising.MPS.MPSConfigurationPage -->
