<?xml version="1.0" encoding="UTF-8"?>
<!-- Generated by org.testng.reporters.JUnitReportReporter -->
<testsuite hostname="BACLARK77-MAC1.local" name="com.nbcuni.test.publisher.tests.SiteManagementAndReporting.AdminViews.NoWhiteScreen" tests="1" failures="0" timestamp="28 Jul 2014 19:42:36 GMT" time="16.642" errors="0">
  <testcase name="NoWhiteScreen_TC4147" time="16.642" classname="com.nbcuni.test.publisher.tests.SiteManagementAndReporting.AdminViews.NoWhiteScreen"/>
</testsuite> <!-- com.nbcuni.test.publisher.tests.SiteManagementAndReporting.AdminViews.NoWhiteScreen -->
