<?xml version="1.0" encoding="UTF-8"?>
<!-- Generated by org.testng.reporters.JUnitReportReporter -->
<testsuite hostname="baclark77-mac1.home" name="com.nbcuni.test.publisher.tests.ContentEntityCreationManagement.ContentandEntityManagement.MyWorkbench.EditContentMyWorkbench" tests="1" failures="0" timestamp="5 May 2014 15:53:44 GMT" time="42.369" errors="0">
  <testcase name="EditContentMyWorkbench_Test" time="42.369" classname="com.nbcuni.test.publisher.tests.ContentEntityCreationManagement.ContentandEntityManagement.MyWorkbench.EditContentMyWorkbench"/>
</testsuite> <!-- com.nbcuni.test.publisher.tests.ContentEntityCreationManagement.ContentandEntityManagement.MyWorkbench.EditContentMyWorkbench -->
