<?xml version="1.0" encoding="UTF-8"?>
<!-- Generated by org.testng.reporters.JUnitReportReporter -->
<testsuite hostname="baclark77-mac1.home" name="com.nbcuni.test.publisher.tests.SiteManagementAndReporting.TVE.ImplementTVEModulesCore" tests="1" failures="0" timestamp="9 Jun 2014 20:05:28 GMT" time="137.032" errors="0">
  <testcase name="ImplementTVEModulesCore_TC3261" time="137.032" classname="com.nbcuni.test.publisher.tests.SiteManagementAndReporting.TVE.ImplementTVEModulesCore"/>
</testsuite> <!-- com.nbcuni.test.publisher.tests.SiteManagementAndReporting.TVE.ImplementTVEModulesCore -->
