<?xml version="1.0" encoding="UTF-8"?>
<!-- Generated by org.testng.reporters.JUnitReportReporter -->
<testsuite hostname="baclark77-mac1.home" name="com.nbcuni.test.publisher.tests.ContentEntityCreationManagement.ContentandEntityManagement.URLAlias.AutomaticAlias" tests="1" failures="0" timestamp="2 Jun 2014 13:58:46 GMT" time="48.154" errors="0">
  <testcase name="AutomaticAlias_TC3303" time="48.154" classname="com.nbcuni.test.publisher.tests.ContentEntityCreationManagement.ContentandEntityManagement.URLAlias.AutomaticAlias"/>
</testsuite> <!-- com.nbcuni.test.publisher.tests.ContentEntityCreationManagement.ContentandEntityManagement.URLAlias.AutomaticAlias -->
