<?xml version="1.0" encoding="UTF-8"?>
<!-- Generated by org.testng.reporters.JUnitReportReporter -->
<testsuite hostname="baclark77-mac1.home" name="com.nbcuni.test.publisher.tests.Video.VideoSharing.ShareVideoAcrossAccounts" tests="1" failures="0" timestamp="11 Apr 2014 12:11:44 GMT" time="142.251" errors="0">
  <testcase name="ShareVideoAcrossAccounts_Test" time="142.251" classname="com.nbcuni.test.publisher.tests.Video.VideoSharing.ShareVideoAcrossAccounts"/>
</testsuite> <!-- com.nbcuni.test.publisher.tests.Video.VideoSharing.ShareVideoAcrossAccounts -->
