<?xml version="1.0" encoding="UTF-8"?>
<!-- Generated by org.testng.reporters.JUnitReportReporter -->
<testsuite hostname="baclark77-mac1.home" name="com.nbcuni.test.publisher.tests.ContentEntityCreationManagement.Images.AddApplyEmbeddedMetadataButton.AddApplyEmbeddedMetadataButtonAllImageForms" tests="1" failures="0" timestamp="4 May 2014 20:52:25 GMT" time="118.415" errors="0">
  <testcase name="AddApplyEmbeddedMetadataButtonAllImageForms_Test" time="118.415" classname="com.nbcuni.test.publisher.tests.ContentEntityCreationManagement.Images.AddApplyEmbeddedMetadataButton.AddApplyEmbeddedMetadataButtonAllImageForms"/>
</testsuite> <!-- com.nbcuni.test.publisher.tests.ContentEntityCreationManagement.Images.AddApplyEmbeddedMetadataButton.AddApplyEmbeddedMetadataButtonAllImageForms -->
