<?xml version="1.0" encoding="UTF-8"?>
<!-- Generated by org.testng.reporters.JUnitReportReporter -->
<testsuite hostname="BACLARK77-MAC1.local" name="com.nbcuni.test.publisher.tests.Advertising.MPS.MPSConfigurationPage" tests="1" failures="0" timestamp="27 Jun 2014 20:50:50 GMT" time="85.075" errors="0">
  <testcase name="MPSConfigurationPage_TC3306" time="85.075" classname="com.nbcuni.test.publisher.tests.Advertising.MPS.MPSConfigurationPage"/>
</testsuite> <!-- com.nbcuni.test.publisher.tests.Advertising.MPS.MPSConfigurationPage -->
