<?xml version="1.0" encoding="UTF-8"?>
<!-- Generated by org.testng.reporters.JUnitReportReporter -->
<testsuite hostname="BACLARK77-MAC1.local" name="com.nbcuni.test.publisher.tests.Queues.DynamicQueues.AddTaxonomyParameters" tests="1" failures="0" timestamp="15 Oct 2014 13:08:17 GMT" time="100.596" errors="0">
  <testcase name="AddTaxonomyParameters_TC4420" time="100.596" classname="com.nbcuni.test.publisher.tests.Queues.DynamicQueues.AddTaxonomyParameters"/>
</testsuite> <!-- com.nbcuni.test.publisher.tests.Queues.DynamicQueues.AddTaxonomyParameters -->
