<?xml version="1.0" encoding="UTF-8"?>
<!-- Generated by org.testng.reporters.JUnitReportReporter -->
<testsuite hostname="baclark77-mac1.home" name="com.nbcuni.test.publisher.tests.ContentEntityCreationManagement.ContentTypesEntities.MediaGallery.CreateMediaGallery" tests="1" failures="0" timestamp="6 Jun 2014 15:31:21 GMT" time="144.754" errors="0">
  <testcase name="CreateMediaGallery_TC1042" time="144.754" classname="com.nbcuni.test.publisher.tests.ContentEntityCreationManagement.ContentTypesEntities.MediaGallery.CreateMediaGallery"/>
</testsuite> <!-- com.nbcuni.test.publisher.tests.ContentEntityCreationManagement.ContentTypesEntities.MediaGallery.CreateMediaGallery -->
