<?xml version="1.0" encoding="UTF-8"?>
<!-- Generated by org.testng.reporters.JUnitReportReporter -->
<testsuite hostname="baclark77-mac1.home" name="com.nbcuni.test.publisher.tests.UserCreationAndManagement.UnauthenticatedUsersNotAbleToViewThePublishedContents.UnauthenticatedUsersNotAbleToViewThePublishedContents" tests="1" failures="0" timestamp="30 Jan 2014 04:50:43 GMT" time="156.091" errors="0">
  <testcase name="UnauthenticatedUsersNotAbleToViewThePublishedContents" time="156.091" classname="com.nbcuni.test.publisher.tests.UserCreationAndManagement.UnauthenticatedUsersNotAbleToViewThePublishedContents.UnauthenticatedUsersNotAbleToViewThePublishedContents"/>
</testsuite> <!-- com.nbcuni.test.publisher.tests.UserCreationAndManagement.UnauthenticatedUsersNotAbleToViewThePublishedContents.UnauthenticatedUsersNotAbleToViewThePublishedContents -->
