<?xml version="1.0" encoding="UTF-8"?>
<!-- Generated by org.testng.reporters.JUnitReportReporter -->
<testsuite hostname="baclark77-mac1.home" name="com.nbcuni.test.publisher.tests.Video.Configuration.ConfigurationMultipleMPXAccounts" tests="1" failures="0" timestamp="28 Apr 2014 13:06:26 GMT" time="367.574" errors="0">
  <testcase name="ConfigurationMultipleMPXAccounts_TC1073" time="367.574" classname="com.nbcuni.test.publisher.tests.Video.Configuration.ConfigurationMultipleMPXAccounts"/>
</testsuite> <!-- com.nbcuni.test.publisher.tests.Video.Configuration.ConfigurationMultipleMPXAccounts -->
