<?xml version="1.0" encoding="UTF-8"?>
<!-- Generated by org.testng.reporters.JUnitReportReporter -->
<testsuite hostname="baclark77-mac1.home" name="com.nbcuni.test.publisher.tests.ContentEntityCreationManagement.Images.AddApplyEmbeddedMetadataButton.AddApplyEmbeddedMetadataButtonAllImageForms" tests="1" failures="0" timestamp="20 May 2014 15:25:59 GMT" time="52.385" errors="0">
  <testcase name="AddApplyEmbeddedMetadataButtonAllImageForms_Test" time="52.385" classname="com.nbcuni.test.publisher.tests.ContentEntityCreationManagement.Images.AddApplyEmbeddedMetadataButton.AddApplyEmbeddedMetadataButtonAllImageForms"/>
</testsuite> <!-- com.nbcuni.test.publisher.tests.ContentEntityCreationManagement.Images.AddApplyEmbeddedMetadataButton.AddApplyEmbeddedMetadataButtonAllImageForms -->
