<?xml version="1.0" encoding="UTF-8"?>
<!-- Generated by org.testng.reporters.JUnitReportReporter -->
<testsuite hostname="baclark77-mac1.home" name="com.nbcuni.test.publisher.tests.Video.ScheduleMPXVideos.Configuration" tests="1" failures="0" timestamp="9 Apr 2014 11:27:48 GMT" time="14.073" errors="0">
  <testcase name="Configuration_Test" time="14.073" classname="com.nbcuni.test.publisher.tests.Video.ScheduleMPXVideos.Configuration"/>
</testsuite> <!-- com.nbcuni.test.publisher.tests.Video.ScheduleMPXVideos.Configuration -->
