<?xml version="1.0" encoding="UTF-8"?>
<!-- Generated by org.testng.reporters.JUnitReportReporter -->
<testsuite hostname="baclark77-mac1.home" name="com.nbcuni.test.publisher.tests.Advertising.GooglePublisherTagsGPT.GPTConfiguration" tests="1" failures="0" timestamp="30 Jan 2014 04:50:43 GMT" time="511.899" errors="0">
  <testcase name="GPTConfiguration" time="511.899" classname="com.nbcuni.test.publisher.tests.Advertising.GooglePublisherTagsGPT.GPTConfiguration"/>
</testsuite> <!-- com.nbcuni.test.publisher.tests.Advertising.GooglePublisherTagsGPT.GPTConfiguration -->
