<?xml version="1.0" encoding="UTF-8"?>
<!-- Generated by org.testng.reporters.JUnitReportReporter -->
<testsuite hostname="baclark77-mac1.home" name="com.nbcuni.test.publisher.tests.Video.DeIngestingMPXAccountsAndCorrespondingAssets.MPXAccountDeletion" tests="1" failures="0" timestamp="20 May 2014 16:39:39 GMT" time="198.151" errors="0">
  <testcase name="MPXAccountDeletion_TC1884" time="198.151" classname="com.nbcuni.test.publisher.tests.Video.DeIngestingMPXAccountsAndCorrespondingAssets.MPXAccountDeletion"/>
</testsuite> <!-- com.nbcuni.test.publisher.tests.Video.DeIngestingMPXAccountsAndCorrespondingAssets.MPXAccountDeletion -->
