<?xml version="1.0" encoding="UTF-8"?>
<!-- Generated by org.testng.reporters.JUnitReportReporter -->
<testsuite hostname="baclark77-mac1.home" name="com.nbcuni.test.publisher.tests.Queues.CreateUpdateRevisionsToQueues.BasicUIForCreatingAndRevisingQueues" tests="1" failures="0" timestamp="30 Mar 2014 15:48:36 GMT" time="33.556" errors="0">
  <testcase name="BasicUIForCreatingAndRevisingQueues_Test" time="33.556" classname="com.nbcuni.test.publisher.tests.Queues.CreateUpdateRevisionsToQueues.BasicUIForCreatingAndRevisingQueues"/>
</testsuite> <!-- com.nbcuni.test.publisher.tests.Queues.CreateUpdateRevisionsToQueues.BasicUIForCreatingAndRevisingQueues -->
