<?xml version="1.0" encoding="UTF-8"?>
<!-- Generated by org.testng.reporters.JUnitReportReporter -->
<testsuite hostname="BACLARK77-MAC1.local" name="com.nbcuni.test.publisher.tests.Setup.TestSetup" tests="1" failures="0" timestamp="6 Mar 2014 14:41:35 GMT" time="33.599" errors="0">
  <testcase name="TestSetup_Test" time="33.599" classname="com.nbcuni.test.publisher.tests.Setup.TestSetup"/>
</testsuite> <!-- com.nbcuni.test.publisher.tests.Setup.TestSetup -->
