<?xml version="1.0" encoding="UTF-8"?>
<!-- Generated by org.testng.reporters.JUnitReportReporter -->
<testsuite hostname="BACLARK77-MAC1.local" name="com.nbcuni.test.publisher.tests.ContentEntityCreationManagement.Images.EXIF.PopulateEXIFBulkUpload" tests="1" failures="0" timestamp="2 Oct 2014 17:15:36 GMT" time="427.002" errors="0">
  <testcase name="PopulateEXIFBulkUpload_TC3192" time="427.002" classname="com.nbcuni.test.publisher.tests.ContentEntityCreationManagement.Images.EXIF.PopulateEXIFBulkUpload"/>
</testsuite> <!-- com.nbcuni.test.publisher.tests.ContentEntityCreationManagement.Images.EXIF.PopulateEXIFBulkUpload -->
