<?xml version="1.0" encoding="UTF-8"?>
<!-- Generated by org.testng.reporters.JUnitReportReporter -->
<testsuite hostname="baclark77-mac1.home" name="com.nbcuni.test.publisher.tests.ContentEntityCreationManagement.ContentandEntityManagement.StickyEditActions.StickyButtons" tests="1" failures="0" timestamp="31 Mar 2014 01:23:01 GMT" time="63.151" errors="0">
  <testcase name="StickyButtons_Test" time="63.151" classname="com.nbcuni.test.publisher.tests.ContentEntityCreationManagement.ContentandEntityManagement.StickyEditActions.StickyButtons"/>
</testsuite> <!-- com.nbcuni.test.publisher.tests.ContentEntityCreationManagement.ContentandEntityManagement.StickyEditActions.StickyButtons -->
