<?xml version="1.0" encoding="UTF-8"?>
<!-- Generated by org.testng.reporters.JUnitReportReporter -->
<testsuite hostname="BACLARK77-MAC1.local" name="com.nbcuni.test.publisher.tests.ContentEntityCreationManagement.ContentandEntityManagement.URLAlias.AutomaticAlias" tests="1" failures="0" timestamp="15 Aug 2014 14:36:23 GMT" time="57.314" errors="0">
  <testcase name="AutomaticAlias_TC3303" time="57.314" classname="com.nbcuni.test.publisher.tests.ContentEntityCreationManagement.ContentandEntityManagement.URLAlias.AutomaticAlias"/>
</testsuite> <!-- com.nbcuni.test.publisher.tests.ContentEntityCreationManagement.ContentandEntityManagement.URLAlias.AutomaticAlias -->
