<?xml version="1.0" encoding="UTF-8"?>
<!-- Generated by org.testng.reporters.JUnitReportReporter -->
<testsuite hostname="baclark77-mac1.home" name="com.nbcuni.test.publisher.tests.ContentEntityCreationManagement.ContentandEntityRelationships.AddAbilityRelateShowSeasonEpisodeSpecifiableContentTypes" tests="1" failures="0" timestamp="20 Mar 2014 23:06:27 GMT" time="97.406" errors="0">
  <testcase name="AddAbilityRelateShowSeasonEpisodeSpecifiableContentTypes_Test" time="97.406" classname="com.nbcuni.test.publisher.tests.ContentEntityCreationManagement.ContentandEntityRelationships.AddAbilityRelateShowSeasonEpisodeSpecifiableContentTypes"/>
</testsuite> <!-- com.nbcuni.test.publisher.tests.ContentEntityCreationManagement.ContentandEntityRelationships.AddAbilityRelateShowSeasonEpisodeSpecifiableContentTypes -->
