<?xml version="1.0" encoding="UTF-8"?>
<!-- Generated by org.testng.reporters.JUnitReportReporter -->
<testsuite hostname="BACLARK77-MAC1.local" name="com.nbcuni.test.publisher.tests.ContentEntityCreationManagement.ContentAndEntityPreview.PreviewContentItemsIntheFuturefromContentandWorkbenchViews" tests="1" failures="0" timestamp="2 Oct 2014 17:15:36 GMT" time="111.875" errors="0">
  <testcase name="PreviewContentItemsIntheFuturefromContentandWorkbenchViews_Test" time="111.875" classname="com.nbcuni.test.publisher.tests.ContentEntityCreationManagement.ContentAndEntityPreview.PreviewContentItemsIntheFuturefromContentandWorkbenchViews"/>
</testsuite> <!-- com.nbcuni.test.publisher.tests.ContentEntityCreationManagement.ContentAndEntityPreview.PreviewContentItemsIntheFuturefromContentandWorkbenchViews -->
