<?xml version="1.0" encoding="UTF-8"?>
<!-- Generated by org.testng.reporters.JUnitReportReporter -->
<testsuite hostname="baclark77-mac1.home" name="com.nbcuni.test.publisher.tests.Video.MPXConfigurationP7.MultipleMPXAccountsPerLoginVerification.MultipleMPXAccountsPerLoginVerification" tests="1" failures="0" timestamp="6 Jan 2014 13:14:55 GMT" time="18.055" errors="0">
  <testcase name="MultipleMPXAccountsPerLoginVerification" time="18.055" classname="com.nbcuni.test.publisher.tests.Video.MPXConfigurationP7.MultipleMPXAccountsPerLoginVerification.MultipleMPXAccountsPerLoginVerification"/>
</testsuite> <!-- com.nbcuni.test.publisher.tests.Video.MPXConfigurationP7.MultipleMPXAccountsPerLoginVerification.MultipleMPXAccountsPerLoginVerification -->
