<?xml version="1.0" encoding="UTF-8"?>
<!-- Generated by org.testng.reporters.JUnitReportReporter -->
<testsuite hostname="baclark77-mac1.home" name="com.nbcuni.test.publisher.tests.Video.NonFunctionalEnhanceMPXPlayerContentAdminScreen.EnhanceMPXLibraryPublicID" tests="1" failures="0" timestamp="27 Apr 2014 13:10:37 GMT" time="19.869" errors="0">
  <testcase name="EnhanceMPXPlayerContentAdminScreen_TC2476" time="19.869" classname="com.nbcuni.test.publisher.tests.Video.NonFunctionalEnhanceMPXPlayerContentAdminScreen.EnhanceMPXLibraryPublicID"/>
</testsuite> <!-- com.nbcuni.test.publisher.tests.Video.NonFunctionalEnhanceMPXPlayerContentAdminScreen.EnhanceMPXLibraryPublicID -->
