<?xml version="1.0" encoding="UTF-8"?>
<!-- Generated by org.testng.reporters.JUnitReportReporter -->
<testsuite hostname="baclark77-mac1.home" name="com.nbcuni.test.publisher.tests.Security.FileViewDeniedToUnauthenticatedUsers" tests="1" failures="0" timestamp="6 Feb 2014 00:00:42 GMT" time="7.783" errors="0">
  <testcase name="FileViewDeniedToUnauthenticatedUsers_Test" time="7.783" classname="com.nbcuni.test.publisher.tests.Security.FileViewDeniedToUnauthenticatedUsers"/>
</testsuite> <!-- com.nbcuni.test.publisher.tests.Security.FileViewDeniedToUnauthenticatedUsers -->
