<?xml version="1.0" encoding="UTF-8"?>
<!-- Generated by org.testng.reporters.JUnitReportReporter -->
<testsuite hostname="baclark77-mac1.home" name="com.nbcuni.test.publisher.tests.Advertising.GooglePublisherTagsGPT.GPTTagsVerification" tests="1" failures="0" timestamp="29 Dec 2013 18:07:02 GMT" time="29.979" errors="1">
  <testcase name="GPTTagsVerification" time="29.979" classname="com.nbcuni.test.publisher.tests.Advertising.GooglePublisherTagsGPT.GPTTagsVerification">
    <error type="java.lang.AssertionError" message="verifyTextContainsExpectedText - Failed:  Actual: &lt;!DOCTYPE html&gt;&lt;html lang=&quot;en&quot; dir=&quot;ltr&quot; xmlns:og=&quot;http://ogp.me/ns#&quot; class=&quot;js&quot;&gt;&lt;head&gt;
  &lt;meta charset=&quot;utf-8&quot;&gt;
&lt;meta name=&quot;twitter:card&quot; content=&quot;summary&quot;&gt;
&lt;meta name=&quot;twitter:title&quot; content=&quot;Site-Install&quot;&gt;
&lt;meta name=&quot;twitter:url&quot; content=&quot;http://qa5dev.publisher.nbcuni.com/node&quot;&gt;
&lt;script type=&quot;text/javascript&quot;&gt;var NREUMQ=NREUMQ||[];NREUMQ.push([&quot;mark&quot;,&quot;firstbyte&quot;,new Date().getTime()]);&lt;/script&gt;
&lt;meta property=&quot;og:site_name&quot; content=&quot;Site-Install&quot;&gt;
&lt;meta property=&quot;og:url&quot; content=&quot;http://qa5dev.publisher.nbcuni.com/&quot;&gt;
&lt;link rel=&quot;canonical&quot; href=&quot;http://qa5dev.publisher.nbcuni.com/&quot;&gt;
&lt;link rel=&quot;shortlink&quot; href=&quot;http://qa5dev.publisher.nbcuni.com/&quot;&gt;
&lt;meta property=&quot;og:type&quot; content=&quot;website&quot;&gt;
&lt;meta property=&quot;og:title&quot; content=&quot;Site-Install&quot;&gt;
&lt;meta name=&quot;generator&quot; content=&quot;Drupal 7 (http://drupal.org)&quot;&gt;
  &lt;title&gt;Site-Install&lt;/title&gt;
  &lt;style media=&quot;all&quot;&gt;@import url(&quot;http://qa5dev.publisher.nbcuni.com/modules/system/system.base.css?mykxn2&quot;);
@import url(&quot;http://qa5dev.publisher.nbcuni.com/modules/system/system.menus.css?mykxn2&quot;);
@import url(&quot;http://qa5dev.publisher.nbcuni.com/modules/system/system.messages.css?mykxn2&quot;);
@import url(&quot;http://qa5dev.publisher.nbcuni.com/modules/system/system.theme.css?mykxn2&quot;);&lt;/style&gt;
&lt;style media=&quot;all&quot;&gt;@import url(&quot;http://qa5dev.publisher.nbcuni.com/misc/ui/jquery.ui.core.css?mykxn2&quot;);
@import url(&quot;http://qa5dev.publisher.nbcuni.com/misc/ui/jquery.ui.theme.css?mykxn2&quot;);
@import url(&quot;http://qa5dev.publisher.nbcuni.com/modules/overlay/overlay-parent.css?mykxn2&quot;);
@import url(&quot;http://qa5dev.publisher.nbcuni.com/modules/contextual/contextual.css?mykxn2&quot;);&lt;/style&gt;
&lt;style media=&quot;all&quot;&gt;@import url(&quot;http://qa5dev.publisher.nbcuni.com/profiles/all/modules/contrib/media_theplatform_mpx/css/media_theplatform_mpx.css?mykxn2&quot;);
@import url(&quot;http://qa5dev.publisher.nbcuni.com/profiles/all/modules/contrib/date/date_api/date.css?mykxn2&quot;);
@import url(&quot;http://qa5dev.publisher.nbcuni.com/profiles/all/modules/contrib/date/date_popup/themes/datepicker.1.7.css?mykxn2&quot;);
@import url(&quot;http://qa5dev.publisher.nbcuni.com/profiles/all/modules/contrib/entityreference_live_preview/entityreference_live_preview.css?mykxn2&quot;);
@import url(&quot;http://qa5dev.publisher.nbcuni.com/profiles/all/modules/contrib/environment_indicator/environment_indicator.css?mykxn2&quot;);
@import url(&quot;http://qa5dev.publisher.nbcuni.com/profiles/all/modules/contrib/fences/field.css?mykxn2&quot;);
@import url(&quot;http://qa5dev.publisher.nbcuni.com/profiles/all/modules/contrib/iib/css/iib.css?mykxn2&quot;);
@import url(&quot;http://qa5dev.publisher.nbcuni.com/modules/node/node.css?mykxn2&quot;);
@import url(&quot;http://qa5dev.publisher.nbcuni.com/modules/user/user.css?mykxn2&quot;);
@import url(&quot;http://qa5dev.publisher.nbcuni.com/profiles/all/modules/custom/pub_social/pub_social.css?mykxn2&quot;);
@import url(&quot;http://qa5dev.publisher.nbcuni.com/profiles/all/modules/contrib/views/css/views.css?mykxn2&quot;);
@import url(&quot;http://qa5dev.publisher.nbcuni.com/profiles/all/modules/contrib/admin_menu/admin_menu.css?mykxn2&quot;);
@import url(&quot;http://qa5dev.publisher.nbcuni.com/profiles/all/modules/contrib/admin_menu/admin_menu.uid1.css?mykxn2&quot;);&lt;/style&gt;
&lt;style media=&quot;all&quot;&gt;@import url(&quot;http://qa5dev.publisher.nbcuni.com/profiles/all/modules/contrib/ctools/css/ctools.css?mykxn2&quot;);
@import url(&quot;http://qa5dev.publisher.nbcuni.com/profiles/all/modules/contrib/adminimal_admin_menu/adminimal_admin_menu.css?mykxn2&quot;);
@import url(&quot;http://qa5dev.publisher.nbcuni.com/profiles/all/modules/contrib/sps/css/sps.css?mykxn2&quot;);
@import url(&quot;http://qa5dev.publisher.nbcuni.com/profiles/all/modules/custom/pub_sps/pub_sps.css?mykxn2&quot;);&lt;/style&gt;
&lt;style media=&quot;all&quot;&gt;@import url(&quot;http://qa5dev.publisher.nbcuni.com/themes/bartik/css/layout.css?mykxn2&quot;);
@import url(&quot;http://qa5dev.publisher.nbcuni.com/themes/bartik/css/style.css?mykxn2&quot;);
@import url(&quot;http://qa5dev.publisher.nbcuni.com/themes/bartik/css/colors.css?mykxn2&quot;);&lt;/style&gt;
&lt;style media=&quot;print&quot;&gt;@import url(&quot;http://qa5dev.publisher.nbcuni.com/themes/bartik/css/print.css?mykxn2&quot;);&lt;/style&gt;

&lt;!--[if lte IE 7]&gt;
&lt;link rel=&quot;stylesheet&quot; href=&quot;http://qa5dev.publisher.nbcuni.com/themes/bartik/css/ie.css?mykxn2&quot; media=&quot;all&quot; /&gt;
&lt;![endif]--&gt;

&lt;!--[if IE 6]&gt;
&lt;link rel=&quot;stylesheet&quot; href=&quot;http://qa5dev.publisher.nbcuni.com/themes/bartik/css/ie6.css?mykxn2&quot; media=&quot;all&quot; /&gt;
&lt;![endif]--&gt;
  &lt;script src=&quot;http://qa5dev.publisher.nbcuni.com/misc/jquery.js?v=1.4.4&quot;&gt;&lt;/script&gt;
&lt;script src=&quot;http://qa5dev.publisher.nbcuni.com/misc/jquery.once.js?v=1.2&quot;&gt;&lt;/script&gt;
&lt;script&gt;
var googletag = googletag || {};
googletag.cmd = googletag.cmd || [];
googletag.slots = googletag.slots || {};
&lt;/script&gt;
&lt;script src=&quot;http://www.googletagservices.com/tag/js/gpt.js&quot;&gt;&lt;/script&gt;
&lt;script src=&quot;http://qa5dev.publisher.nbcuni.com/misc/drupal.js?mykxn2&quot;&gt;&lt;/script&gt;
&lt;script src=&quot;//www.nbcudigitaladops.com/hosted/global_header.js&quot;&gt;&lt;/script&gt;&lt;script src=&quot;//www.nbcudigitaladops.com/hosted/site.js?h=qa5dev_publisher_nbcuni_com_header&quot;&gt;&lt;/script&gt;&lt;script&gt;window.Krux||((Krux=function(){Krux.q.push(arguments);}).q=[]);(function(){function retrieve(n){var m, k=&#039;kx&#039;+n;if (window.localStorage) {return window.localStorage[k] || &quot;&quot;;} else if (navigator.cookieEnabled) {m = document.cookie.match(k+&#039;=([^;]*)&#039;);return (m &amp;&amp; unescape(m[1])) || &quot;&quot;;} else {return &#039;&#039;;}}var kvs = [];Krux.user = retrieve(&#039;user&#039;);if (Krux.user) {kvs.push(&#039;u=&#039; + Krux.user);}Krux.segments = retrieve(&#039;segs&#039;) &amp;&amp; retrieve(&#039;segs&#039;).split(&#039;,&#039;) ||[];for (var i = 0; i &lt; Krux.segments.length; i++ ) {kvs.push(&#039;ksg=&#039; + Krux.segments[i]);}Krux.dartKeyValues = kvs.length ? kvs.join(&#039;;&#039;) + &#039;;&#039;: &#039;&#039;;})();&lt;/script&gt;&lt;script&gt;(function(){var kvs = window.Krux ? window.Krux.dartKeyValues : &#039;&#039;;if(top.__nbcudigitaladops_inject &amp;&amp; top.__nbcudigitaladops_inject.dtprm){top.__nbcudigitaladops_inject.dtprm(kvs);}})();&lt;/script&gt;&lt;script&gt;&lt;/script&gt;
&lt;script src=&quot;http://qa5dev.publisher.nbcuni.com/misc/ui/jquery.ui.core.min.js?v=1.8.7&quot;&gt;&lt;/script&gt;
&lt;script src=&quot;http://qa5dev.publisher.nbcuni.com/misc/jquery.ba-bbq.js?v=1.2.1&quot;&gt;&lt;/script&gt;
&lt;script src=&quot;http://qa5dev.publisher.nbcuni.com/modules/overlay/overlay-parent.js?v=1.0&quot;&gt;&lt;/script&gt;
&lt;script&gt;
googletag.slots.aaaaatestgpt = googletag.defineSlot(&quot;nbcu/Test_AdUnit_Pattern&quot;, [300, 250], &quot;dfp-ad-aaaaatestgpt&quot;)
  .addService(googletag.pubads());
&lt;/script&gt;
&lt;script src=&quot;http://qa5dev.publisher.nbcuni.com/modules/contextual/contextual.js?v=1.0&quot;&gt;&lt;/script&gt;
&lt;script src=&quot;http://qa5dev.publisher.nbcuni.com/misc/jquery.cookie.js?v=1.0&quot;&gt;&lt;/script&gt;
&lt;script src=&quot;http://qa5dev.publisher.nbcuni.com/misc/jquery.form.js?v=2.52&quot;&gt;&lt;/script&gt;
&lt;script src=&quot;http://qa5dev.publisher.nbcuni.com/misc/form.js?v=7.24&quot;&gt;&lt;/script&gt;
&lt;script src=&quot;http://qa5dev.publisher.nbcuni.com/misc/ajax.js?v=7.24&quot;&gt;&lt;/script&gt;
&lt;script&gt;
if (top.__nbcudigitaladops_inject &amp;&amp; top.__nbcudigitaladops_inject.getGPT) {
      var _GPT_params = top.__nbcudigitaladops_inject.getGPT();
      for ( var _key in _GPT_params ){
        if( _GPT_params.hasOwnProperty(_key) ){
            googletag.pubads().setTargeting( _key, _GPT_params[_key] );
        }
      }
    }
&lt;/script&gt;
&lt;script src=&quot;http://qa5dev.publisher.nbcuni.com/profiles/all/modules/contrib/fb/fb.js?mykxn2&quot;&gt;&lt;/script&gt;
&lt;script src=&quot;http://qa5dev.publisher.nbcuni.com/profiles/all/modules/contrib/environment_indicator/tinycon.min.js?mykxn2&quot;&gt;&lt;/script&gt;
&lt;script src=&quot;http://qa5dev.publisher.nbcuni.com/profiles/all/modules/contrib/environment_indicator/environment_indicator.js?mykxn2&quot;&gt;&lt;/script&gt;
&lt;script src=&quot;http://qa5dev.publisher.nbcuni.com/profiles/all/modules/contrib/environment_indicator/color.js?mykxn2&quot;&gt;&lt;/script&gt;
&lt;script src=&quot;http://qa5dev.publisher.nbcuni.com/profiles/all/modules/contrib/admin_menu/admin_menu.js?mykxn2&quot;&gt;&lt;/script&gt;
&lt;script&gt;
googletag.cmd.push(function() {
  googletag.pubads().enableAsyncRendering();
  googletag.pubads().enableSingleRequest();
  googletag.pubads().collapseEmptyDivs();
});
googletag.enableServices();
&lt;/script&gt;&lt;script async=&quot;&quot; type=&quot;text/javascript&quot; src=&quot;http://partner.googleadservices.com/gpt/pubads_impl_32.js&quot;&gt;&lt;/script&gt;
&lt;script src=&quot;http://qa5dev.publisher.nbcuni.com/profiles/all/modules/contrib/fb/fb_stream.js?mykxn2&quot;&gt;&lt;/script&gt;
&lt;script src=&quot;http://qa5dev.publisher.nbcuni.com/profiles/all/modules/contrib/adminimal_admin_menu/adminimal_admin_menu.js?mykxn2&quot;&gt;&lt;/script&gt;
&lt;script src=&quot;http://qa5dev.publisher.nbcuni.com/misc/progress.js?v=7.24&quot;&gt;&lt;/script&gt;
&lt;script src=&quot;http://qa5dev.publisher.nbcuni.com/profiles/all/modules/custom/pub_sps/pub_sps.js?mykxn2&quot;&gt;&lt;/script&gt;
&lt;script&gt;
jQuery.extend(Drupal.settings, {&quot;basePath&quot;:&quot;\/&quot;,&quot;pathPrefix&quot;:&quot;&quot;,&quot;ajaxPageState&quot;:{&quot;theme&quot;:&quot;bartik&quot;,&quot;theme_token&quot;:&quot;dI6sv375aETClpEzhp4P9CBdIGv5Vruagt4PuKagZtc&quot;,&quot;js&quot;:{&quot;\/\/www.nbcudigitaladops.com\/hosted\/global.js&quot;:1,&quot;misc\/jquery.js&quot;:1,&quot;misc\/jquery.once.js&quot;:1,&quot;0&quot;:1,&quot;http:\/\/www.googletagservices.com\/tag\/js\/gpt.js&quot;:1,&quot;misc\/drupal.js&quot;:1,&quot;\/\/www.nbcudigitaladops.com\/hosted\/global_header.js&quot;:1,&quot;misc\/ui\/jquery.ui.core.min.js&quot;:1,&quot;misc\/jquery.ba-bbq.js&quot;:1,&quot;modules\/overlay\/overlay-parent.js&quot;:1,&quot;1&quot;:1,&quot;modules\/contextual\/contextual.js&quot;:1,&quot;misc\/jquery.cookie.js&quot;:1,&quot;misc\/jquery.form.js&quot;:1,&quot;misc\/form.js&quot;:1,&quot;misc\/ajax.js&quot;:1,&quot;2&quot;:1,&quot;profiles\/all\/modules\/contrib\/fb\/fb.js&quot;:1,&quot;profiles\/all\/modules\/contrib\/environment_indicator\/tinycon.min.js&quot;:1,&quot;profiles\/all\/modules\/contrib\/environment_indicator\/environment_indicator.js&quot;:1,&quot;profiles\/all\/modules\/contrib\/environment_indicator\/color.js&quot;:1,&quot;profiles\/all\/modules\/contrib\/admin_menu\/admin_menu.js&quot;:1,&quot;3&quot;:1,&quot;profiles\/all\/modules\/contrib\/fb\/fb_stream.js&quot;:1,&quot;profiles\/all\/modules\/contrib\/adminimal_admin_menu\/adminimal_admin_menu.js&quot;:1,&quot;misc\/progress.js&quot;:1,&quot;profiles\/all\/modules\/custom\/pub_sps\/pub_sps.js&quot;:1},&quot;css&quot;:{&quot;modules\/system\/system.base.css&quot;:1,&quot;modules\/system\/system.menus.css&quot;:1,&quot;modules\/system\/system.messages.css&quot;:1,&quot;modules\/system\/system.theme.css&quot;:1,&quot;misc\/ui\/jquery.ui.core.css&quot;:1,&quot;misc\/ui\/jquery.ui.theme.css&quot;:1,&quot;modules\/overlay\/overlay-parent.css&quot;:1,&quot;modules\/contextual\/contextual.css&quot;:1,&quot;profiles\/all\/modules\/contrib\/media_theplatform_mpx\/css\/media_theplatform_mpx.css&quot;:1,&quot;profiles\/all\/modules\/contrib\/date\/date_api\/date.css&quot;:1,&quot;profiles\/all\/modules\/contrib\/date\/date_popup\/themes\/datepicker.1.7.css&quot;:1,&quot;profiles\/all\/modules\/contrib\/entityreference_live_preview\/entityreference_live_preview.css&quot;:1,&quot;profiles\/all\/modules\/contrib\/environment_indicator\/environment_indicator.css&quot;:1,&quot;modules\/field\/theme\/field.css&quot;:1,&quot;profiles\/all\/modules\/contrib\/iib\/css\/iib.css&quot;:1,&quot;modules\/node\/node.css&quot;:1,&quot;modules\/user\/user.css&quot;:1,&quot;profiles\/all\/modules\/custom\/pub_social\/pub_social.css&quot;:1,&quot;profiles\/all\/modules\/contrib\/views\/css\/views.css&quot;:1,&quot;profiles\/all\/modules\/contrib\/admin_menu\/admin_menu.css&quot;:1,&quot;profiles\/all\/modules\/contrib\/admin_menu\/admin_menu.uid1.css&quot;:1,&quot;profiles\/all\/modules\/contrib\/ctools\/css\/ctools.css&quot;:1,&quot;profiles\/all\/modules\/contrib\/adminimal_admin_menu\/adminimal_admin_menu.css&quot;:1,&quot;profiles\/all\/modules\/contrib\/sps\/css\/sps.css&quot;:1,&quot;profiles\/all\/modules\/custom\/pub_sps\/pub_sps.css&quot;:1,&quot;themes\/bartik\/css\/layout.css&quot;:1,&quot;themes\/bartik\/css\/style.css&quot;:1,&quot;themes\/bartik\/css\/colors.css&quot;:1,&quot;themes\/bartik\/css\/print.css&quot;:1,&quot;themes\/bartik\/css\/ie.css&quot;:1,&quot;themes\/bartik\/css\/ie6.css&quot;:1}},&quot;overlay&quot;:{&quot;paths&quot;:{&quot;admin&quot;:&quot;node\/*\/clone\/*\nfield-collection\/*\/*\/edit\nfield-collection\/*\/*\/delete\nfield-collection\/*\/add\/*\/*\nfile\/add\nfile\/add\/*\nfile\/*\/edit\nfile\/*\/usage\nfile\/*\/delete\nfile\/*\/schedule\nfile\/*\/schedule\/add\nfocal_point\/test-drive\nmedia\/*\/edit\/*\nmedia\/browser\nmedia\/browser\/*\nnode\/*\/edit\nnode\/*\/delete\nnode\/*\/revisions\nnode\/*\/revisions\/*\/revert\nnode\/*\/revisions\/*\/delete\nnode\/add\nnode\/add\/*\noverlay\/dismiss-message\nnode\/*\/revisions\/schedule\nnode\/*\/revisions\/schedule\/add\nnode\/*\/moderation\/schedule\nnode\/*\/moderation\/schedule\/add\nrevision-scheduler\/*\nuser\/*\/shortcuts\nnode\/*\/workflow\nnode\/*\/revisions\/*\/edit\nnode\/*\/revisions\/*\/workflow\nnode\/*\/revisions\/*\/workflow\/*\nnode\/*\/state-flow-history\nnode\/*\/revisions-state-flow-states\nadmin\nadmin\/*\nbatch\ntaxonomy\/term\/*\/edit\nuser\/*\/cancel\nuser\/*\/edit\nuser\/*\/edit\/*\nnode\/*\/share\nnode\/*\/share\/*\nnode\/*\/revisions\/view\/*\/*&quot;,&quot;non_admin&quot;:&quot;admin\/structure\/block\/demo\/*\nadmin\/reports\/status\/php&quot;},&quot;pathPrefixes&quot;:[],&quot;ajaxCallback&quot;:&quot;overlay-ajax&quot;},&quot;environment_indicator&quot;:{&quot;addFavicon&quot;:true,&quot;faviconLabel&quot;:&quot;D&quot;,&quot;faviconColor&quot;:&quot;#0000CC&quot;,&quot;faviconTextColor&quot;:&quot;#ffffff&quot;,&quot;toolbar-color&quot;:&quot;#0000CC&quot;,&quot;toolbar-text-color&quot;:&quot;#ffffff&quot;,&quot;environment-indicator-name&quot;:&quot;\u003Cdiv class=\u0022environment-indicator-name\u0022\u003EDEV SERVER\u003C\/div\u003E&quot;},&quot;ajax&quot;:{&quot;edit-active-condition-container-active-condition-selector&quot;:{&quot;callback&quot;:&quot;sps_wrapper_condition_ajax_callback&quot;,&quot;wrapper&quot;:&quot;active-condition-container-wrapper&quot;,&quot;method&quot;:&quot;replaceWith&quot;,&quot;effect&quot;:&quot;fade&quot;,&quot;event&quot;:&quot;change&quot;,&quot;url&quot;:&quot;\/system\/ajax&quot;,&quot;submit&quot;:{&quot;_triggering_element_name&quot;:&quot;active-condition-container[active-condition-selector]&quot;}}},&quot;tableHeaderOffset&quot;:&quot;Drupal.admin.height&quot;,&quot;admin_menu&quot;:{&quot;destination&quot;:&quot;destination=node&quot;,&quot;hash&quot;:&quot;8a0c6bf13fe37afaff85b6c912a0367b&quot;,&quot;basePath&quot;:&quot;\/admin_menu&quot;,&quot;margin_top&quot;:1,&quot;position_fixed&quot;:1}});
&lt;/script&gt;
&lt;style type=&quot;text/css&quot;&gt;.fb_hidden{position:absolute;top:-10000px;z-index:10001}
.fb_invisible{display:none}
.fb_reset{background:none;border:0;border-spacing:0;color:#000;cursor:auto;direction:ltr;font-family:&quot;lucida grande&quot;, tahoma, verdana, arial, sans-serif;font-size:11px;font-style:normal;font-variant:normal;font-weight:normal;letter-spacing:normal;line-height:1;margin:0;overflow:visible;padding:0;text-align:left;text-decoration:none;text-indent:0;text-shadow:none;text-transform:none;visibility:visible;white-space:normal;word-spacing:normal}
.fb_reset &gt; div{overflow:hidden}
.fb_link img{border:none}
.fb_dialog{background:rgba(82, 82, 82, .7);position:absolute;top:-10000px;z-index:10001}
.fb_dialog_advanced{padding:10px;-moz-border-radius:8px;-webkit-border-radius:8px;border-radius:8px}
.fb_dialog_content{background:#fff;color:#333}
.fb_dialog_close_icon{background:url(http://static.ak.fbcdn.net/rsrc.php/v2/yq/r/IE9JII6Z1Ys.png) no-repeat scroll 0 0 transparent;_background-image:url(http://static.ak.fbcdn.net/rsrc.php/v2/yL/r/s816eWC-2sl.gif);cursor:pointer;display:block;height:15px;position:absolute;right:18px;top:17px;width:15px;top:8px\9;right:7px\9}
.fb_dialog_mobile .fb_dialog_close_icon{top:5px;left:5px;right:auto}
.fb_dialog_padding{background-color:transparent;position:absolute;width:1px;z-index:-1}
.fb_dialog_close_icon:hover{background:url(http://static.ak.fbcdn.net/rsrc.php/v2/yq/r/IE9JII6Z1Ys.png) no-repeat scroll 0 -15px transparent;_background-image:url(http://static.ak.fbcdn.net/rsrc.php/v2/yL/r/s816eWC-2sl.gif)}
.fb_dialog_close_icon:active{background:url(http://static.ak.fbcdn.net/rsrc.php/v2/yq/r/IE9JII6Z1Ys.png) no-repeat scroll 0 -30px transparent;_background-image:url(http://static.ak.fbcdn.net/rsrc.php/v2/yL/r/s816eWC-2sl.gif)}
.fb_dialog_loader{background-color:#f2f2f2;border:1px solid #606060;font-size:24px;padding:20px}
.fb_dialog_top_left,
.fb_dialog_top_right,
.fb_dialog_bottom_left,
.fb_dialog_bottom_right{height:10px;width:10px;overflow:hidden;position:absolute}
.fb_dialog_top_left{background:url(http://static.ak.fbcdn.net/rsrc.php/v2/ye/r/8YeTNIlTZjm.png) no-repeat 0 0;left:-10px;top:-10px}
.fb_dialog_top_right{background:url(http://static.ak.fbcdn.net/rsrc.php/v2/ye/r/8YeTNIlTZjm.png) no-repeat 0 -10px;right:-10px;top:-10px}
.fb_dialog_bottom_left{background:url(http://static.ak.fbcdn.net/rsrc.php/v2/ye/r/8YeTNIlTZjm.png) no-repeat 0 -20px;bottom:-10px;left:-10px}
.fb_dialog_bottom_right{background:url(http://static.ak.fbcdn.net/rsrc.php/v2/ye/r/8YeTNIlTZjm.png) no-repeat 0 -30px;right:-10px;bottom:-10px}
.fb_dialog_vert_left,
.fb_dialog_vert_right,
.fb_dialog_horiz_top,
.fb_dialog_horiz_bottom{position:absolute;background:#525252;filter:alpha(opacity=70);opacity:.7}
.fb_dialog_vert_left,
.fb_dialog_vert_right{width:10px;height:100%}
.fb_dialog_vert_left{margin-left:-10px}
.fb_dialog_vert_right{right:0;margin-right:-10px}
.fb_dialog_horiz_top,
.fb_dialog_horiz_bottom{width:100%;height:10px}
.fb_dialog_horiz_top{margin-top:-10px}
.fb_dialog_horiz_bottom{bottom:0;margin-bottom:-10px}
.fb_dialog_iframe{line-height:0}
.fb_dialog_content .dialog_title{background:#6d84b4;border:1px solid #3b5998;color:#fff;font-size:14px;font-weight:bold;margin:0}
.fb_dialog_content .dialog_title &gt; span{background:url(http://static.ak.fbcdn.net/rsrc.php/v2/yd/r/Cou7n-nqK52.gif)
no-repeat 5px 50%;float:left;padding:5px 0 7px 26px}
body.fb_hidden{-webkit-transform:none;height:100%;margin:0;overflow:visible;position:absolute;top:-10000px;left:0;width:100%}
.fb_dialog.fb_dialog_mobile.loading{background:url(http://static.ak.fbcdn.net/rsrc.php/v2/ya/r/3rhSv5V8j3o.gif)
white no-repeat 50% 50%;min-height:100%;min-width:100%;overflow:hidden;position:absolute;top:0;z-index:10001}
.fb_dialog.fb_dialog_mobile.loading.centered{max-height:590px;min-height:590px;max-width:500px;min-width:500px}
#fb-root #fb_dialog_ipad_overlay{background:rgba(0, 0, 0, .45);position:absolute;left:0;top:0;width:100%;min-height:100%;z-index:10000}
#fb-root #fb_dialog_ipad_overlay.hidden{display:none}
.fb_dialog.fb_dialog_mobile.loading iframe{visibility:hidden}
.fb_dialog_content .dialog_header{-webkit-box-shadow:white 0 1px 1px -1px inset;background:-webkit-gradient(linear, 0% 0%, 0% 100%, from(#738ABA), to(#2C4987));border-bottom:1px solid;border-color:#1d4088;color:#fff;font:14px Helvetica, sans-serif;font-weight:bold;text-overflow:ellipsis;text-shadow:rgba(0, 30, 84, .296875) 0 -1px 0;vertical-align:middle;white-space:nowrap}
.fb_dialog_content .dialog_header table{-webkit-font-smoothing:subpixel-antialiased;height:43px;width:100%
}
.fb_dialog_content .dialog_header td.header_left{font-size:12px;padding-left:5px;vertical-align:middle;width:60px
}
.fb_dialog_content .dialog_header td.header_right{font-size:12px;padding-right:5px;vertical-align:middle;width:60px
}
.fb_dialog_content .touchable_button{background:-webkit-gradient(linear, 0% 0%, 0% 100%, from(#4966A6),
color-stop(0.5, #355492), to(#2A4887));border:1px solid #29447e;-webkit-background-clip:padding-box;-webkit-border-radius:3px;-webkit-box-shadow:rgba(0, 0, 0, .117188) 0 1px 1px inset,
rgba(255, 255, 255, .167969) 0 1px 0;display:inline-block;margin-top:3px;max-width:85px;line-height:18px;padding:4px 12px;position:relative}
.fb_dialog_content .dialog_header .touchable_button input{border:none;background:none;color:#fff;font:12px Helvetica, sans-serif;font-weight:bold;margin:2px -12px;padding:2px 6px 3px 6px;text-shadow:rgba(0, 30, 84, .296875) 0 -1px 0}
.fb_dialog_content .dialog_header .header_center{color:#fff;font-size:16px;font-weight:bold;line-height:18px;text-align:center;vertical-align:middle}
.fb_dialog_content .dialog_content{background:url(http://static.ak.fbcdn.net/rsrc.php/v2/y9/r/jKEcVPZFk-2.gif) no-repeat 50% 50%;border:1px solid #555;border-bottom:0;border-top:0;height:150px}
.fb_dialog_content .dialog_footer{background:#f2f2f2;border:1px solid #555;border-top-color:#ccc;height:40px}
#fb_dialog_loader_close{float:left}
.fb_dialog.fb_dialog_mobile .fb_dialog_close_button{text-shadow:rgba(0, 30, 84, .296875) 0 -1px 0}
.fb_dialog.fb_dialog_mobile .fb_dialog_close_icon{visibility:hidden}
.fb_iframe_widget{display:inline-block;position:relative}
.fb_iframe_widget span{display:inline-block;position:relative;text-align:justify}
.fb_iframe_widget iframe{position:absolute}
.fb_iframe_widget_lift{z-index:1}
.fb_hide_iframes iframe{position:relative;left:-10000px}
.fb_iframe_widget_loader{position:relative;display:inline-block}
.fb_iframe_widget_fluid{display:inline}
.fb_iframe_widget_fluid span{width:100%}
.fb_iframe_widget_loader iframe{min-height:32px;z-index:2;zoom:1}
.fb_iframe_widget_loader .FB_Loader{background:url(http://static.ak.fbcdn.net/rsrc.php/v2/y9/r/jKEcVPZFk-2.gif) no-repeat;height:32px;width:32px;margin-left:-16px;position:absolute;left:50%;z-index:4}
.fb_connect_bar_container div,
.fb_connect_bar_container span,
.fb_connect_bar_container a,
.fb_connect_bar_container img,
.fb_connect_bar_container strong{background:none;border-spacing:0;border:0;direction:ltr;font-style:normal;font-variant:normal;letter-spacing:normal;line-height:1;margin:0;overflow:visible;padding:0;text-align:left;text-decoration:none;text-indent:0;text-shadow:none;text-transform:none;visibility:visible;white-space:normal;word-spacing:normal;vertical-align:baseline}
.fb_connect_bar_container{position:fixed;left:0 !important;right:0 !important;height:42px !important;padding:0 25px !important;margin:0 !important;vertical-align:middle !important;border-bottom:1px solid #333 !important;background:#3b5998 !important;z-index:99999999 !important;overflow:hidden !important}
.fb_connect_bar_container_ie6{position:absolute;top:expression(document.compatMode==&quot;CSS1Compat&quot;? document.documentElement.scrollTop+&quot;px&quot;:body.scrollTop+&quot;px&quot;)}
.fb_connect_bar{position:relative;margin:auto;height:100%;width:100%;padding:6px 0 0 0 !important;background:none;color:#fff !important;font-family:&quot;lucida grande&quot;, tahoma, verdana, arial, sans-serif !important;font-size:13px !important;font-style:normal !important;font-variant:normal !important;font-weight:normal !important;letter-spacing:normal !important;line-height:1 !important;text-decoration:none !important;text-indent:0 !important;text-shadow:none !important;text-transform:none !important;white-space:normal !important;word-spacing:normal !important}
.fb_connect_bar a:hover{color:#fff}
.fb_connect_bar .fb_profile img{height:30px;width:30px;vertical-align:middle;margin:0 6px 5px 0}
.fb_connect_bar div a,
.fb_connect_bar span,
.fb_connect_bar span a{color:#bac6da;font-size:11px;text-decoration:none}
.fb_connect_bar .fb_buttons{float:right;margin-top:7px}
.fb_edge_widget_with_comment{position:relative;*z-index:1000}
.fb_edge_widget_with_comment span.fb_edge_comment_widget{position:absolute}
.fb_edge_widget_with_comment span.fb_send_button_form_widget{z-index:1}
.fb_edge_widget_with_comment span.fb_send_button_form_widget .FB_Loader{left:0;top:1px;margin-top:6px;margin-left:0;background-position:50% 50%;background-color:#fff;height:150px;width:394px;border:1px #666 solid;border-bottom:2px solid #283e6c;z-index:1}
.fb_edge_widget_with_comment span.fb_send_button_form_widget.dark .FB_Loader{background-color:#000;border-bottom:2px solid #ccc}
.fb_edge_widget_with_comment span.fb_send_button_form_widget.siderender
.FB_Loader{margin-top:0}
.fbpluginrecommendationsbarleft,
.fbpluginrecommendationsbarright{position:fixed !important;bottom:0;z-index:999}
.fbpluginrecommendationsbarleft{left:10px}
.fbpluginrecommendationsbarright{right:10px}&lt;/style&gt;&lt;link type=&quot;image/x-icon&quot; rel=&quot;icon&quot; href=&quot;data:image/png;base64,iVBORw0KGgoAAAANSUhEUgAAABAAAAAQCAYAAAAf8/9hAAACXElEQVQ4T2NkwAOUyle+uPfkjS/D0uzTuJQx4pLQqlgzwd9WL79984UfDF/euDEsyTqMTS2mAaET5UpDrY8n2qlLBS64yHDz9TcGhj+/GBi+vr/A8ON9AsOSvIvIBqEY4NG9Pbk9wnK2ihgP48RDjxlqdtxGtfTn538Mn14XMCzKmAyTgBvgO3nvpHmJNrk///xnKN58i2HVhRcM/7G5+fd3Bob3TwsZFmdNAElDDAidJFqX4PZCmI+LqWv/fYanH3/iC1sGhjcP3jG8eKbKsLPhHcSApPl7GASlnfHrQpJ9+5CB4fPrDoa1VZUQAzJWvmTgFhTDaUCvEA4pE0aIAVlr/jBw8jFjUzVF0YAhO1sULvX3LwPDqVNfGaysboDFIAbkrP3LwM7LBGJysTIxxJlIMYTpizMcuveeQeQ2H9iA589/g7GODicDGxsjw+rV7xnCwu5BDchc+YiBS1AWZECjmxJDnZsy3MapU1+DDViy5B1DbOx9hoQEYYY5cxQY3r37w6CsfBlqQMqC1Qz8UiEgXbfKrRhURbkxDIDZyAt06IMHegxcXEwMxsbXoAZETtFm4OE7xcAjytXkocJQ66YCNuDak7cM+zf+Q3GBjAwrw82bOgz//jEgGQBSHdLpzMDMupOJmYFZW0aYgYuNleHk3RcMU6xjwAZcvvyd4ezZbwz29rwMiopsDLt3f2Jwc7sNdQHMwWEd7gz/GWcysLDKg4SirTUYLBlMUGLhPzB5njjxlcHd/RbDZ2DKxsxMflXiDBwCyQyMTBYMDP+MFUT5uR5MEeHHnhCCmQBGJc5pAKydoAAAAABJRU5ErkJggg==&quot;&gt;&lt;/head&gt;
&lt;body class=&quot;html front logged-in one-sidebar sidebar-first page-node adminimal-menu menu-render-collapsed admin-menu&quot;&gt;
  &lt;div id=&quot;skip-link&quot;&gt;
    &lt;a href=&quot;#main-content&quot; class=&quot;element-invisible element-focusable&quot;&gt;Skip to main content&lt;/a&gt;
  &lt;/div&gt;
    &lt;div class=&quot;region region-page-top&quot;&gt;
    &lt;div class=&quot;iib page-iib hidden&quot;&gt;&lt;div class=&quot;sps-preview-form clearfix&quot;&gt;&lt;form action=&quot;/&quot; method=&quot;post&quot; id=&quot;sps-condition-preview-form&quot; accept-charset=&quot;UTF-8&quot;&gt;&lt;div&gt;&lt;div class=&quot;sps-preview-form-title&quot;&gt;Site Preview&lt;/div&gt;&lt;div id=&quot;active-condition-container-wrapper&quot;&gt;&lt;div id=&quot;edit-active-condition-container&quot; class=&quot;form-wrapper&quot;&gt;&lt;div class=&quot;form-item form-type-select form-item-active-condition-container-active-condition-selector&quot;&gt;
  &lt;label for=&quot;edit-active-condition-container-active-condition-selector&quot;&gt;Select a Condition &lt;span class=&quot;form-required&quot; title=&quot;This field is required.&quot;&gt;*&lt;/span&gt;&lt;/label&gt;
 &lt;select id=&quot;edit-active-condition-container-active-condition-selector&quot; name=&quot;active-condition-container[active-condition-selector]&quot; class=&quot;form-select required ajax-processed&quot;&gt;&lt;option value=&quot;&quot; selected=&quot;selected&quot;&gt;- Select -&lt;/option&gt;&lt;option value=&quot;date_condition&quot;&gt;Site as of ...&lt;/option&gt;&lt;/select&gt;
&lt;/div&gt;
&lt;/div&gt;&lt;/div&gt;&lt;fieldset class=&quot;sps-preview-buttons form-wrapper&quot; id=&quot;edit-buttons&quot;&gt;&lt;div class=&quot;fieldset-wrapper&quot;&gt;&lt;input type=&quot;submit&quot; id=&quot;edit-preview&quot; name=&quot;op&quot; value=&quot;Enable Preview&quot; class=&quot;form-submit&quot;&gt;&lt;/div&gt;&lt;/fieldset&gt;
&lt;input type=&quot;hidden&quot; name=&quot;form_build_id&quot; value=&quot;form-7YBwzCFpsPwBuve27wSElaE4rqh7y0p6d1P3MqsOlok&quot;&gt;
&lt;input type=&quot;hidden&quot; name=&quot;form_token&quot; value=&quot;zhBq_a1id8dzEcg6gaDF0Q4DyXvFvvQJiUSccJe4U1Q&quot;&gt;
&lt;input type=&quot;hidden&quot; name=&quot;form_id&quot; value=&quot;sps_condition_preview_form&quot;&gt;
&lt;/div&gt;&lt;/form&gt;&lt;/div&gt;&lt;/div&gt;&lt;div id=&quot;overlay-disable-message&quot; class=&quot;clearfix&quot;&gt;&lt;h3 class=&quot;element-invisible&quot;&gt;Options for the administrative overlay&lt;/h3&gt;&lt;a href=&quot;/user/1/edit?destination=node#edit-overlay-control&quot; id=&quot;overlay-profile-link&quot; class=&quot;overlay-exclude element-invisible&quot;&gt;If you have problems accessing administrative pages on this site, disable the overlay on your profile page.&lt;/a&gt; &lt;a href=&quot;/overlay/dismiss-message?destination=node&amp;amp;token=tA_URSsmS8oSTh6Yo3hjpu0c1eiGbOAjBcwVPuebVxA&quot; id=&quot;overlay-dismiss-message&quot; class=&quot;overlay-exclude element-invisible&quot;&gt;Dismiss this message.&lt;/a&gt;&lt;/div&gt;  &lt;/div&gt;
  &lt;div id=&quot;page-wrapper&quot;&gt;&lt;div id=&quot;page&quot;&gt;

  &lt;div id=&quot;header&quot; class=&quot;with-secondary-menu&quot;&gt;&lt;div class=&quot;section clearfix&quot;&gt;

          &lt;a href=&quot;/&quot; title=&quot;Home&quot; rel=&quot;home&quot; id=&quot;logo&quot;&gt;
        &lt;img src=&quot;http://qa5dev.publisher.nbcuni.com/themes/bartik/logo.png&quot; alt=&quot;Home&quot;&gt;
      &lt;/a&gt;
    
          &lt;div id=&quot;name-and-slogan&quot;&gt;

                              &lt;div id=&quot;site-name&quot;&gt;
              &lt;strong&gt;
                &lt;a href=&quot;/&quot; title=&quot;Home&quot; rel=&quot;home&quot;&gt;&lt;span&gt;Site-Install&lt;/span&gt;&lt;/a&gt;
              &lt;/strong&gt;
            &lt;/div&gt;
                  
        
      &lt;/div&gt; &lt;!-- /#name-and-slogan --&gt;
    
    
          &lt;div id=&quot;main-menu&quot; class=&quot;navigation&quot;&gt;
        &lt;h2 class=&quot;element-invisible&quot;&gt;Main menu&lt;/h2&gt;&lt;ul id=&quot;main-menu-links&quot; class=&quot;links clearfix&quot;&gt;&lt;li class=&quot;menu-457 first last active&quot;&gt;&lt;a href=&quot;/&quot; class=&quot;active&quot;&gt;Home&lt;/a&gt;&lt;/li&gt;
&lt;/ul&gt;      &lt;/div&gt; &lt;!-- /#main-menu --&gt;
    
          &lt;div id=&quot;secondary-menu&quot; class=&quot;navigation&quot;&gt;
        &lt;h2 class=&quot;element-invisible&quot;&gt;Secondary menu&lt;/h2&gt;&lt;ul id=&quot;secondary-menu-links&quot; class=&quot;links inline clearfix&quot;&gt;&lt;li class=&quot;menu-2 first&quot;&gt;&lt;a href=&quot;/user&quot;&gt;My account&lt;/a&gt;&lt;/li&gt;
&lt;li class=&quot;menu-12 last&quot;&gt;&lt;a href=&quot;/user/logout&quot;&gt;Log out&lt;/a&gt;&lt;/li&gt;
&lt;/ul&gt;      &lt;/div&gt; &lt;!-- /#secondary-menu --&gt;
    
  &lt;/div&gt;&lt;/div&gt; &lt;!-- /.section, /#header --&gt;

  
  
  &lt;div id=&quot;main-wrapper&quot; class=&quot;clearfix&quot;&gt;&lt;div id=&quot;main&quot; class=&quot;clearfix&quot;&gt;

    
          &lt;div id=&quot;sidebar-first&quot; class=&quot;column sidebar&quot;&gt;&lt;div class=&quot;section&quot;&gt;
          &lt;div class=&quot;region region-sidebar-first&quot;&gt;
    &lt;div id=&quot;block-dfp-aaaaatestgpt&quot; class=&quot;block block-dfp contextual-links-region&quot;&gt;

    &lt;div class=&quot;contextual-links-wrapper contextual-links-processed&quot;&gt;&lt;a class=&quot;contextual-links-trigger&quot; href=&quot;#&quot;&gt;Configure&lt;/a&gt;&lt;ul class=&quot;contextual-links&quot;&gt;&lt;li class=&quot;dfp- first&quot;&gt;&lt;a href=&quot;/admin/structure/dfp_ads/list/aaaaatestgpt/edit?destination=node&quot;&gt;Edit DFP ad tag&lt;/a&gt;&lt;/li&gt;
&lt;li class=&quot;block-configure last&quot;&gt;&lt;a href=&quot;/admin/structure/block/manage/dfp/aaaaatestgpt/configure?destination=node&quot;&gt;Configure block&lt;/a&gt;&lt;/li&gt;
&lt;/ul&gt;&lt;/div&gt;
  &lt;div class=&quot;content&quot;&gt;
    &lt;div id=&quot;dfp-ad-aaaaatestgpt-wrapper&quot; class=&quot;dfp-tag-wrapper&quot;&gt;
&lt;div id=&quot;dfp-ad-aaaaatestgpt&quot; class=&quot;dfp-tag-wrapper&quot;&gt;
    &lt;script type=&quot;text/javascript&quot;&gt;
    googletag.cmd.push(function() {
      googletag.display(&quot;dfp-ad-aaaaatestgpt&quot;);
    });
  &lt;/script&gt;&lt;div id=&quot;google_ads_iframe_nbcu/Test_AdUnit_Pattern_0__container__&quot; style=&quot;border: 0pt none;&quot;&gt;&lt;iframe id=&quot;google_ads_iframe_nbcu/Test_AdUnit_Pattern_0&quot; name=&quot;google_ads_iframe_nbcu/Test_AdUnit_Pattern_0&quot; width=&quot;300&quot; height=&quot;250&quot; scrolling=&quot;no&quot; marginwidth=&quot;0&quot; marginheight=&quot;0&quot; frameborder=&quot;0&quot; src=&quot;javascript:&amp;quot;&lt;html&gt;&lt;body style=&#039;background:transparent&#039;&gt;&lt;/body&gt;&lt;/html&gt;&amp;quot;&quot; style=&quot;border: 0px; vertical-align: bottom;&quot;&gt;&lt;/iframe&gt;&lt;/div&gt;&lt;iframe id=&quot;google_ads_iframe_nbcu/Test_AdUnit_Pattern_0__hidden__&quot; name=&quot;google_ads_iframe_nbcu/Test_AdUnit_Pattern_0__hidden__&quot; width=&quot;0&quot; height=&quot;0&quot; scrolling=&quot;no&quot; marginwidth=&quot;0&quot; marginheight=&quot;0&quot; frameborder=&quot;0&quot; src=&quot;javascript:&amp;quot;&lt;html&gt;&lt;body style=&#039;background:transparent&#039;&gt;&lt;/body&gt;&lt;/html&gt;&amp;quot;&quot; style=&quot;border: 0px; vertical-align: bottom; visibility: hidden; display: none;&quot;&gt;&lt;/iframe&gt;
&lt;/div&gt;
&lt;/div&gt;  &lt;/div&gt;
&lt;/div&gt;
&lt;div id=&quot;block-system-navigation&quot; class=&quot;block block-system contextual-links-region block-menu&quot;&gt;

    &lt;h2&gt;Navigation&lt;/h2&gt;
  &lt;div class=&quot;contextual-links-wrapper contextual-links-processed&quot;&gt;&lt;a class=&quot;contextual-links-trigger&quot; href=&quot;#&quot;&gt;Configure&lt;/a&gt;&lt;ul class=&quot;contextual-links&quot;&gt;&lt;li class=&quot;menu-list first&quot;&gt;&lt;a href=&quot;/admin/structure/menu/manage/navigation/list?destination=node&quot;&gt;List links&lt;/a&gt;&lt;/li&gt;
&lt;li class=&quot;menu-edit&quot;&gt;&lt;a href=&quot;/admin/structure/menu/manage/navigation/edit?destination=node&quot;&gt;Edit menu&lt;/a&gt;&lt;/li&gt;
&lt;li class=&quot;block-configure last&quot;&gt;&lt;a href=&quot;/admin/structure/block/manage/system/navigation/configure?destination=node&quot;&gt;Configure block&lt;/a&gt;&lt;/li&gt;
&lt;/ul&gt;&lt;/div&gt;
  &lt;div class=&quot;content&quot;&gt;
    &lt;ul class=&quot;menu clearfix&quot;&gt;&lt;li class=&quot;first collapsed&quot;&gt;&lt;a href=&quot;/node/add&quot;&gt;Add content&lt;/a&gt;&lt;/li&gt;
&lt;li class=&quot;last leaf&quot;&gt;&lt;a href=&quot;/file/add&quot;&gt;Add file&lt;/a&gt;&lt;/li&gt;
&lt;/ul&gt;  &lt;/div&gt;
&lt;/div&gt;
  &lt;/div&gt;
      &lt;/div&gt;&lt;/div&gt; &lt;!-- /.section, /#sidebar-first --&gt;
    
    &lt;div id=&quot;content&quot; class=&quot;column&quot;&gt;&lt;div class=&quot;section&quot;&gt;
            &lt;a id=&quot;main-content&quot;&gt;&lt;/a&gt;
                    &lt;h1 class=&quot;title&quot; id=&quot;page-title&quot;&gt;
          Welcome to Site-Install        &lt;/h1&gt;
                          &lt;div class=&quot;tabs&quot;&gt;
                  &lt;/div&gt;
                          &lt;div class=&quot;region region-content&quot;&gt;
    &lt;div id=&quot;block-system-main&quot; class=&quot;block block-system&quot;&gt;

    
  &lt;div class=&quot;content&quot;&gt;
    &lt;div id=&quot;first-time&quot;&gt;&lt;p&gt;No front page content has been created yet.&lt;/p&gt;&lt;div class=&quot;item-list&quot;&gt;&lt;ul&gt;&lt;li class=&quot;first last&quot;&gt;&lt;a href=&quot;/node/add&quot;&gt;Add new content&lt;/a&gt;&lt;/li&gt;
&lt;/ul&gt;&lt;/div&gt;&lt;/div&gt;  &lt;/div&gt;
&lt;/div&gt;
  &lt;/div&gt;
      
    &lt;/div&gt;&lt;/div&gt; &lt;!-- /.section, /#content --&gt;

    
  &lt;/div&gt;&lt;/div&gt; &lt;!-- /#main, /#main-wrapper --&gt;

  
  &lt;div id=&quot;footer-wrapper&quot;&gt;&lt;div class=&quot;section&quot;&gt;

    
    
  &lt;/div&gt;&lt;/div&gt; &lt;!-- /.section, /#footer-wrapper --&gt;

&lt;/div&gt;&lt;/div&gt; &lt;!-- /#page, /#page-wrapper --&gt;
    &lt;div class=&quot;region region-page-bottom&quot;&gt;
    &lt;div id=&quot;fb-root&quot; class=&quot;fb_module fb_reset&quot;&gt;&lt;script async=&quot;&quot; src=&quot;http://connect.facebook.net/en_US/all.js&quot;&gt;&lt;/script&gt;&lt;div style=&quot;position: absolute; top: -10000px; height: 0px; width: 0px;&quot;&gt;&lt;div&gt;&lt;/div&gt;&lt;/div&gt;&lt;div style=&quot;position: absolute; top: -10000px; height: 0px; width: 0px;&quot;&gt;&lt;div&gt;&lt;iframe name=&quot;fb_xdm_frame_http&quot; frameborder=&quot;0&quot; allowtransparency=&quot;true&quot; scrolling=&quot;no&quot; id=&quot;fb_xdm_frame_http&quot; aria-hidden=&quot;true&quot; title=&quot;Facebook Cross Domain Communication Frame&quot; tab-index=&quot;-1&quot; src=&quot;http://static.ak.facebook.com/connect/xd_arbiter.php?version=28#channel=f7f1b4f6c&amp;amp;channel_path=%2Ffb%2Fchannel%3Ffb_xd_fragment%23xd_sig%3Df16152ba04%26&amp;amp;origin=http%3A%2F%2Fqa5dev.publisher.nbcuni.com&quot; style=&quot;border: none;&quot;&gt;&lt;/iframe&gt;&lt;iframe name=&quot;fb_xdm_frame_https&quot; frameborder=&quot;0&quot; allowtransparency=&quot;true&quot; scrolling=&quot;no&quot; id=&quot;fb_xdm_frame_https&quot; aria-hidden=&quot;true&quot; title=&quot;Facebook Cross Domain Communication Frame&quot; tab-index=&quot;-1&quot; src=&quot;https://s-static.ak.facebook.com/connect/xd_arbiter.php?version=28#channel=f7f1b4f6c&amp;amp;channel_path=%2Ffb%2Fchannel%3Ffb_xd_fragment%23xd_sig%3Df16152ba04%26&amp;amp;origin=http%3A%2F%2Fqa5dev.publisher.nbcuni.com&quot; style=&quot;border: none;&quot;&gt;&lt;/iframe&gt;&lt;/div&gt;&lt;/div&gt;&lt;/div&gt;
&lt;script type=&quot;text/javascript&quot;&gt;
  jQuery.extend(Drupal.settings, {&quot;fb&quot;:{&quot;base_url&quot;:&quot;http:\/\/qa5dev.publisher.nbcuni.com&quot;,&quot;ajax_event_url&quot;:&quot;http:\/\/qa5dev.publisher.nbcuni.com\/fb\/ajax&quot;,&quot;is_anonymous&quot;:false,&quot;fb_init_settings&quot;:{&quot;xfbml&quot;:false,&quot;status&quot;:false,&quot;oauth&quot;:true,&quot;cookie&quot;:true,&quot;channelUrl&quot;:&quot;http:\/\/qa5dev.publisher.nbcuni.com\/fb\/channel&quot;},&quot;test_login_status&quot;:true,&quot;get_login_status&quot;:true,&quot;controls&quot;:&quot;&quot;,&quot;js_sdk_url&quot;:&quot;http:\/\/connect.facebook.net\/en_US\/all.js&quot;}});

if (typeof(FB) == &#039;undefined&#039;) {
  var e = document.createElement(&#039;script&#039;);
  e.async = true;
  e.src = Drupal.settings.fb.js_sdk_url;
  document.getElementById(&#039;fb-root&#039;).appendChild(e);
}



&lt;/script&gt;
&lt;!-- SiteCatalyst code version: H 24.
Copyright 1996-2013 Adobe, Inc. --&gt;
&lt;script type=&quot;text/javascript&quot; language=&quot;JavaScript&quot;&gt;var s_account=&quot;pub7&quot;;&lt;/script&gt;
&lt;script type=&quot;text/javascript&quot; language=&quot;JavaScript&quot; src=&quot;/profiles/all/modules/custom/pub_analytics/js/s_code.js?mykxn2&quot;&gt;&lt;/script&gt;
&lt;script type=&quot;text/javascript&quot; language=&quot;JavaScript&quot;&gt;&lt;!--
s.contextData[&quot;tve_platform&quot;] = jQuery.browser.mobile ? &quot;Mobile&quot; : &quot;PC&quot;;if(document.domain.indexOf(&quot;nbcuxd.com&quot;) &gt; -1 || location.href.indexOf(&quot;/now&quot;) &gt; -1 || document.domain.indexOf(&quot;nbcuni.com&quot;) &gt; -1) {  s_account = Drupal.settings.analytics.tveSuiteId;}
s.pageName=&quot;Welcome to Site-Install&quot;;
s.channel=&quot;node&quot;;
s.linkInternalFilters=&quot;javascript:,this-site.com&quot;;
s.prop1=&quot;authenticated user, administrator&quot;;
s.prop2=&quot;node&quot;;
s.prop3=&quot;&quot;;
s.prop4=&quot;Welcome to Site-Install&quot;;
s.prop6=&quot;http://qa5dev.publisher.nbcuni.com/node&quot;;
s.contextData[&quot;tve_domain&quot;]=&quot;&quot;;
s.contextData[&quot;tve_date&quot;]=&quot;12-29-2013&quot;;
s.contextData[&quot;tve_day&quot;]=&quot;Sunday&quot;;
s.contextData[&quot;tve_hour&quot;]=&quot;17&quot;;
s.contextData[&quot;tve_minute&quot;]=&quot;17:54&quot;;
s.prop8=&quot;Operations&quot;;
s.prop9=&quot;NBCUOTS&quot;;
/************* DO NOT ALTER ANYTHING BELOW THIS LINE ! **************/
var s_code=s.t();if(s_code)document.write(s_code)//--&gt;&lt;/script&gt;
&lt;script language=&quot;JavaScript&quot; type=&quot;text/javascript&quot;&gt;&lt;!--
if(navigator.appVersion.indexOf(&#039;MSIE&#039;)&gt;=0)document.write(unescape(&#039;%3C&#039;)+&#039;\!-&#039;+&#039;-&#039;)
//--&gt;&lt;/script&gt;&lt;noscript&gt;&amp;lt;a href=&quot;http://www.omniture.com&quot; title=&quot;Web Analytics&quot;&amp;gt;&amp;lt;img src=&quot;/5874177&quot;
height=&quot;1&quot; width=&quot;1&quot; border=&quot;0&quot; alt=&quot;&quot; /&amp;gt;&amp;lt;/a&amp;gt;&lt;/noscript&gt;&lt;!--/DO NOT REMOVE/--&gt;
&lt;!-- End SiteCatalyst code version: H 24. --&gt;
  &lt;/div&gt;
&lt;script src=&quot;//www.nbcudigitaladops.com/hosted/global.js&quot;&gt;&lt;/script&gt;&lt;script src=&quot;//www.nbcudigitaladops.com/hosted/site.js?h=qa5dev_publisher_nbcuni_com&quot;&gt;&lt;/script&gt;&lt;script&gt;var __referreradops={init:function(){if(!top.__nbcudigitaladops_header){return false}this.sitefilter=[&#039;google.com&#039;,&#039;go&#039;,&#039;ask.com&#039;,&#039;as&#039;,&#039;aol.com&#039;,&#039;ao&#039;,&#039;yahoo.com&#039;,&#039;ya&#039;];this.h=top.__nbcudigitaladops_header;this.drt_r=&#039;ref&#039;;this.rcode=&#039;&#039;;this.loadReferrerData();if(this.rcode!=&#039;&#039;){this.populateDartTags()}},loadReferrerData:function(){var r=document.referrer,dlen=&#039;&#039;,ref=&#039;&#039;;r=r.replace(/^https*:\/\//i,&#039;&#039;);r=r.split(&#039;/&#039;)[0];r=r.split(&#039;.&#039;);if(r.length&gt;1){ref=r[r.length-2]+&#039;.&#039;+r[r.length-1];dlen=r[r.length-2].length}this.ref=ref;var f=this.sitefilter;for(var x=0;x&lt;f.length;x+=2){if(f[x].toLowerCase()==this.ref){this.rcode=f[x+1]+dlen}}},populateDartTags:function(){this.h.dtprm(this.drt_r+&#039;=&#039;+this.rcode+&#039;;&#039;)}};__referreradops.init();&lt;/script&gt;&lt;script&gt; var __cs_c1 = 2; var __cs_c2 = &quot;1000004&quot;; var __cs_c3 = &quot;&quot;; var __cs_c4 = &quot;&quot;; var __cs_c5 = &quot;&quot;; var __cs_c6 = &quot;&quot;; var __cs_c15 = &quot;&quot;; var __cs_params = [&quot;c1=&quot;, __cs_c1, &quot;&amp;c2=&quot;, __cs_c2, &quot;&amp;c3=&quot;, __cs_c3, &quot;&amp;c4=&quot;, __cs_c4, &quot;&amp;c5=&quot;, __cs_c5, &quot;&amp;c6=&quot;, __cs_c6, &quot;&amp;c15=&quot;, __cs_c15].join(&#039;&#039;); document.write(unescape(&quot;%3Cscript src=&#039;&quot; + (document.location.protocol == &quot;https:&quot; ? &quot;https://sb&quot; : &quot;http://b&quot;) + &quot;.scorecardresearch.com/beacon.js?&quot; + __cs_params +&quot;&#039; %3E%3C/script%3E&quot;)); &lt;/script&gt;&lt;script src=&quot;http://b.scorecardresearch.com/beacon.js?c1=2&amp;amp;c2=1000004&amp;amp;c3=&amp;amp;c4=&amp;amp;c5=&amp;amp;c6=&amp;amp;c15=&quot;&gt;&lt;/script&gt; &lt;noscript&gt; &amp;lt;img src=&quot;http://b.scorecardresearch.com/b?c1=2&amp;amp;c2=1000004&amp;amp;c3=&amp;amp;c4=&amp;amp;c5=&amp;amp;c6=&amp;amp;c15=&amp;amp;cv=1.3&amp;amp;cj=1&quot; style=&quot;display:none&quot; width=&quot;0&quot; height=&quot;0&quot; alt=&quot;&quot; /&amp;gt; &lt;/noscript&gt;&lt;img src=&quot;//www.nbcudigitaladops.com/hosted/housepix.gif&quot; width=&quot;0&quot; height=&quot;0&quot; style=&quot;display:none&quot;&gt;&lt;script type=&quot;text/javascript&quot;&gt;  (function () {    var d = new Image(1, 1);    d.onerror = d.onload = function () {      d.onerror = d.onload = null;    };    d.src = [&quot;//secure-us.imrworldwide.com/cgi-bin/m?ci=us-503541h&amp;cg=0&amp;cc=1&amp;si=&quot;, escape(window.location.href), &quot;&amp;rp=&quot;, escape(document.referrer), &quot;&amp;ts=compact&amp;rnd=&quot;, (new Date()).getTime()].join(&#039;&#039;);  })();&lt;/script&gt;
&lt;script type=&quot;text/javascript&quot;&gt;if(!NREUMQ.f){NREUMQ.f=function(){NREUMQ.push([&quot;load&quot;,new Date().getTime()]);var e=document.createElement(&quot;script&quot;);e.type=&quot;text/javascript&quot;;e.src=((&quot;http:&quot;===document.location.protocol)?&quot;http:&quot;:&quot;https:&quot;)+&quot;//&quot;+&quot;js-agent.newrelic.com/nr-100.js&quot;;document.body.appendChild(e);if(NREUMQ.a)NREUMQ.a();};NREUMQ.a=window.onload;window.onload=NREUMQ.f;};NREUMQ.push([&quot;nrfj&quot;,&quot;beacon-2.newrelic.com&quot;,&quot;9aa6ad99d0&quot;,&quot;2324574&quot;,&quot;NQMHNUNZXUEHVBIMCgxJJAJFUVxcSVkJAQA9FgQGVGdXVwBWEwkR&quot;,0,119,new Date().getTime(),&quot;&quot;,&quot;&quot;,&quot;&quot;,&quot;&quot;,&quot;&quot;]);&lt;/script&gt;
&lt;script type=&quot;text/javascript&quot; src=&quot;http://js-agent.newrelic.com/nr-100.js&quot;&gt;&lt;/script&gt;&lt;script type=&quot;text/javascript&quot; src=&quot;http://beacon-2.newrelic.com/1/9aa6ad99d0?a=2324574&amp;amp;be=251&amp;amp;qt=0&amp;amp;ap=119&amp;amp;dc=114&amp;amp;fe=178&amp;amp;to=NQMHNUNZXUEHVBIMCgxJJAJFUVxcSVkJAQA9FgQGVGdXVwBWEwkR&amp;amp;v=42&amp;amp;jsonp=NREUM.setToken&amp;amp;perf=%7B%22timing%22%3A%7B%22of%22%3A1388339663430%2C%20%22n%22%3A0%2C%20%22u%22%3A245%2C%20%22ue%22%3A245%2C%20%22dl%22%3A250%2C%20%22di%22%3A365%2C%20%22ds%22%3A365%2C%20%22de%22%3A381%2C%20%22dc%22%3A427%2C%20%22l%22%3A427%2C%20%22le%22%3A429%2C%20%22f%22%3A0%2C%20%22dn%22%3A0%2C%20%22dne%22%3A0%2C%20%22c%22%3A0%2C%20%22ce%22%3A0%2C%20%22rq%22%3A2%2C%20%22rp%22%3A230%2C%20%22rpe%22%3A317%7D%2C%20%22navigation%22%3A%7B%7D%7D&quot;&gt;&lt;/script&gt;&lt;/body&gt;&lt;/html&gt; / Expected Result: googletag.slots.test_gpt = googletag.defineSlot(&quot;nbcu/Test_AdUnit_Pattern&quot;, [300, 250], &quot;dfp-ad-test_gpt&quot;)   .addService(googletag.pubads());">
      <![CDATA[java.lang.AssertionError: verifyTextContainsExpectedText - Failed:  Actual: <!DOCTYPE html><html lang="en" dir="ltr" xmlns:og="http://ogp.me/ns#" class="js"><head>
  <meta charset="utf-8">
<meta name="twitter:card" content="summary">
<meta name="twitter:title" content="Site-Install">
<meta name="twitter:url" content="http://qa5dev.publisher.nbcuni.com/node">
<script type="text/javascript">var NREUMQ=NREUMQ||[];NREUMQ.push(["mark","firstbyte",new Date().getTime()]);</script>
<meta property="og:site_name" content="Site-Install">
<meta property="og:url" content="http://qa5dev.publisher.nbcuni.com/">
<link rel="canonical" href="http://qa5dev.publisher.nbcuni.com/">
<link rel="shortlink" href="http://qa5dev.publisher.nbcuni.com/">
<meta property="og:type" content="website">
<meta property="og:title" content="Site-Install">
<meta name="generator" content="Drupal 7 (http://drupal.org)">
  <title>Site-Install</title>
  <style media="all">@import url("http://qa5dev.publisher.nbcuni.com/modules/system/system.base.css?mykxn2");
@import url("http://qa5dev.publisher.nbcuni.com/modules/system/system.menus.css?mykxn2");
@import url("http://qa5dev.publisher.nbcuni.com/modules/system/system.messages.css?mykxn2");
@import url("http://qa5dev.publisher.nbcuni.com/modules/system/system.theme.css?mykxn2");</style>
<style media="all">@import url("http://qa5dev.publisher.nbcuni.com/misc/ui/jquery.ui.core.css?mykxn2");
@import url("http://qa5dev.publisher.nbcuni.com/misc/ui/jquery.ui.theme.css?mykxn2");
@import url("http://qa5dev.publisher.nbcuni.com/modules/overlay/overlay-parent.css?mykxn2");
@import url("http://qa5dev.publisher.nbcuni.com/modules/contextual/contextual.css?mykxn2");</style>
<style media="all">@import url("http://qa5dev.publisher.nbcuni.com/profiles/all/modules/contrib/media_theplatform_mpx/css/media_theplatform_mpx.css?mykxn2");
@import url("http://qa5dev.publisher.nbcuni.com/profiles/all/modules/contrib/date/date_api/date.css?mykxn2");
@import url("http://qa5dev.publisher.nbcuni.com/profiles/all/modules/contrib/date/date_popup/themes/datepicker.1.7.css?mykxn2");
@import url("http://qa5dev.publisher.nbcuni.com/profiles/all/modules/contrib/entityreference_live_preview/entityreference_live_preview.css?mykxn2");
@import url("http://qa5dev.publisher.nbcuni.com/profiles/all/modules/contrib/environment_indicator/environment_indicator.css?mykxn2");
@import url("http://qa5dev.publisher.nbcuni.com/profiles/all/modules/contrib/fences/field.css?mykxn2");
@import url("http://qa5dev.publisher.nbcuni.com/profiles/all/modules/contrib/iib/css/iib.css?mykxn2");
@import url("http://qa5dev.publisher.nbcuni.com/modules/node/node.css?mykxn2");
@import url("http://qa5dev.publisher.nbcuni.com/modules/user/user.css?mykxn2");
@import url("http://qa5dev.publisher.nbcuni.com/profiles/all/modules/custom/pub_social/pub_social.css?mykxn2");
@import url("http://qa5dev.publisher.nbcuni.com/profiles/all/modules/contrib/views/css/views.css?mykxn2");
@import url("http://qa5dev.publisher.nbcuni.com/profiles/all/modules/contrib/admin_menu/admin_menu.css?mykxn2");
@import url("http://qa5dev.publisher.nbcuni.com/profiles/all/modules/contrib/admin_menu/admin_menu.uid1.css?mykxn2");</style>
<style media="all">@import url("http://qa5dev.publisher.nbcuni.com/profiles/all/modules/contrib/ctools/css/ctools.css?mykxn2");
@import url("http://qa5dev.publisher.nbcuni.com/profiles/all/modules/contrib/adminimal_admin_menu/adminimal_admin_menu.css?mykxn2");
@import url("http://qa5dev.publisher.nbcuni.com/profiles/all/modules/contrib/sps/css/sps.css?mykxn2");
@import url("http://qa5dev.publisher.nbcuni.com/profiles/all/modules/custom/pub_sps/pub_sps.css?mykxn2");</style>
<style media="all">@import url("http://qa5dev.publisher.nbcuni.com/themes/bartik/css/layout.css?mykxn2");
@import url("http://qa5dev.publisher.nbcuni.com/themes/bartik/css/style.css?mykxn2");
@import url("http://qa5dev.publisher.nbcuni.com/themes/bartik/css/colors.css?mykxn2");</style>
<style media="print">@import url("http://qa5dev.publisher.nbcuni.com/themes/bartik/css/print.css?mykxn2");</style>

<!--[if lte IE 7]>
<link rel="stylesheet" href="http://qa5dev.publisher.nbcuni.com/themes/bartik/css/ie.css?mykxn2" media="all" />
<![endif]-->

<!--[if IE 6]>
<link rel="stylesheet" href="http://qa5dev.publisher.nbcuni.com/themes/bartik/css/ie6.css?mykxn2" media="all" />
<![endif]-->
  <script src="http://qa5dev.publisher.nbcuni.com/misc/jquery.js?v=1.4.4"></script>
<script src="http://qa5dev.publisher.nbcuni.com/misc/jquery.once.js?v=1.2"></script>
<script>
var googletag = googletag || {};
googletag.cmd = googletag.cmd || [];
googletag.slots = googletag.slots || {};
</script>
<script src="http://www.googletagservices.com/tag/js/gpt.js"></script>
<script src="http://qa5dev.publisher.nbcuni.com/misc/drupal.js?mykxn2"></script>
<script src="//www.nbcudigitaladops.com/hosted/global_header.js"></script><script src="//www.nbcudigitaladops.com/hosted/site.js?h=qa5dev_publisher_nbcuni_com_header"></script><script>window.Krux||((Krux=function(){Krux.q.push(arguments);}).q=[]);(function(){function retrieve(n){var m, k='kx'+n;if (window.localStorage) {return window.localStorage[k] || "";} else if (navigator.cookieEnabled) {m = document.cookie.match(k+'=([^;]*)');return (m && unescape(m[1])) || "";} else {return '';}}var kvs = [];Krux.user = retrieve('user');if (Krux.user) {kvs.push('u=' + Krux.user);}Krux.segments = retrieve('segs') && retrieve('segs').split(',') ||[];for (var i = 0; i < Krux.segments.length; i++ ) {kvs.push('ksg=' + Krux.segments[i]);}Krux.dartKeyValues = kvs.length ? kvs.join(';') + ';': '';})();</script><script>(function(){var kvs = window.Krux ? window.Krux.dartKeyValues : '';if(top.__nbcudigitaladops_inject && top.__nbcudigitaladops_inject.dtprm){top.__nbcudigitaladops_inject.dtprm(kvs);}})();</script><script></script>
<script src="http://qa5dev.publisher.nbcuni.com/misc/ui/jquery.ui.core.min.js?v=1.8.7"></script>
<script src="http://qa5dev.publisher.nbcuni.com/misc/jquery.ba-bbq.js?v=1.2.1"></script>
<script src="http://qa5dev.publisher.nbcuni.com/modules/overlay/overlay-parent.js?v=1.0"></script>
<script>
googletag.slots.aaaaatestgpt = googletag.defineSlot("nbcu/Test_AdUnit_Pattern", [300, 250], "dfp-ad-aaaaatestgpt")
  .addService(googletag.pubads());
</script>
<script src="http://qa5dev.publisher.nbcuni.com/modules/contextual/contextual.js?v=1.0"></script>
<script src="http://qa5dev.publisher.nbcuni.com/misc/jquery.cookie.js?v=1.0"></script>
<script src="http://qa5dev.publisher.nbcuni.com/misc/jquery.form.js?v=2.52"></script>
<script src="http://qa5dev.publisher.nbcuni.com/misc/form.js?v=7.24"></script>
<script src="http://qa5dev.publisher.nbcuni.com/misc/ajax.js?v=7.24"></script>
<script>
if (top.__nbcudigitaladops_inject && top.__nbcudigitaladops_inject.getGPT) {
      var _GPT_params = top.__nbcudigitaladops_inject.getGPT();
      for ( var _key in _GPT_params ){
        if( _GPT_params.hasOwnProperty(_key) ){
            googletag.pubads().setTargeting( _key, _GPT_params[_key] );
        }
      }
    }
</script>
<script src="http://qa5dev.publisher.nbcuni.com/profiles/all/modules/contrib/fb/fb.js?mykxn2"></script>
<script src="http://qa5dev.publisher.nbcuni.com/profiles/all/modules/contrib/environment_indicator/tinycon.min.js?mykxn2"></script>
<script src="http://qa5dev.publisher.nbcuni.com/profiles/all/modules/contrib/environment_indicator/environment_indicator.js?mykxn2"></script>
<script src="http://qa5dev.publisher.nbcuni.com/profiles/all/modules/contrib/environment_indicator/color.js?mykxn2"></script>
<script src="http://qa5dev.publisher.nbcuni.com/profiles/all/modules/contrib/admin_menu/admin_menu.js?mykxn2"></script>
<script>
googletag.cmd.push(function() {
  googletag.pubads().enableAsyncRendering();
  googletag.pubads().enableSingleRequest();
  googletag.pubads().collapseEmptyDivs();
});
googletag.enableServices();
</script><script async="" type="text/javascript" src="http://partner.googleadservices.com/gpt/pubads_impl_32.js"></script>
<script src="http://qa5dev.publisher.nbcuni.com/profiles/all/modules/contrib/fb/fb_stream.js?mykxn2"></script>
<script src="http://qa5dev.publisher.nbcuni.com/profiles/all/modules/contrib/adminimal_admin_menu/adminimal_admin_menu.js?mykxn2"></script>
<script src="http://qa5dev.publisher.nbcuni.com/misc/progress.js?v=7.24"></script>
<script src="http://qa5dev.publisher.nbcuni.com/profiles/all/modules/custom/pub_sps/pub_sps.js?mykxn2"></script>
<script>
jQuery.extend(Drupal.settings, {"basePath":"\/","pathPrefix":"","ajaxPageState":{"theme":"bartik","theme_token":"dI6sv375aETClpEzhp4P9CBdIGv5Vruagt4PuKagZtc","js":{"\/\/www.nbcudigitaladops.com\/hosted\/global.js":1,"misc\/jquery.js":1,"misc\/jquery.once.js":1,"0":1,"http:\/\/www.googletagservices.com\/tag\/js\/gpt.js":1,"misc\/drupal.js":1,"\/\/www.nbcudigitaladops.com\/hosted\/global_header.js":1,"misc\/ui\/jquery.ui.core.min.js":1,"misc\/jquery.ba-bbq.js":1,"modules\/overlay\/overlay-parent.js":1,"1":1,"modules\/contextual\/contextual.js":1,"misc\/jquery.cookie.js":1,"misc\/jquery.form.js":1,"misc\/form.js":1,"misc\/ajax.js":1,"2":1,"profiles\/all\/modules\/contrib\/fb\/fb.js":1,"profiles\/all\/modules\/contrib\/environment_indicator\/tinycon.min.js":1,"profiles\/all\/modules\/contrib\/environment_indicator\/environment_indicator.js":1,"profiles\/all\/modules\/contrib\/environment_indicator\/color.js":1,"profiles\/all\/modules\/contrib\/admin_menu\/admin_menu.js":1,"3":1,"profiles\/all\/modules\/contrib\/fb\/fb_stream.js":1,"profiles\/all\/modules\/contrib\/adminimal_admin_menu\/adminimal_admin_menu.js":1,"misc\/progress.js":1,"profiles\/all\/modules\/custom\/pub_sps\/pub_sps.js":1},"css":{"modules\/system\/system.base.css":1,"modules\/system\/system.menus.css":1,"modules\/system\/system.messages.css":1,"modules\/system\/system.theme.css":1,"misc\/ui\/jquery.ui.core.css":1,"misc\/ui\/jquery.ui.theme.css":1,"modules\/overlay\/overlay-parent.css":1,"modules\/contextual\/contextual.css":1,"profiles\/all\/modules\/contrib\/media_theplatform_mpx\/css\/media_theplatform_mpx.css":1,"profiles\/all\/modules\/contrib\/date\/date_api\/date.css":1,"profiles\/all\/modules\/contrib\/date\/date_popup\/themes\/datepicker.1.7.css":1,"profiles\/all\/modules\/contrib\/entityreference_live_preview\/entityreference_live_preview.css":1,"profiles\/all\/modules\/contrib\/environment_indicator\/environment_indicator.css":1,"modules\/field\/theme\/field.css":1,"profiles\/all\/modules\/contrib\/iib\/css\/iib.css":1,"modules\/node\/node.css":1,"modules\/user\/user.css":1,"profiles\/all\/modules\/custom\/pub_social\/pub_social.css":1,"profiles\/all\/modules\/contrib\/views\/css\/views.css":1,"profiles\/all\/modules\/contrib\/admin_menu\/admin_menu.css":1,"profiles\/all\/modules\/contrib\/admin_menu\/admin_menu.uid1.css":1,"profiles\/all\/modules\/contrib\/ctools\/css\/ctools.css":1,"profiles\/all\/modules\/contrib\/adminimal_admin_menu\/adminimal_admin_menu.css":1,"profiles\/all\/modules\/contrib\/sps\/css\/sps.css":1,"profiles\/all\/modules\/custom\/pub_sps\/pub_sps.css":1,"themes\/bartik\/css\/layout.css":1,"themes\/bartik\/css\/style.css":1,"themes\/bartik\/css\/colors.css":1,"themes\/bartik\/css\/print.css":1,"themes\/bartik\/css\/ie.css":1,"themes\/bartik\/css\/ie6.css":1}},"overlay":{"paths":{"admin":"node\/*\/clone\/*\nfield-collection\/*\/*\/edit\nfield-collection\/*\/*\/delete\nfield-collection\/*\/add\/*\/*\nfile\/add\nfile\/add\/*\nfile\/*\/edit\nfile\/*\/usage\nfile\/*\/delete\nfile\/*\/schedule\nfile\/*\/schedule\/add\nfocal_point\/test-drive\nmedia\/*\/edit\/*\nmedia\/browser\nmedia\/browser\/*\nnode\/*\/edit\nnode\/*\/delete\nnode\/*\/revisions\nnode\/*\/revisions\/*\/revert\nnode\/*\/revisions\/*\/delete\nnode\/add\nnode\/add\/*\noverlay\/dismiss-message\nnode\/*\/revisions\/schedule\nnode\/*\/revisions\/schedule\/add\nnode\/*\/moderation\/schedule\nnode\/*\/moderation\/schedule\/add\nrevision-scheduler\/*\nuser\/*\/shortcuts\nnode\/*\/workflow\nnode\/*\/revisions\/*\/edit\nnode\/*\/revisions\/*\/workflow\nnode\/*\/revisions\/*\/workflow\/*\nnode\/*\/state-flow-history\nnode\/*\/revisions-state-flow-states\nadmin\nadmin\/*\nbatch\ntaxonomy\/term\/*\/edit\nuser\/*\/cancel\nuser\/*\/edit\nuser\/*\/edit\/*\nnode\/*\/share\nnode\/*\/share\/*\nnode\/*\/revisions\/view\/*\/*","non_admin":"admin\/structure\/block\/demo\/*\nadmin\/reports\/status\/php"},"pathPrefixes":[],"ajaxCallback":"overlay-ajax"},"environment_indicator":{"addFavicon":true,"faviconLabel":"D","faviconColor":"#0000CC","faviconTextColor":"#ffffff","toolbar-color":"#0000CC","toolbar-text-color":"#ffffff","environment-indicator-name":"\u003Cdiv class=\u0022environment-indicator-name\u0022\u003EDEV SERVER\u003C\/div\u003E"},"ajax":{"edit-active-condition-container-active-condition-selector":{"callback":"sps_wrapper_condition_ajax_callback","wrapper":"active-condition-container-wrapper","method":"replaceWith","effect":"fade","event":"change","url":"\/system\/ajax","submit":{"_triggering_element_name":"active-condition-container[active-condition-selector]"}}},"tableHeaderOffset":"Drupal.admin.height","admin_menu":{"destination":"destination=node","hash":"8a0c6bf13fe37afaff85b6c912a0367b","basePath":"\/admin_menu","margin_top":1,"position_fixed":1}});
</script>
<style type="text/css">.fb_hidden{position:absolute;top:-10000px;z-index:10001}
.fb_invisible{display:none}
.fb_reset{background:none;border:0;border-spacing:0;color:#000;cursor:auto;direction:ltr;font-family:"lucida grande", tahoma, verdana, arial, sans-serif;font-size:11px;font-style:normal;font-variant:normal;font-weight:normal;letter-spacing:normal;line-height:1;margin:0;overflow:visible;padding:0;text-align:left;text-decoration:none;text-indent:0;text-shadow:none;text-transform:none;visibility:visible;white-space:normal;word-spacing:normal}
.fb_reset > div{overflow:hidden}
.fb_link img{border:none}
.fb_dialog{background:rgba(82, 82, 82, .7);position:absolute;top:-10000px;z-index:10001}
.fb_dialog_advanced{padding:10px;-moz-border-radius:8px;-webkit-border-radius:8px;border-radius:8px}
.fb_dialog_content{background:#fff;color:#333}
.fb_dialog_close_icon{background:url(http://static.ak.fbcdn.net/rsrc.php/v2/yq/r/IE9JII6Z1Ys.png) no-repeat scroll 0 0 transparent;_background-image:url(http://static.ak.fbcdn.net/rsrc.php/v2/yL/r/s816eWC-2sl.gif);cursor:pointer;display:block;height:15px;position:absolute;right:18px;top:17px;width:15px;top:8px\9;right:7px\9}
.fb_dialog_mobile .fb_dialog_close_icon{top:5px;left:5px;right:auto}
.fb_dialog_padding{background-color:transparent;position:absolute;width:1px;z-index:-1}
.fb_dialog_close_icon:hover{background:url(http://static.ak.fbcdn.net/rsrc.php/v2/yq/r/IE9JII6Z1Ys.png) no-repeat scroll 0 -15px transparent;_background-image:url(http://static.ak.fbcdn.net/rsrc.php/v2/yL/r/s816eWC-2sl.gif)}
.fb_dialog_close_icon:active{background:url(http://static.ak.fbcdn.net/rsrc.php/v2/yq/r/IE9JII6Z1Ys.png) no-repeat scroll 0 -30px transparent;_background-image:url(http://static.ak.fbcdn.net/rsrc.php/v2/yL/r/s816eWC-2sl.gif)}
.fb_dialog_loader{background-color:#f2f2f2;border:1px solid #606060;font-size:24px;padding:20px}
.fb_dialog_top_left,
.fb_dialog_top_right,
.fb_dialog_bottom_left,
.fb_dialog_bottom_right{height:10px;width:10px;overflow:hidden;position:absolute}
.fb_dialog_top_left{background:url(http://static.ak.fbcdn.net/rsrc.php/v2/ye/r/8YeTNIlTZjm.png) no-repeat 0 0;left:-10px;top:-10px}
.fb_dialog_top_right{background:url(http://static.ak.fbcdn.net/rsrc.php/v2/ye/r/8YeTNIlTZjm.png) no-repeat 0 -10px;right:-10px;top:-10px}
.fb_dialog_bottom_left{background:url(http://static.ak.fbcdn.net/rsrc.php/v2/ye/r/8YeTNIlTZjm.png) no-repeat 0 -20px;bottom:-10px;left:-10px}
.fb_dialog_bottom_right{background:url(http://static.ak.fbcdn.net/rsrc.php/v2/ye/r/8YeTNIlTZjm.png) no-repeat 0 -30px;right:-10px;bottom:-10px}
.fb_dialog_vert_left,
.fb_dialog_vert_right,
.fb_dialog_horiz_top,
.fb_dialog_horiz_bottom{position:absolute;background:#525252;filter:alpha(opacity=70);opacity:.7}
.fb_dialog_vert_left,
.fb_dialog_vert_right{width:10px;height:100%}
.fb_dialog_vert_left{margin-left:-10px}
.fb_dialog_vert_right{right:0;margin-right:-10px}
.fb_dialog_horiz_top,
.fb_dialog_horiz_bottom{width:100%;height:10px}
.fb_dialog_horiz_top{margin-top:-10px}
.fb_dialog_horiz_bottom{bottom:0;margin-bottom:-10px}
.fb_dialog_iframe{line-height:0}
.fb_dialog_content .dialog_title{background:#6d84b4;border:1px solid #3b5998;color:#fff;font-size:14px;font-weight:bold;margin:0}
.fb_dialog_content .dialog_title > span{background:url(http://static.ak.fbcdn.net/rsrc.php/v2/yd/r/Cou7n-nqK52.gif)
no-repeat 5px 50%;float:left;padding:5px 0 7px 26px}
body.fb_hidden{-webkit-transform:none;height:100%;margin:0;overflow:visible;position:absolute;top:-10000px;left:0;width:100%}
.fb_dialog.fb_dialog_mobile.loading{background:url(http://static.ak.fbcdn.net/rsrc.php/v2/ya/r/3rhSv5V8j3o.gif)
white no-repeat 50% 50%;min-height:100%;min-width:100%;overflow:hidden;position:absolute;top:0;z-index:10001}
.fb_dialog.fb_dialog_mobile.loading.centered{max-height:590px;min-height:590px;max-width:500px;min-width:500px}
#fb-root #fb_dialog_ipad_overlay{background:rgba(0, 0, 0, .45);position:absolute;left:0;top:0;width:100%;min-height:100%;z-index:10000}
#fb-root #fb_dialog_ipad_overlay.hidden{display:none}
.fb_dialog.fb_dialog_mobile.loading iframe{visibility:hidden}
.fb_dialog_content .dialog_header{-webkit-box-shadow:white 0 1px 1px -1px inset;background:-webkit-gradient(linear, 0% 0%, 0% 100%, from(#738ABA), to(#2C4987));border-bottom:1px solid;border-color:#1d4088;color:#fff;font:14px Helvetica, sans-serif;font-weight:bold;text-overflow:ellipsis;text-shadow:rgba(0, 30, 84, .296875) 0 -1px 0;vertical-align:middle;white-space:nowrap}
.fb_dialog_content .dialog_header table{-webkit-font-smoothing:subpixel-antialiased;height:43px;width:100%
}
.fb_dialog_content .dialog_header td.header_left{font-size:12px;padding-left:5px;vertical-align:middle;width:60px
}
.fb_dialog_content .dialog_header td.header_right{font-size:12px;padding-right:5px;vertical-align:middle;width:60px
}
.fb_dialog_content .touchable_button{background:-webkit-gradient(linear, 0% 0%, 0% 100%, from(#4966A6),
color-stop(0.5, #355492), to(#2A4887));border:1px solid #29447e;-webkit-background-clip:padding-box;-webkit-border-radius:3px;-webkit-box-shadow:rgba(0, 0, 0, .117188) 0 1px 1px inset,
rgba(255, 255, 255, .167969) 0 1px 0;display:inline-block;margin-top:3px;max-width:85px;line-height:18px;padding:4px 12px;position:relative}
.fb_dialog_content .dialog_header .touchable_button input{border:none;background:none;color:#fff;font:12px Helvetica, sans-serif;font-weight:bold;margin:2px -12px;padding:2px 6px 3px 6px;text-shadow:rgba(0, 30, 84, .296875) 0 -1px 0}
.fb_dialog_content .dialog_header .header_center{color:#fff;font-size:16px;font-weight:bold;line-height:18px;text-align:center;vertical-align:middle}
.fb_dialog_content .dialog_content{background:url(http://static.ak.fbcdn.net/rsrc.php/v2/y9/r/jKEcVPZFk-2.gif) no-repeat 50% 50%;border:1px solid #555;border-bottom:0;border-top:0;height:150px}
.fb_dialog_content .dialog_footer{background:#f2f2f2;border:1px solid #555;border-top-color:#ccc;height:40px}
#fb_dialog_loader_close{float:left}
.fb_dialog.fb_dialog_mobile .fb_dialog_close_button{text-shadow:rgba(0, 30, 84, .296875) 0 -1px 0}
.fb_dialog.fb_dialog_mobile .fb_dialog_close_icon{visibility:hidden}
.fb_iframe_widget{display:inline-block;position:relative}
.fb_iframe_widget span{display:inline-block;position:relative;text-align:justify}
.fb_iframe_widget iframe{position:absolute}
.fb_iframe_widget_lift{z-index:1}
.fb_hide_iframes iframe{position:relative;left:-10000px}
.fb_iframe_widget_loader{position:relative;display:inline-block}
.fb_iframe_widget_fluid{display:inline}
.fb_iframe_widget_fluid span{width:100%}
.fb_iframe_widget_loader iframe{min-height:32px;z-index:2;zoom:1}
.fb_iframe_widget_loader .FB_Loader{background:url(http://static.ak.fbcdn.net/rsrc.php/v2/y9/r/jKEcVPZFk-2.gif) no-repeat;height:32px;width:32px;margin-left:-16px;position:absolute;left:50%;z-index:4}
.fb_connect_bar_container div,
.fb_connect_bar_container span,
.fb_connect_bar_container a,
.fb_connect_bar_container img,
.fb_connect_bar_container strong{background:none;border-spacing:0;border:0;direction:ltr;font-style:normal;font-variant:normal;letter-spacing:normal;line-height:1;margin:0;overflow:visible;padding:0;text-align:left;text-decoration:none;text-indent:0;text-shadow:none;text-transform:none;visibility:visible;white-space:normal;word-spacing:normal;vertical-align:baseline}
.fb_connect_bar_container{position:fixed;left:0 !important;right:0 !important;height:42px !important;padding:0 25px !important;margin:0 !important;vertical-align:middle !important;border-bottom:1px solid #333 !important;background:#3b5998 !important;z-index:99999999 !important;overflow:hidden !important}
.fb_connect_bar_container_ie6{position:absolute;top:expression(document.compatMode=="CSS1Compat"? document.documentElement.scrollTop+"px":body.scrollTop+"px")}
.fb_connect_bar{position:relative;margin:auto;height:100%;width:100%;padding:6px 0 0 0 !important;background:none;color:#fff !important;font-family:"lucida grande", tahoma, verdana, arial, sans-serif !important;font-size:13px !important;font-style:normal !important;font-variant:normal !important;font-weight:normal !important;letter-spacing:normal !important;line-height:1 !important;text-decoration:none !important;text-indent:0 !important;text-shadow:none !important;text-transform:none !important;white-space:normal !important;word-spacing:normal !important}
.fb_connect_bar a:hover{color:#fff}
.fb_connect_bar .fb_profile img{height:30px;width:30px;vertical-align:middle;margin:0 6px 5px 0}
.fb_connect_bar div a,
.fb_connect_bar span,
.fb_connect_bar span a{color:#bac6da;font-size:11px;text-decoration:none}
.fb_connect_bar .fb_buttons{float:right;margin-top:7px}
.fb_edge_widget_with_comment{position:relative;*z-index:1000}
.fb_edge_widget_with_comment span.fb_edge_comment_widget{position:absolute}
.fb_edge_widget_with_comment span.fb_send_button_form_widget{z-index:1}
.fb_edge_widget_with_comment span.fb_send_button_form_widget .FB_Loader{left:0;top:1px;margin-top:6px;margin-left:0;background-position:50% 50%;background-color:#fff;height:150px;width:394px;border:1px #666 solid;border-bottom:2px solid #283e6c;z-index:1}
.fb_edge_widget_with_comment span.fb_send_button_form_widget.dark .FB_Loader{background-color:#000;border-bottom:2px solid #ccc}
.fb_edge_widget_with_comment span.fb_send_button_form_widget.siderender
.FB_Loader{margin-top:0}
.fbpluginrecommendationsbarleft,
.fbpluginrecommendationsbarright{position:fixed !important;bottom:0;z-index:999}
.fbpluginrecommendationsbarleft{left:10px}
.fbpluginrecommendationsbarright{right:10px}</style><link type="image/x-icon" rel="icon" href="data:image/png;base64,iVBORw0KGgoAAAANSUhEUgAAABAAAAAQCAYAAAAf8/9hAAACXElEQVQ4T2NkwAOUyle+uPfkjS/D0uzTuJQx4pLQqlgzwd9WL79984UfDF/euDEsyTqMTS2mAaET5UpDrY8n2qlLBS64yHDz9TcGhj+/GBi+vr/A8ON9AsOSvIvIBqEY4NG9Pbk9wnK2ihgP48RDjxlqdtxGtfTn538Mn14XMCzKmAyTgBvgO3nvpHmJNrk///xnKN58i2HVhRcM/7G5+fd3Bob3TwsZFmdNAElDDAidJFqX4PZCmI+LqWv/fYanH3/iC1sGhjcP3jG8eKbKsLPhHcSApPl7GASlnfHrQpJ9+5CB4fPrDoa1VZUQAzJWvmTgFhTDaUCvEA4pE0aIAVlr/jBw8jFjUzVF0YAhO1sULvX3LwPDqVNfGaysboDFIAbkrP3LwM7LBGJysTIxxJlIMYTpizMcuveeQeQ2H9iA589/g7GODicDGxsjw+rV7xnCwu5BDchc+YiBS1AWZECjmxJDnZsy3MapU1+DDViy5B1DbOx9hoQEYYY5cxQY3r37w6CsfBlqQMqC1Qz8UiEgXbfKrRhURbkxDIDZyAt06IMHegxcXEwMxsbXoAZETtFm4OE7xcAjytXkocJQ66YCNuDak7cM+zf+Q3GBjAwrw82bOgz//jEgGQBSHdLpzMDMupOJmYFZW0aYgYuNleHk3RcMU6xjwAZcvvyd4ezZbwz29rwMiopsDLt3f2Jwc7sNdQHMwWEd7gz/GWcysLDKg4SirTUYLBlMUGLhPzB5njjxlcHd/RbDZ2DKxsxMflXiDBwCyQyMTBYMDP+MFUT5uR5MEeHHnhCCmQBGJc5pAKydoAAAAABJRU5ErkJggg=="></head>
<body class="html front logged-in one-sidebar sidebar-first page-node adminimal-menu menu-render-collapsed admin-menu">
  <div id="skip-link">
    <a href="#main-content" class="element-invisible element-focusable">Skip to main content</a>
  </div>
    <div class="region region-page-top">
    <div class="iib page-iib hidden"><div class="sps-preview-form clearfix"><form action="/" method="post" id="sps-condition-preview-form" accept-charset="UTF-8"><div><div class="sps-preview-form-title">Site Preview</div><div id="active-condition-container-wrapper"><div id="edit-active-condition-container" class="form-wrapper"><div class="form-item form-type-select form-item-active-condition-container-active-condition-selector">
  <label for="edit-active-condition-container-active-condition-selector">Select a Condition <span class="form-required" title="This field is required.">*</span></label>
 <select id="edit-active-condition-container-active-condition-selector" name="active-condition-container[active-condition-selector]" class="form-select required ajax-processed"><option value="" selected="selected">- Select -</option><option value="date_condition">Site as of ...</option></select>
</div>
</div></div><fieldset class="sps-preview-buttons form-wrapper" id="edit-buttons"><div class="fieldset-wrapper"><input type="submit" id="edit-preview" name="op" value="Enable Preview" class="form-submit"></div></fieldset>
<input type="hidden" name="form_build_id" value="form-7YBwzCFpsPwBuve27wSElaE4rqh7y0p6d1P3MqsOlok">
<input type="hidden" name="form_token" value="zhBq_a1id8dzEcg6gaDF0Q4DyXvFvvQJiUSccJe4U1Q">
<input type="hidden" name="form_id" value="sps_condition_preview_form">
</div></form></div></div><div id="overlay-disable-message" class="clearfix"><h3 class="element-invisible">Options for the administrative overlay</h3><a href="/user/1/edit?destination=node#edit-overlay-control" id="overlay-profile-link" class="overlay-exclude element-invisible">If you have problems accessing administrative pages on this site, disable the overlay on your profile page.</a> <a href="/overlay/dismiss-message?destination=node&amp;token=tA_URSsmS8oSTh6Yo3hjpu0c1eiGbOAjBcwVPuebVxA" id="overlay-dismiss-message" class="overlay-exclude element-invisible">Dismiss this message.</a></div>  </div>
  <div id="page-wrapper"><div id="page">

  <div id="header" class="with-secondary-menu"><div class="section clearfix">

          <a href="/" title="Home" rel="home" id="logo">
        <img src="http://qa5dev.publisher.nbcuni.com/themes/bartik/logo.png" alt="Home">
      </a>
    
          <div id="name-and-slogan">

                              <div id="site-name">
              <strong>
                <a href="/" title="Home" rel="home"><span>Site-Install</span></a>
              </strong>
            </div>
                  
        
      </div> <!-- /#name-and-slogan -->
    
    
          <div id="main-menu" class="navigation">
        <h2 class="element-invisible">Main menu</h2><ul id="main-menu-links" class="links clearfix"><li class="menu-457 first last active"><a href="/" class="active">Home</a></li>
</ul>      </div> <!-- /#main-menu -->
    
          <div id="secondary-menu" class="navigation">
        <h2 class="element-invisible">Secondary menu</h2><ul id="secondary-menu-links" class="links inline clearfix"><li class="menu-2 first"><a href="/user">My account</a></li>
<li class="menu-12 last"><a href="/user/logout">Log out</a></li>
</ul>      </div> <!-- /#secondary-menu -->
    
  </div></div> <!-- /.section, /#header -->

  
  
  <div id="main-wrapper" class="clearfix"><div id="main" class="clearfix">

    
          <div id="sidebar-first" class="column sidebar"><div class="section">
          <div class="region region-sidebar-first">
    <div id="block-dfp-aaaaatestgpt" class="block block-dfp contextual-links-region">

    <div class="contextual-links-wrapper contextual-links-processed"><a class="contextual-links-trigger" href="#">Configure</a><ul class="contextual-links"><li class="dfp- first"><a href="/admin/structure/dfp_ads/list/aaaaatestgpt/edit?destination=node">Edit DFP ad tag</a></li>
<li class="block-configure last"><a href="/admin/structure/block/manage/dfp/aaaaatestgpt/configure?destination=node">Configure block</a></li>
</ul></div>
  <div class="content">
    <div id="dfp-ad-aaaaatestgpt-wrapper" class="dfp-tag-wrapper">
<div id="dfp-ad-aaaaatestgpt" class="dfp-tag-wrapper">
    <script type="text/javascript">
    googletag.cmd.push(function() {
      googletag.display("dfp-ad-aaaaatestgpt");
    });
  </script><div id="google_ads_iframe_nbcu/Test_AdUnit_Pattern_0__container__" style="border: 0pt none;"><iframe id="google_ads_iframe_nbcu/Test_AdUnit_Pattern_0" name="google_ads_iframe_nbcu/Test_AdUnit_Pattern_0" width="300" height="250" scrolling="no" marginwidth="0" marginheight="0" frameborder="0" src="javascript:&quot;<html><body style='background:transparent'></body></html>&quot;" style="border: 0px; vertical-align: bottom;"></iframe></div><iframe id="google_ads_iframe_nbcu/Test_AdUnit_Pattern_0__hidden__" name="google_ads_iframe_nbcu/Test_AdUnit_Pattern_0__hidden__" width="0" height="0" scrolling="no" marginwidth="0" marginheight="0" frameborder="0" src="javascript:&quot;<html><body style='background:transparent'></body></html>&quot;" style="border: 0px; vertical-align: bottom; visibility: hidden; display: none;"></iframe>
</div>
</div>  </div>
</div>
<div id="block-system-navigation" class="block block-system contextual-links-region block-menu">

    <h2>Navigation</h2>
  <div class="contextual-links-wrapper contextual-links-processed"><a class="contextual-links-trigger" href="#">Configure</a><ul class="contextual-links"><li class="menu-list first"><a href="/admin/structure/menu/manage/navigation/list?destination=node">List links</a></li>
<li class="menu-edit"><a href="/admin/structure/menu/manage/navigation/edit?destination=node">Edit menu</a></li>
<li class="block-configure last"><a href="/admin/structure/block/manage/system/navigation/configure?destination=node">Configure block</a></li>
</ul></div>
  <div class="content">
    <ul class="menu clearfix"><li class="first collapsed"><a href="/node/add">Add content</a></li>
<li class="last leaf"><a href="/file/add">Add file</a></li>
</ul>  </div>
</div>
  </div>
      </div></div> <!-- /.section, /#sidebar-first -->
    
    <div id="content" class="column"><div class="section">
            <a id="main-content"></a>
                    <h1 class="title" id="page-title">
          Welcome to Site-Install        </h1>
                          <div class="tabs">
                  </div>
                          <div class="region region-content">
    <div id="block-system-main" class="block block-system">

    
  <div class="content">
    <div id="first-time"><p>No front page content has been created yet.</p><div class="item-list"><ul><li class="first last"><a href="/node/add">Add new content</a></li>
</ul></div></div>  </div>
</div>
  </div>
      
    </div></div> <!-- /.section, /#content -->

    
  </div></div> <!-- /#main, /#main-wrapper -->

  
  <div id="footer-wrapper"><div class="section">

    
    
  </div></div> <!-- /.section, /#footer-wrapper -->

</div></div> <!-- /#page, /#page-wrapper -->
    <div class="region region-page-bottom">
    <div id="fb-root" class="fb_module fb_reset"><script async="" src="http://connect.facebook.net/en_US/all.js"></script><div style="position: absolute; top: -10000px; height: 0px; width: 0px;"><div></div></div><div style="position: absolute; top: -10000px; height: 0px; width: 0px;"><div><iframe name="fb_xdm_frame_http" frameborder="0" allowtransparency="true" scrolling="no" id="fb_xdm_frame_http" aria-hidden="true" title="Facebook Cross Domain Communication Frame" tab-index="-1" src="http://static.ak.facebook.com/connect/xd_arbiter.php?version=28#channel=f7f1b4f6c&amp;channel_path=%2Ffb%2Fchannel%3Ffb_xd_fragment%23xd_sig%3Df16152ba04%26&amp;origin=http%3A%2F%2Fqa5dev.publisher.nbcuni.com" style="border: none;"></iframe><iframe name="fb_xdm_frame_https" frameborder="0" allowtransparency="true" scrolling="no" id="fb_xdm_frame_https" aria-hidden="true" title="Facebook Cross Domain Communication Frame" tab-index="-1" src="https://s-static.ak.facebook.com/connect/xd_arbiter.php?version=28#channel=f7f1b4f6c&amp;channel_path=%2Ffb%2Fchannel%3Ffb_xd_fragment%23xd_sig%3Df16152ba04%26&amp;origin=http%3A%2F%2Fqa5dev.publisher.nbcuni.com" style="border: none;"></iframe></div></div></div>
<script type="text/javascript">
  jQuery.extend(Drupal.settings, {"fb":{"base_url":"http:\/\/qa5dev.publisher.nbcuni.com","ajax_event_url":"http:\/\/qa5dev.publisher.nbcuni.com\/fb\/ajax","is_anonymous":false,"fb_init_settings":{"xfbml":false,"status":false,"oauth":true,"cookie":true,"channelUrl":"http:\/\/qa5dev.publisher.nbcuni.com\/fb\/channel"},"test_login_status":true,"get_login_status":true,"controls":"","js_sdk_url":"http:\/\/connect.facebook.net\/en_US\/all.js"}});

if (typeof(FB) == 'undefined') {
  var e = document.createElement('script');
  e.async = true;
  e.src = Drupal.settings.fb.js_sdk_url;
  document.getElementById('fb-root').appendChild(e);
}



</script>
<!-- SiteCatalyst code version: H 24.
Copyright 1996-2013 Adobe, Inc. -->
<script type="text/javascript" language="JavaScript">var s_account="pub7";</script>
<script type="text/javascript" language="JavaScript" src="/profiles/all/modules/custom/pub_analytics/js/s_code.js?mykxn2"></script>
<script type="text/javascript" language="JavaScript"><!--
s.contextData["tve_platform"] = jQuery.browser.mobile ? "Mobile" : "PC";if(document.domain.indexOf("nbcuxd.com") > -1 || location.href.indexOf("/now") > -1 || document.domain.indexOf("nbcuni.com") > -1) {  s_account = Drupal.settings.analytics.tveSuiteId;}
s.pageName="Welcome to Site-Install";
s.channel="node";
s.linkInternalFilters="javascript:,this-site.com";
s.prop1="authenticated user, administrator";
s.prop2="node";
s.prop3="";
s.prop4="Welcome to Site-Install";
s.prop6="http://qa5dev.publisher.nbcuni.com/node";
s.contextData["tve_domain"]="";
s.contextData["tve_date"]="12-29-2013";
s.contextData["tve_day"]="Sunday";
s.contextData["tve_hour"]="17";
s.contextData["tve_minute"]="17:54";
s.prop8="Operations";
s.prop9="NBCUOTS";
/************* DO NOT ALTER ANYTHING BELOW THIS LINE ! **************/
var s_code=s.t();if(s_code)document.write(s_code)//--></script>
<script language="JavaScript" type="text/javascript"><!--
if(navigator.appVersion.indexOf('MSIE')>=0)document.write(unescape('%3C')+'\!-'+'-')
//--></script><noscript>&lt;a href="http://www.omniture.com" title="Web Analytics"&gt;&lt;img src="/5874177"
height="1" width="1" border="0" alt="" /&gt;&lt;/a&gt;</noscript><!--/DO NOT REMOVE/-->
<!-- End SiteCatalyst code version: H 24. -->
  </div>
<script src="//www.nbcudigitaladops.com/hosted/global.js"></script><script src="//www.nbcudigitaladops.com/hosted/site.js?h=qa5dev_publisher_nbcuni_com"></script><script>var __referreradops={init:function(){if(!top.__nbcudigitaladops_header){return false}this.sitefilter=['google.com','go','ask.com','as','aol.com','ao','yahoo.com','ya'];this.h=top.__nbcudigitaladops_header;this.drt_r='ref';this.rcode='';this.loadReferrerData();if(this.rcode!=''){this.populateDartTags()}},loadReferrerData:function(){var r=document.referrer,dlen='',ref='';r=r.replace(/^https*:\/\//i,'');r=r.split('/')[0];r=r.split('.');if(r.length>1){ref=r[r.length-2]+'.'+r[r.length-1];dlen=r[r.length-2].length}this.ref=ref;var f=this.sitefilter;for(var x=0;x<f.length;x+=2){if(f[x].toLowerCase()==this.ref){this.rcode=f[x+1]+dlen}}},populateDartTags:function(){this.h.dtprm(this.drt_r+'='+this.rcode+';')}};__referreradops.init();</script><script> var __cs_c1 = 2; var __cs_c2 = "1000004"; var __cs_c3 = ""; var __cs_c4 = ""; var __cs_c5 = ""; var __cs_c6 = ""; var __cs_c15 = ""; var __cs_params = ["c1=", __cs_c1, "&c2=", __cs_c2, "&c3=", __cs_c3, "&c4=", __cs_c4, "&c5=", __cs_c5, "&c6=", __cs_c6, "&c15=", __cs_c15].join(''); document.write(unescape("%3Cscript src='" + (document.location.protocol == "https:" ? "https://sb" : "http://b") + ".scorecardresearch.com/beacon.js?" + __cs_params +"' %3E%3C/script%3E")); </script><script src="http://b.scorecardresearch.com/beacon.js?c1=2&amp;c2=1000004&amp;c3=&amp;c4=&amp;c5=&amp;c6=&amp;c15="></script> <noscript> &lt;img src="http://b.scorecardresearch.com/b?c1=2&amp;c2=1000004&amp;c3=&amp;c4=&amp;c5=&amp;c6=&amp;c15=&amp;cv=1.3&amp;cj=1" style="display:none" width="0" height="0" alt="" /&gt; </noscript><img src="//www.nbcudigitaladops.com/hosted/housepix.gif" width="0" height="0" style="display:none"><script type="text/javascript">  (function () {    var d = new Image(1, 1);    d.onerror = d.onload = function () {      d.onerror = d.onload = null;    };    d.src = ["//secure-us.imrworldwide.com/cgi-bin/m?ci=us-503541h&cg=0&cc=1&si=", escape(window.location.href), "&rp=", escape(document.referrer), "&ts=compact&rnd=", (new Date()).getTime()].join('');  })();</script>
<script type="text/javascript">if(!NREUMQ.f){NREUMQ.f=function(){NREUMQ.push(["load",new Date().getTime()]);var e=document.createElement("script");e.type="text/javascript";e.src=(("http:"===document.location.protocol)?"http:":"https:")+"//"+"js-agent.newrelic.com/nr-100.js";document.body.appendChild(e);if(NREUMQ.a)NREUMQ.a();};NREUMQ.a=window.onload;window.onload=NREUMQ.f;};NREUMQ.push(["nrfj","beacon-2.newrelic.com","9aa6ad99d0","2324574","NQMHNUNZXUEHVBIMCgxJJAJFUVxcSVkJAQA9FgQGVGdXVwBWEwkR",0,119,new Date().getTime(),"","","","",""]);</script>
<script type="text/javascript" src="http://js-agent.newrelic.com/nr-100.js"></script><script type="text/javascript" src="http://beacon-2.newrelic.com/1/9aa6ad99d0?a=2324574&amp;be=251&amp;qt=0&amp;ap=119&amp;dc=114&amp;fe=178&amp;to=NQMHNUNZXUEHVBIMCgxJJAJFUVxcSVkJAQA9FgQGVGdXVwBWEwkR&amp;v=42&amp;jsonp=NREUM.setToken&amp;perf=%7B%22timing%22%3A%7B%22of%22%3A1388339663430%2C%20%22n%22%3A0%2C%20%22u%22%3A245%2C%20%22ue%22%3A245%2C%20%22dl%22%3A250%2C%20%22di%22%3A365%2C%20%22ds%22%3A365%2C%20%22de%22%3A381%2C%20%22dc%22%3A427%2C%20%22l%22%3A427%2C%20%22le%22%3A429%2C%20%22f%22%3A0%2C%20%22dn%22%3A0%2C%20%22dne%22%3A0%2C%20%22c%22%3A0%2C%20%22ce%22%3A0%2C%20%22rq%22%3A2%2C%20%22rp%22%3A230%2C%20%22rpe%22%3A317%7D%2C%20%22navigation%22%3A%7B%7D%7D"></script></body></html> / Expected Result: googletag.slots.test_gpt = googletag.defineSlot("nbcu/Test_AdUnit_Pattern", [300, 250], "dfp-ad-test_gpt")   .addService(googletag.pubads());
	at org.testng.Assert.fail(Assert.java:94)
	at com.nbcuni.test.lib.Util.verifyTextContainsExpectedText(Util.java:884)
	at com.nbcuni.test.publisher.pageobjects.Blocks.VerifyScriptSourceInPage(Blocks.java:81)
	at com.nbcuni.test.publisher.tests.Advertising.GooglePublisherTagsGPT.GPTTagsVerification.GPTTagsVerification(GPTTagsVerification.java:100)
	at sun.reflect.NativeMethodAccessorImpl.invoke0(Native Method)
	at sun.reflect.NativeMethodAccessorImpl.invoke(NativeMethodAccessorImpl.java:57)
	at sun.reflect.DelegatingMethodAccessorImpl.invoke(DelegatingMethodAccessorImpl.java:43)
	at java.lang.reflect.Method.invoke(Method.java:606)
	at org.testng.internal.MethodInvocationHelper.invokeMethod(MethodInvocationHelper.java:84)
	at org.testng.internal.Invoker.invokeMethod(Invoker.java:714)
	at org.testng.internal.Invoker.invokeTestMethod(Invoker.java:901)
	at org.testng.internal.Invoker.invokeTestMethods(Invoker.java:1231)
	at org.testng.internal.TestMethodWorker.invokeTestMethods(TestMethodWorker.java:127)
	at org.testng.internal.TestMethodWorker.run(TestMethodWorker.java:111)
	at java.util.concurrent.ThreadPoolExecutor.runWorker(ThreadPoolExecutor.java:1145)
	at java.util.concurrent.ThreadPoolExecutor$Worker.run(ThreadPoolExecutor.java:615)
	at java.lang.Thread.run(Thread.java:724)
]]>
    </error>
  </testcase> <!-- GPTTagsVerification -->
</testsuite> <!-- com.nbcuni.test.publisher.tests.Advertising.GooglePublisherTagsGPT.GPTTagsVerification -->
