<?xml version="1.0" encoding="UTF-8"?>
<!-- Generated by org.testng.reporters.JUnitReportReporter -->
<testsuite hostname="baclark77-mac1.home" name="com.nbcuni.test.publisher.tests.SocialIntegration.ImplementAutoPublishingToTwitter.SeeIt" tests="1" failures="0" timestamp="4 May 2014 20:52:25 GMT" time="29.648" errors="0">
  <testcase name="SeeIt_TC1060" time="29.648" classname="com.nbcuni.test.publisher.tests.SocialIntegration.ImplementAutoPublishingToTwitter.SeeIt"/>
</testsuite> <!-- com.nbcuni.test.publisher.tests.SocialIntegration.ImplementAutoPublishingToTwitter.SeeIt -->
