<?xml version="1.0" encoding="UTF-8"?>
<!-- Generated by org.testng.reporters.JUnitReportReporter -->
<testsuite hostname="BACLARK77-MAC1.local" name="com.nbcuni.test.publisher.tests.Video.DeIngestingMPXAccountsAndCorrespondingAssets.MPXAccountDeletion" tests="1" failures="0" timestamp="29 Jul 2014 23:53:47 GMT" time="2.734" errors="0">
  <testcase name="MPXAccountDeletion_TC1884" time="2.734" classname="com.nbcuni.test.publisher.tests.Video.DeIngestingMPXAccountsAndCorrespondingAssets.MPXAccountDeletion"/>
</testsuite> <!-- com.nbcuni.test.publisher.tests.Video.DeIngestingMPXAccountsAndCorrespondingAssets.MPXAccountDeletion -->
