<?xml version="1.0" encoding="UTF-8"?>
<!-- Generated by org.testng.reporters.JUnitReportReporter -->
<testsuite hostname="BACLARK77-MAC1.local" name="com.nbcuni.test.publisher.tests.Queues.DynamicQueues.RelatingTVShowsDynamicQueues" tests="1" failures="0" timestamp="20 Aug 2014 17:24:48 GMT" time="107.294" errors="0">
  <testcase name="RelatingTVShowsDynamicQueues_TC4389" time="107.294" classname="com.nbcuni.test.publisher.tests.Queues.DynamicQueues.RelatingTVShowsDynamicQueues"/>
</testsuite> <!-- com.nbcuni.test.publisher.tests.Queues.DynamicQueues.RelatingTVShowsDynamicQueues -->
