<?xml version="1.0" encoding="UTF-8"?>
<!-- Generated by org.testng.reporters.JUnitReportReporter -->
<testsuite hostname="new-host.home" name="com.nbcuni.test.publisher.contentbuildscripts.MPXPerformanceUpgrade.CreateVideos.CreateVideos" tests="1" failures="0" timestamp="17 Jun 2014 21:19:03 GMT" time="292.825" errors="0">
  <testcase name="Test" time="292.825" classname="com.nbcuni.test.publisher.contentbuildscripts.MPXPerformanceUpgrade.CreateVideos.CreateVideos"/>
</testsuite> <!-- com.nbcuni.test.publisher.contentbuildscripts.MPXPerformanceUpgrade.CreateVideos.CreateVideos -->
