<?xml version="1.0" encoding="UTF-8"?>
<!-- Generated by org.testng.reporters.JUnitReportReporter -->
<testsuite hostname="BACLARK77-MAC1.local" name="com.nbcuni.test.publisher.tests.ContentEntityCreationManagement.ContentandEntityManagement.LockContentWhenEditing.ContentLocking" tests="1" failures="0" timestamp="4 Jul 2014 14:08:17 GMT" time="72.667" errors="0">
  <testcase name="ContentLocking_Test" time="72.667" classname="com.nbcuni.test.publisher.tests.ContentEntityCreationManagement.ContentandEntityManagement.LockContentWhenEditing.ContentLocking"/>
</testsuite> <!-- com.nbcuni.test.publisher.tests.ContentEntityCreationManagement.ContentandEntityManagement.LockContentWhenEditing.ContentLocking -->
