<?xml version="1.0" encoding="UTF-8"?>
<!-- Generated by org.testng.reporters.JUnitReportReporter -->
<testsuite hostname="BACLARK77-MAC1.local" name="com.nbcuni.test.publisher.tests.Video.ScheduleMPXVideos.MPXVideosSchedulingVerificationInitialOverrides" tests="1" failures="0" timestamp="11 Feb 2014 13:57:29 GMT" time="50.845" errors="0">
  <testcase name="MPXVideosSchedulingVerificationInitialOverrides_Test" time="50.845" classname="com.nbcuni.test.publisher.tests.Video.ScheduleMPXVideos.MPXVideosSchedulingVerificationInitialOverrides"/>
</testsuite> <!-- com.nbcuni.test.publisher.tests.Video.ScheduleMPXVideos.MPXVideosSchedulingVerificationInitialOverrides -->
