<?xml version="1.0" encoding="UTF-8"?>
<!-- Generated by org.testng.reporters.JUnitReportReporter -->
<testsuite hostname="baclark77-mac1.home" name="com.nbcuni.test.publisher.tests.Video.CanonicalURLSupport.MPXCanonicalURLImportableURLAlias" tests="1" failures="0" timestamp="5 Feb 2014 18:11:39 GMT" time="175.057" errors="0">
  <testcase name="MPXCanonicalURLImportableURLAlias_Test" time="175.057" classname="com.nbcuni.test.publisher.tests.Video.CanonicalURLSupport.MPXCanonicalURLImportableURLAlias"/>
</testsuite> <!-- com.nbcuni.test.publisher.tests.Video.CanonicalURLSupport.MPXCanonicalURLImportableURLAlias -->
