<?xml version="1.0" encoding="UTF-8"?>
<!-- Generated by org.testng.reporters.JUnitReportReporter -->
<testsuite hostname="BACLARK77-MAC1.local" name="com.nbcuni.test.publisher.tests.Setup.A1_TestSetup" tests="1" failures="0" timestamp="26 Aug 2014 17:06:06 GMT" time="353.905" errors="0">
  <testcase name="TestSetup_Test" time="353.905" classname="com.nbcuni.test.publisher.tests.Setup.A1_TestSetup"/>
</testsuite> <!-- com.nbcuni.test.publisher.tests.Setup.A1_TestSetup -->
