<?xml version="1.0" encoding="UTF-8"?>
<!-- Generated by org.testng.reporters.JUnitReportReporter -->
<testsuite hostname="baclark77-mac1.home" name="com.nbcuni.test.publisher.tests.ContentEntityCreationManagement.ContentandEntityManagement.MyWorkbench.EditContentMyWorkbench" tests="1" failures="0" timestamp="9 Apr 2014 12:13:19 GMT" time="30.317" errors="0">
  <testcase name="EditContentMyWorkbench_Test" time="30.317" classname="com.nbcuni.test.publisher.tests.ContentEntityCreationManagement.ContentandEntityManagement.MyWorkbench.EditContentMyWorkbench"/>
</testsuite> <!-- com.nbcuni.test.publisher.tests.ContentEntityCreationManagement.ContentandEntityManagement.MyWorkbench.EditContentMyWorkbench -->
