<?xml version="1.0" encoding="UTF-8"?>
<!-- Generated by org.testng.reporters.JUnitReportReporter -->
<testsuite hostname="baclark77-mac1.home" name="com.nbcuni.test.publisher.tests.Setup.TestSetup" tests="1" failures="0" timestamp="20 Mar 2014 19:02:20 GMT" time="55.720" errors="0">
  <testcase name="TestSetup_Test" time="55.720" classname="com.nbcuni.test.publisher.tests.Setup.TestSetup"/>
</testsuite> <!-- com.nbcuni.test.publisher.tests.Setup.TestSetup -->
