<?xml version="1.0" encoding="UTF-8"?>
<!-- Generated by org.testng.reporters.JUnitReportReporter -->
<testsuite hostname="baclark77-mac1.home" name="com.nbcuni.test.publisher.tests.ContentEntityCreationManagement.Images.EXIF.PopulateEXIFBulkUpload" tests="1" failures="0" timestamp="22 May 2014 20:30:05 GMT" time="129.042" errors="0">
  <testcase name="PopulateEXIFBulkUpload_TC3192" time="129.042" classname="com.nbcuni.test.publisher.tests.ContentEntityCreationManagement.Images.EXIF.PopulateEXIFBulkUpload"/>
</testsuite> <!-- com.nbcuni.test.publisher.tests.ContentEntityCreationManagement.Images.EXIF.PopulateEXIFBulkUpload -->
