<?xml version="1.0" encoding="UTF-8"?>
<!-- Generated by org.testng.reporters.JUnitReportReporter -->
<testsuite hostname="BACLARK77-MAC1.local" name="com.nbcuni.test.publisher.tests.Setup.A1_TestSetup" tests="1" failures="0" timestamp="6 Aug 2014 12:36:36 GMT" time="183.858" errors="0">
  <testcase name="TestSetup_Test" time="183.858" classname="com.nbcuni.test.publisher.tests.Setup.A1_TestSetup"/>
</testsuite> <!-- com.nbcuni.test.publisher.tests.Setup.A1_TestSetup -->
