<?xml version="1.0" encoding="UTF-8"?>
<!-- Generated by org.testng.reporters.JUnitReportReporter -->
<testsuite hostname="baclark77-mac1.home" name="com.nbcuni.test.publisher.tests.UserCreationAndManagement.UnauthenticatedUsersNotAbleToViewThePublishedContents.UnauthenticatedUsersNotAbleToViewThePublishedContents" tests="1" failures="0" timestamp="28 May 2014 14:30:40 GMT" time="56.227" errors="0">
  <testcase name="UnauthenticatedUsersNotAbleToViewThePublishedContents_Test" time="56.227" classname="com.nbcuni.test.publisher.tests.UserCreationAndManagement.UnauthenticatedUsersNotAbleToViewThePublishedContents.UnauthenticatedUsersNotAbleToViewThePublishedContents"/>
</testsuite> <!-- com.nbcuni.test.publisher.tests.UserCreationAndManagement.UnauthenticatedUsersNotAbleToViewThePublishedContents.UnauthenticatedUsersNotAbleToViewThePublishedContents -->
