<?xml version="1.0" encoding="UTF-8"?>
<!-- Generated by org.testng.reporters.JUnitReportReporter -->
<testsuite hostname="BACLARK77-MAC1.local" name="com.nbcuni.test.publisher.tests.ContentEntityCreationManagement.ContentandEntityManagement.CountdownClock.CountdownClockEvents" tests="2" failures="0" timestamp="13 Oct 2014 14:42:26 GMT" time="241.079" errors="0">
  <testcase name="CountdownClockEvents_TC4887" time="183.785" classname="com.nbcuni.test.publisher.tests.ContentEntityCreationManagement.ContentandEntityManagement.CountdownClock.CountdownClockEvents"/>
  <testcase name="Cleanup" time="57.294" classname="com.nbcuni.test.publisher.tests.ContentEntityCreationManagement.ContentandEntityManagement.CountdownClock.CountdownClockEvents"/>
</testsuite> <!-- com.nbcuni.test.publisher.tests.ContentEntityCreationManagement.ContentandEntityManagement.CountdownClock.CountdownClockEvents -->
