<?xml version="1.0" encoding="UTF-8"?>
<!-- Generated by org.testng.reporters.JUnitReportReporter -->
<testsuite hostname="BACLARK77-MAC1.local" name="com.nbcuni.test.publisher.tests.Video.MPXReporting.MPXReportingBeta" tests="1" failures="0" timestamp="29 Jul 2014 23:53:47 GMT" time="3.563" errors="0">
  <testcase name="MPXReportingBeta_TC3085" time="3.563" classname="com.nbcuni.test.publisher.tests.Video.MPXReporting.MPXReportingBeta"/>
</testsuite> <!-- com.nbcuni.test.publisher.tests.Video.MPXReporting.MPXReportingBeta -->
