<?xml version="1.0" encoding="UTF-8"?>
<!-- Generated by org.testng.reporters.JUnitReportReporter -->
<testsuite hostname="baclark77-mac1.home" name="com.nbcuni.test.publisher.tests.SiteManagementAndReporting.SiteReportVisualization.SiteReportVisualization" tests="1" failures="0" timestamp="16 Jan 2014 15:26:30 GMT" time="2.458" errors="0">
  <testcase name="SiteReportVisualization" time="2.458" classname="com.nbcuni.test.publisher.tests.SiteManagementAndReporting.SiteReportVisualization.SiteReportVisualization"/>
</testsuite> <!-- com.nbcuni.test.publisher.tests.SiteManagementAndReporting.SiteReportVisualization.SiteReportVisualization -->
