<?xml version="1.0" encoding="UTF-8"?>
<!-- Generated by org.testng.reporters.JUnitReportReporter -->
<testsuite hostname="baclark77-mac1.home" name="com.nbcuni.test.publisher.tests.ContentEntityCreationManagement.ContentandEntityManagement.ContentandEntityScheduling.ScheduleToPublishContentByDateTime" tests="1" failures="0" timestamp="31 Jan 2014 03:28:48 GMT" time="49.143" errors="0">
  <testcase name="ScheduleToPublishContentByDateTime_Test" time="49.143" classname="com.nbcuni.test.publisher.tests.ContentEntityCreationManagement.ContentandEntityManagement.ContentandEntityScheduling.ScheduleToPublishContentByDateTime"/>
</testsuite> <!-- com.nbcuni.test.publisher.tests.ContentEntityCreationManagement.ContentandEntityManagement.ContentandEntityScheduling.ScheduleToPublishContentByDateTime -->
