<?xml version="1.0" encoding="UTF-8"?>
<!-- Generated by org.testng.reporters.JUnitReportReporter -->
<testsuite hostname="baclark77-mac1.home" name="com.nbcuni.test.publisher.tests.Video.SaveDefaultPlayerOptionsAutomatically.DefaultPlayerOptionsVerification" tests="1" failures="0" timestamp="25 Feb 2014 18:16:13 GMT" time="34.071" errors="0">
  <testcase name="DefaultPlayerOptionsVerification_Test" time="34.071" classname="com.nbcuni.test.publisher.tests.Video.SaveDefaultPlayerOptionsAutomatically.DefaultPlayerOptionsVerification"/>
</testsuite> <!-- com.nbcuni.test.publisher.tests.Video.SaveDefaultPlayerOptionsAutomatically.DefaultPlayerOptionsVerification -->
