<?xml version="1.0" encoding="UTF-8"?>
<!-- Generated by org.testng.reporters.JUnitReportReporter -->
<testsuite hostname="BACLARK77-MAC1.local" name="com.nbcuni.test.publisher.tests.ContentEntityCreationManagement.Images.IntegrateFocalPointModule.FocalPointModule" tests="1" failures="0" timestamp="29 Jul 2014 13:43:02 GMT" time="89.400" errors="0">
  <testcase name="FocalPointModule_TC1052" time="89.400" classname="com.nbcuni.test.publisher.tests.ContentEntityCreationManagement.Images.IntegrateFocalPointModule.FocalPointModule"/>
</testsuite> <!-- com.nbcuni.test.publisher.tests.ContentEntityCreationManagement.Images.IntegrateFocalPointModule.FocalPointModule -->
