<?xml version="1.0" encoding="UTF-8"?>
<!-- Generated by org.testng.reporters.JUnitReportReporter -->
<testsuite hostname="baclark77-mac1.home" name="com.nbcuni.test.publisher.tests.ContentEntityCreationManagement.ContentTypesEntities.TVSeason.CreateTVSeason" tests="1" failures="0" timestamp="25 Jan 2014 02:58:26 GMT" time="100.032" errors="0">
  <testcase name="CreateTVSeason" time="100.032" classname="com.nbcuni.test.publisher.tests.ContentEntityCreationManagement.ContentTypesEntities.TVSeason.CreateTVSeason"/>
</testsuite> <!-- com.nbcuni.test.publisher.tests.ContentEntityCreationManagement.ContentTypesEntities.TVSeason.CreateTVSeason -->
