<?xml version="1.0" encoding="UTF-8"?>
<!-- Generated by org.testng.reporters.JUnitReportReporter -->
<testsuite hostname="BACLARK77-MAC1.local" name="com.nbcuni.test.publisher.tests.Performance.PageLoads" tests="1" failures="0" timestamp="9 Jul 2014 14:04:56 GMT" time="137.599" errors="0">
  <testcase name="PageLoads_Test" time="137.599" classname="com.nbcuni.test.publisher.tests.Performance.PageLoads"/>
</testsuite> <!-- com.nbcuni.test.publisher.tests.Performance.PageLoads -->
