<?xml version="1.0" encoding="UTF-8"?>
<!-- Generated by org.testng.reporters.JUnitReportReporter -->
<testsuite hostname="BACLARK77-MAC1.local" name="com.nbcuni.test.publisher.tests.Queues.CreateUpdateRevisionsToQueues.BasicUIForCreatingAndRevisingQueues" tests="1" failures="1" timestamp="20 Aug 2014 16:23:50 GMT" time="0.001" errors="0">
  <testcase name="BasicUIForCreatingAndRevisingQueues_Test" time="0.001" classname="com.nbcuni.test.publisher.tests.Queues.CreateUpdateRevisionsToQueues.BasicUIForCreatingAndRevisingQueues">
    <failure type="java.net.BindException" message="Address already in use">
      <![CDATA[java.net.BindException: Address already in use
	at java.net.PlainSocketImpl.socketBind(Native Method)
	at java.net.AbstractPlainSocketImpl.bind(AbstractPlainSocketImpl.java:376)
	at java.net.ServerSocket.bind(ServerSocket.java:376)
	at java.net.ServerSocket.<init>(ServerSocket.java:237)
	at org.seleniumhq.jetty7.server.bio.SocketConnector.newServerSocket(SocketConnector.java:91)
	at org.seleniumhq.jetty7.server.bio.SocketConnector.open(SocketConnector.java:80)
	at org.seleniumhq.jetty7.server.AbstractConnector.doStart(AbstractConnector.java:311)
	at org.seleniumhq.jetty7.server.bio.SocketConnector.doStart(SocketConnector.java:151)
	at org.seleniumhq.jetty7.util.component.AbstractLifeCycle.start(AbstractLifeCycle.java:59)
	at org.seleniumhq.jetty7.server.Server.doStart(Server.java:272)
	at org.seleniumhq.jetty7.util.component.AbstractLifeCycle.start(AbstractLifeCycle.java:59)
	at org.openqa.grid.web.Hub.start(Hub.java:167)
	at com.nbcuni.test.publisher.common.Driver.StartGridHubNode.start(StartGridHubNode.java:44)
	at com.nbcuni.test.publisher.common.ParentTest.startGridAndHub(ParentTest.java:41)
	at sun.reflect.NativeMethodAccessorImpl.invoke0(Native Method)
	at sun.reflect.NativeMethodAccessorImpl.invoke(NativeMethodAccessorImpl.java:57)
	at sun.reflect.DelegatingMethodAccessorImpl.invoke(DelegatingMethodAccessorImpl.java:43)
	at java.lang.reflect.Method.invoke(Method.java:606)
	at org.testng.internal.MethodInvocationHelper.invokeMethod(MethodInvocationHelper.java:84)
	at org.testng.internal.Invoker.invokeConfigurationMethod(Invoker.java:564)
	at org.testng.internal.Invoker.invokeConfigurations(Invoker.java:213)
	at org.testng.internal.Invoker.invokeConfigurations(Invoker.java:138)
	at org.testng.SuiteRunner.privateRun(SuiteRunner.java:277)
	at org.testng.SuiteRunner.run(SuiteRunner.java:240)
	at org.testng.SuiteRunnerWorker.runSuite(SuiteRunnerWorker.java:52)
	at org.testng.SuiteRunnerWorker.run(SuiteRunnerWorker.java:86)
	at org.testng.TestNG.runSuitesSequentially(TestNG.java:1224)
	at org.testng.TestNG.runSuitesSequentially(TestNG.java:1220)
	at org.testng.TestNG.runSuitesLocally(TestNG.java:1149)
	at org.testng.TestNG.run(TestNG.java:1057)
	at org.testng.remote.RemoteTestNG.run(RemoteTestNG.java:111)
	at org.testng.remote.RemoteTestNG.initAndRun(RemoteTestNG.java:204)
	at org.testng.remote.RemoteTestNG.main(RemoteTestNG.java:175)
]]>
    </failure>
  </testcase> <!-- BasicUIForCreatingAndRevisingQueues_Test -->
</testsuite> <!-- com.nbcuni.test.publisher.tests.Queues.CreateUpdateRevisionsToQueues.BasicUIForCreatingAndRevisingQueues -->
