<?xml version="1.0" encoding="UTF-8"?>
<!-- Generated by org.testng.reporters.JUnitReportReporter -->
<testsuite hostname="baclark77-mac1.home" name="com.nbcuni.test.publisher.tests.Advertising.Comscore.Pixelman" tests="1" failures="0" timestamp="20 May 2014 15:25:59 GMT" time="89.770" errors="0">
  <testcase name="Pixelman_TC1155" time="89.770" classname="com.nbcuni.test.publisher.tests.Advertising.Comscore.Pixelman"/>
</testsuite> <!-- com.nbcuni.test.publisher.tests.Advertising.Comscore.Pixelman -->
