<?xml version="1.0" encoding="UTF-8"?>
<!-- Generated by org.testng.reporters.JUnitReportReporter -->
<testsuite hostname="baclark77-mac1.home" name="com.nbcuni.test.publisher.tests.Video.Player.SelectVideoPlayerPerVideoFile" tests="1" failures="0" timestamp="16 Jan 2014 15:26:30 GMT" time="29.559" errors="0">
  <testcase name="SelectVideoPlayerPerVideoFile" time="29.559" classname="com.nbcuni.test.publisher.tests.Video.Player.SelectVideoPlayerPerVideoFile"/>
</testsuite> <!-- com.nbcuni.test.publisher.tests.Video.Player.SelectVideoPlayerPerVideoFile -->
