<?xml version="1.0" encoding="UTF-8"?>
<!-- Generated by org.testng.reporters.JUnitReportReporter -->
<testsuite hostname="baclark77-mac1.home" name="com.nbcuni.test.publisher.tests.ContentEntityCreationManagement.ContentandEntityManagement.ContentandEntityScheduling.EnhanceOperationsDropdownonScheduleTab" tests="1" failures="0" timestamp="1 Feb 2014 18:03:11 GMT" time="30.981" errors="0">
  <testcase name="EnhanceOperationsDropdownonScheduleTab_Test" time="30.981" classname="com.nbcuni.test.publisher.tests.ContentEntityCreationManagement.ContentandEntityManagement.ContentandEntityScheduling.EnhanceOperationsDropdownonScheduleTab"/>
</testsuite> <!-- com.nbcuni.test.publisher.tests.ContentEntityCreationManagement.ContentandEntityManagement.ContentandEntityScheduling.EnhanceOperationsDropdownonScheduleTab -->
