<?xml version="1.0" encoding="UTF-8"?>
<!-- Generated by org.testng.reporters.JUnitReportReporter -->
<testsuite hostname="baclark77-mac1.home" name="com.nbcuni.test.publisher.tests.ContentEntityCreationManagement.Images.IntegrateFocalPointModule.FocalPointModule" tests="1" failures="0" timestamp="13 May 2014 14:17:49 GMT" time="118.653" errors="0">
  <testcase name="FocalPointModule_TC1052" time="118.653" classname="com.nbcuni.test.publisher.tests.ContentEntityCreationManagement.Images.IntegrateFocalPointModule.FocalPointModule"/>
</testsuite> <!-- com.nbcuni.test.publisher.tests.ContentEntityCreationManagement.Images.IntegrateFocalPointModule.FocalPointModule -->
