<?xml version="1.0" encoding="UTF-8"?>
<!-- Generated by org.testng.reporters.JUnitReportReporter -->
<testsuite hostname="baclark77-mac1.home" name="com.nbcuni.test.publisher.tests.Video.DeIngestingMPXAccountsAndCorrespondingAssets.DeleteMultipleAccounts" tests="1" failures="0" timestamp="5 Feb 2014 18:11:39 GMT" time="2.451" errors="0">
  <testcase name="DeleteMultipleAccounts_Test" time="2.451" classname="com.nbcuni.test.publisher.tests.Video.DeIngestingMPXAccountsAndCorrespondingAssets.DeleteMultipleAccounts"/>
</testsuite> <!-- com.nbcuni.test.publisher.tests.Video.DeIngestingMPXAccountsAndCorrespondingAssets.DeleteMultipleAccounts -->
