<?xml version="1.0" encoding="UTF-8"?>
<!-- Generated by org.testng.reporters.JUnitReportReporter -->
<testsuite hostname="baclark77-mac1.home" name="com.nbcuni.test.publisher.tests.Queues.CreateUpdateRevisionsToQueues.BasicUIForCreatingAndRevisingQueues" tests="1" failures="1" timestamp="30 Jan 2014 14:18:04 GMT" time="44.494" errors="0">
  <testcase name="BasicUIForCreatingAndRevisingQueues" time="44.494" classname="com.nbcuni.test.publisher.tests.Queues.CreateUpdateRevisionsToQueues.BasicUIForCreatingAndRevisingQueues">
    <failure type="java.lang.RuntimeException" message="java.lang.InstantiationException: com.nbcuni.test.publisher.pageobjects.UserLogin">
      <![CDATA[java.lang.RuntimeException: java.lang.InstantiationException: com.nbcuni.test.publisher.pageobjects.UserLogin
	at org.openqa.selenium.support.PageFactory.instantiatePage(PageFactory.java:136)
	at org.openqa.selenium.support.PageFactory.initElements(PageFactory.java:66)
	at com.nbcuni.test.publisher.pageobjects.UserLogin.<init>(UserLogin.java:35)
	at com.nbcuni.test.publisher.common.AppLib.openApplication(AppLib.java:338)
	at com.nbcuni.test.publisher.tests.Queues.CreateUpdateRevisionsToQueues.BasicUIForCreatingAndRevisingQueues.BasicUIForCreatingAndRevisingQueues(BasicUIForCreatingAndRevisingQueues.java:71)
	at sun.reflect.NativeMethodAccessorImpl.invoke0(Native Method)
	at sun.reflect.NativeMethodAccessorImpl.invoke(NativeMethodAccessorImpl.java:39)
	at sun.reflect.DelegatingMethodAccessorImpl.invoke(DelegatingMethodAccessorImpl.java:25)
	at java.lang.reflect.Method.invoke(Method.java:597)
	at org.testng.internal.MethodInvocationHelper.invokeMethod(MethodInvocationHelper.java:84)
	at org.testng.internal.Invoker.invokeMethod(Invoker.java:714)
	at org.testng.internal.Invoker.invokeTestMethod(Invoker.java:901)
	at org.testng.internal.Invoker.invokeTestMethods(Invoker.java:1231)
	at org.testng.internal.TestMethodWorker.invokeTestMethods(TestMethodWorker.java:127)
	at org.testng.internal.TestMethodWorker.run(TestMethodWorker.java:111)
	at org.testng.TestRunner.privateRun(TestRunner.java:767)
	at org.testng.TestRunner.run(TestRunner.java:617)
	at org.testng.SuiteRunner.runTest(SuiteRunner.java:334)
	at org.testng.SuiteRunner.runSequentially(SuiteRunner.java:329)
	at org.testng.SuiteRunner.privateRun(SuiteRunner.java:291)
	at org.testng.SuiteRunner.run(SuiteRunner.java:240)
	at org.testng.SuiteRunnerWorker.runSuite(SuiteRunnerWorker.java:52)
	at org.testng.SuiteRunnerWorker.run(SuiteRunnerWorker.java:86)
	at org.testng.TestNG.runSuitesSequentially(TestNG.java:1224)
	at org.testng.TestNG.runSuitesLocally(TestNG.java:1149)
	at org.testng.TestNG.run(TestNG.java:1057)
	at org.testng.remote.RemoteTestNG.run(RemoteTestNG.java:111)
	at org.testng.remote.RemoteTestNG.initAndRun(RemoteTestNG.java:204)
	at org.testng.remote.RemoteTestNG.main(RemoteTestNG.java:175)
Caused by: java.lang.InstantiationException: com.nbcuni.test.publisher.pageobjects.UserLogin
	at java.lang.Class.newInstance0(Class.java:342)
	at java.lang.Class.newInstance(Class.java:310)
	at org.openqa.selenium.support.PageFactory.instantiatePage(PageFactory.java:133)
	... 28 more
]]>
    </failure>
  </testcase> <!-- BasicUIForCreatingAndRevisingQueues -->
</testsuite> <!-- com.nbcuni.test.publisher.tests.Queues.CreateUpdateRevisionsToQueues.BasicUIForCreatingAndRevisingQueues -->
