<?xml version="1.0" encoding="UTF-8"?>
<!-- Generated by org.testng.reporters.JUnitReportReporter -->
<testsuite hostname="BACLARK77-MAC1.local" name="com.nbcuni.test.publisher.tests.ContentEntityCreationManagement.ContentandEntityManagement.CloneANode.NodeCloneModuleTesting" tests="1" failures="0" timestamp="5 Mar 2014 14:32:13 GMT" time="41.906" errors="0">
  <testcase name="NodeCloneModuleTesting_Test" time="41.906" classname="com.nbcuni.test.publisher.tests.ContentEntityCreationManagement.ContentandEntityManagement.CloneANode.NodeCloneModuleTesting"/>
</testsuite> <!-- com.nbcuni.test.publisher.tests.ContentEntityCreationManagement.ContentandEntityManagement.CloneANode.NodeCloneModuleTesting -->
