<?xml version="1.0" encoding="UTF-8"?>
<!-- Generated by org.testng.reporters.JUnitReportReporter -->
<testsuite hostname="baclark77-mac1.home" name="com.nbcuni.test.publisher.tests.Video.SyncFromMPXButtonToVideoFileEntitiesEditForm.SyncFromMPXButtonToVideoFileEntitiesEditForm" tests="1" failures="0" timestamp="29 Jan 2014 04:05:10 GMT" time="2.287" errors="0">
  <testcase name="SyncFromMPXButtonToVideoFileEntitiesEditForm" time="2.287" classname="com.nbcuni.test.publisher.tests.Video.SyncFromMPXButtonToVideoFileEntitiesEditForm.SyncFromMPXButtonToVideoFileEntitiesEditForm"/>
</testsuite> <!-- com.nbcuni.test.publisher.tests.Video.SyncFromMPXButtonToVideoFileEntitiesEditForm.SyncFromMPXButtonToVideoFileEntitiesEditForm -->
