<?xml version="1.0" encoding="UTF-8"?>
<!-- Generated by org.testng.reporters.JUnitReportReporter -->
<testsuite hostname="BACLARK77-MAC1.local" name="com.nbcuni.test.publisher.tests.Video.Configuration.ConfigurationMultipleMPXAccounts" tests="1" failures="0" timestamp="24 Jul 2014 16:16:06 GMT" time="16.988" errors="0">
  <testcase name="ConfigurationMultipleMPXAccounts_TC1073" time="16.988" classname="com.nbcuni.test.publisher.tests.Video.Configuration.ConfigurationMultipleMPXAccounts"/>
</testsuite> <!-- com.nbcuni.test.publisher.tests.Video.Configuration.ConfigurationMultipleMPXAccounts -->
