<?xml version="1.0" encoding="UTF-8"?>
<!-- Generated by org.testng.reporters.JUnitReportReporter -->
<testsuite hostname="new-host.home" name="com.nbcuni.test.publisher.tests.Video.DeIngestingMPXAccountsAndCorrespondingAssets.MPXAccountDeletion" tests="1" failures="0" timestamp="18 Jun 2014 17:01:16 GMT" time="224.277" errors="0">
  <testcase name="MPXAccountDeletion_TC1884" time="224.277" classname="com.nbcuni.test.publisher.tests.Video.DeIngestingMPXAccountsAndCorrespondingAssets.MPXAccountDeletion"/>
</testsuite> <!-- com.nbcuni.test.publisher.tests.Video.DeIngestingMPXAccountsAndCorrespondingAssets.MPXAccountDeletion -->
