<?xml version="1.0" encoding="UTF-8"?>
<!-- Generated by org.testng.reporters.JUnitReportReporter -->
<testsuite hostname="baclark77-mac1.home" name="com.nbcuni.test.publisher.tests.ContentEntityCreationManagement.ContentandEntityManagement.EnhanceMediaGalleriesTab.EnhanceMediaGalleriesTab" tests="1" failures="0" timestamp="27 Mar 2014 15:16:24 GMT" time="50.880" errors="0">
  <testcase name="EnhanceMediaGalleriesTab_Test" time="50.880" classname="com.nbcuni.test.publisher.tests.ContentEntityCreationManagement.ContentandEntityManagement.EnhanceMediaGalleriesTab.EnhanceMediaGalleriesTab"/>
</testsuite> <!-- com.nbcuni.test.publisher.tests.ContentEntityCreationManagement.ContentandEntityManagement.EnhanceMediaGalleriesTab.EnhanceMediaGalleriesTab -->
