<?xml version="1.0" encoding="UTF-8"?>
<!-- Generated by org.testng.reporters.JUnitReportReporter -->
<testsuite hostname="baclark77-mac1.home" name="com.nbcuni.test.publisher.tests.ContentEntityCreationManagement.ContentTypesEntities.CustomContentType.AddingNewCustomContentType" tests="1" failures="0" timestamp="19 Dec 2013 22:57:56 GMT" time="31.179" errors="0">
  <testcase name="AddingNewCustomContentType" time="31.179" classname="com.nbcuni.test.publisher.tests.ContentEntityCreationManagement.ContentTypesEntities.CustomContentType.AddingNewCustomContentType"/>
</testsuite> <!-- com.nbcuni.test.publisher.tests.ContentEntityCreationManagement.ContentTypesEntities.CustomContentType.AddingNewCustomContentType -->
