<?xml version="1.0" encoding="UTF-8"?>
<!-- Generated by org.testng.reporters.JUnitReportReporter -->
<testsuite hostname="baclark77-mac1.home" name="com.nbcuni.test.publisher.tests.Video.UndefinedIndexesDisplayingForMPXPlayers.UndefinedIndexesDisplayingForMPXPlayers" tests="1" failures="0" timestamp="1 Feb 2014 14:01:37 GMT" time="0.000" errors="0">
  <testcase name="UndefinedIndexesDisplayingForMPXPlayers_Test" time="0.000" classname="com.nbcuni.test.publisher.tests.Video.UndefinedIndexesDisplayingForMPXPlayers.UndefinedIndexesDisplayingForMPXPlayers"/>
</testsuite>
