<?xml version="1.0" encoding="UTF-8"?>
<!-- Generated by org.testng.reporters.JUnitReportReporter -->
<testsuite hostname="baclark77-mac1.home" name="com.nbcuni.test.publisher.tests.Video.MPXReporting.MPXReportingBeta" tests="1" failures="0" timestamp="9 May 2014 19:36:57 GMT" time="20.107" errors="0">
  <testcase name="MPXReportingBeta_TC3085" time="20.107" classname="com.nbcuni.test.publisher.tests.Video.MPXReporting.MPXReportingBeta"/>
</testsuite> <!-- com.nbcuni.test.publisher.tests.Video.MPXReporting.MPXReportingBeta -->
