<?xml version="1.0" encoding="UTF-8"?>
<!-- Generated by org.testng.reporters.JUnitReportReporter -->
<testsuite hostname="BACLARK77-MAC1.local" name="com.nbcuni.test.publisher.tests.Commerce.CreatePubFeatureSetModules" tests="1" failures="0" timestamp="16 Jul 2014 18:03:43 GMT" time="21.881" errors="0">
  <testcase name="CreatePubFeatureSetModules_TC4061" time="21.881" classname="com.nbcuni.test.publisher.tests.Commerce.CreatePubFeatureSetModules"/>
</testsuite> <!-- com.nbcuni.test.publisher.tests.Commerce.CreatePubFeatureSetModules -->
