<?xml version="1.0" encoding="UTF-8"?>
<!-- Generated by org.testng.reporters.JUnitReportReporter -->
<testsuite hostname="BACLARK77-MAC1.local" name="com.nbcuni.test.publisher.tests.Core.Profiles.FileFieldsTokenBasedPath" tests="1" failures="0" timestamp="2 Oct 2014 17:15:36 GMT" time="84.279" errors="0">
  <testcase name="FileFieldsTokenBasedPath_TC4355" time="84.279" classname="com.nbcuni.test.publisher.tests.Core.Profiles.FileFieldsTokenBasedPath"/>
</testsuite> <!-- com.nbcuni.test.publisher.tests.Core.Profiles.FileFieldsTokenBasedPath -->
