<?xml version="1.0" encoding="UTF-8"?>
<!-- Generated by org.testng.reporters.JUnitReportReporter -->
<testsuite hostname="BACLARK77-MAC1.local" name="com.nbcuni.test.publisher.tests.ContentEntityCreationManagement.ContentandEntityRelationships.AddAbilityRelateShowSeasonEpisodeSpecifiableContentTypes" tests="1" failures="0" timestamp="29 Apr 2014 00:36:51 GMT" time="44.780" errors="0">
  <testcase name="AddAbilityRelateShowSeasonEpisodeSpecifiableContentTypes_Test" time="44.780" classname="com.nbcuni.test.publisher.tests.ContentEntityCreationManagement.ContentandEntityRelationships.AddAbilityRelateShowSeasonEpisodeSpecifiableContentTypes"/>
</testsuite> <!-- com.nbcuni.test.publisher.tests.ContentEntityCreationManagement.ContentandEntityRelationships.AddAbilityRelateShowSeasonEpisodeSpecifiableContentTypes -->
