<?xml version="1.0" encoding="UTF-8"?>
<!-- Generated by org.testng.reporters.JUnitReportReporter -->
<testsuite hostname="BACLARK77-MAC1.local" name="com.nbcuni.test.publisher.tests.Advertising.MPS.MPSSupportTokens" tests="1" failures="0" timestamp="10 Jul 2014 18:32:54 GMT" time="115.653" errors="0">
  <testcase name="MPSSupportTokens_TC3641" time="115.653" classname="com.nbcuni.test.publisher.tests.Advertising.MPS.MPSSupportTokens"/>
</testsuite> <!-- com.nbcuni.test.publisher.tests.Advertising.MPS.MPSSupportTokens -->
