<?xml version="1.0" encoding="UTF-8"?>
<!-- Generated by org.testng.reporters.JUnitReportReporter -->
<testsuite hostname="BACLARK77-MAC1.local" name="com.nbcuni.test.publisher.tests.Queues.DynamicQueues.RelatingTVShowsDynamicQueues" tests="1" failures="0" timestamp="2 Oct 2014 17:15:36 GMT" time="213.264" errors="0">
  <testcase name="RelatingTVShowsDynamicQueues_TC4389" time="213.264" classname="com.nbcuni.test.publisher.tests.Queues.DynamicQueues.RelatingTVShowsDynamicQueues"/>
</testsuite> <!-- com.nbcuni.test.publisher.tests.Queues.DynamicQueues.RelatingTVShowsDynamicQueues -->
