<?xml version="1.0" encoding="UTF-8"?>
<!-- Generated by org.testng.reporters.JUnitReportReporter -->
<testsuite hostname="BACLARK77-MAC1.local" name="com.nbcuni.test.publisher.tests.Advertising.MPS.AddMPSCallsToErrorPages" tests="1" failures="0" timestamp="2 Oct 2014 17:15:36 GMT" time="85.492" errors="0">
  <testcase name="AddMPSCallsToErrorPages_TC4950" time="85.492" classname="com.nbcuni.test.publisher.tests.Advertising.MPS.AddMPSCallsToErrorPages"/>
</testsuite> <!-- com.nbcuni.test.publisher.tests.Advertising.MPS.AddMPSCallsToErrorPages -->
