<?xml version="1.0" encoding="UTF-8"?>
<!-- Generated by org.testng.reporters.JUnitReportReporter -->
<testsuite hostname="BACLARK77-MAC1.local" name="com.nbcuni.test.publisher.tests.Video.NonFunctionalEnhanceMPXPlayerContentAdminScreen.EnhanceMPXLibraryPublicID" tests="1" failures="0" timestamp="29 Jul 2014 23:53:47 GMT" time="27.402" errors="0">
  <testcase name="EnhanceMPXLibraryPublicID_TC2476" time="27.402" classname="com.nbcuni.test.publisher.tests.Video.NonFunctionalEnhanceMPXPlayerContentAdminScreen.EnhanceMPXLibraryPublicID"/>
</testsuite> <!-- com.nbcuni.test.publisher.tests.Video.NonFunctionalEnhanceMPXPlayerContentAdminScreen.EnhanceMPXLibraryPublicID -->
