<?xml version="1.0" encoding="UTF-8"?>
<!-- Generated by org.testng.reporters.JUnitReportReporter -->
<testsuite hostname="BACLARK77-MAC1.local" name="com.nbcuni.test.publisher.tests.Setup.Z1_TestCleanup" tests="1" failures="0" timestamp="5 Aug 2014 17:52:03 GMT" time="45.542" errors="0">
  <testcase name="TestCleanup_Test" time="45.542" classname="com.nbcuni.test.publisher.tests.Setup.Z1_TestCleanup"/>
</testsuite> <!-- com.nbcuni.test.publisher.tests.Setup.Z1_TestCleanup -->
