<?xml version="1.0" encoding="UTF-8"?>
<!-- Generated by org.testng.reporters.JUnitReportReporter -->
<testsuite hostname="BACLARK77-MAC1.local" name="com.nbcuni.test.publisher.tests.Advertising.MPS.AutomaticallyCreatedMPSAdSlots" tests="1" failures="0" timestamp="17 Sep 2014 17:54:18 GMT" time="70.423" errors="0">
  <testcase name="AutomaticallyCreatedMPSAdSlots_TC4128" time="70.423" classname="com.nbcuni.test.publisher.tests.Advertising.MPS.AutomaticallyCreatedMPSAdSlots"/>
</testsuite> <!-- com.nbcuni.test.publisher.tests.Advertising.MPS.AutomaticallyCreatedMPSAdSlots -->
