<?xml version="1.0" encoding="UTF-8"?>
<!-- Generated by org.testng.reporters.JUnitReportReporter -->
<testsuite hostname="baclark77-mac1.home" name="com.nbcuni.test.publisher.tests.Video.MPXConfigurationP7.AllowSitesToConfigureMultipleMPXAccounts.MultipleMPXAccountsPerLoginVerification" tests="1" failures="0" timestamp="27 Jan 2014 16:58:13 GMT" time="34.157" errors="0">
  <testcase name="MultipleMPXAccountsPerLoginVerification" time="34.157" classname="com.nbcuni.test.publisher.tests.Video.MPXConfigurationP7.AllowSitesToConfigureMultipleMPXAccounts.MultipleMPXAccountsPerLoginVerification"/>
</testsuite> <!-- com.nbcuni.test.publisher.tests.Video.MPXConfigurationP7.AllowSitesToConfigureMultipleMPXAccounts.MultipleMPXAccountsPerLoginVerification -->
