<?xml version="1.0" encoding="UTF-8"?>
<!-- Generated by org.testng.reporters.JUnitReportReporter -->
<testsuite hostname="baclark77-mac1.home" name="com.nbcuni.test.publisher.tests.ContentEntityCreationManagement.Images.RepresentativeImage.SetDefaultRepresentativeImagePost" tests="1" failures="0" timestamp="5 May 2014 15:53:43 GMT" time="37.762" errors="0">
  <testcase name="SetDefaultRepresentativeImagePost_Test" time="37.762" classname="com.nbcuni.test.publisher.tests.ContentEntityCreationManagement.Images.RepresentativeImage.SetDefaultRepresentativeImagePost"/>
</testsuite> <!-- com.nbcuni.test.publisher.tests.ContentEntityCreationManagement.Images.RepresentativeImage.SetDefaultRepresentativeImagePost -->
