<?xml version="1.0" encoding="UTF-8"?>
<!-- Generated by org.testng.reporters.JUnitReportReporter -->
<testsuite hostname="localhost" name="com.nbcuni.test.publisher.tests.ContentEntityCreationManagement.Images.RepresentativeImage.RepresentativeImage" tests="1" failures="0" timestamp="25 Jun 2014 15:48:26 GMT" time="72.191" errors="0">
  <testcase name="RepresentativeImage_TC3217" time="72.191" classname="com.nbcuni.test.publisher.tests.ContentEntityCreationManagement.Images.RepresentativeImage.RepresentativeImage"/>
</testsuite> <!-- com.nbcuni.test.publisher.tests.ContentEntityCreationManagement.Images.RepresentativeImage.RepresentativeImage -->
