<?xml version="1.0" encoding="UTF-8"?>
<!-- Generated by org.testng.reporters.JUnitReportReporter -->
<testsuite hostname="BACLARK77-MAC1.local" name="com.nbcuni.test.publisher.tests.Advertising.MPS.MPSConfigurationPage" tests="2" failures="0" timestamp="7 Oct 2014 03:04:11 GMT" time="134.810" errors="0">
  <testcase name="Cleanup" time="2.844" classname="com.nbcuni.test.publisher.tests.Advertising.MPS.MPSConfigurationPage"/>
  <testcase name="MPSConfigurationPage_TC3306" time="131.966" classname="com.nbcuni.test.publisher.tests.Advertising.MPS.MPSConfigurationPage"/>
</testsuite> <!-- com.nbcuni.test.publisher.tests.Advertising.MPS.MPSConfigurationPage -->
