<?xml version="1.0" encoding="UTF-8"?>
<!-- Generated by org.testng.reporters.JUnitReportReporter -->
<testsuite hostname="baclark77-mac1.home" name="com.nbcuni.test.publisher.tests.ContentEntityCreationManagement.ContentTypesEntities.TVEpisode.CreateTVEpisode" tests="1" failures="0" timestamp="9 Apr 2014 15:07:57 GMT" time="131.485" errors="0">
  <testcase name="CreateTVEpisode_Test" time="131.485" classname="com.nbcuni.test.publisher.tests.ContentEntityCreationManagement.ContentTypesEntities.TVEpisode.CreateTVEpisode"/>
</testsuite> <!-- com.nbcuni.test.publisher.tests.ContentEntityCreationManagement.ContentTypesEntities.TVEpisode.CreateTVEpisode -->
