<?xml version="1.0" encoding="UTF-8"?>
<!-- Generated by org.testng.reporters.JUnitReportReporter -->
<testsuite hostname="BACLARK77-MAC1.local" name="com.nbcuni.test.publisher.tests.ContentEntityCreationManagement.ContentandEntityManagement.ContentandEntityScheduling.SchedulingContentPublishUnpublished" tests="1" failures="0" timestamp="10 Oct 2014 19:17:11 GMT" time="219.382" errors="0">
  <testcase name="SchedulingContentPublishUnpublished_TC2159" time="219.382" classname="com.nbcuni.test.publisher.tests.ContentEntityCreationManagement.ContentandEntityManagement.ContentandEntityScheduling.SchedulingContentPublishUnpublished"/>
</testsuite> <!-- com.nbcuni.test.publisher.tests.ContentEntityCreationManagement.ContentandEntityManagement.ContentandEntityScheduling.SchedulingContentPublishUnpublished -->
