<?xml version="1.0" encoding="UTF-8"?>
<!-- Generated by org.testng.reporters.JUnitReportReporter -->
<testsuite hostname="baclark77-mac1.home" name="com.nbcuni.test.publisher.tests.UserCreationAndManagement.Permissions.CustomPermissionSetVerification" tests="1" failures="0" timestamp="5 May 2014 15:53:43 GMT" time="98.762" errors="0">
  <testcase name="CustomPermissionSetVerification_Test" time="98.762" classname="com.nbcuni.test.publisher.tests.UserCreationAndManagement.Permissions.CustomPermissionSetVerification"/>
</testsuite> <!-- com.nbcuni.test.publisher.tests.UserCreationAndManagement.Permissions.CustomPermissionSetVerification -->
