<?xml version="1.0" encoding="UTF-8"?>
<!-- Generated by org.testng.reporters.JUnitReportReporter -->
<testsuite hostname="BACLARK77-MAC1.local" name="com.nbcuni.test.publisher.tests.ContentEntityCreationManagement.ContentTypesEntities.CharacterProfile.CreateCharacterProfile" tests="2" failures="0" timestamp="3 Apr 2014 22:35:25 GMT" time="14.487" errors="2">
  <testcase name="CreateCharacterProfile_Test" time="7.455" classname="com.nbcuni.test.publisher.tests.ContentEntityCreationManagement.ContentTypesEntities.CharacterProfile.CreateCharacterProfile">
    <error type="java.lang.AssertionError" message="crazy stop here">
      <![CDATA[java.lang.AssertionError: crazy stop here
	at org.testng.Assert.fail(Assert.java:94)
	at com.nbcuni.test.publisher.tests.ContentEntityCreationManagement.ContentTypesEntities.CharacterProfile.CreateCharacterProfile.CreateCharacterProfile_Test(CreateCharacterProfile.java:31)
	at sun.reflect.NativeMethodAccessorImpl.invoke0(Native Method)
	at sun.reflect.NativeMethodAccessorImpl.invoke(NativeMethodAccessorImpl.java:57)
	at sun.reflect.DelegatingMethodAccessorImpl.invoke(DelegatingMethodAccessorImpl.java:43)
	at java.lang.reflect.Method.invoke(Method.java:606)
	at org.testng.internal.MethodInvocationHelper.invokeMethod(MethodInvocationHelper.java:84)
	at org.testng.internal.Invoker.invokeMethod(Invoker.java:714)
	at org.testng.internal.Invoker.invokeTestMethod(Invoker.java:901)
	at org.testng.internal.Invoker.invokeTestMethods(Invoker.java:1231)
	at org.testng.internal.TestMethodWorker.invokeTestMethods(TestMethodWorker.java:127)
	at org.testng.internal.TestMethodWorker.run(TestMethodWorker.java:111)
	at java.util.concurrent.ThreadPoolExecutor.runWorker(ThreadPoolExecutor.java:1145)
	at java.util.concurrent.ThreadPoolExecutor$Worker.run(ThreadPoolExecutor.java:615)
	at java.lang.Thread.run(Thread.java:724)
]]>
    </error>
  </testcase> <!-- CreateCharacterProfile_Test -->
  <testcase name="CreateCharacterProfile_Test" time="7.032" classname="com.nbcuni.test.publisher.tests.ContentEntityCreationManagement.ContentTypesEntities.CharacterProfile.CreateCharacterProfile">
    <error type="java.lang.AssertionError" message="crazy stop here">
      <![CDATA[java.lang.AssertionError: crazy stop here
	at org.testng.Assert.fail(Assert.java:94)
	at com.nbcuni.test.publisher.tests.ContentEntityCreationManagement.ContentTypesEntities.CharacterProfile.CreateCharacterProfile.CreateCharacterProfile_Test(CreateCharacterProfile.java:31)
	at sun.reflect.NativeMethodAccessorImpl.invoke0(Native Method)
	at sun.reflect.NativeMethodAccessorImpl.invoke(NativeMethodAccessorImpl.java:57)
	at sun.reflect.DelegatingMethodAccessorImpl.invoke(DelegatingMethodAccessorImpl.java:43)
	at java.lang.reflect.Method.invoke(Method.java:606)
	at org.testng.internal.MethodInvocationHelper.invokeMethod(MethodInvocationHelper.java:84)
	at org.testng.internal.Invoker.invokeMethod(Invoker.java:714)
	at org.testng.internal.Invoker.retryFailed(Invoker.java:1049)
	at org.testng.internal.Invoker.invokeTestMethods(Invoker.java:1254)
	at org.testng.internal.TestMethodWorker.invokeTestMethods(TestMethodWorker.java:127)
	at org.testng.internal.TestMethodWorker.run(TestMethodWorker.java:111)
	at java.util.concurrent.ThreadPoolExecutor.runWorker(ThreadPoolExecutor.java:1145)
	at java.util.concurrent.ThreadPoolExecutor$Worker.run(ThreadPoolExecutor.java:615)
	at java.lang.Thread.run(Thread.java:724)
]]>
    </error>
  </testcase> <!-- CreateCharacterProfile_Test -->
</testsuite> <!-- com.nbcuni.test.publisher.tests.ContentEntityCreationManagement.ContentTypesEntities.CharacterProfile.CreateCharacterProfile -->
