<?xml version="1.0" encoding="UTF-8"?>
<!-- Generated by org.testng.reporters.JUnitReportReporter -->
<testsuite hostname="baclark77-mac1.home" name="com.nbcuni.test.publisher.tests.Video.Player.SelectVideoPlayerPerVideoFile" tests="1" failures="0" timestamp="9 Apr 2014 15:07:57 GMT" time="39.383" errors="0">
  <testcase name="SelectVideoPlayerPerVideoFile_Test" time="39.383" classname="com.nbcuni.test.publisher.tests.Video.Player.SelectVideoPlayerPerVideoFile"/>
</testsuite> <!-- com.nbcuni.test.publisher.tests.Video.Player.SelectVideoPlayerPerVideoFile -->
