<?xml version="1.0" encoding="UTF-8"?>
<!-- Generated by org.testng.reporters.JUnitReportReporter -->
<testsuite hostname="BACLARK77-MAC1.local" name="com.nbcuni.test.publisher.tests.Video.DeIngestingMPXAccountsAndCorrespondingAssets.DeleteMultipleAccounts" tests="1" failures="0" timestamp="13 Feb 2014 18:02:35 GMT" time="49.656" errors="1">
  <testcase name="DeleteMultipleAccounts_Test" time="49.656" classname="com.nbcuni.test.publisher.tests.Video.DeIngestingMPXAccountsAndCorrespondingAssets.DeleteMultipleAccounts">
    <error type="java.lang.AssertionError" message="Error text of &#039;Request to retrieve mpx feed data returned a(n) &quot;com.theplatform.authentication.api.exception.AuthenticationException&quot; exception. Description: &#039;token&#039; parameter is missing. -- Response Code: 401 -- Correlation ID: d5dba856-73f6-4489-a687-9797ed0f701a&#039; is present in application.">
      <![CDATA[java.lang.AssertionError: Error text of 'Request to retrieve mpx feed data returned a(n) "com.theplatform.authentication.api.exception.AuthenticationException" exception. Description: 'token' parameter is missing. -- Response Code: 401 -- Correlation ID: d5dba856-73f6-4489-a687-9797ed0f701a' is present in application.
	at org.testng.Assert.fail(Assert.java:94)
	at com.nbcuni.test.publisher.pageobjects.ErrorChecking.ErrorChecking.VerifyNoMessageErrorsPresent(ErrorChecking.java:153)
	at com.nbcuni.test.publisher.pageobjects.Content.ContentParent.VerifyMessageStatus(ContentParent.java:88)
	at com.nbcuni.test.publisher.tests.Video.DeIngestingMPXAccountsAndCorrespondingAssets.DeleteMultipleAccounts.DeleteMultipleAccounts_Test(DeleteMultipleAccounts.java:73)
	at sun.reflect.NativeMethodAccessorImpl.invoke0(Native Method)
	at sun.reflect.NativeMethodAccessorImpl.invoke(NativeMethodAccessorImpl.java:39)
	at sun.reflect.DelegatingMethodAccessorImpl.invoke(DelegatingMethodAccessorImpl.java:25)
	at java.lang.reflect.Method.invoke(Method.java:597)
	at org.testng.internal.MethodInvocationHelper.invokeMethod(MethodInvocationHelper.java:84)
	at org.testng.internal.Invoker.invokeMethod(Invoker.java:714)
	at org.testng.internal.Invoker.invokeTestMethod(Invoker.java:901)
	at org.testng.internal.Invoker.invokeTestMethods(Invoker.java:1231)
	at org.testng.internal.TestMethodWorker.invokeTestMethods(TestMethodWorker.java:127)
	at org.testng.internal.TestMethodWorker.run(TestMethodWorker.java:111)
	at org.testng.TestRunner.privateRun(TestRunner.java:767)
	at org.testng.TestRunner.run(TestRunner.java:617)
	at org.testng.SuiteRunner.runTest(SuiteRunner.java:334)
	at org.testng.SuiteRunner.runSequentially(SuiteRunner.java:329)
	at org.testng.SuiteRunner.privateRun(SuiteRunner.java:291)
	at org.testng.SuiteRunner.run(SuiteRunner.java:240)
	at org.testng.SuiteRunnerWorker.runSuite(SuiteRunnerWorker.java:52)
	at org.testng.SuiteRunnerWorker.run(SuiteRunnerWorker.java:86)
	at org.testng.TestNG.runSuitesSequentially(TestNG.java:1224)
	at org.testng.TestNG.runSuitesLocally(TestNG.java:1149)
	at org.testng.TestNG.run(TestNG.java:1057)
	at org.testng.remote.RemoteTestNG.run(RemoteTestNG.java:111)
	at org.testng.remote.RemoteTestNG.initAndRun(RemoteTestNG.java:204)
	at org.testng.remote.RemoteTestNG.main(RemoteTestNG.java:175)
]]>
    </error>
  </testcase> <!-- DeleteMultipleAccounts_Test -->
</testsuite> <!-- com.nbcuni.test.publisher.tests.Video.DeIngestingMPXAccountsAndCorrespondingAssets.DeleteMultipleAccounts -->
