<?xml version="1.0" encoding="UTF-8"?>
<!-- Generated by org.testng.reporters.JUnitReportReporter -->
<testsuite hostname="baclark77-mac1.home" name="com.nbcuni.test.publisher.tests.ContentEntityCreationManagement.Images.RepresentativeImage.DisplayUniqueURLEachAssetEditForm" tests="1" failures="0" timestamp="7 Mar 2014 20:18:57 GMT" time="34.694" errors="0">
  <testcase name="DisplayUniqueURLEachAssetEditForm_Test" time="34.694" classname="com.nbcuni.test.publisher.tests.ContentEntityCreationManagement.Images.RepresentativeImage.DisplayUniqueURLEachAssetEditForm"/>
</testsuite> <!-- com.nbcuni.test.publisher.tests.ContentEntityCreationManagement.Images.RepresentativeImage.DisplayUniqueURLEachAssetEditForm -->
