<?xml version="1.0" encoding="UTF-8"?>
<!-- Generated by org.testng.reporters.JUnitReportReporter -->
<testsuite hostname="localhost" name="com.nbcuni.test.publisher.tests.ContentEntityCreationManagement.ContentandEntityManagement.URLAlias.AutomaticAlias" tests="1" failures="0" timestamp="13 Jun 2014 20:35:57 GMT" time="45.264" errors="0">
  <testcase name="AutomaticAlias_TC3303" time="45.264" classname="com.nbcuni.test.publisher.tests.ContentEntityCreationManagement.ContentandEntityManagement.URLAlias.AutomaticAlias"/>
</testsuite> <!-- com.nbcuni.test.publisher.tests.ContentEntityCreationManagement.ContentandEntityManagement.URLAlias.AutomaticAlias -->
