<?xml version="1.0" encoding="UTF-8"?>
<!-- Generated by org.testng.reporters.JUnitReportReporter -->
<testsuite hostname="BACLARK77-MAC1.local" name="com.nbcuni.test.publisher.tests.ContentEntityCreationManagement.ContentEntityModerationStatesWorkflows.MultiEditorPublishingWorkflow" tests="1" failures="0" timestamp="16 Sep 2014 16:11:16 GMT" time="101.663" errors="0">
  <testcase name="MultiEditorPublishingWorkflow_Test" time="101.663" classname="com.nbcuni.test.publisher.tests.ContentEntityCreationManagement.ContentEntityModerationStatesWorkflows.MultiEditorPublishingWorkflow"/>
</testsuite> <!-- com.nbcuni.test.publisher.tests.ContentEntityCreationManagement.ContentEntityModerationStatesWorkflows.MultiEditorPublishingWorkflow -->
