<?xml version="1.0" encoding="UTF-8"?>
<!-- Generated by org.testng.reporters.JUnitReportReporter -->
<testsuite hostname="baclark77-mac1.home" name="com.nbcuni.test.publisher.tests.Video.MPXConfigurationP7.AllowSitesToConfigureMultipleMPXAccounts.MultipleMPXAccountsPerLoginVerification" tests="1" failures="0" timestamp="4 Feb 2014 19:40:36 GMT" time="28.541" errors="0">
  <testcase name="MultipleMPXAccountsPerLoginVerification_Test" time="28.541" classname="com.nbcuni.test.publisher.tests.Video.MPXConfigurationP7.AllowSitesToConfigureMultipleMPXAccounts.MultipleMPXAccountsPerLoginVerification"/>
</testsuite> <!-- com.nbcuni.test.publisher.tests.Video.MPXConfigurationP7.AllowSitesToConfigureMultipleMPXAccounts.MultipleMPXAccountsPerLoginVerification -->
