<?xml version="1.0" encoding="UTF-8"?>
<!-- Generated by org.testng.reporters.JUnitReportReporter -->
<testsuite hostname="baclark77-mac1.home" name="com.nbcuni.test.publisher.tests.UserCreationAndManagement.Passwords.PasswordRules" tests="1" failures="0" timestamp="9 May 2014 16:10:38 GMT" time="112.564" errors="0">
  <testcase name="PasswordRules_TC2185" time="112.564" classname="com.nbcuni.test.publisher.tests.UserCreationAndManagement.Passwords.PasswordRules"/>
</testsuite> <!-- com.nbcuni.test.publisher.tests.UserCreationAndManagement.Passwords.PasswordRules -->
