<?xml version="1.0" encoding="UTF-8"?>
<!-- Generated by org.testng.reporters.JUnitReportReporter -->
<testsuite hostname="baclark77-mac1.home" name="com.nbcuni.test.publisher.tests.Video.Thumbnails.ThumbnailsAreNotUpdated" tests="1" failures="0" timestamp="4 May 2014 20:52:25 GMT" time="165.951" errors="0">
  <testcase name="ThumbnailsAreNotUpdated_Test" time="165.951" classname="com.nbcuni.test.publisher.tests.Video.Thumbnails.ThumbnailsAreNotUpdated"/>
</testsuite> <!-- com.nbcuni.test.publisher.tests.Video.Thumbnails.ThumbnailsAreNotUpdated -->
