<?xml version="1.0" encoding="UTF-8"?>
<!-- Generated by org.testng.reporters.JUnitReportReporter -->
<testsuite hostname="baclark77-mac1.home" name="com.nbcuni.test.publisher.tests.Video.SaveDefaultPlayerOptionsAutomatically.DefaultPlayerOptionsVerification" tests="1" failures="0" timestamp="11 Apr 2014 14:20:35 GMT" time="25.000" errors="0">
  <testcase name="DefaultPlayerOptionsVerification_Test" time="25.000" classname="com.nbcuni.test.publisher.tests.Video.SaveDefaultPlayerOptionsAutomatically.DefaultPlayerOptionsVerification"/>
</testsuite> <!-- com.nbcuni.test.publisher.tests.Video.SaveDefaultPlayerOptionsAutomatically.DefaultPlayerOptionsVerification -->
