<?xml version="1.0" encoding="UTF-8"?>
<!-- Generated by org.testng.reporters.JUnitReportReporter -->
<testsuite hostname="localhost" name="com.nbcuni.test.publisher.tests.ContentEntityCreationManagement.SoftLengthLimit.SoftCharacterLimit" tests="1" failures="0" timestamp="13 Jun 2014 20:35:56 GMT" time="48.715" errors="0">
  <testcase name="SoftCharacterLimit_TC1053" time="48.715" classname="com.nbcuni.test.publisher.tests.ContentEntityCreationManagement.SoftLengthLimit.SoftCharacterLimit"/>
</testsuite> <!-- com.nbcuni.test.publisher.tests.ContentEntityCreationManagement.SoftLengthLimit.SoftCharacterLimit -->
