<?xml version="1.0" encoding="UTF-8"?>
<!-- Generated by org.testng.reporters.JUnitReportReporter -->
<testsuite hostname="baclark77-mac1.home" name="com.nbcuni.test.publisher.tests.Advertising.MPS.ImplementMPS" tests="1" failures="0" timestamp="14 May 2014 19:27:19 GMT" time="93.956" errors="0">
  <testcase name="ImplementMPS_TC2901" time="93.956" classname="com.nbcuni.test.publisher.tests.Advertising.MPS.ImplementMPS"/>
</testsuite> <!-- com.nbcuni.test.publisher.tests.Advertising.MPS.ImplementMPS -->
