<?xml version="1.0" encoding="UTF-8"?>
<!-- Generated by org.testng.reporters.JUnitReportReporter -->
<testsuite hostname="baclark77-mac1.home" name="com.nbcuni.test.publisher.tests.Advertising.MPS.MPSConfigurationPage" tests="1" failures="0" timestamp="10 Jun 2014 17:26:01 GMT" time="108.254" errors="0">
  <testcase name="MPSConfigurationPage_TC3306" time="108.254" classname="com.nbcuni.test.publisher.tests.Advertising.MPS.MPSConfigurationPage"/>
</testsuite> <!-- com.nbcuni.test.publisher.tests.Advertising.MPS.MPSConfigurationPage -->
