<?xml version="1.0" encoding="UTF-8"?>
<!-- Generated by org.testng.reporters.JUnitReportReporter -->
<testsuite hostname="BACLARK77-MAC1.local" name="com.nbcuni.test.publisher.tests.Setup.Z1_TestCleanup" tests="1" failures="0" timestamp="8 Oct 2014 18:34:40 GMT" time="8.805" errors="0">
  <testcase name="TestCleanup_Test" time="8.805" classname="com.nbcuni.test.publisher.tests.Setup.Z1_TestCleanup"/>
</testsuite> <!-- com.nbcuni.test.publisher.tests.Setup.Z1_TestCleanup -->
