<?xml version="1.0" encoding="UTF-8"?>
<!-- Generated by org.testng.reporters.JUnitReportReporter -->
<testsuite hostname="baclark77-mac1.home" name="com.nbcuni.test.publisher.tests.ContentEntityCreationManagement.Images.EXIFKeywordsIngestedAsPhraseInsteadSetsWords.EXIFKeywordsIngestedPhraseInsteadSetsWords" tests="1" failures="1" timestamp="2 Feb 2014 17:57:37 GMT" time="16.552" errors="0">
  <testcase name="EXIFKeywordsIngestedPhraseInsteadSetsWords_Test" time="16.552" classname="com.nbcuni.test.publisher.tests.ContentEntityCreationManagement.Images.EXIFKeywordsIngestedAsPhraseInsteadSetsWords.EXIFKeywordsIngestedPhraseInsteadSetsWords">
    <failure type="java.lang.UnsatisfiedLinkError" message="org.sikuli.script.natives.VisionProxyJNI.new_FindInput__SWIG_0()J">
      <![CDATA[java.lang.UnsatisfiedLinkError: org.sikuli.script.natives.VisionProxyJNI.new_FindInput__SWIG_0()J
	at org.sikuli.script.natives.VisionProxyJNI.new_FindInput__SWIG_0(Native Method)
	at org.sikuli.script.natives.FindInput.<init>(FindInput.java:39)
	at org.sikuli.script.Finder.<init>(Finder.java:26)
	at org.sikuli.script.Region.doFind(Region.java:1034)
	at org.sikuli.script.Region$RepeatableFind.run(Region.java:1237)
	at org.sikuli.script.Region$Repeatable.repeat(Region.java:1208)
	at org.sikuli.script.Region.wait(Region.java:498)
	at com.nbcuni.test.publisher.pageobjects.MPX.ThePlatform.MPXAssets.WaitForImgPresent(MPXAssets.java:60)
	at com.nbcuni.test.publisher.pageobjects.content.AddFile.ClickPicturesUploadBtn(AddFile.java:67)
	at com.nbcuni.test.publisher.tests.ContentEntityCreationManagement.Images.EXIFKeywordsIngestedAsPhraseInsteadSetsWords.EXIFKeywordsIngestedPhraseInsteadSetsWords.EXIFKeywordsIngestedPhraseInsteadSetsWords_Test(EXIFKeywordsIngestedPhraseInsteadSetsWords.java:62)
	at sun.reflect.NativeMethodAccessorImpl.invoke0(Native Method)
	at sun.reflect.NativeMethodAccessorImpl.invoke(NativeMethodAccessorImpl.java:57)
	at sun.reflect.DelegatingMethodAccessorImpl.invoke(DelegatingMethodAccessorImpl.java:43)
	at java.lang.reflect.Method.invoke(Method.java:606)
	at org.testng.internal.MethodInvocationHelper.invokeMethod(MethodInvocationHelper.java:84)
	at org.testng.internal.Invoker.invokeMethod(Invoker.java:714)
	at org.testng.internal.Invoker.invokeTestMethod(Invoker.java:901)
	at org.testng.internal.Invoker.invokeTestMethods(Invoker.java:1231)
	at org.testng.internal.TestMethodWorker.invokeTestMethods(TestMethodWorker.java:127)
	at org.testng.internal.TestMethodWorker.run(TestMethodWorker.java:111)
	at java.util.concurrent.ThreadPoolExecutor.runWorker(ThreadPoolExecutor.java:1145)
	at java.util.concurrent.ThreadPoolExecutor$Worker.run(ThreadPoolExecutor.java:615)
	at java.lang.Thread.run(Thread.java:724)
]]>
    </failure>
  </testcase> <!-- EXIFKeywordsIngestedPhraseInsteadSetsWords_Test -->
</testsuite> <!-- com.nbcuni.test.publisher.tests.ContentEntityCreationManagement.Images.EXIFKeywordsIngestedAsPhraseInsteadSetsWords.EXIFKeywordsIngestedPhraseInsteadSetsWords -->
