<?xml version="1.0" encoding="UTF-8"?>
<!-- Generated by org.testng.reporters.JUnitReportReporter -->
<testsuite hostname="baclark77-mac1.home" name="com.nbcuni.test.publisher.tests.Video.MPXReporting.MPXReportingBeta" tests="1" failures="0" timestamp="9 May 2014 18:48:08 GMT" time="37.097" errors="0">
  <testcase name="MPXReportingBeta_TC3085" time="37.097" classname="com.nbcuni.test.publisher.tests.Video.MPXReporting.MPXReportingBeta"/>
</testsuite> <!-- com.nbcuni.test.publisher.tests.Video.MPXReporting.MPXReportingBeta -->
