<?xml version="1.0" encoding="UTF-8"?>
<!-- Generated by org.testng.reporters.JUnitReportReporter -->
<testsuite hostname="baclark77-mac1.home" name="com.nbcuni.test.publisher.tests.Advertising.AdFolders.AdFoldersRichMediaAds" tests="1" failures="0" timestamp="10 Apr 2014 12:49:08 GMT" time="108.322" errors="0">
  <testcase name="AdFoldersRichMediaAds_Test" time="108.322" classname="com.nbcuni.test.publisher.tests.Advertising.AdFolders.AdFoldersRichMediaAds"/>
</testsuite> <!-- com.nbcuni.test.publisher.tests.Advertising.AdFolders.AdFoldersRichMediaAds -->
