<?xml version="1.0" encoding="UTF-8"?>
<!-- Generated by org.testng.reporters.JUnitReportReporter -->
<testsuite hostname="BACLARK77-MAC1.local" name="com.nbcuni.test.publisher.tests.Video.SyncFromMPXButtonToVideoFileEntitiesEditForm.SyncFromMPXButtonToVideoFileEntitiesEditForm" tests="1" failures="0" timestamp="29 Jul 2014 23:53:47 GMT" time="2.733" errors="0">
  <testcase name="SyncFromMPXButtonToVideoFileEntitiesEditForm_Test" time="2.733" classname="com.nbcuni.test.publisher.tests.Video.SyncFromMPXButtonToVideoFileEntitiesEditForm.SyncFromMPXButtonToVideoFileEntitiesEditForm"/>
</testsuite> <!-- com.nbcuni.test.publisher.tests.Video.SyncFromMPXButtonToVideoFileEntitiesEditForm.SyncFromMPXButtonToVideoFileEntitiesEditForm -->
