<?xml version="1.0" encoding="UTF-8"?>
<!-- Generated by org.testng.reporters.JUnitReportReporter -->
<testsuite hostname="baclark77-mac1.home" name="com.nbcuni.test.publisher.tests.Setup.TestSetup" tests="1" failures="0" timestamp="28 May 2014 14:29:05 GMT" time="54.034" errors="0">
  <testcase name="TestSetup_Test" time="54.034" classname="com.nbcuni.test.publisher.tests.Setup.TestSetup"/>
</testsuite> <!-- com.nbcuni.test.publisher.tests.Setup.TestSetup -->
