<?xml version="1.0" encoding="UTF-8"?>
<!-- Generated by org.testng.reporters.JUnitReportReporter -->
<testsuite hostname="BACLARK77-MAC1.local" name="com.nbcuni.test.publisher.tests.Performance.PageLoads" tests="1" failures="0" timestamp="8 Jul 2014 21:00:50 GMT" time="53.785" errors="0">
  <testcase name="PageLoads_Test" time="53.785" classname="com.nbcuni.test.publisher.tests.Performance.PageLoads"/>
</testsuite> <!-- com.nbcuni.test.publisher.tests.Performance.PageLoads -->
