<?xml version="1.0" encoding="UTF-8"?>
<!-- Generated by org.testng.reporters.JUnitReportReporter -->
<testsuite hostname="baclark77-mac1.home" name="com.nbcuni.test.publisher.tests.Queues.SchedulingQueues.ScheduleRevisionsOfQueues" tests="1" failures="0" timestamp="15 Apr 2014 00:06:30 GMT" time="36.184" errors="0">
  <testcase name="ScheduleRevisionsOfQueues_Test" time="36.184" classname="com.nbcuni.test.publisher.tests.Queues.SchedulingQueues.ScheduleRevisionsOfQueues"/>
</testsuite> <!-- com.nbcuni.test.publisher.tests.Queues.SchedulingQueues.ScheduleRevisionsOfQueues -->
