<?xml version="1.0" encoding="UTF-8"?>
<!-- Generated by org.testng.reporters.JUnitReportReporter -->
<testsuite hostname="baclark77-mac1.home" name="com.nbcuni.test.publisher.tests.ContentEntityCreationManagement.ContentandEntityManagement.MyWorkbench.EditContentMyWorkbench" tests="1" failures="0" timestamp="25 Mar 2014 20:46:58 GMT" time="41.315" errors="0">
  <testcase name="EditContentMyWorkbench_Test" time="41.315" classname="com.nbcuni.test.publisher.tests.ContentEntityCreationManagement.ContentandEntityManagement.MyWorkbench.EditContentMyWorkbench"/>
</testsuite> <!-- com.nbcuni.test.publisher.tests.ContentEntityCreationManagement.ContentandEntityManagement.MyWorkbench.EditContentMyWorkbench -->
