<?xml version="1.0" encoding="UTF-8"?>
<!-- Generated by org.testng.reporters.JUnitReportReporter -->
<testsuite hostname="baclark77-mac1.home" name="com.nbcuni.test.publisher.tests.Advertising.Comscore.PixelmanModuleSetupAndVerification" tests="1" failures="0" timestamp="5 Feb 2014 15:57:05 GMT" time="105.910" errors="0">
  <testcase name="PixelmanModuleSetupAndVerification_Test" time="105.910" classname="com.nbcuni.test.publisher.tests.Advertising.Comscore.PixelmanModuleSetupAndVerification"/>
</testsuite> <!-- com.nbcuni.test.publisher.tests.Advertising.Comscore.PixelmanModuleSetupAndVerification -->
