<?xml version="1.0" encoding="UTF-8"?>
<!-- Generated by org.testng.reporters.JUnitReportReporter -->
<testsuite hostname="localhost" name="com.nbcuni.test.publisher.tests.UserCreationAndManagement.Permissions.EditorPermissionCustomQueuesOperationsMenu" tests="1" failures="0" timestamp="13 Jun 2014 20:35:57 GMT" time="2.728" errors="0">
  <testcase name="EditorPermissionCustomQueuesOperationsMenu_TC1379" time="2.728" classname="com.nbcuni.test.publisher.tests.UserCreationAndManagement.Permissions.EditorPermissionCustomQueuesOperationsMenu"/>
</testsuite> <!-- com.nbcuni.test.publisher.tests.UserCreationAndManagement.Permissions.EditorPermissionCustomQueuesOperationsMenu -->
