<?xml version="1.0" encoding="UTF-8"?>
<!-- Generated by org.testng.reporters.JUnitReportReporter -->
<testsuite hostname="baclark77-mac1.home" name="com.nbcuni.test.publisher.tests.ContentEntityCreationManagement.ContentTypesEntities.CharacterProfile.CreateCharacterProfile" tests="1" failures="0" timestamp="2 Feb 2014 17:57:37 GMT" time="16.649" errors="0">
  <testcase name="CreateCharacterProfile_Test" time="16.649" classname="com.nbcuni.test.publisher.tests.ContentEntityCreationManagement.ContentTypesEntities.CharacterProfile.CreateCharacterProfile"/>
</testsuite> <!-- com.nbcuni.test.publisher.tests.ContentEntityCreationManagement.ContentTypesEntities.CharacterProfile.CreateCharacterProfile -->
