<?xml version="1.0" encoding="UTF-8"?>
<!-- Generated by org.testng.reporters.JUnitReportReporter -->
<testsuite hostname="baclark77-mac1.home" name="com.nbcuni.test.publisher.tests.SiteManagementAndReporting.EmailReRouting.EnableEmailReRouting" tests="1" failures="0" timestamp="15 Feb 2014 21:41:01 GMT" time="47.285" errors="0">
  <testcase name="EnableEmailReRouting_Test" time="47.285" classname="com.nbcuni.test.publisher.tests.SiteManagementAndReporting.EmailReRouting.EnableEmailReRouting"/>
</testsuite> <!-- com.nbcuni.test.publisher.tests.SiteManagementAndReporting.EmailReRouting.EnableEmailReRouting -->
