<?xml version="1.0" encoding="UTF-8"?>
<!-- Generated by org.testng.reporters.JUnitReportReporter -->
<testsuite hostname="baclark77-mac1.home" name="com.nbcuni.test.publisher.tests.ContentEntityCreationManagement.ContentandEntityManagement.EnhanceContentLibraryTable.EnhanceContentLibraryTable" tests="1" failures="0" timestamp="5 May 2014 15:53:43 GMT" time="54.721" errors="0">
  <testcase name="EnhanceContentLibraryTable_Test" time="54.721" classname="com.nbcuni.test.publisher.tests.ContentEntityCreationManagement.ContentandEntityManagement.EnhanceContentLibraryTable.EnhanceContentLibraryTable"/>
</testsuite> <!-- com.nbcuni.test.publisher.tests.ContentEntityCreationManagement.ContentandEntityManagement.EnhanceContentLibraryTable.EnhanceContentLibraryTable -->
