<?xml version="1.0" encoding="UTF-8"?>
<!-- Generated by org.testng.reporters.JUnitReportReporter -->
<testsuite hostname="baclark77-mac1.home" name="com.nbcuni.test.publisher.tests.ContentEntityCreationManagement.Images.EXIF.EXIFKeywordsIngestedPhraseInsteadSetsWords" tests="1" failures="0" timestamp="22 May 2014 20:41:20 GMT" time="102.962" errors="0">
  <testcase name="EXIFKeywordsIngestedPhraseInsteadSetsWords_TC17" time="102.962" classname="com.nbcuni.test.publisher.tests.ContentEntityCreationManagement.Images.EXIF.EXIFKeywordsIngestedPhraseInsteadSetsWords"/>
</testsuite> <!-- com.nbcuni.test.publisher.tests.ContentEntityCreationManagement.Images.EXIF.EXIFKeywordsIngestedPhraseInsteadSetsWords -->
