<?xml version="1.0" encoding="UTF-8"?>
<!-- Generated by org.testng.reporters.JUnitReportReporter -->
<testsuite hostname="baclark77-mac1.home" name="com.nbcuni.test.publisher.tests.ContentEntityCreationManagement.Images.RepresentativeImage.RepresentativeImage" tests="1" failures="0" timestamp="28 May 2014 18:23:50 GMT" time="56.070" errors="0">
  <testcase name="RepresentativeImage_TC3217" time="56.070" classname="com.nbcuni.test.publisher.tests.ContentEntityCreationManagement.Images.RepresentativeImage.RepresentativeImage"/>
</testsuite> <!-- com.nbcuni.test.publisher.tests.ContentEntityCreationManagement.Images.RepresentativeImage.RepresentativeImage -->
