<?xml version="1.0" encoding="UTF-8"?>
<!-- Generated by org.testng.reporters.JUnitReportReporter -->
<testsuite hostname="BACLARK77-MAC1.local" name="com.nbcuni.test.publisher.tests.ContentEntityCreationManagement.ContentandEntityRelationships.CastCrewFieldCollectionsVerification_Movie" tests="1" failures="0" timestamp="11 Feb 2014 14:24:02 GMT" time="128.520" errors="0">
  <testcase name="CastCrewFieldCollectionsVerificationMovie_Test" time="128.520" classname="com.nbcuni.test.publisher.tests.ContentEntityCreationManagement.ContentandEntityRelationships.CastCrewFieldCollectionsVerification_Movie"/>
</testsuite> <!-- com.nbcuni.test.publisher.tests.ContentEntityCreationManagement.ContentandEntityRelationships.CastCrewFieldCollectionsVerification_Movie -->
