<?xml version="1.0" encoding="UTF-8"?>
<!-- Generated by org.testng.reporters.JUnitReportReporter -->
<testsuite hostname="baclark77-mac1.home" name="com.nbcuni.test.publisher.tests.Video.MPXConfigurationP7.MultipleMPXAccountsPerLoginVerification.MultipleMPXAccountsPerLoginVerification" tests="1" failures="0" timestamp="3 Jan 2014 14:53:04 GMT" time="19.669" errors="0">
  <testcase name="MultipleMPXAccountsPerLoginVerification" time="19.669" classname="com.nbcuni.test.publisher.tests.Video.MPXConfigurationP7.MultipleMPXAccountsPerLoginVerification.MultipleMPXAccountsPerLoginVerification"/>
</testsuite> <!-- com.nbcuni.test.publisher.tests.Video.MPXConfigurationP7.MultipleMPXAccountsPerLoginVerification.MultipleMPXAccountsPerLoginVerification -->
