<?xml version="1.0" encoding="UTF-8"?>
<!-- Generated by org.testng.reporters.JUnitReportReporter -->
<testsuite hostname="localhost" name="com.nbcuni.test.publisher.contentbuildscripts.MPXPerformanceUpgrade.CreatePub7Content.CreateBulkContent4" tests="1" failures="0" timestamp="24 Jun 2014 13:45:33 GMT" time="298.171" errors="0">
  <testcase name="Test" time="298.171" classname="com.nbcuni.test.publisher.contentbuildscripts.MPXPerformanceUpgrade.CreatePub7Content.CreateBulkContent4"/>
</testsuite> <!-- com.nbcuni.test.publisher.contentbuildscripts.MPXPerformanceUpgrade.CreatePub7Content.CreateBulkContent4 -->
