<?xml version="1.0" encoding="UTF-8"?>
<!-- Generated by org.testng.reporters.JUnitReportReporter -->
<<<<<<< HEAD
<testsuite hostname="baclark77-mac1.home" name="com.nbcuni.test.publisher.tests.UserCreationAndManagement.Roles.RolesPredefinedInPublisher7" tests="1" failures="0" timestamp="2 Jan 2014 16:54:12 GMT" time="12.933" errors="0">
  <testcase name="RolesPredefinedInPublisher7" time="12.933" classname="com.nbcuni.test.publisher.tests.UserCreationAndManagement.Roles.RolesPredefinedInPublisher7"/>
</testsuite> <!-- com.nbcuni.test.publisher.tests.UserCreationAndManagement.Roles.RolesPredefinedInPublisher7 -->
=======
<testsuite hostname="SDGL431" name="com.nbcuni.test.publisher.tests.UserCreationandManagement.Roles.RolesPredefinedInPublisher7" tests="1" failures="1" timestamp="30 Dec 2013 11:03:50 GMT" time="149.181" errors="0">
  <testcase name="RolesPredefinedInPublisher7" time="149.181" classname="com.nbcuni.test.publisher.tests.UserCreationandManagement.Roles.RolesPredefinedInPublisher7">
    <failure type="org.openqa.selenium.TimeoutException" message="Timed out after 10 seconds waiting for visibility of all elements located by By.xpath: //table[@id=&#039;user-roles&#039;]//a[@class=&#039;tabledrag-handle&#039;]/..
Build info: version: &#039;2.35.0&#039;, revision: &#039;8df0c6bedf70ff9f22c647788f9fe9c8d22210e2&#039;, time: &#039;2013-08-17 12:46:41&#039;
System info: os.name: &#039;Windows 7&#039;, os.arch: &#039;x86&#039;, os.version: &#039;6.1&#039;, java.version: &#039;1.6.0_16&#039;
Driver info: driver.version: unknown">
      <![CDATA[org.openqa.selenium.TimeoutException: Timed out after 10 seconds waiting for visibility of all elements located by By.xpath: //table[@id='user-roles']//a[@class='tabledrag-handle']/..
Build info: version: '2.35.0', revision: '8df0c6bedf70ff9f22c647788f9fe9c8d22210e2', time: '2013-08-17 12:46:41'
System info: os.name: 'Windows 7', os.arch: 'x86', os.version: '6.1', java.version: '1.6.0_16'
Driver info: driver.version: unknown
	at org.openqa.selenium.support.ui.FluentWait.timeoutException(FluentWait.java:259)
	at org.openqa.selenium.support.ui.FluentWait.until(FluentWait.java:228)
	at com.nbcuni.test.publisher.pageobjects.People.Roles.VerifyRoleRows(Roles.java:50)
	at com.nbcuni.test.publisher.tests.UserCreationandManagement.Roles.RolesPredefinedInPublisher7.RolesPredefinedInPublisher7(RolesPredefinedInPublisher7.java:85)
	at sun.reflect.NativeMethodAccessorImpl.invoke0(Native Method)
	at sun.reflect.NativeMethodAccessorImpl.invoke(NativeMethodAccessorImpl.java:39)
	at sun.reflect.DelegatingMethodAccessorImpl.invoke(DelegatingMethodAccessorImpl.java:25)
	at java.lang.reflect.Method.invoke(Method.java:597)
	at org.testng.internal.MethodInvocationHelper.invokeMethod(MethodInvocationHelper.java:84)
	at org.testng.internal.Invoker.invokeMethod(Invoker.java:714)
	at org.testng.internal.Invoker.invokeTestMethod(Invoker.java:901)
	at org.testng.internal.Invoker.invokeTestMethods(Invoker.java:1231)
	at org.testng.internal.TestMethodWorker.invokeTestMethods(TestMethodWorker.java:127)
	at org.testng.internal.TestMethodWorker.run(TestMethodWorker.java:111)
	at org.testng.TestRunner.privateRun(TestRunner.java:767)
	at org.testng.TestRunner.run(TestRunner.java:617)
	at org.testng.SuiteRunner.runTest(SuiteRunner.java:334)
	at org.testng.SuiteRunner.runSequentially(SuiteRunner.java:329)
	at org.testng.SuiteRunner.privateRun(SuiteRunner.java:291)
	at org.testng.SuiteRunner.run(SuiteRunner.java:240)
	at org.testng.SuiteRunnerWorker.runSuite(SuiteRunnerWorker.java:52)
	at org.testng.SuiteRunnerWorker.run(SuiteRunnerWorker.java:86)
	at org.testng.TestNG.runSuitesSequentially(TestNG.java:1224)
	at org.testng.TestNG.runSuitesLocally(TestNG.java:1149)
	at org.testng.TestNG.run(TestNG.java:1057)
	at org.testng.remote.RemoteTestNG.run(RemoteTestNG.java:111)
	at org.testng.remote.RemoteTestNG.initAndRun(RemoteTestNG.java:204)
	at org.testng.remote.RemoteTestNG.main(RemoteTestNG.java:175)
]]>
    </failure>
  </testcase> <!-- RolesPredefinedInPublisher7 -->
</testsuite> <!-- com.nbcuni.test.publisher.tests.UserCreationandManagement.Roles.RolesPredefinedInPublisher7 -->
>>>>>>> origin/Faizan
