<?xml version="1.0" encoding="UTF-8"?>
<!-- Generated by org.testng.reporters.JUnitReportReporter -->
<testsuite hostname="BACLARK77-MAC1.local" name="com.nbcuni.test.publisher.tests.Advertising.MPS.MPSSupportTokens" tests="1" failures="0" timestamp="23 Jul 2014 15:22:30 GMT" time="140.452" errors="0">
  <testcase name="MPSSupportTokens_TC3641" time="140.452" classname="com.nbcuni.test.publisher.tests.Advertising.MPS.MPSSupportTokens"/>
</testsuite> <!-- com.nbcuni.test.publisher.tests.Advertising.MPS.MPSSupportTokens -->
