<?xml version="1.0" encoding="UTF-8"?>
<!-- Generated by org.testng.reporters.JUnitReportReporter -->
<testsuite hostname="BACLARK77-MAC1.local" name="com.nbcuni.test.publisher.tests.SiteManagementAndReporting.SSO.SSODefinedDomains" tests="1" failures="0" timestamp="24 Jul 2014 21:57:16 GMT" time="122.827" errors="0">
  <testcase name="SSODefinedDomains_TC3474" time="122.827" classname="com.nbcuni.test.publisher.tests.SiteManagementAndReporting.SSO.SSODefinedDomains"/>
</testsuite> <!-- com.nbcuni.test.publisher.tests.SiteManagementAndReporting.SSO.SSODefinedDomains -->
