<?xml version="1.0" encoding="UTF-8"?>
<!-- Generated by org.testng.reporters.JUnitReportReporter -->
<testsuite hostname="localhost" name="com.nbcuni.test.publisher.tests.Advertising.MPS.MPSConfigurationPage" tests="1" failures="0" timestamp="13 Jun 2014 20:35:56 GMT" time="37.400" errors="0">
  <testcase name="MPSConfigurationPage_TC3306" time="37.400" classname="com.nbcuni.test.publisher.tests.Advertising.MPS.MPSConfigurationPage"/>
</testsuite> <!-- com.nbcuni.test.publisher.tests.Advertising.MPS.MPSConfigurationPage -->
