<?xml version="1.0" encoding="UTF-8"?>
<!-- Generated by org.testng.reporters.JUnitReportReporter -->
<testsuite hostname="new-host.home" name="com.nbcuni.test.publisher.tests.UserCreationAndManagement.Passwords.PasswordReset" tests="1" failures="0" timestamp="17 Jun 2014 16:55:34 GMT" time="83.108" errors="0">
  <testcase name="PasswordReset_TC2186" time="83.108" classname="com.nbcuni.test.publisher.tests.UserCreationAndManagement.Passwords.PasswordReset"/>
</testsuite> <!-- com.nbcuni.test.publisher.tests.UserCreationAndManagement.Passwords.PasswordReset -->
