<?xml version="1.0" encoding="UTF-8"?>
<!-- Generated by org.testng.reporters.JUnitReportReporter -->
<testsuite hostname="baclark77-mac1.home" name="com.nbcuni.test.publisher.tests.Advertising.MPS.ImplementMPS" tests="1" failures="0" timestamp="21 May 2014 20:51:03 GMT" time="92.716" errors="0">
  <testcase name="ImplementMPS_TC2901" time="92.716" classname="com.nbcuni.test.publisher.tests.Advertising.MPS.ImplementMPS"/>
</testsuite> <!-- com.nbcuni.test.publisher.tests.Advertising.MPS.ImplementMPS -->
