<?xml version="1.0" encoding="UTF-8"?>
<!-- Generated by org.testng.reporters.JUnitReportReporter -->
<testsuite hostname="baclark77-mac1.home" name="com.nbcuni.test.publisher.contentbuildscripts.MPXPerformanceUpgrade.CreateAndEditVideos" tests="1" failures="0" timestamp="21 May 2014 11:59:17 GMT" time="304.573" errors="0">
  <testcase name="Test" time="304.573" classname="com.nbcuni.test.publisher.contentbuildscripts.MPXPerformanceUpgrade.CreateAndEditVideos"/>
</testsuite> <!-- com.nbcuni.test.publisher.contentbuildscripts.MPXPerformanceUpgrade.CreateAndEditVideos -->
