<?xml version="1.0" encoding="UTF-8"?>
<!-- Generated by org.testng.reporters.JUnitReportReporter -->
<testsuite hostname="baclark77-mac1.home" name="com.nbcuni.test.publisher.tests.ContentEntityCreationManagement.Images.AddApplyEmbeddedMetadataButton.AddApplyEmbeddedMetadataButtonAllImageForms" tests="1" failures="0" timestamp="28 Mar 2014 13:54:59 GMT" time="46.887" errors="0">
  <testcase name="AddApplyEmbeddedMetadataButtonAllImageForms_Test" time="46.887" classname="com.nbcuni.test.publisher.tests.ContentEntityCreationManagement.Images.AddApplyEmbeddedMetadataButton.AddApplyEmbeddedMetadataButtonAllImageForms"/>
</testsuite> <!-- com.nbcuni.test.publisher.tests.ContentEntityCreationManagement.Images.AddApplyEmbeddedMetadataButton.AddApplyEmbeddedMetadataButtonAllImageForms -->
