<?xml version="1.0" encoding="UTF-8"?>
<!-- Generated by org.testng.reporters.JUnitReportReporter -->
<testsuite hostname="BACLARK77-MAC1.local" name="com.nbcuni.test.publisher.tests.ContentEntityCreationManagement.ContentandEntityManagement.CountdownClock.CountdownClockEvents" tests="2" failures="0" timestamp="7 Oct 2014 03:04:11 GMT" time="193.960" errors="0">
  <testcase name="Cleanup" time="54.253" classname="com.nbcuni.test.publisher.tests.ContentEntityCreationManagement.ContentandEntityManagement.CountdownClock.CountdownClockEvents"/>
  <testcase name="CountdownClockEvents_TC4887" time="139.707" classname="com.nbcuni.test.publisher.tests.ContentEntityCreationManagement.ContentandEntityManagement.CountdownClock.CountdownClockEvents"/>
</testsuite> <!-- com.nbcuni.test.publisher.tests.ContentEntityCreationManagement.ContentandEntityManagement.CountdownClock.CountdownClockEvents -->
