<?xml version="1.0" encoding="UTF-8"?>
<!-- Generated by org.testng.reporters.JUnitReportReporter -->
<testsuite hostname="BACLARK77-MAC1.local" name="com.nbcuni.test.publisher.tests.ContentEntityCreationManagement.ContentandEntityManagement.LockContentWhenEditing.ContentLocking" tests="1" failures="0" timestamp="2 Apr 2014 12:37:51 GMT" time="40.936" errors="0">
  <testcase name="ContentLocking_Test" time="40.936" classname="com.nbcuni.test.publisher.tests.ContentEntityCreationManagement.ContentandEntityManagement.LockContentWhenEditing.ContentLocking"/>
</testsuite> <!-- com.nbcuni.test.publisher.tests.ContentEntityCreationManagement.ContentandEntityManagement.LockContentWhenEditing.ContentLocking -->
