<?xml version="1.0" encoding="UTF-8"?>
<!-- Generated by org.testng.reporters.JUnitReportReporter -->
<testsuite hostname="BACLARK77-MAC1.local" name="com.nbcuni.test.publisher.tests.ContentEntityCreationManagement.ContentandEntityManagement.EnhanceContentLibraryTable.EnhanceContentLibraryTable" tests="1" failures="0" timestamp="29 Jul 2014 23:53:47 GMT" time="105.104" errors="0">
  <testcase name="EnhanceContentLibraryTable_Test" time="105.104" classname="com.nbcuni.test.publisher.tests.ContentEntityCreationManagement.ContentandEntityManagement.EnhanceContentLibraryTable.EnhanceContentLibraryTable"/>
</testsuite> <!-- com.nbcuni.test.publisher.tests.ContentEntityCreationManagement.ContentandEntityManagement.EnhanceContentLibraryTable.EnhanceContentLibraryTable -->
