<?xml version="1.0" encoding="UTF-8"?>
<!-- Generated by org.testng.reporters.JUnitReportReporter -->
<testsuite hostname="BACLARK77-MAC1.local" name="com.nbcuni.test.publisher.tests.SiteManagementAndReporting.AdminViews.NoWhiteScreen" tests="1" failures="0" timestamp="2 Oct 2014 17:15:36 GMT" time="29.214" errors="0">
  <testcase name="NoWhiteScreen_TC4147" time="29.214" classname="com.nbcuni.test.publisher.tests.SiteManagementAndReporting.AdminViews.NoWhiteScreen"/>
</testsuite> <!-- com.nbcuni.test.publisher.tests.SiteManagementAndReporting.AdminViews.NoWhiteScreen -->
