<?xml version="1.0" encoding="UTF-8"?>
<!-- Generated by org.testng.reporters.JUnitReportReporter -->
<testsuite hostname="BACLARK77-MAC1.local" name="com.nbcuni.test.publisher.tests.Video.ScheduleMPXVideos.MPXVideosSchedulingVerificationInitialOverrides" tests="1" failures="0" timestamp="18 Sep 2014 15:55:17 GMT" time="62.283" errors="0">
  <testcase name="MPXVideosSchedulingVerificationInitialOverrides_Test" time="62.283" classname="com.nbcuni.test.publisher.tests.Video.ScheduleMPXVideos.MPXVideosSchedulingVerificationInitialOverrides"/>
</testsuite> <!-- com.nbcuni.test.publisher.tests.Video.ScheduleMPXVideos.MPXVideosSchedulingVerificationInitialOverrides -->
