<?xml version="1.0" encoding="UTF-8"?>
<!-- Generated by org.testng.reporters.JUnitReportReporter -->
<testsuite hostname="localhost" name="com.nbcuni.test.publisher.tests.ContentEntityCreationManagement.Images.ProvideUniqueURLImages.UniqueURL" tests="1" failures="0" timestamp="20 Jun 2014 12:51:41 GMT" time="26.709" errors="0">
  <testcase name="UniqueURL_TC1056" time="26.709" classname="com.nbcuni.test.publisher.tests.ContentEntityCreationManagement.Images.ProvideUniqueURLImages.UniqueURL"/>
</testsuite> <!-- com.nbcuni.test.publisher.tests.ContentEntityCreationManagement.Images.ProvideUniqueURLImages.UniqueURL -->
