<?xml version="1.0" encoding="UTF-8"?>
<!-- Generated by org.testng.reporters.JUnitReportReporter -->
<testsuite hostname="baclark77-mac1.home" name="com.nbcuni.test.publisher.tests.ContentEntityCreationManagement.ContentTypesEntities.TVEpisode.CreateTVEpisode" tests="1" failures="0" timestamp="27 Jan 2014 23:53:00 GMT" time="165.102" errors="0">
  <testcase name="CreateTVEpisode" time="165.102" classname="com.nbcuni.test.publisher.tests.ContentEntityCreationManagement.ContentTypesEntities.TVEpisode.CreateTVEpisode"/>
</testsuite> <!-- com.nbcuni.test.publisher.tests.ContentEntityCreationManagement.ContentTypesEntities.TVEpisode.CreateTVEpisode -->
