<?xml version="1.0" encoding="UTF-8"?>
<!-- Generated by org.testng.reporters.JUnitReportReporter -->
<testsuite hostname="baclark77-mac1.home" name="com.nbcuni.test.publisher.tests.Video.Player.SelectVideoPlayerPerVideoFile" tests="1" failures="1" timestamp="25 Jan 2014 15:55:09 GMT" time="305.964" errors="0">
  <testcase name="SelectVideoPlayerPerVideoFile" time="305.964" classname="com.nbcuni.test.publisher.tests.Video.Player.SelectVideoPlayerPerVideoFile">
    <failure type="org.openqa.selenium.NoSuchElementException" message="Cannot locate element with text: Auditude Demo player
For documentation on this error, please visit: http://seleniumhq.org/exceptions/no_such_element.html
Build info: version: &#039;2.35.0&#039;, revision: &#039;8df0c6bedf70ff9f22c647788f9fe9c8d22210e2&#039;, time: &#039;2013-08-17 12:46:41&#039;
System info: os.name: &#039;Mac OS X&#039;, os.arch: &#039;x86_64&#039;, os.version: &#039;10.8.5&#039;, java.version: &#039;1.6.0_65&#039;
Driver info: driver.version: unknown">
      <![CDATA[org.openqa.selenium.NoSuchElementException: Cannot locate element with text: Auditude Demo player
For documentation on this error, please visit: http://seleniumhq.org/exceptions/no_such_element.html
Build info: version: '2.35.0', revision: '8df0c6bedf70ff9f22c647788f9fe9c8d22210e2', time: '2013-08-17 12:46:41'
System info: os.name: 'Mac OS X', os.arch: 'x86_64', os.version: '10.8.5', java.version: '1.6.0_65'
Driver info: driver.version: unknown
	at org.openqa.selenium.support.ui.Select.selectByVisibleText(Select.java:147)
	at com.nbcuni.test.publisher.pageobjects.MPX.EditMPXVideo.SelectPubMPXVideoPlayer(EditMPXVideo.java:128)
	at com.nbcuni.test.publisher.tests.Video.Player.SelectVideoPlayerPerVideoFile.SelectVideoPlayerPerVideoFile(SelectVideoPlayerPerVideoFile.java:94)
	at sun.reflect.NativeMethodAccessorImpl.invoke0(Native Method)
	at sun.reflect.NativeMethodAccessorImpl.invoke(NativeMethodAccessorImpl.java:39)
	at sun.reflect.DelegatingMethodAccessorImpl.invoke(DelegatingMethodAccessorImpl.java:25)
	at java.lang.reflect.Method.invoke(Method.java:597)
	at org.testng.internal.MethodInvocationHelper.invokeMethod(MethodInvocationHelper.java:84)
	at org.testng.internal.Invoker.invokeMethod(Invoker.java:714)
	at org.testng.internal.Invoker.invokeTestMethod(Invoker.java:901)
	at org.testng.internal.Invoker.invokeTestMethods(Invoker.java:1231)
	at org.testng.internal.TestMethodWorker.invokeTestMethods(TestMethodWorker.java:127)
	at org.testng.internal.TestMethodWorker.run(TestMethodWorker.java:111)
	at java.util.concurrent.ThreadPoolExecutor$Worker.runTask(ThreadPoolExecutor.java:895)
	at java.util.concurrent.ThreadPoolExecutor$Worker.run(ThreadPoolExecutor.java:918)
	at java.lang.Thread.run(Thread.java:695)
]]>
    </failure>
  </testcase> <!-- SelectVideoPlayerPerVideoFile -->
</testsuite> <!-- com.nbcuni.test.publisher.tests.Video.Player.SelectVideoPlayerPerVideoFile -->
