<?xml version="1.0" encoding="UTF-8"?>
<!-- Generated by org.testng.reporters.JUnitReportReporter -->
<testsuite hostname="baclark77-mac1.home" name="com.nbcuni.test.publisher.tests.Video.MPXConfigurationP7.AllowSitesToConfigureMultipleMPXAccounts.MPXMediaSyncVerification" tests="1" failures="1" timestamp="14 Jan 2014 20:55:15 GMT" time="0.000" errors="0">
  <testcase name="MPXMediaSyncVerification" time="0.000" classname="com.nbcuni.test.publisher.tests.Video.MPXConfigurationP7.AllowSitesToConfigureMultipleMPXAccounts.MPXMediaSyncVerification">
    <failure type="java.lang.NullPointerException">
      <![CDATA[java.lang.NullPointerException
	at com.nbcuni.test.publisher.common.ParentTest.stopSelenium(ParentTest.java:75)
	at sun.reflect.GeneratedMethodAccessor58.invoke(Unknown Source)
	at sun.reflect.DelegatingMethodAccessorImpl.invoke(DelegatingMethodAccessorImpl.java:25)
	at java.lang.reflect.Method.invoke(Method.java:597)
	at org.testng.internal.MethodInvocationHelper.invokeMethod(MethodInvocationHelper.java:84)
	at org.testng.internal.Invoker.invokeConfigurationMethod(Invoker.java:564)
	at org.testng.internal.Invoker.invokeConfigurations(Invoker.java:213)
	at org.testng.internal.Invoker.invokeMethod(Invoker.java:786)
	at org.testng.internal.Invoker.invokeTestMethod(Invoker.java:901)
	at org.testng.internal.Invoker.invokeTestMethods(Invoker.java:1231)
	at org.testng.internal.TestMethodWorker.invokeTestMethods(TestMethodWorker.java:127)
	at org.testng.internal.TestMethodWorker.run(TestMethodWorker.java:111)
	at java.util.concurrent.ThreadPoolExecutor$Worker.runTask(ThreadPoolExecutor.java:895)
	at java.util.concurrent.ThreadPoolExecutor$Worker.run(ThreadPoolExecutor.java:918)
	at java.lang.Thread.run(Thread.java:695)
]]>
    </failure>
  </testcase> <!-- MPXMediaSyncVerification -->
</testsuite> <!-- com.nbcuni.test.publisher.tests.Video.MPXConfigurationP7.AllowSitesToConfigureMultipleMPXAccounts.MPXMediaSyncVerification -->
