<?xml version="1.0" encoding="UTF-8"?>
<!-- Generated by org.testng.reporters.JUnitReportReporter -->
<testsuite hostname="baclark77-mac1.home" name="com.nbcuni.test.publisher.common.DetectNetworkSpeed" tests="1" failures="0" timestamp="17 Mar 2014 19:58:26 GMT" time="0.010" errors="0">
  <testcase name="getSpeed" time="0.010" classname="com.nbcuni.test.publisher.common.DetectNetworkSpeed"/>
</testsuite> <!-- com.nbcuni.test.publisher.common.DetectNetworkSpeed -->
