<?xml version="1.0" encoding="UTF-8"?>
<!-- Generated by org.testng.reporters.JUnitReportReporter -->
<testsuite hostname="baclark77-mac1.home" name="com.nbcuni.test.publisher.tests.Video.Player.SelectVideoPlayerPerVideoFile" tests="1" failures="0" timestamp="29 Jan 2014 04:05:10 GMT" time="107.592" errors="0">
  <testcase name="SelectVideoPlayerPerVideoFile" time="107.592" classname="com.nbcuni.test.publisher.tests.Video.Player.SelectVideoPlayerPerVideoFile"/>
</testsuite> <!-- com.nbcuni.test.publisher.tests.Video.Player.SelectVideoPlayerPerVideoFile -->
