<?xml version="1.0" encoding="UTF-8"?>
<!-- Generated by org.testng.reporters.JUnitReportReporter -->
<testsuite hostname="baclark77-mac1.home" name="com.nbcuni.test.publisher.contentbuildscripts.NBCcomIssue.OpenHomePage1" tests="1" failures="0" timestamp="21 Apr 2014 18:18:02 GMT" time="10.897" errors="0">
  <testcase name="OpenHomePage_Test" time="10.897" classname="com.nbcuni.test.publisher.contentbuildscripts.NBCcomIssue.OpenHomePage1"/>
</testsuite> <!-- com.nbcuni.test.publisher.contentbuildscripts.NBCcomIssue.OpenHomePage1 -->
