<?xml version="1.0" encoding="UTF-8"?>
<!-- Generated by org.testng.reporters.JUnitReportReporter -->
<testsuite hostname="BACLARK77-MAC1.local" name="com.nbcuni.test.publisher.tests.Advertising.MPS.MPSEndToEndIntegration" tests="1" failures="0" timestamp="7 Oct 2014 03:04:11 GMT" time="84.069" errors="0">
  <testcase name="MPSEndToEndIntegration_TC3996" time="84.069" classname="com.nbcuni.test.publisher.tests.Advertising.MPS.MPSEndToEndIntegration"/>
</testsuite> <!-- com.nbcuni.test.publisher.tests.Advertising.MPS.MPSEndToEndIntegration -->
