<?xml version="1.0" encoding="UTF-8"?>
<!-- Generated by org.testng.reporters.JUnitReportReporter -->
<testsuite hostname="BACLARK77-MAC1.local" name="com.nbcuni.test.publisher.tests.Video.NonFunctionalEnhanceMPXPlayerContentAdminScreen.EnhanceMPXPlayerContentAdminScreen" tests="1" failures="0" timestamp="2 Oct 2014 17:15:36 GMT" time="156.906" errors="0">
  <testcase name="EnhanceMPXPlayerContentAdminScreen_Test" time="156.906" classname="com.nbcuni.test.publisher.tests.Video.NonFunctionalEnhanceMPXPlayerContentAdminScreen.EnhanceMPXPlayerContentAdminScreen"/>
</testsuite> <!-- com.nbcuni.test.publisher.tests.Video.NonFunctionalEnhanceMPXPlayerContentAdminScreen.EnhanceMPXPlayerContentAdminScreen -->
