<?xml version="1.0" encoding="UTF-8"?>
<!-- Generated by org.testng.reporters.JUnitReportReporter -->
<testsuite hostname="BACLARK77-MAC1.local" name="com.nbcuni.test.publisher.tests.customcontenttypes.AddingNewCustomContentType" tests="1" failures="0" timestamp="17 Dec 2013 13:09:43 GMT" time="58.365" errors="0">
  <testcase name="Test" time="58.365" classname="com.nbcuni.test.publisher.tests.customcontenttypes.AddingNewCustomContentType"/>
</testsuite> <!-- com.nbcuni.test.publisher.tests.customcontenttypes.AddingNewCustomContentType -->
