<?xml version="1.0" encoding="UTF-8"?>
<!-- Generated by org.testng.reporters.JUnitReportReporter -->
<testsuite hostname="BACLARK77-MAC1.local" name="com.nbcuni.test.publisher.tests.SocialIntegration.FunctionalImplementGigyaShareBar.FunctionalImplementGigyaShareBar" tests="2" failures="0" timestamp="16 Jul 2014 18:29:02 GMT" time="126.642" errors="1">
  <testcase name="FunctionalImplementGigyaShareBar_TC3978" time="51.743" classname="com.nbcuni.test.publisher.tests.SocialIntegration.FunctionalImplementGigyaShareBar.FunctionalImplementGigyaShareBar">
    <error type="java.lang.AssertionError" message="Error text of &#039;Warning: apc_store(): GC cache entry &#039;drupal.xautoload.a3edf034ad6148f1532ebf48762fdcbbb426a46c1c210c3a46d96b590393e7f1.apc_prefix&#039; was on gc-list for 15502 seconds in xautoload_ApcKeyManager_Enabled-&gt;renewApcPrefix() (line 30 of /mnt/www/html/nbcupublisher7qa5/docroot/profiles/publisher/modules/contrib/xautoload/lib/ApcKeyManager/Enabled.php).&#039; is present in application.">
      <![CDATA[java.lang.AssertionError: Error text of 'Warning: apc_store(): GC cache entry 'drupal.xautoload.a3edf034ad6148f1532ebf48762fdcbbb426a46c1c210c3a46d96b590393e7f1.apc_prefix' was on gc-list for 15502 seconds in xautoload_ApcKeyManager_Enabled->renewApcPrefix() (line 30 of /mnt/www/html/nbcupublisher7qa5/docroot/profiles/publisher/modules/contrib/xautoload/lib/ApcKeyManager/Enabled.php).' is present in application.
	at org.testng.Assert.fail(Assert.java:94)
	at com.nbcuni.test.publisher.pageobjects.ErrorChecking.ErrorChecking.VerifyNoMessageErrorsPresent(ErrorChecking.java:232)
	at com.nbcuni.test.publisher.pageobjects.Content.ContentParent.VerifyMessageStatus(ContentParent.java:92)
	at com.nbcuni.test.publisher.pageobjects.Modules.VerifyConfigurationSaved(Modules.java:108)
	at com.nbcuni.test.publisher.pageobjects.Modules.EnableModule(Modules.java:163)
	at com.nbcuni.test.publisher.pageobjects.Modules.VerifyModuleEnabled(Modules.java:218)
	at com.nbcuni.test.publisher.tests.SocialIntegration.FunctionalImplementGigyaShareBar.FunctionalImplementGigyaShareBar.FunctionalImplementGigyaShareBar_TC3978(FunctionalImplementGigyaShareBar.java:33)
	at sun.reflect.NativeMethodAccessorImpl.invoke0(Native Method)
	at sun.reflect.NativeMethodAccessorImpl.invoke(NativeMethodAccessorImpl.java:57)
	at sun.reflect.DelegatingMethodAccessorImpl.invoke(DelegatingMethodAccessorImpl.java:43)
	at java.lang.reflect.Method.invoke(Method.java:606)
	at org.testng.internal.MethodInvocationHelper.invokeMethod(MethodInvocationHelper.java:84)
	at org.testng.internal.Invoker.invokeMethod(Invoker.java:714)
	at org.testng.internal.Invoker.invokeTestMethod(Invoker.java:901)
	at org.testng.internal.Invoker.invokeTestMethods(Invoker.java:1231)
	at org.testng.internal.TestMethodWorker.invokeTestMethods(TestMethodWorker.java:127)
	at org.testng.internal.TestMethodWorker.run(TestMethodWorker.java:111)
	at org.testng.TestRunner.privateRun(TestRunner.java:767)
	at org.testng.TestRunner.run(TestRunner.java:617)
	at org.testng.SuiteRunner.runTest(SuiteRunner.java:334)
	at org.testng.SuiteRunner.runSequentially(SuiteRunner.java:329)
	at org.testng.SuiteRunner.privateRun(SuiteRunner.java:291)
	at org.testng.SuiteRunner.run(SuiteRunner.java:240)
	at org.testng.SuiteRunnerWorker.runSuite(SuiteRunnerWorker.java:52)
	at org.testng.SuiteRunnerWorker.run(SuiteRunnerWorker.java:86)
	at org.testng.TestNG.runSuitesSequentially(TestNG.java:1224)
	at org.testng.TestNG.runSuitesLocally(TestNG.java:1149)
	at org.testng.TestNG.run(TestNG.java:1057)
	at org.testng.remote.RemoteTestNG.run(RemoteTestNG.java:111)
	at org.testng.remote.RemoteTestNG.initAndRun(RemoteTestNG.java:204)
	at org.testng.remote.RemoteTestNG.main(RemoteTestNG.java:175)
]]>
    </error>
  </testcase> <!-- FunctionalImplementGigyaShareBar_TC3978 -->
  <testcase name="FunctionalImplementGigyaShareBar_TC3978" time="74.899" classname="com.nbcuni.test.publisher.tests.SocialIntegration.FunctionalImplementGigyaShareBar.FunctionalImplementGigyaShareBar"/>
</testsuite> <!-- com.nbcuni.test.publisher.tests.SocialIntegration.FunctionalImplementGigyaShareBar.FunctionalImplementGigyaShareBar -->
