<?xml version="1.0" encoding="UTF-8"?>
<!-- Generated by org.testng.reporters.JUnitReportReporter -->
<testsuite hostname="baclark77-mac1.home" name="com.nbcuni.test.publisher.tests.ContentEntityCreationManagement.ContentandEntityManagement.ContentandEntityModerationStatesandWorkflows.PublishContenttoUnauthenticatedUsers" tests="1" failures="0" timestamp="14 Jan 2014 20:12:25 GMT" time="23.771" errors="0">
  <testcase name="PublishContenttoUnauthenticatedUsers" time="23.771" classname="com.nbcuni.test.publisher.tests.ContentEntityCreationManagement.ContentandEntityManagement.ContentandEntityModerationStatesandWorkflows.PublishContenttoUnauthenticatedUsers"/>
</testsuite> <!-- com.nbcuni.test.publisher.tests.ContentEntityCreationManagement.ContentandEntityManagement.ContentandEntityModerationStatesandWorkflows.PublishContenttoUnauthenticatedUsers -->
