<?xml version="1.0" encoding="UTF-8"?>
<!-- Generated by org.testng.reporters.JUnitReportReporter -->
<testsuite hostname="baclark77-mac1.home" name="com.nbcuni.test.publisher.tests.Video.ScheduleMPXVideos.Configuration" tests="1" failures="0" timestamp="27 Jan 2014 23:53:00 GMT" time="30.892" errors="0">
  <testcase name="Configuration" time="30.892" classname="com.nbcuni.test.publisher.tests.Video.ScheduleMPXVideos.Configuration"/>
</testsuite> <!-- com.nbcuni.test.publisher.tests.Video.ScheduleMPXVideos.Configuration -->
