<?xml version="1.0" encoding="UTF-8"?>
<!-- Generated by org.testng.reporters.JUnitReportReporter -->
<testsuite hostname="SDGL431" name="com.nbcuni.test.publisher.tests.ContentEntityCreationManagement.ContentandEntityManagement.ContentandEntityScheduling.ScheduletopublishContentbyDateTime" tests="1" failures="0" timestamp="7 Jan 2014 11:28:40 GMT" time="330.549" errors="0">
  <testcase name="ScheduletopublishContentbyDateTime" time="330.549" classname="com.nbcuni.test.publisher.tests.ContentEntityCreationManagement.ContentandEntityManagement.ContentandEntityScheduling.ScheduletopublishContentbyDateTime"/>
</testsuite> <!-- com.nbcuni.test.publisher.tests.ContentEntityCreationManagement.ContentandEntityManagement.ContentandEntityScheduling.ScheduletopublishContentbyDateTime -->
