<?xml version="1.0" encoding="UTF-8"?>
<!-- Generated by org.testng.reporters.JUnitReportReporter -->
<testsuite hostname="baclark77-mac1.home" name="com.nbcuni.test.publisher.ContentBuildScripts.Build1000MPXAssets" tests="1" failures="0" timestamp="7 Feb 2014 16:41:24 GMT" time="132.565" errors="0">
  <testcase name="BuildAssets_Test" time="132.565" classname="com.nbcuni.test.publisher.ContentBuildScripts.Build1000MPXAssets"/>
</testsuite> <!-- com.nbcuni.test.publisher.ContentBuildScripts.Build1000MPXAssets -->
