<?xml version="1.0" encoding="UTF-8"?>
<!-- Generated by org.testng.reporters.JUnitReportReporter -->
<testsuite hostname="BACLARK77-MAC1.local" name="com.nbcuni.test.publisher.tests.SocialIntegration.ImplementAutoPublishingToTwitter.TwitterAutoPublishing" tests="1" failures="0" timestamp="16 Jul 2014 19:26:46 GMT" time="63.740" errors="0">
  <testcase name="TwitterAutoPublishing_Test" time="63.740" classname="com.nbcuni.test.publisher.tests.SocialIntegration.ImplementAutoPublishingToTwitter.TwitterAutoPublishing"/>
</testsuite> <!-- com.nbcuni.test.publisher.tests.SocialIntegration.ImplementAutoPublishingToTwitter.TwitterAutoPublishing -->
