<?xml version="1.0" encoding="UTF-8"?>
<!-- Generated by org.testng.reporters.JUnitReportReporter -->
<testsuite hostname="baclark77-mac1.home" name="com.nbcuni.test.publisher.tests.ContentEntityCreationManagement.ContentTypesEntities.CustomContentType.AddingNewCustomContentType" tests="1" failures="0" timestamp="3 Jan 2014 14:53:04 GMT" time="39.984" errors="0">
  <testcase name="AddingNewCustomContentType" time="39.984" classname="com.nbcuni.test.publisher.tests.ContentEntityCreationManagement.ContentTypesEntities.CustomContentType.AddingNewCustomContentType"/>
</testsuite> <!-- com.nbcuni.test.publisher.tests.ContentEntityCreationManagement.ContentTypesEntities.CustomContentType.AddingNewCustomContentType -->
