<?xml version="1.0" encoding="UTF-8"?>
<!-- Generated by org.testng.reporters.JUnitReportReporter -->
<testsuite hostname="BACLARK77-MAC1.local" name="com.nbcuni.test.publisher.tests.Advertising.MPS.ImplementMPS" tests="1" failures="1" timestamp="9 Oct 2014 14:27:26 GMT" time="6.286" errors="0">
  <testcase name="ImplementMPS_TC2901" time="6.286" classname="com.nbcuni.test.publisher.tests.Advertising.MPS.ImplementMPS">
    <failure type="org.testng.SkipException" message="TestSetup Failed - Skipping test ImplementMPS_TC2901">
      <![CDATA[org.testng.SkipException: TestSetup Failed - Skipping test ImplementMPS_TC2901
	at com.nbcuni.test.publisher.common.TestListeners.onTestStart(TestListeners.java:50)
	at org.testng.internal.Invoker.runTestListeners(Invoker.java:1904)
	at org.testng.internal.Invoker.runTestListeners(Invoker.java:1879)
	at org.testng.internal.Invoker.invokeMethod(Invoker.java:685)
	at org.testng.internal.Invoker.invokeTestMethod(Invoker.java:901)
	at org.testng.internal.Invoker.invokeTestMethods(Invoker.java:1231)
	at org.testng.internal.TestMethodWorker.invokeTestMethods(TestMethodWorker.java:127)
	at org.testng.internal.TestMethodWorker.run(TestMethodWorker.java:111)
	at java.util.concurrent.ThreadPoolExecutor.runWorker(ThreadPoolExecutor.java:1145)
	at java.util.concurrent.ThreadPoolExecutor$Worker.run(ThreadPoolExecutor.java:615)
	at java.lang.Thread.run(Thread.java:724)
]]>
    </failure>
  </testcase> <!-- ImplementMPS_TC2901 -->
</testsuite> <!-- com.nbcuni.test.publisher.tests.Advertising.MPS.ImplementMPS -->
