<?xml version="1.0" encoding="UTF-8"?>
<!-- Generated by org.testng.reporters.JUnitReportReporter -->
<testsuite hostname="BACLARK77-MAC1.local" name="com.nbcuni.test.publisher.tests.UserCreationAndManagement.Passwords.PasswordRules" tests="1" failures="0" timestamp="31 Jul 2014 11:51:49 GMT" time="56.741" errors="0">
  <testcase name="PasswordRules_TC2185" time="56.741" classname="com.nbcuni.test.publisher.tests.UserCreationAndManagement.Passwords.PasswordRules"/>
</testsuite> <!-- com.nbcuni.test.publisher.tests.UserCreationAndManagement.Passwords.PasswordRules -->
