<?xml version="1.0" encoding="UTF-8"?>
<!-- Generated by org.testng.reporters.JUnitReportReporter -->
<testsuite hostname="BACLARK77-MAC1.local" name="com.nbcuni.test.publisher.tests.ContentEntityCreationManagement.Images.IntegrateFocalPointModule.FocalPointModule" tests="1" failures="0" timestamp="7 Oct 2014 03:04:11 GMT" time="195.165" errors="0">
  <testcase name="FocalPointModule_TC1052" time="195.165" classname="com.nbcuni.test.publisher.tests.ContentEntityCreationManagement.Images.IntegrateFocalPointModule.FocalPointModule"/>
</testsuite> <!-- com.nbcuni.test.publisher.tests.ContentEntityCreationManagement.Images.IntegrateFocalPointModule.FocalPointModule -->
