<?xml version="1.0" encoding="UTF-8"?>
<!-- Generated by org.testng.reporters.JUnitReportReporter -->
<testsuite hostname="baclark77-mac1.home" name="com.nbcuni.test.publisher.tests.ContentEntityCreationManagement.ContentAndEntityPreview.PreviewContentItemsIntheFuturefromContentandWorkbenchViews" tests="1" failures="0" timestamp="17 Feb 2014 18:50:21 GMT" time="91.284" errors="0">
  <testcase name="PreviewContentItemsIntheFuturefromContentandWorkbenchViews_Test" time="91.284" classname="com.nbcuni.test.publisher.tests.ContentEntityCreationManagement.ContentAndEntityPreview.PreviewContentItemsIntheFuturefromContentandWorkbenchViews"/>
</testsuite> <!-- com.nbcuni.test.publisher.tests.ContentEntityCreationManagement.ContentAndEntityPreview.PreviewContentItemsIntheFuturefromContentandWorkbenchViews -->
