<?xml version="1.0" encoding="UTF-8"?>
<!-- Generated by org.testng.reporters.JUnitReportReporter -->
<testsuite hostname="baclark77-mac1.home" name="com.nbcuni.test.publisher.tests.Queues.SchedulingQueues.ScheduleRevisionsOfQueues" tests="1" failures="0" timestamp="31 Jan 2014 03:28:48 GMT" time="40.221" errors="0">
  <testcase name="ScheduleRevisionsOfQueues_Test" time="40.221" classname="com.nbcuni.test.publisher.tests.Queues.SchedulingQueues.ScheduleRevisionsOfQueues"/>
</testsuite> <!-- com.nbcuni.test.publisher.tests.Queues.SchedulingQueues.ScheduleRevisionsOfQueues -->
