<?xml version="1.0" encoding="UTF-8"?>
<!-- Generated by org.testng.reporters.JUnitReportReporter -->
<testsuite hostname="BACLARK77-MAC1.local" name="com.nbcuni.test.publisher.tests.SiteManagementAndReporting.SSO.SSODefinedDomains" tests="1" failures="0" timestamp="5 Jul 2014 12:34:33 GMT" time="121.885" errors="0">
  <testcase name="SSODefinedDomains_TC3474" time="121.885" classname="com.nbcuni.test.publisher.tests.SiteManagementAndReporting.SSO.SSODefinedDomains"/>
</testsuite> <!-- com.nbcuni.test.publisher.tests.SiteManagementAndReporting.SSO.SSODefinedDomains -->
