<?xml version="1.0" encoding="UTF-8"?>
<!-- Generated by org.testng.reporters.JUnitReportReporter -->
<testsuite hostname="BACLARK77-MAC1.local" name="com.nbcuni.test.publisher.tests.SiteManagementAndReporting.DefaultModules.DefaultModulesEnabled" tests="1" failures="0" timestamp="24 Apr 2014 11:48:57 GMT" time="42.473" errors="0">
  <testcase name="DefaultModulesEnabled_Test" time="42.473" classname="com.nbcuni.test.publisher.tests.SiteManagementAndReporting.DefaultModules.DefaultModulesEnabled"/>
</testsuite> <!-- com.nbcuni.test.publisher.tests.SiteManagementAndReporting.DefaultModules.DefaultModulesEnabled -->
