<?xml version="1.0" encoding="UTF-8"?>
<!-- Generated by org.testng.reporters.JUnitReportReporter -->
<testsuite hostname="baclark77-mac1.home" name="com.nbcuni.test.publisher.tests.Video.NonFunctionalEnhanceMPXPlayerContentAdminScreen.EnhanceMPXPlayerContentAdminScreen" tests="1" failures="0" timestamp="4 May 2014 20:52:25 GMT" time="65.588" errors="0">
  <testcase name="EnhanceMPXPlayerContentAdminScreen_Test" time="65.588" classname="com.nbcuni.test.publisher.tests.Video.NonFunctionalEnhanceMPXPlayerContentAdminScreen.EnhanceMPXPlayerContentAdminScreen"/>
</testsuite> <!-- com.nbcuni.test.publisher.tests.Video.NonFunctionalEnhanceMPXPlayerContentAdminScreen.EnhanceMPXPlayerContentAdminScreen -->
