<?xml version="1.0" encoding="UTF-8"?>
<!-- Generated by org.testng.reporters.JUnitReportReporter -->
<testsuite hostname="BACLARK77-MAC1.local" name="com.nbcuni.test.publisher.tests.Advertising.MPS.MPSSupportTokens" tests="1" failures="0" timestamp="8 Jul 2014 12:25:20 GMT" time="125.741" errors="0">
  <testcase name="MPSSupportTokens_TC3641" time="125.741" classname="com.nbcuni.test.publisher.tests.Advertising.MPS.MPSSupportTokens"/>
</testsuite> <!-- com.nbcuni.test.publisher.tests.Advertising.MPS.MPSSupportTokens -->
