<?xml version="1.0" encoding="UTF-8"?>
<!-- Generated by org.testng.reporters.JUnitReportReporter -->
<testsuite hostname="baclark77-mac1.home" name="com.nbcuni.test.publisher.tests.UserCreationAndManagement.Passwords.PasswordRules" tests="1" failures="0" timestamp="7 May 2014 20:02:43 GMT" time="58.362" errors="0">
  <testcase name="PasswordRules_TC2185" time="58.362" classname="com.nbcuni.test.publisher.tests.UserCreationAndManagement.Passwords.PasswordRules"/>
</testsuite> <!-- com.nbcuni.test.publisher.tests.UserCreationAndManagement.Passwords.PasswordRules -->
