<?xml version="1.0" encoding="UTF-8"?>
<!-- Generated by org.testng.reporters.JUnitReportReporter -->
<testsuite hostname="localhost" name="com.nbcuni.test.publisher.tests.Video.DeIngestingMPXAccountsAndCorrespondingAssets.MPXAccountDeletion" tests="1" failures="0" timestamp="13 Jun 2014 20:35:57 GMT" time="201.889" errors="0">
  <testcase name="MPXAccountDeletion_TC1884" time="201.889" classname="com.nbcuni.test.publisher.tests.Video.DeIngestingMPXAccountsAndCorrespondingAssets.MPXAccountDeletion"/>
</testsuite> <!-- com.nbcuni.test.publisher.tests.Video.DeIngestingMPXAccountsAndCorrespondingAssets.MPXAccountDeletion -->
