<?xml version="1.0" encoding="UTF-8"?>
<!-- Generated by org.testng.reporters.JUnitReportReporter -->
<testsuite hostname="baclark77-mac1.home" name="com.nbcuni.test.publisher.tests.SocialIntegration.ImplementAutoPublishingToTwitter.SeeIt" tests="1" failures="0" timestamp="21 Apr 2014 19:39:59 GMT" time="22.162" errors="0">
  <testcase name="SeeIt_TC1060" time="22.162" classname="com.nbcuni.test.publisher.tests.SocialIntegration.ImplementAutoPublishingToTwitter.SeeIt"/>
</testsuite> <!-- com.nbcuni.test.publisher.tests.SocialIntegration.ImplementAutoPublishingToTwitter.SeeIt -->
