<?xml version="1.0" encoding="UTF-8"?>
<!-- Generated by org.testng.reporters.JUnitReportReporter -->
<testsuite hostname="baclark77-mac1.home" name="com.nbcuni.test.publisher.tests.SiteManagementAndReporting.SEOModules.SEOOptimizationModule" tests="1" failures="0" timestamp="20 May 2014 15:25:59 GMT" time="170.114" errors="0">
  <testcase name="SEOOptimizationModule_TC1219" time="170.114" classname="com.nbcuni.test.publisher.tests.SiteManagementAndReporting.SEOModules.SEOOptimizationModule"/>
</testsuite> <!-- com.nbcuni.test.publisher.tests.SiteManagementAndReporting.SEOModules.SEOOptimizationModule -->
