<?xml version="1.0" encoding="UTF-8"?>
<!-- Generated by org.testng.reporters.JUnitReportReporter -->
<testsuite hostname="localhost" name="com.nbcuni.test.publisher.tests.ContentEntityCreationManagement.Images.ProvideUniqueURLImages.UniqueURL" tests="1" failures="0" timestamp="13 Jun 2014 20:35:57 GMT" time="29.366" errors="0">
  <testcase name="UniqueURL_TC1056" time="29.366" classname="com.nbcuni.test.publisher.tests.ContentEntityCreationManagement.Images.ProvideUniqueURLImages.UniqueURL"/>
</testsuite> <!-- com.nbcuni.test.publisher.tests.ContentEntityCreationManagement.Images.ProvideUniqueURLImages.UniqueURL -->
