<?xml version="1.0" encoding="UTF-8"?>
<!-- Generated by org.testng.reporters.JUnitReportReporter -->
<testsuite hostname="BACLARK77-MAC1.local" name="com.nbcuni.test.publisher.tests.Advertising.MPS.MPSEndToEndIntegration" tests="1" failures="0" timestamp="17 Sep 2014 17:54:18 GMT" time="52.054" errors="0">
  <testcase name="MPSEndToEndIntegration_TC3996" time="52.054" classname="com.nbcuni.test.publisher.tests.Advertising.MPS.MPSEndToEndIntegration"/>
</testsuite> <!-- com.nbcuni.test.publisher.tests.Advertising.MPS.MPSEndToEndIntegration -->
