<?xml version="1.0" encoding="UTF-8"?>
<!-- Generated by org.testng.reporters.JUnitReportReporter -->
<testsuite hostname="baclark77-mac1.home" name="com.nbcuni.test.publisher.tests.Setup.TestCleanup" tests="1" failures="0" timestamp="15 Apr 2014 00:06:30 GMT" time="6.932" errors="0">
  <testcase name="TestCleanup_Test" time="6.932" classname="com.nbcuni.test.publisher.tests.Setup.TestCleanup"/>
</testsuite> <!-- com.nbcuni.test.publisher.tests.Setup.TestCleanup -->
