<?xml version="1.0" encoding="UTF-8"?>
<!-- Generated by org.testng.reporters.JUnitReportReporter -->
<testsuite hostname="baclark77-mac1.home" name="com.nbcuni.test.publisher.tests.ContentEntityCreationManagement.ContentandEntityRelationships.CastCrewFieldCollectionsVerification_Movie" tests="1" failures="0" timestamp="1 Feb 2014 14:17:12 GMT" time="116.023" errors="0">
  <testcase name="CastCrewFieldCollectionsVerificationMovie_Test" time="116.023" classname="com.nbcuni.test.publisher.tests.ContentEntityCreationManagement.ContentandEntityRelationships.CastCrewFieldCollectionsVerification_Movie"/>
</testsuite> <!-- com.nbcuni.test.publisher.tests.ContentEntityCreationManagement.ContentandEntityRelationships.CastCrewFieldCollectionsVerification_Movie -->
