<?xml version="1.0" encoding="UTF-8"?>
<!-- Generated by org.testng.reporters.JUnitReportReporter -->
<testsuite hostname="baclark77-mac1.home" name="com.nbcuni.test.publisher.tests.Video.MPXConfigurationP7.MultipleMPXAccountsPerLoginVerification.MPXPlayersSyncVerification" tests="1" failures="0" timestamp="2 Jan 2014 16:54:12 GMT" time="59.654" errors="0">
  <testcase name="MPXPlayersSyncVerification" time="59.654" classname="com.nbcuni.test.publisher.tests.Video.MPXConfigurationP7.MultipleMPXAccountsPerLoginVerification.MPXPlayersSyncVerification"/>
</testsuite> <!-- com.nbcuni.test.publisher.tests.Video.MPXConfigurationP7.MultipleMPXAccountsPerLoginVerification.MPXPlayersSyncVerification -->
