<?xml version="1.0" encoding="UTF-8"?>
<!-- Generated by org.testng.reporters.JUnitReportReporter -->
<testsuite hostname="localhost" name="com.nbcuni.test.publisher.tests.ContentEntityCreationManagement.ContentTypesEntities.MediaGallery.CreateMediaGallery" tests="1" failures="0" timestamp="25 Jun 2014 15:46:45 GMT" time="141.381" errors="0">
  <testcase name="CreateMediaGallery_TC1042" time="141.381" classname="com.nbcuni.test.publisher.tests.ContentEntityCreationManagement.ContentTypesEntities.MediaGallery.CreateMediaGallery"/>
</testsuite> <!-- com.nbcuni.test.publisher.tests.ContentEntityCreationManagement.ContentTypesEntities.MediaGallery.CreateMediaGallery -->
