<?xml version="1.0" encoding="UTF-8"?>
<!-- Generated by org.testng.reporters.JUnitReportReporter -->
<testsuite hostname="baclark77-mac1.home" name="com.nbcuni.test.publisher.tests.ContentEntityCreationManagement.ContentandEntityManagement.ContentandEntityScheduling.EnhanceOperationsDropdownonScheduleTab" tests="1" failures="0" timestamp="14 Feb 2014 16:46:53 GMT" time="49.487" errors="0">
  <testcase name="EnhanceOperationsDropdownonScheduleTab_Test" time="49.487" classname="com.nbcuni.test.publisher.tests.ContentEntityCreationManagement.ContentandEntityManagement.ContentandEntityScheduling.EnhanceOperationsDropdownonScheduleTab"/>
</testsuite> <!-- com.nbcuni.test.publisher.tests.ContentEntityCreationManagement.ContentandEntityManagement.ContentandEntityScheduling.EnhanceOperationsDropdownonScheduleTab -->
