<?xml version="1.0" encoding="UTF-8"?>
<!-- Generated by org.testng.reporters.JUnitReportReporter -->
<testsuite hostname="baclark77-mac1.home" name="com.nbcuni.test.publisher.tests.ContentEntityCreationManagement.ContentandEntityManagement.CloneANode.NodeCloneModuleTesting" tests="1" failures="0" timestamp="4 May 2014 20:52:25 GMT" time="47.601" errors="0">
  <testcase name="NodeCloneModuleTesting_Test" time="47.601" classname="com.nbcuni.test.publisher.tests.ContentEntityCreationManagement.ContentandEntityManagement.CloneANode.NodeCloneModuleTesting"/>
</testsuite> <!-- com.nbcuni.test.publisher.tests.ContentEntityCreationManagement.ContentandEntityManagement.CloneANode.NodeCloneModuleTesting -->
