<?xml version="1.0" encoding="UTF-8"?>
<!-- Generated by org.testng.reporters.JUnitReportReporter -->
<testsuite hostname="baclark77-mac1.home" name="com.nbcuni.test.publisher.tests.Setup.TestCleanup" tests="1" failures="0" timestamp="26 Feb 2014 20:38:29 GMT" time="25.154" errors="0">
  <testcase name="TestSetup_Test" time="25.154" classname="com.nbcuni.test.publisher.tests.Setup.TestCleanup"/>
</testsuite> <!-- com.nbcuni.test.publisher.tests.Setup.TestCleanup -->
