<?xml version="1.0" encoding="UTF-8"?>
<!-- Generated by org.testng.reporters.JUnitReportReporter -->
<testsuite hostname="new-host.home" name="com.nbcuni.test.publisher.tests.ContentEntityCreationManagement.ContentTypesEntities.MediaGallery.CreateMediaGallery" tests="1" failures="0" timestamp="17 Jun 2014 17:47:46 GMT" time="242.633" errors="0">
  <testcase name="CreateMediaGallery_TC1042" time="242.633" classname="com.nbcuni.test.publisher.tests.ContentEntityCreationManagement.ContentTypesEntities.MediaGallery.CreateMediaGallery"/>
</testsuite> <!-- com.nbcuni.test.publisher.tests.ContentEntityCreationManagement.ContentTypesEntities.MediaGallery.CreateMediaGallery -->
