<?xml version="1.0" encoding="UTF-8"?>
<!-- Generated by org.testng.reporters.JUnitReportReporter -->
<testsuite hostname="localhost" name="com.nbcuni.test.publisher.tests.Advertising.MPS.ImplementMPS" tests="1" failures="0" timestamp="23 Jun 2014 13:46:27 GMT" time="183.075" errors="0">
  <testcase name="ImplementMPS_TC2901" time="183.075" classname="com.nbcuni.test.publisher.tests.Advertising.MPS.ImplementMPS"/>
</testsuite> <!-- com.nbcuni.test.publisher.tests.Advertising.MPS.ImplementMPS -->
