<?xml version="1.0" encoding="UTF-8"?>
<!-- Generated by org.testng.reporters.JUnitReportReporter -->
<testsuite hostname="BACLARK77-MAC1.local" name="com.nbcuni.test.publisher.tests.SiteManagementAndReporting.SSO.SSOManageUsers" tests="1" failures="0" timestamp="24 Jul 2014 18:31:07 GMT" time="117.410" errors="0">
  <testcase name="SSOManageUsers_TC3853" time="117.410" classname="com.nbcuni.test.publisher.tests.SiteManagementAndReporting.SSO.SSOManageUsers"/>
</testsuite> <!-- com.nbcuni.test.publisher.tests.SiteManagementAndReporting.SSO.SSOManageUsers -->
