<?xml version="1.0" encoding="UTF-8"?>
<!-- Generated by org.testng.reporters.JUnitReportReporter -->
<testsuite hostname="baclark77-mac1.home" name="com.nbcuni.test.publisher.tests.SiteManagementAndReporting.EmailReRouting.EmailRedirect" tests="1" failures="0" timestamp="9 May 2014 15:00:33 GMT" time="54.973" errors="0">
  <testcase name="EmailRedirect_TC1067" time="54.973" classname="com.nbcuni.test.publisher.tests.SiteManagementAndReporting.EmailReRouting.EmailRedirect"/>
</testsuite> <!-- com.nbcuni.test.publisher.tests.SiteManagementAndReporting.EmailReRouting.EmailRedirect -->
