<?xml version="1.0" encoding="UTF-8"?>
<!-- Generated by org.testng.reporters.JUnitReportReporter -->
<testsuite hostname="baclark77-mac1.home" name="com.nbcuni.test.publisher.tests.Video.SaveDefaultPlayerOptionsAutomatically.DefaultPlayerOptionsVerification" tests="1" failures="0" timestamp="7 Apr 2014 18:03:24 GMT" time="27.982" errors="0">
  <testcase name="DefaultPlayerOptionsVerification_Test" time="27.982" classname="com.nbcuni.test.publisher.tests.Video.SaveDefaultPlayerOptionsAutomatically.DefaultPlayerOptionsVerification"/>
</testsuite> <!-- com.nbcuni.test.publisher.tests.Video.SaveDefaultPlayerOptionsAutomatically.DefaultPlayerOptionsVerification -->
