<?xml version="1.0" encoding="UTF-8"?>
<!-- Generated by org.testng.reporters.JUnitReportReporter -->
<testsuite hostname="baclark77-mac1.home" name="com.nbcuni.test.publisher.tests.Advertising.Comscore.PixelmanModuleSetupAndVerification" tests="1" failures="0" timestamp="31 Dec 2013 20:53:26 GMT" time="87.765" errors="0">
  <testcase name="PixelmanModuleSetupAndVerification" time="87.765" classname="com.nbcuni.test.publisher.tests.Advertising.Comscore.PixelmanModuleSetupAndVerification"/>
</testsuite> <!-- com.nbcuni.test.publisher.tests.Advertising.Comscore.PixelmanModuleSetupAndVerification -->
