<?xml version="1.0" encoding="UTF-8"?>
<!-- Generated by org.testng.reporters.JUnitReportReporter -->
<testsuite hostname="BACLARK77-MAC1.local" name="com.nbcuni.test.publisher.tests.ContentEntityCreationManagement.ContentandEntityManagement.CountdownClock.CountdownClockEvents" tests="2" failures="0" timestamp="29 Sep 2014 16:16:26 GMT" time="256.313" errors="0">
  <testcase name="Cleanup" time="56.076" classname="com.nbcuni.test.publisher.tests.ContentEntityCreationManagement.ContentandEntityManagement.CountdownClock.CountdownClockEvents"/>
  <testcase name="CountdownClockEvents_TC4887" time="200.237" classname="com.nbcuni.test.publisher.tests.ContentEntityCreationManagement.ContentandEntityManagement.CountdownClock.CountdownClockEvents"/>
</testsuite> <!-- com.nbcuni.test.publisher.tests.ContentEntityCreationManagement.ContentandEntityManagement.CountdownClock.CountdownClockEvents -->
