<?xml version="1.0" encoding="UTF-8"?>
<!-- Generated by org.testng.reporters.JUnitReportReporter -->
<testsuite hostname="baclark77-mac1.home" name="com.nbcuni.test.publisher.tests.Video.Configuration.ConfigurationMultipleMPXAccounts" tests="1" failures="0" timestamp="13 May 2014 14:20:22 GMT" time="19.776" errors="0">
  <testcase name="ConfigurationMultipleMPXAccounts_TC1073" time="19.776" classname="com.nbcuni.test.publisher.tests.Video.Configuration.ConfigurationMultipleMPXAccounts"/>
</testsuite> <!-- com.nbcuni.test.publisher.tests.Video.Configuration.ConfigurationMultipleMPXAccounts -->
