<?xml version="1.0" encoding="UTF-8"?>
<!-- Generated by org.testng.reporters.JUnitReportReporter -->
<testsuite hostname="baclark77-mac1.home" name="com.nbcuni.test.publisher.tests.ContentEntityCreationManagement.Images.RepresentativeImage.SetDefaultRepresentativeImagePost" tests="1" failures="0" timestamp="4 May 2014 20:52:25 GMT" time="58.209" errors="0">
  <testcase name="SetDefaultRepresentativeImagePost_Test" time="58.209" classname="com.nbcuni.test.publisher.tests.ContentEntityCreationManagement.Images.RepresentativeImage.SetDefaultRepresentativeImagePost"/>
</testsuite> <!-- com.nbcuni.test.publisher.tests.ContentEntityCreationManagement.Images.RepresentativeImage.SetDefaultRepresentativeImagePost -->
