<?xml version="1.0" encoding="UTF-8"?>
<!-- Generated by org.testng.reporters.JUnitReportReporter -->
<testsuite hostname="baclark77-mac1.home" name="com.nbcuni.test.publisher.tests.ContentEntityCreationManagement.ContentandEntityManagement.EnhanceContentLibraryTable.EnhanceContentLibraryTable" tests="1" failures="0" timestamp="27 Feb 2014 15:13:15 GMT" time="47.755" errors="0">
  <testcase name="EnhanceContentLibraryTable_Test" time="47.755" classname="com.nbcuni.test.publisher.tests.ContentEntityCreationManagement.ContentandEntityManagement.EnhanceContentLibraryTable.EnhanceContentLibraryTable"/>
</testsuite> <!-- com.nbcuni.test.publisher.tests.ContentEntityCreationManagement.ContentandEntityManagement.EnhanceContentLibraryTable.EnhanceContentLibraryTable -->
