<?xml version="1.0" encoding="UTF-8"?>
<!-- Generated by org.testng.reporters.JUnitReportReporter -->
<testsuite hostname="localhost" name="com.nbcuni.test.publisher.tests.UserCreationAndManagement.Permissions.CustomPermissionSetVerification" tests="1" failures="0" timestamp="13 Jun 2014 20:35:57 GMT" time="69.860" errors="0">
  <testcase name="CustomPermissionSetVerification_TC1371" time="69.860" classname="com.nbcuni.test.publisher.tests.UserCreationAndManagement.Permissions.CustomPermissionSetVerification"/>
</testsuite> <!-- com.nbcuni.test.publisher.tests.UserCreationAndManagement.Permissions.CustomPermissionSetVerification -->
