<?xml version="1.0" encoding="UTF-8"?>
<!-- Generated by org.testng.reporters.JUnitReportReporter -->
<testsuite hostname="baclark77-mac1.home" name="com.nbcuni.test.publisher.tests.ContentEntityCreationManagement.ContentandEntityManagement.ContentandEntityScheduling.ScheduleToPublishContentByDateTime" tests="1" failures="0" timestamp="16 Feb 2014 14:49:04 GMT" time="65.767" errors="0">
  <testcase name="ScheduleToPublishContentByDateTime_Test" time="65.767" classname="com.nbcuni.test.publisher.tests.ContentEntityCreationManagement.ContentandEntityManagement.ContentandEntityScheduling.ScheduleToPublishContentByDateTime"/>
</testsuite> <!-- com.nbcuni.test.publisher.tests.ContentEntityCreationManagement.ContentandEntityManagement.ContentandEntityScheduling.ScheduleToPublishContentByDateTime -->
