<?xml version="1.0" encoding="UTF-8"?>
<!-- Generated by org.testng.reporters.JUnitReportReporter -->
<testsuite hostname="BACLARK77-MAC1.local" name="com.nbcuni.test.publisher.tests.Queues.DynamicQueues.CreateConfigureDynamicQueue" tests="1" failures="0" timestamp="7 Oct 2014 12:04:31 GMT" time="128.432" errors="0">
  <testcase name="CreateConfigureDynamicQueue_TC4197" time="128.432" classname="com.nbcuni.test.publisher.tests.Queues.DynamicQueues.CreateConfigureDynamicQueue"/>
</testsuite> <!-- com.nbcuni.test.publisher.tests.Queues.DynamicQueues.CreateConfigureDynamicQueue -->
