<?xml version="1.0" encoding="UTF-8"?>
<!-- Generated by org.testng.reporters.JUnitReportReporter -->
<testsuite hostname="BACLARK77-MAC1.local" name="com.nbcuni.test.publisher.tests.ContentEntityCreationManagement.ContentandEntityManagement.Logo.LogoExceptionAppearsAttemptCreateLogo" tests="1" failures="0" timestamp="3 Apr 2014 14:43:47 GMT" time="139.399" errors="0">
  <testcase name="LogoExceptionAppearsAttemptCreateLogo_Test" time="139.399" classname="com.nbcuni.test.publisher.tests.ContentEntityCreationManagement.ContentandEntityManagement.Logo.LogoExceptionAppearsAttemptCreateLogo"/>
</testsuite> <!-- com.nbcuni.test.publisher.tests.ContentEntityCreationManagement.ContentandEntityManagement.Logo.LogoExceptionAppearsAttemptCreateLogo -->
