<?xml version="1.0" encoding="UTF-8"?>
<!-- Generated by org.testng.reporters.JUnitReportReporter -->
<testsuite hostname="BACLARK77-MAC1.local" name="com.nbcuni.test.publisher.tests.SiteManagementAndReporting.TVE.ImplementTVEModulesCore" tests="1" failures="0" timestamp="11 Jul 2014 11:54:27 GMT" time="217.172" errors="0">
  <testcase name="ImplementTVEModulesCore_TC3261" time="217.172" classname="com.nbcuni.test.publisher.tests.SiteManagementAndReporting.TVE.ImplementTVEModulesCore"/>
</testsuite> <!-- com.nbcuni.test.publisher.tests.SiteManagementAndReporting.TVE.ImplementTVEModulesCore -->
