<?xml version="1.0" encoding="UTF-8"?>
<!-- Generated by org.testng.reporters.JUnitReportReporter -->
<testsuite hostname="baclark77-mac1.home" name="com.nbcuni.test.publisher.tests.ContentEntityCreationManagement.ContentandEntityManagement.Logo.LogoExceptionAppearsAttemptCreateLogo" tests="1" failures="0" timestamp="18 Apr 2014 20:44:18 GMT" time="171.086" errors="0">
  <testcase name="LogoExceptionAppearsAttemptCreateLogo_Test" time="171.086" classname="com.nbcuni.test.publisher.tests.ContentEntityCreationManagement.ContentandEntityManagement.Logo.LogoExceptionAppearsAttemptCreateLogo"/>
</testsuite> <!-- com.nbcuni.test.publisher.tests.ContentEntityCreationManagement.ContentandEntityManagement.Logo.LogoExceptionAppearsAttemptCreateLogo -->
