<?xml version="1.0" encoding="UTF-8"?>
<!-- Generated by org.testng.reporters.JUnitReportReporter -->
<testsuite hostname="BACLARK77-MAC1.local" name="com.nbcuni.test.publisher.tests.Video.SaveDefaultPlayerOptionsAutomatically.DefaultPlayerOptionsVerification" tests="1" failures="0" timestamp="7 Oct 2014 03:04:11 GMT" time="37.149" errors="0">
  <testcase name="DefaultPlayerOptionsVerification_Test" time="37.149" classname="com.nbcuni.test.publisher.tests.Video.SaveDefaultPlayerOptionsAutomatically.DefaultPlayerOptionsVerification"/>
</testsuite> <!-- com.nbcuni.test.publisher.tests.Video.SaveDefaultPlayerOptionsAutomatically.DefaultPlayerOptionsVerification -->
