<?xml version="1.0" encoding="UTF-8"?>
<!-- Generated by org.testng.reporters.JUnitReportReporter -->
<testsuite hostname="BACLARK77-MAC1.local" name="com.nbcuni.test.publisher.tests.ContentEntityCreationManagement.ContentAndEntityPreview.PreviewContentItemsIntheFuturefromContentandWorkbenchViews" tests="1" failures="0" timestamp="22 Sep 2014 23:16:13 GMT" time="73.501" errors="0">
  <testcase name="PreviewContentItemsIntheFuturefromContentandWorkbenchViews_Test" time="73.501" classname="com.nbcuni.test.publisher.tests.ContentEntityCreationManagement.ContentAndEntityPreview.PreviewContentItemsIntheFuturefromContentandWorkbenchViews"/>
</testsuite> <!-- com.nbcuni.test.publisher.tests.ContentEntityCreationManagement.ContentAndEntityPreview.PreviewContentItemsIntheFuturefromContentandWorkbenchViews -->
