<?xml version="1.0" encoding="UTF-8"?>
<!-- Generated by org.testng.reporters.JUnitReportReporter -->
<testsuite hostname="localhost" name="com.nbcuni.test.publisher.tests.Video.DeIngestingMPXAccountsAndCorrespondingAssets.EntityReferenceVerification" tests="1" failures="0" timestamp="13 Jun 2014 20:35:56 GMT" time="238.707" errors="0">
  <testcase name="EntityReferenceVerification_TC1886" time="238.707" classname="com.nbcuni.test.publisher.tests.Video.DeIngestingMPXAccountsAndCorrespondingAssets.EntityReferenceVerification"/>
</testsuite> <!-- com.nbcuni.test.publisher.tests.Video.DeIngestingMPXAccountsAndCorrespondingAssets.EntityReferenceVerification -->
