<?xml version="1.0" encoding="UTF-8"?>
<!-- Generated by org.testng.reporters.JUnitReportReporter -->
<testsuite hostname="localhost" name="com.nbcuni.test.publisher.tests.UserCreationAndManagement.Passwords.PasswordReset" tests="1" failures="0" timestamp="13 Jun 2014 20:35:57 GMT" time="44.193" errors="0">
  <testcase name="PasswordReset_TC2186" time="44.193" classname="com.nbcuni.test.publisher.tests.UserCreationAndManagement.Passwords.PasswordReset"/>
</testsuite> <!-- com.nbcuni.test.publisher.tests.UserCreationAndManagement.Passwords.PasswordReset -->
