<?xml version="1.0" encoding="UTF-8"?>
<!-- Generated by org.testng.reporters.JUnitReportReporter -->
<testsuite hostname="baclark77-mac1.home" name="com.nbcuni.test.publisher.tests.Setup.TestCleanup" tests="1" failures="0" timestamp="14 Mar 2014 12:10:58 GMT" time="26.618" errors="0">
  <testcase name="TestCleanup_Test" time="26.618" classname="com.nbcuni.test.publisher.tests.Setup.TestCleanup"/>
</testsuite> <!-- com.nbcuni.test.publisher.tests.Setup.TestCleanup -->
