<?xml version="1.0" encoding="UTF-8"?>
<!-- Generated by org.testng.reporters.JUnitReportReporter -->
<testsuite hostname="BACLARK77-MAC1.local" name="com.nbcuni.test.publisher.tests.Queues.DynamicQueues.CreateConfigureDynamicQueue" tests="1" failures="0" timestamp="20 Aug 2014 17:13:46 GMT" time="98.289" errors="0">
  <testcase name="CreateConfigureDynamicQueue_TC4197" time="98.289" classname="com.nbcuni.test.publisher.tests.Queues.DynamicQueues.CreateConfigureDynamicQueue"/>
</testsuite> <!-- com.nbcuni.test.publisher.tests.Queues.DynamicQueues.CreateConfigureDynamicQueue -->
