<?xml version="1.0" encoding="UTF-8"?>
<!-- Generated by org.testng.reporters.JUnitReportReporter -->
<testsuite hostname="BACLARK77-MAC1.local" name="com.nbcuni.test.publisher.tests.SiteManagementAndReporting.DefaultModules.DefaultModulesEnabled" tests="1" failures="0" timestamp="3 Apr 2014 13:43:53 GMT" time="43.312" errors="0">
  <testcase name="DefaultModulesEnabled_Test" time="43.312" classname="com.nbcuni.test.publisher.tests.SiteManagementAndReporting.DefaultModules.DefaultModulesEnabled"/>
</testsuite> <!-- com.nbcuni.test.publisher.tests.SiteManagementAndReporting.DefaultModules.DefaultModulesEnabled -->
