<?xml version="1.0" encoding="UTF-8"?>
<!-- Generated by org.testng.reporters.JUnitReportReporter -->
<testsuite hostname="BACLARK77-MAC1.local" name="com.nbcuni.test.publisher.tests.ContentEntityCreationManagement.ContentandEntityManagement.StickyEditActions.StickyButtons" tests="1" failures="0" timestamp="29 Jun 2014 18:29:29 GMT" time="61.329" errors="0">
  <testcase name="StickyButtons_Test" time="61.329" classname="com.nbcuni.test.publisher.tests.ContentEntityCreationManagement.ContentandEntityManagement.StickyEditActions.StickyButtons"/>
</testsuite> <!-- com.nbcuni.test.publisher.tests.ContentEntityCreationManagement.ContentandEntityManagement.StickyEditActions.StickyButtons -->
