<?xml version="1.0" encoding="UTF-8"?>
<!-- Generated by org.testng.reporters.JUnitReportReporter -->
<testsuite hostname="BACLARK77-MAC1.local" name="com.nbcuni.test.publisher.tests.SiteManagementAndReporting.SEOModules.SEOOptimizationModule" tests="1" failures="0" timestamp="22 Jul 2014 15:11:35 GMT" time="152.326" errors="0">
  <testcase name="SEOOptimizationModule_TC1219" time="152.326" classname="com.nbcuni.test.publisher.tests.SiteManagementAndReporting.SEOModules.SEOOptimizationModule"/>
</testsuite> <!-- com.nbcuni.test.publisher.tests.SiteManagementAndReporting.SEOModules.SEOOptimizationModule -->
