<?xml version="1.0" encoding="UTF-8"?>
<!-- Generated by org.testng.reporters.JUnitReportReporter -->
<testsuite hostname="BACLARK77-MAC1.local" name="com.nbcuni.test.publisher.tests.Setup.A1_TestSetup" tests="1" failures="0" timestamp="26 Jul 2014 12:56:22 GMT" time="131.065" errors="0">
  <testcase name="TestSetup_Test" time="131.065" classname="com.nbcuni.test.publisher.tests.Setup.A1_TestSetup"/>
</testsuite> <!-- com.nbcuni.test.publisher.tests.Setup.A1_TestSetup -->
