<?xml version="1.0" encoding="UTF-8"?>
<!-- Generated by org.testng.reporters.JUnitReportReporter -->
<testsuite hostname="BACLARK77-MAC1.local" name="com.nbcuni.test.publisher.tests.Setup.A1_TestSetup" tests="1" failures="0" timestamp="2 Oct 2014 12:23:58 GMT" time="277.191" errors="0">
  <testcase name="TestSetup_Test" time="277.191" classname="com.nbcuni.test.publisher.tests.Setup.A1_TestSetup"/>
</testsuite> <!-- com.nbcuni.test.publisher.tests.Setup.A1_TestSetup -->
