<?xml version="1.0" encoding="UTF-8"?>
<!-- Generated by org.testng.reporters.JUnitReportReporter -->
<testsuite hostname="baclark77-mac1.home" name="com.nbcuni.test.publisher.tests.ContentEntityCreationManagement.Images.RepresentativeImage.RepresentativeImage" tests="1" failures="0" timestamp="27 May 2014 19:31:20 GMT" time="119.748" errors="0">
  <testcase name="RepresentativeImage_TC3217" time="119.748" classname="com.nbcuni.test.publisher.tests.ContentEntityCreationManagement.Images.RepresentativeImage.RepresentativeImage"/>
</testsuite> <!-- com.nbcuni.test.publisher.tests.ContentEntityCreationManagement.Images.RepresentativeImage.RepresentativeImage -->
