<?xml version="1.0" encoding="UTF-8"?>
<!-- Generated by org.testng.reporters.JUnitReportReporter -->
<testsuite hostname="baclark77-mac1.home" name="com.nbcuni.test.publisher.tests.ContentEntityCreationManagement.ContentandEntityManagement.ContentandEntityScheduling.ScheduleToPublishContentByDateTime" tests="1" failures="0" timestamp="1 Feb 2014 15:53:48 GMT" time="46.430" errors="0">
  <testcase name="ScheduleToPublishContentByDateTime_Test" time="46.430" classname="com.nbcuni.test.publisher.tests.ContentEntityCreationManagement.ContentandEntityManagement.ContentandEntityScheduling.ScheduleToPublishContentByDateTime"/>
</testsuite> <!-- com.nbcuni.test.publisher.tests.ContentEntityCreationManagement.ContentandEntityManagement.ContentandEntityScheduling.ScheduleToPublishContentByDateTime -->
