<?xml version="1.0" encoding="UTF-8"?>
<!-- Generated by org.testng.reporters.JUnitReportReporter -->
<testsuite hostname="baclark77-mac1.home" name="com.nbcuni.test.publisher.tests.Queues.UnauthenticatedUsersCanViewQueuesRevisionList.UnauthenticatedUsersCanViewQueuesRevisionList" tests="1" failures="0" timestamp="29 Jan 2014 04:05:10 GMT" time="7.073" errors="0">
  <testcase name="UnauthenticatedUsersCanViewQueuesRevisionList" time="7.073" classname="com.nbcuni.test.publisher.tests.Queues.UnauthenticatedUsersCanViewQueuesRevisionList.UnauthenticatedUsersCanViewQueuesRevisionList"/>
</testsuite> <!-- com.nbcuni.test.publisher.tests.Queues.UnauthenticatedUsersCanViewQueuesRevisionList.UnauthenticatedUsersCanViewQueuesRevisionList -->
