<?xml version="1.0" encoding="UTF-8"?>
<!-- Generated by org.testng.reporters.JUnitReportReporter -->
<testsuite hostname="baclark77-mac1.home" name="com.nbcuni.test.publisher.tests.UserCreationAndManagement.Passwords.PasswordReset" tests="1" failures="0" timestamp="20 May 2014 15:25:59 GMT" time="45.127" errors="0">
  <testcase name="PasswordReset_TC2186" time="45.127" classname="com.nbcuni.test.publisher.tests.UserCreationAndManagement.Passwords.PasswordReset"/>
</testsuite> <!-- com.nbcuni.test.publisher.tests.UserCreationAndManagement.Passwords.PasswordReset -->
