<?xml version="1.0" encoding="UTF-8"?>
<!-- Generated by org.testng.reporters.JUnitReportReporter -->
<testsuite hostname="baclark77-mac1.home" name="com.nbcuni.test.publisher.tests.SiteManagementAndReporting.SiteReportVisualization.SiteReportVisualization" tests="1" failures="0" timestamp="1 Feb 2014 14:00:53 GMT" time="0.001" errors="0">
  <testcase name="SiteReportVisualization" time="0.001" classname="com.nbcuni.test.publisher.tests.SiteManagementAndReporting.SiteReportVisualization.SiteReportVisualization"/>
</testsuite>
