<?xml version="1.0" encoding="UTF-8"?>
<!-- Generated by org.testng.reporters.JUnitReportReporter -->
<testsuite hostname="baclark77-mac1.home" name="com.nbcuni.test.publisher.tests.ContentEntityCreationManagement.ContentandEntityManagement.MyWorkbench.EditContentMyWorkbench" tests="1" failures="0" timestamp="31 Mar 2014 01:23:01 GMT" time="36.016" errors="0">
  <testcase name="EditContentMyWorkbench_Test" time="36.016" classname="com.nbcuni.test.publisher.tests.ContentEntityCreationManagement.ContentandEntityManagement.MyWorkbench.EditContentMyWorkbench"/>
</testsuite> <!-- com.nbcuni.test.publisher.tests.ContentEntityCreationManagement.ContentandEntityManagement.MyWorkbench.EditContentMyWorkbench -->
