<?xml version="1.0" encoding="UTF-8"?>
<!-- Generated by org.testng.reporters.JUnitReportReporter -->
<testsuite hostname="baclark77-mac1.home" name="com.nbcuni.test.publisher.tests.ContentEntityCreationManagement.ContentandEntityManagement.Logo.LogoExceptionAppearsAttemptCreateLogo" tests="1" failures="0" timestamp="31 Mar 2014 01:23:01 GMT" time="141.376" errors="0">
  <testcase name="LogoExceptionAppearsAttemptCreateLogo_Test" time="141.376" classname="com.nbcuni.test.publisher.tests.ContentEntityCreationManagement.ContentandEntityManagement.Logo.LogoExceptionAppearsAttemptCreateLogo"/>
</testsuite> <!-- com.nbcuni.test.publisher.tests.ContentEntityCreationManagement.ContentandEntityManagement.Logo.LogoExceptionAppearsAttemptCreateLogo -->
