<?xml version="1.0" encoding="UTF-8"?>
<!-- Generated by org.testng.reporters.JUnitReportReporter -->
<testsuite hostname="BACLARK77-MAC1.local" name="com.nbcuni.tests.publisher.tests.advertising.GPTTagsVerification" tests="1" failures="1" timestamp="17 Dec 2013 20:33:06 GMT" time="19.608" errors="0">
  <testcase name="Test" time="19.608" classname="com.nbcuni.tests.publisher.tests.advertising.GPTTagsVerification">
    <failure type="junit.framework.AssertionFailedError" message="Test case indicates there should be extra scripts present here. Following up with Pete">
      <![CDATA[junit.framework.AssertionFailedError: Test case indicates there should be extra scripts present here. Following up with Pete
	at junit.framework.Assert.fail(Assert.java:47)
	at com.nbcuni.tests.publisher.tests.advertising.GPTTagsVerification.Test(GPTTagsVerification.java:146)
	at sun.reflect.NativeMethodAccessorImpl.invoke0(Native Method)
	at sun.reflect.NativeMethodAccessorImpl.invoke(NativeMethodAccessorImpl.java:57)
	at sun.reflect.DelegatingMethodAccessorImpl.invoke(DelegatingMethodAccessorImpl.java:43)
	at java.lang.reflect.Method.invoke(Method.java:606)
	at org.testng.internal.MethodInvocationHelper.invokeMethod(MethodInvocationHelper.java:84)
	at org.testng.internal.Invoker.invokeMethod(Invoker.java:714)
	at org.testng.internal.Invoker.invokeTestMethod(Invoker.java:901)
	at org.testng.internal.Invoker.invokeTestMethods(Invoker.java:1231)
	at org.testng.internal.TestMethodWorker.invokeTestMethods(TestMethodWorker.java:127)
	at org.testng.internal.TestMethodWorker.run(TestMethodWorker.java:111)
	at java.util.concurrent.ThreadPoolExecutor.runWorker(ThreadPoolExecutor.java:1145)
	at java.util.concurrent.ThreadPoolExecutor$Worker.run(ThreadPoolExecutor.java:615)
	at java.lang.Thread.run(Thread.java:724)
]]>
    </failure>
  </testcase> <!-- Test -->
</testsuite> <!-- com.nbcuni.tests.publisher.tests.advertising.GPTTagsVerification -->
