<?xml version="1.0" encoding="UTF-8"?>
<!-- Generated by org.testng.reporters.JUnitReportReporter -->
<testsuite hostname="baclark77-mac1.home" name="com.nbcuni.test.publisher.tests.Queues.UnauthenticatedUsersCanViewQueuesRevisionList.UnauthenticatedUsersCanViewQueuesRevisionList" tests="1" failures="0" timestamp="9 Apr 2014 12:13:19 GMT" time="6.272" errors="0">
  <testcase name="UnauthenticatedUsersCanViewQueuesRevisionList_Test" time="6.272" classname="com.nbcuni.test.publisher.tests.Queues.UnauthenticatedUsersCanViewQueuesRevisionList.UnauthenticatedUsersCanViewQueuesRevisionList"/>
</testsuite> <!-- com.nbcuni.test.publisher.tests.Queues.UnauthenticatedUsersCanViewQueuesRevisionList.UnauthenticatedUsersCanViewQueuesRevisionList -->
