<?xml version="1.0" encoding="UTF-8"?>
<!-- Generated by org.testng.reporters.JUnitReportReporter -->
<testsuite hostname="baclark77-mac1.home" name="com.nbcuni.test.publisher.tests.Video.MPXConfigurationP7.AllowSitesToConfigureMultipleMPXAccounts.MPXMediaSyncVerification" tests="1" failures="0" timestamp="5 Feb 2014 18:11:39 GMT" time="141.005" errors="0">
  <testcase name="MPXMediaSyncVerification_Test" time="141.005" classname="com.nbcuni.test.publisher.tests.Video.MPXConfigurationP7.AllowSitesToConfigureMultipleMPXAccounts.MPXMediaSyncVerification"/>
</testsuite> <!-- com.nbcuni.test.publisher.tests.Video.MPXConfigurationP7.AllowSitesToConfigureMultipleMPXAccounts.MPXMediaSyncVerification -->
