<?xml version="1.0" encoding="UTF-8"?>
<!-- Generated by org.testng.reporters.JUnitReportReporter -->
<testsuite hostname="baclark77-mac1.home" name="com.nbcuni.test.publisher.tests.Video.ScheduleMPXVideos.Configuration" tests="1" failures="0" timestamp="19 Feb 2014 20:24:51 GMT" time="32.136" errors="0">
  <testcase name="Configuration_Test" time="32.136" classname="com.nbcuni.test.publisher.tests.Video.ScheduleMPXVideos.Configuration"/>
</testsuite> <!-- com.nbcuni.test.publisher.tests.Video.ScheduleMPXVideos.Configuration -->
