<?xml version="1.0" encoding="UTF-8"?>
<!-- Generated by org.testng.reporters.JUnitReportReporter -->
<testsuite hostname="baclark77-mac1.home" name="com.nbcuni.test.publisher.tests.UserCreationAndManagement.Permissions.CreateConfigureAndValidatePermissionsEditor" tests="1" failures="0" timestamp="16 Apr 2014 19:33:33 GMT" time="136.158" errors="0">
  <testcase name="CreateConfigureAndValidatePermissionsEditor_Test" time="136.158" classname="com.nbcuni.test.publisher.tests.UserCreationAndManagement.Permissions.CreateConfigureAndValidatePermissionsEditor"/>
</testsuite> <!-- com.nbcuni.test.publisher.tests.UserCreationAndManagement.Permissions.CreateConfigureAndValidatePermissionsEditor -->
