<?xml version="1.0" encoding="UTF-8"?>
<!-- Generated by org.testng.reporters.JUnitReportReporter -->
<testsuite hostname="BACLARK77-MAC1.local" name="com.nbcuni.test.publisher.common.ScanForNewBuild" tests="1" failures="0" timestamp="4 Mar 2014 20:16:08 GMT" time="38.874" errors="0">
  <testcase name="main" time="38.874" classname="com.nbcuni.test.publisher.common.ScanForNewBuild"/>
</testsuite> <!-- com.nbcuni.test.publisher.common.ScanForNewBuild -->
