<?xml version="1.0" encoding="UTF-8"?>
<!-- Generated by org.testng.reporters.JUnitReportReporter -->
<testsuite hostname="BACLARK77-MAC1.local" name="com.nbcuni.test.publisher.tests.Advertising.MPS.AddMPSCallsToErrorPages" tests="1" failures="0" timestamp="9 Sep 2014 12:14:09 GMT" time="10.326" errors="0">
  <testcase name="AddMPSCallsToErrorPages_TC4950" time="10.326" classname="com.nbcuni.test.publisher.tests.Advertising.MPS.AddMPSCallsToErrorPages"/>
</testsuite> <!-- com.nbcuni.test.publisher.tests.Advertising.MPS.AddMPSCallsToErrorPages -->
