<?xml version="1.0" encoding="UTF-8"?>
<!-- Generated by org.testng.reporters.JUnitReportReporter -->
<testsuite hostname="baclark77-mac1.home" name="com.nbcuni.test.publisher.tests.Video.NonFunctionalEnhanceMPXPlayerContentAdminScreen.EnhanceMPXLibraryPublicID" tests="1" failures="0" timestamp="5 May 2014 15:53:43 GMT" time="26.060" errors="0">
  <testcase name="EnhanceMPXLibraryPublicID_TC2476" time="26.060" classname="com.nbcuni.test.publisher.tests.Video.NonFunctionalEnhanceMPXPlayerContentAdminScreen.EnhanceMPXLibraryPublicID"/>
</testsuite> <!-- com.nbcuni.test.publisher.tests.Video.NonFunctionalEnhanceMPXPlayerContentAdminScreen.EnhanceMPXLibraryPublicID -->
