<?xml version="1.0" encoding="UTF-8"?>
<!-- Generated by org.testng.reporters.JUnitReportReporter -->
<testsuite hostname="localhost" name="com.nbcuni.test.publisher.tests.SocialIntegration.FunctionalImplementGigyaShareBar.FunctionalImplementGigyaShareBar" tests="1" failures="0" timestamp="24 Jun 2014 20:36:34 GMT" time="74.309" errors="0">
  <testcase name="FunctionalImplementGigyaShareBar_Test" time="74.309" classname="com.nbcuni.test.publisher.tests.SocialIntegration.FunctionalImplementGigyaShareBar.FunctionalImplementGigyaShareBar"/>
</testsuite> <!-- com.nbcuni.test.publisher.tests.SocialIntegration.FunctionalImplementGigyaShareBar.FunctionalImplementGigyaShareBar -->
