<?xml version="1.0" encoding="UTF-8"?>
<!-- Generated by org.testng.reporters.JUnitReportReporter -->
<testsuite hostname="BACLARK77-MAC1.local" name="com.nbcuni.test.publisher.tests.Video.DeIngestingMPXAccountsAndCorrespondingAssets.DeleteMultipleAccounts" tests="1" failures="0" timestamp="11 Feb 2014 20:22:22 GMT" time="169.534" errors="0">
  <testcase name="DeleteMultipleAccounts_Test" time="169.534" classname="com.nbcuni.test.publisher.tests.Video.DeIngestingMPXAccountsAndCorrespondingAssets.DeleteMultipleAccounts"/>
</testsuite> <!-- com.nbcuni.test.publisher.tests.Video.DeIngestingMPXAccountsAndCorrespondingAssets.DeleteMultipleAccounts -->
