<?xml version="1.0" encoding="UTF-8"?>
<!-- Generated by org.testng.reporters.JUnitReportReporter -->
<testsuite hostname="localhost" name="com.nbcuni.test.publisher.tests.UserCreationAndManagement.Passwords.PasswordReset" tests="1" failures="0" timestamp="25 Jun 2014 16:00:11 GMT" time="47.809" errors="0">
  <testcase name="PasswordReset_TC2186" time="47.809" classname="com.nbcuni.test.publisher.tests.UserCreationAndManagement.Passwords.PasswordReset"/>
</testsuite> <!-- com.nbcuni.test.publisher.tests.UserCreationAndManagement.Passwords.PasswordReset -->
