<?xml version="1.0" encoding="UTF-8"?>
<!-- Generated by org.testng.reporters.JUnitReportReporter -->
<testsuite hostname="baclark77-mac1.home" name="com.nbcuni.test.publisher.tests.ContentEntityCreationManagement.ContentTypesEntities.MediaGallery.CreateMediaGallery" tests="1" failures="0" timestamp="31 Dec 2013 20:53:26 GMT" time="23.653" errors="0">
  <testcase name="CreateMediaGallery" time="23.653" classname="com.nbcuni.test.publisher.tests.ContentEntityCreationManagement.ContentTypesEntities.MediaGallery.CreateMediaGallery"/>
</testsuite> <!-- com.nbcuni.test.publisher.tests.ContentEntityCreationManagement.ContentTypesEntities.MediaGallery.CreateMediaGallery -->
