<?xml version="1.0" encoding="UTF-8"?>
<!-- Generated by org.testng.reporters.JUnitReportReporter -->
<testsuite hostname="BACLARK77-MAC1.local" name="com.nbcuni.test.publisher.tests.Advertising.MPS.MPSEndToEndIntegration" tests="1" failures="0" timestamp="25 Jul 2014 15:07:10 GMT" time="131.999" errors="0">
  <testcase name="MPSEndToEndIntegration_TC3996" time="131.999" classname="com.nbcuni.test.publisher.tests.Advertising.MPS.MPSEndToEndIntegration"/>
</testsuite> <!-- com.nbcuni.test.publisher.tests.Advertising.MPS.MPSEndToEndIntegration -->
