<?xml version="1.0" encoding="UTF-8"?>
<!-- Generated by org.testng.reporters.JUnitReportReporter -->
<testsuite hostname="SDGL431" name="com.nbcuni.test.publisher.tests.ContentEntityCreationManagement.ProgramGuides.ROVITVSchedule.Configuration" tests="1" failures="0" timestamp="30 Jan 2014 12:20:10 GMT" time="269.450" errors="0">
  <testcase name="CreatePost" time="269.450" classname="com.nbcuni.test.publisher.tests.ContentEntityCreationManagement.ProgramGuides.ROVITVSchedule.Configuration"/>
</testsuite> <!-- com.nbcuni.test.publisher.tests.ContentEntityCreationManagement.ProgramGuides.ROVITVSchedule.Configuration -->
