<?xml version="1.0" encoding="UTF-8"?>
<!-- Generated by org.testng.reporters.JUnitReportReporter -->
<testsuite hostname="BACLARK77-MAC1.local" name="com.nbcuni.test.publisher.tests.ContentEntityCreationManagement.ContentandEntityManagement.ContentandEntityModerationStatesandWorkflows.PublishContenttoUnauthenticatedUsers" tests="1" failures="0" timestamp="12 Feb 2014 18:23:11 GMT" time="30.815" errors="0">
  <testcase name="PublishContenttoUnauthenticatedUsers_Test" time="30.815" classname="com.nbcuni.test.publisher.tests.ContentEntityCreationManagement.ContentandEntityManagement.ContentandEntityModerationStatesandWorkflows.PublishContenttoUnauthenticatedUsers"/>
</testsuite> <!-- com.nbcuni.test.publisher.tests.ContentEntityCreationManagement.ContentandEntityManagement.ContentandEntityModerationStatesandWorkflows.PublishContenttoUnauthenticatedUsers -->
