<?xml version="1.0" encoding="UTF-8"?>
<!-- Generated by org.testng.reporters.JUnitReportReporter -->
<testsuite hostname="localhost" name="com.nbcuni.test.publisher.tests.SiteManagementAndReporting.SEOModules.SEOOptimizationModule" tests="1" failures="0" timestamp="13 Jun 2014 20:35:56 GMT" time="138.836" errors="0">
  <testcase name="SEOOptimizationModule_TC1219" time="138.836" classname="com.nbcuni.test.publisher.tests.SiteManagementAndReporting.SEOModules.SEOOptimizationModule"/>
</testsuite> <!-- com.nbcuni.test.publisher.tests.SiteManagementAndReporting.SEOModules.SEOOptimizationModule -->
