<?xml version="1.0" encoding="UTF-8"?>
<!-- Generated by org.testng.reporters.JUnitReportReporter -->
<testsuite hostname="localhost" name="com.nbcuni.test.publisher.tests.ContentEntityCreationManagement.Images.IntegrateFocalPointModule.FocalPointModule" tests="1" failures="0" timestamp="13 Jun 2014 20:35:57 GMT" time="99.313" errors="0">
  <testcase name="FocalPointModule_TC1052" time="99.313" classname="com.nbcuni.test.publisher.tests.ContentEntityCreationManagement.Images.IntegrateFocalPointModule.FocalPointModule"/>
</testsuite> <!-- com.nbcuni.test.publisher.tests.ContentEntityCreationManagement.Images.IntegrateFocalPointModule.FocalPointModule -->
