<?xml version="1.0" encoding="UTF-8"?>
<!-- Generated by org.testng.reporters.JUnitReportReporter -->
<testsuite hostname="baclark77-mac1.home" name="com.nbcuni.test.publisher.tests.Video.DeIngestingMPXAccountsAndCorrespondingAssets.DeleteMultipleAccounts" tests="1" failures="0" timestamp="25 Feb 2014 21:10:39 GMT" time="156.144" errors="0">
  <testcase name="DeleteMultipleAccounts_Test" time="156.144" classname="com.nbcuni.test.publisher.tests.Video.DeIngestingMPXAccountsAndCorrespondingAssets.DeleteMultipleAccounts"/>
</testsuite> <!-- com.nbcuni.test.publisher.tests.Video.DeIngestingMPXAccountsAndCorrespondingAssets.DeleteMultipleAccounts -->
