<?xml version="1.0" encoding="UTF-8"?>
<!-- Generated by org.testng.reporters.JUnitReportReporter -->
<testsuite hostname="baclark77-mac1.home" name="com.nbcuni.test.publisher.tests.ContentEntityCreationManagement.ContentTypesEntities.CharacterProfile.CreateCharacterProfile" tests="1" failures="0" timestamp="24 Dec 2013 15:22:09 GMT" time="18.035" errors="0">
  <testcase name="CreateCharacterProfile" time="18.035" classname="com.nbcuni.test.publisher.tests.ContentEntityCreationManagement.ContentTypesEntities.CharacterProfile.CreateCharacterProfile"/>
</testsuite> <!-- com.nbcuni.test.publisher.tests.ContentEntityCreationManagement.ContentTypesEntities.CharacterProfile.CreateCharacterProfile -->
