<?xml version="1.0" encoding="UTF-8"?>
<!-- Generated by org.testng.reporters.JUnitReportReporter -->
<testsuite hostname="localhost" name="com.nbcuni.test.publisher.contentbuildscripts.MPXPerformanceUpgrade.CreateVideos.CreateVideos" tests="1" failures="0" timestamp="27 Jun 2014 00:09:46 GMT" time="143.584" errors="1">
  <testcase name="Test" time="143.584" classname="com.nbcuni.test.publisher.contentbuildscripts.MPXPerformanceUpgrade.CreateVideos.CreateVideos">
    <error type="java.lang.AssertionError" message="Image &#039;/Users/brandonclark/SQE-TEST-Pub7/main/src/test/java/com/nbcuni/test/publisher/lib/sikuli/images/Login/SignIn_Ctr.png&#039; is not present after timeout">
      <![CDATA[java.lang.AssertionError: Image '/Users/brandonclark/SQE-TEST-Pub7/main/src/test/java/com/nbcuni/test/publisher/lib/sikuli/images/Login/SignIn_Ctr.png' is not present after timeout
	at org.testng.Assert.fail(Assert.java:94)
	at com.nbcuni.test.publisher.pageobjects.MPX.ThePlatform.MPXAssets.WaitForImgPresent(MPXAssets.java:42)
	at com.nbcuni.test.publisher.pageobjects.MPX.ThePlatform.MPXLogin.Login(MPXLogin.java:42)
	at com.nbcuni.test.publisher.contentbuildscripts.MPXPerformanceUpgrade.CreateVideos.CreateVideos.Test(CreateVideos.java:26)
	at sun.reflect.NativeMethodAccessorImpl.invoke0(Native Method)
	at sun.reflect.NativeMethodAccessorImpl.invoke(NativeMethodAccessorImpl.java:57)
	at sun.reflect.DelegatingMethodAccessorImpl.invoke(DelegatingMethodAccessorImpl.java:43)
	at java.lang.reflect.Method.invoke(Method.java:606)
	at org.testng.internal.MethodInvocationHelper.invokeMethod(MethodInvocationHelper.java:84)
	at org.testng.internal.Invoker.invokeMethod(Invoker.java:714)
	at org.testng.internal.Invoker.invokeTestMethod(Invoker.java:901)
	at org.testng.internal.Invoker.invokeTestMethods(Invoker.java:1231)
	at org.testng.internal.TestMethodWorker.invokeTestMethods(TestMethodWorker.java:127)
	at org.testng.internal.TestMethodWorker.run(TestMethodWorker.java:111)
	at java.util.concurrent.ThreadPoolExecutor.runWorker(ThreadPoolExecutor.java:1145)
	at java.util.concurrent.ThreadPoolExecutor$Worker.run(ThreadPoolExecutor.java:615)
	at java.lang.Thread.run(Thread.java:724)
]]>
    </error>
  </testcase> <!-- Test -->
</testsuite> <!-- com.nbcuni.test.publisher.contentbuildscripts.MPXPerformanceUpgrade.CreateVideos.CreateVideos -->
