<?xml version="1.0" encoding="UTF-8"?>
<!-- Generated by org.testng.reporters.JUnitReportReporter -->
<testsuite hostname="baclark77-mac1.home" name="com.nbcuni.test.publisher.tests.Video.SaveDefaultPlayerOptionsAutomatically.DefaultPlayerOptionsVerification" tests="1" failures="0" timestamp="4 May 2014 16:17:22 GMT" time="53.551" errors="0">
  <testcase name="DefaultPlayerOptionsVerification_Test" time="53.551" classname="com.nbcuni.test.publisher.tests.Video.SaveDefaultPlayerOptionsAutomatically.DefaultPlayerOptionsVerification"/>
</testsuite> <!-- com.nbcuni.test.publisher.tests.Video.SaveDefaultPlayerOptionsAutomatically.DefaultPlayerOptionsVerification -->
