<?xml version="1.0" encoding="UTF-8"?>
<!-- Generated by org.testng.reporters.JUnitReportReporter -->
<testsuite hostname="BACLARK77-MAC1.local" name="com.nbcuni.test.publisher.tests.ContentEntityCreationManagement.ContentEntityModerationStatesWorkflows.MultiEditorPublishingWorkflow" tests="1" failures="0" timestamp="2 Apr 2014 12:50:09 GMT" time="68.928" errors="0">
  <testcase name="MultiEditorPublishingWorkflow_Test" time="68.928" classname="com.nbcuni.test.publisher.tests.ContentEntityCreationManagement.ContentEntityModerationStatesWorkflows.MultiEditorPublishingWorkflow"/>
</testsuite> <!-- com.nbcuni.test.publisher.tests.ContentEntityCreationManagement.ContentEntityModerationStatesWorkflows.MultiEditorPublishingWorkflow -->
