<?xml version="1.0" encoding="UTF-8"?>
<!-- Generated by org.testng.reporters.JUnitReportReporter -->
<testsuite hostname="baclark77-mac1.home" name="com.nbcuni.test.publisher.tests.Queues.SchedulingQueues.ScheduleRevisionsOfQueues" tests="1" failures="0" timestamp="4 May 2014 20:52:25 GMT" time="72.551" errors="0">
  <testcase name="ScheduleRevisionsOfQueues_Test" time="72.551" classname="com.nbcuni.test.publisher.tests.Queues.SchedulingQueues.ScheduleRevisionsOfQueues"/>
</testsuite> <!-- com.nbcuni.test.publisher.tests.Queues.SchedulingQueues.ScheduleRevisionsOfQueues -->
