<?xml version="1.0" encoding="UTF-8"?>
<!-- Generated by org.testng.reporters.JUnitReportReporter -->
<testsuite hostname="BACLARK77-MAC1.local" name="com.nbcuni.test.publisher.tests.Queues.DynamicQueues.AddTaxonomyParameters" tests="1" failures="0" timestamp="7 Oct 2014 12:00:42 GMT" time="130.261" errors="0">
  <testcase name="AddTaxonomyParameters_TC4420" time="130.261" classname="com.nbcuni.test.publisher.tests.Queues.DynamicQueues.AddTaxonomyParameters"/>
</testsuite> <!-- com.nbcuni.test.publisher.tests.Queues.DynamicQueues.AddTaxonomyParameters -->
