<?xml version="1.0" encoding="UTF-8"?>
<!-- Generated by org.testng.reporters.JUnitReportReporter -->
<testsuite hostname="baclark77-mac1.home" name="com.nbcuni.test.publisher.tests.Video.Player.SelectVideoPlayerPerVideoFile" tests="1" failures="0" timestamp="15 Feb 2014 23:48:37 GMT" time="46.039" errors="0">
  <testcase name="SelectVideoPlayerPerVideoFile_Test" time="46.039" classname="com.nbcuni.test.publisher.tests.Video.Player.SelectVideoPlayerPerVideoFile"/>
</testsuite> <!-- com.nbcuni.test.publisher.tests.Video.Player.SelectVideoPlayerPerVideoFile -->
