<?xml version="1.0" encoding="UTF-8"?>
<!-- Generated by org.testng.reporters.JUnitReportReporter -->
<testsuite hostname="baclark77-mac1.home" name="com.nbcuni.test.publisher.tests.Video.CanonicalURLSupport.CanonicalURL" tests="1" failures="0" timestamp="5 May 2014 15:53:43 GMT" time="127.055" errors="0">
  <testcase name="CanonicalUR_TC1080" time="127.055" classname="com.nbcuni.test.publisher.tests.Video.CanonicalURLSupport.CanonicalURL"/>
</testsuite> <!-- com.nbcuni.test.publisher.tests.Video.CanonicalURLSupport.CanonicalURL -->
