<?xml version="1.0" encoding="UTF-8"?>
<!-- Generated by org.testng.reporters.JUnitReportReporter -->
<testsuite hostname="baclark77-mac1.home" name="com.nbcuni.test.publisher.tests.ContentEntityCreationManagement.ContentTypesEntities.Movie.CharacterFieldShouldAppearOnlyWhenCharacterIsSelectedAsCharacter" tests="1" failures="0" timestamp="29 Jan 2014 16:22:08 GMT" time="83.695" errors="0">
  <testcase name="CharacterFieldShouldAppearOnlyWhenCharacterIsSelectedAsCharacter" time="83.695" classname="com.nbcuni.test.publisher.tests.ContentEntityCreationManagement.ContentTypesEntities.Movie.CharacterFieldShouldAppearOnlyWhenCharacterIsSelectedAsCharacter"/>
</testsuite> <!-- com.nbcuni.test.publisher.tests.ContentEntityCreationManagement.ContentTypesEntities.Movie.CharacterFieldShouldAppearOnlyWhenCharacterIsSelectedAsCharacter -->
