<?xml version="1.0" encoding="UTF-8"?>
<!-- Generated by org.testng.reporters.JUnitReportReporter -->
<testsuite hostname="baclark77-mac1.home" name="com.nbcuni.test.publisher.tests.SocialIntegration.Facebook.ConfiguringPublisherAutopublishingToFacebookTimeandWall" tests="2" failures="0" timestamp="19 Mar 2014 17:14:08 GMT" time="57.200" errors="2">
  <testcase name="ConfiguringPublisherAutopublishingToFacebookTimeandWall_Test" time="22.533" classname="com.nbcuni.test.publisher.tests.SocialIntegration.Facebook.ConfiguringPublisherAutopublishingToFacebookTimeandWall">
    <error type="java.lang.AssertionError" message="Error text of &#039;Notice: Undefined offset: 2 in drupal_http_request() (line 1006 of /mnt/www/html/nbcuqa5dev/docroot/includes/common.inc).&#039; is present in application.">
      <![CDATA[java.lang.AssertionError: Error text of 'Notice: Undefined offset: 2 in drupal_http_request() (line 1006 of /mnt/www/html/nbcuqa5dev/docroot/includes/common.inc).' is present in application.
	at org.testng.Assert.fail(Assert.java:94)
	at com.nbcuni.test.publisher.pageobjects.ErrorChecking.ErrorChecking.VerifyNoMessageErrorsPresent(ErrorChecking.java:178)
	at com.nbcuni.test.publisher.pageobjects.Content.ContentParent.VerifyMessageStatus(ContentParent.java:93)
	at com.nbcuni.test.publisher.tests.SocialIntegration.Facebook.ConfiguringPublisherAutopublishingToFacebookTimeandWall.ConfiguringPublisherAutopublishingToFacebookTimeandWall_Test(ConfiguringPublisherAutopublishingToFacebookTimeandWall.java:93)
	at sun.reflect.NativeMethodAccessorImpl.invoke0(Native Method)
	at sun.reflect.NativeMethodAccessorImpl.invoke(NativeMethodAccessorImpl.java:57)
	at sun.reflect.DelegatingMethodAccessorImpl.invoke(DelegatingMethodAccessorImpl.java:43)
	at java.lang.reflect.Method.invoke(Method.java:606)
	at org.testng.internal.MethodInvocationHelper.invokeMethod(MethodInvocationHelper.java:84)
	at org.testng.internal.Invoker.invokeMethod(Invoker.java:714)
	at org.testng.internal.Invoker.retryFailed(Invoker.java:1049)
	at org.testng.internal.Invoker.invokeTestMethods(Invoker.java:1254)
	at org.testng.internal.TestMethodWorker.invokeTestMethods(TestMethodWorker.java:127)
	at org.testng.internal.TestMethodWorker.run(TestMethodWorker.java:111)
	at org.testng.TestRunner.privateRun(TestRunner.java:767)
	at org.testng.TestRunner.run(TestRunner.java:617)
	at org.testng.SuiteRunner.runTest(SuiteRunner.java:334)
	at org.testng.SuiteRunner.runSequentially(SuiteRunner.java:329)
	at org.testng.SuiteRunner.privateRun(SuiteRunner.java:291)
	at org.testng.SuiteRunner.run(SuiteRunner.java:240)
	at org.testng.SuiteRunnerWorker.runSuite(SuiteRunnerWorker.java:52)
	at org.testng.SuiteRunnerWorker.run(SuiteRunnerWorker.java:86)
	at org.testng.TestNG.runSuitesSequentially(TestNG.java:1224)
	at org.testng.TestNG.runSuitesLocally(TestNG.java:1149)
	at org.testng.TestNG.run(TestNG.java:1057)
	at org.testng.remote.RemoteTestNG.run(RemoteTestNG.java:111)
	at org.testng.remote.RemoteTestNG.initAndRun(RemoteTestNG.java:204)
	at org.testng.remote.RemoteTestNG.main(RemoteTestNG.java:175)
]]>
    </error>
  </testcase> <!-- ConfiguringPublisherAutopublishingToFacebookTimeandWall_Test -->
  <testcase name="ConfiguringPublisherAutopublishingToFacebookTimeandWall_Test" time="34.667" classname="com.nbcuni.test.publisher.tests.SocialIntegration.Facebook.ConfiguringPublisherAutopublishingToFacebookTimeandWall">
    <error type="java.lang.AssertionError" message="Error text of &#039;Notice: Undefined offset: 2 in drupal_http_request() (line 1006 of /mnt/www/html/nbcuqa5dev/docroot/includes/common.inc).&#039; is present in application.">
      <![CDATA[java.lang.AssertionError: Error text of 'Notice: Undefined offset: 2 in drupal_http_request() (line 1006 of /mnt/www/html/nbcuqa5dev/docroot/includes/common.inc).' is present in application.
	at org.testng.Assert.fail(Assert.java:94)
	at com.nbcuni.test.publisher.pageobjects.ErrorChecking.ErrorChecking.VerifyNoMessageErrorsPresent(ErrorChecking.java:178)
	at com.nbcuni.test.publisher.pageobjects.Content.ContentParent.VerifyMessageStatus(ContentParent.java:93)
	at com.nbcuni.test.publisher.tests.SocialIntegration.Facebook.ConfiguringPublisherAutopublishingToFacebookTimeandWall.ConfiguringPublisherAutopublishingToFacebookTimeandWall_Test(ConfiguringPublisherAutopublishingToFacebookTimeandWall.java:93)
	at sun.reflect.NativeMethodAccessorImpl.invoke0(Native Method)
	at sun.reflect.NativeMethodAccessorImpl.invoke(NativeMethodAccessorImpl.java:57)
	at sun.reflect.DelegatingMethodAccessorImpl.invoke(DelegatingMethodAccessorImpl.java:43)
	at java.lang.reflect.Method.invoke(Method.java:606)
	at org.testng.internal.MethodInvocationHelper.invokeMethod(MethodInvocationHelper.java:84)
	at org.testng.internal.Invoker.invokeMethod(Invoker.java:714)
	at org.testng.internal.Invoker.invokeTestMethod(Invoker.java:901)
	at org.testng.internal.Invoker.invokeTestMethods(Invoker.java:1231)
	at org.testng.internal.TestMethodWorker.invokeTestMethods(TestMethodWorker.java:127)
	at org.testng.internal.TestMethodWorker.run(TestMethodWorker.java:111)
	at org.testng.TestRunner.privateRun(TestRunner.java:767)
	at org.testng.TestRunner.run(TestRunner.java:617)
	at org.testng.SuiteRunner.runTest(SuiteRunner.java:334)
	at org.testng.SuiteRunner.runSequentially(SuiteRunner.java:329)
	at org.testng.SuiteRunner.privateRun(SuiteRunner.java:291)
	at org.testng.SuiteRunner.run(SuiteRunner.java:240)
	at org.testng.SuiteRunnerWorker.runSuite(SuiteRunnerWorker.java:52)
	at org.testng.SuiteRunnerWorker.run(SuiteRunnerWorker.java:86)
	at org.testng.TestNG.runSuitesSequentially(TestNG.java:1224)
	at org.testng.TestNG.runSuitesLocally(TestNG.java:1149)
	at org.testng.TestNG.run(TestNG.java:1057)
	at org.testng.remote.RemoteTestNG.run(RemoteTestNG.java:111)
	at org.testng.remote.RemoteTestNG.initAndRun(RemoteTestNG.java:204)
	at org.testng.remote.RemoteTestNG.main(RemoteTestNG.java:175)
]]>
    </error>
  </testcase> <!-- ConfiguringPublisherAutopublishingToFacebookTimeandWall_Test -->
</testsuite> <!-- com.nbcuni.test.publisher.tests.SocialIntegration.Facebook.ConfiguringPublisherAutopublishingToFacebookTimeandWall -->
