<?xml version="1.0" encoding="UTF-8"?>
<!-- Generated by org.testng.reporters.JUnitReportReporter -->
<testsuite hostname="BACLARK77-MAC1.local" name="com.nbcuni.test.publisher.tests.Commerce.CreatePubFeatureSetModules" tests="1" failures="0" timestamp="6 Aug 2014 15:11:44 GMT" time="18.775" errors="0">
  <testcase name="CreatePubFeatureSetModules_TC4061" time="18.775" classname="com.nbcuni.test.publisher.tests.Commerce.CreatePubFeatureSetModules"/>
</testsuite> <!-- com.nbcuni.test.publisher.tests.Commerce.CreatePubFeatureSetModules -->
