<?xml version="1.0" encoding="UTF-8"?>
<!-- Generated by org.testng.reporters.JUnitReportReporter -->
<testsuite hostname="baclark77-mac1.home" name="com.nbcuni.test.publisher.tests.ContentEntityCreationManagement.ContentTypesEntities.Movie.CharacterFieldShouldAppearOnlyWhenCharacterIsSelectedAsCharacter" tests="1" failures="0" timestamp="28 Jan 2014 03:31:42 GMT" time="92.012" errors="0">
  <testcase name="CharacterFieldShouldAppearOnlyWhenCharacterIsSelectedAsCharacter" time="92.012" classname="com.nbcuni.test.publisher.tests.ContentEntityCreationManagement.ContentTypesEntities.Movie.CharacterFieldShouldAppearOnlyWhenCharacterIsSelectedAsCharacter"/>
</testsuite> <!-- com.nbcuni.test.publisher.tests.ContentEntityCreationManagement.ContentTypesEntities.Movie.CharacterFieldShouldAppearOnlyWhenCharacterIsSelectedAsCharacter -->
