<?xml version="1.0" encoding="UTF-8"?>
<!-- Generated by org.testng.reporters.JUnitReportReporter -->
<testsuite hostname="BACLARK77-MAC1.local" name="com.nbcuni.test.publisher.tests.Queues.DynamicQueues.CreateConfigureDynamicQueue" tests="1" failures="0" timestamp="4 Aug 2014 14:22:49 GMT" time="128.011" errors="0">
  <testcase name="CreateConfigureDynamicQueue_TC4197" time="128.011" classname="com.nbcuni.test.publisher.tests.Queues.DynamicQueues.CreateConfigureDynamicQueue"/>
</testsuite> <!-- com.nbcuni.test.publisher.tests.Queues.DynamicQueues.CreateConfigureDynamicQueue -->
