<?xml version="1.0" encoding="UTF-8"?>
<!-- Generated by org.testng.reporters.JUnitReportReporter -->
<testsuite hostname="BACLARK77-MAC1.local" name="com.nbcuni.test.publisher.tests.SiteManagementAndReporting.SSO.SSOManageUsers" tests="2" failures="0" timestamp="4 Aug 2014 12:57:27 GMT" time="184.320" errors="0">
  <testcase name="SSOManageUsers_TC3853" time="181.418" classname="com.nbcuni.test.publisher.tests.SiteManagementAndReporting.SSO.SSOManageUsers"/>
  <testcase name="Cleanup" time="2.902" classname="com.nbcuni.test.publisher.tests.SiteManagementAndReporting.SSO.SSOManageUsers"/>
</testsuite> <!-- com.nbcuni.test.publisher.tests.SiteManagementAndReporting.SSO.SSOManageUsers -->
