<?xml version="1.0" encoding="UTF-8"?>
<!-- Generated by org.testng.reporters.JUnitReportReporter -->
<testsuite hostname="baclark77-mac1.home" name="com.nbcuni.test.publisher.tests.ContentEntityCreationManagement.ContentandEntityManagement.ContentandEntityModerationStatesandWorkflows.PublishContenttoUnauthenticatedUsers" tests="1" failures="0" timestamp="5 May 2014 15:53:43 GMT" time="26.740" errors="0">
  <testcase name="PublishContenttoUnauthenticatedUsers_Test" time="26.740" classname="com.nbcuni.test.publisher.tests.ContentEntityCreationManagement.ContentandEntityManagement.ContentandEntityModerationStatesandWorkflows.PublishContenttoUnauthenticatedUsers"/>
</testsuite> <!-- com.nbcuni.test.publisher.tests.ContentEntityCreationManagement.ContentandEntityManagement.ContentandEntityModerationStatesandWorkflows.PublishContenttoUnauthenticatedUsers -->
