<?xml version="1.0" encoding="UTF-8"?>
<!-- Generated by org.testng.reporters.JUnitReportReporter -->
<testsuite hostname="baclark77-mac1.home" name="com.nbcuni.test.publisher.tests.Queues.AddModerationStatesToRevisionsOfAQueue.QueueModerationStates" tests="1" failures="0" timestamp="31 Dec 2013 20:53:25 GMT" time="51.699" errors="0">
  <testcase name="QueueModerationStates" time="51.699" classname="com.nbcuni.test.publisher.tests.Queues.AddModerationStatesToRevisionsOfAQueue.QueueModerationStates"/>
</testsuite> <!-- com.nbcuni.test.publisher.tests.Queues.AddModerationStatesToRevisionsOfAQueue.QueueModerationStates -->
