<?xml version="1.0" encoding="UTF-8"?>
<!-- Generated by org.testng.reporters.JUnitReportReporter -->
<testsuite hostname="BACLARK77-MAC1.local" name="com.nbcuni.test.publisher.tests.Advertising.Comscore.Pixelman" tests="1" failures="0" timestamp="11 Oct 2014 17:07:00 GMT" time="132.193" errors="0">
  <testcase name="Pixelman_TC1155" time="132.193" classname="com.nbcuni.test.publisher.tests.Advertising.Comscore.Pixelman"/>
</testsuite> <!-- com.nbcuni.test.publisher.tests.Advertising.Comscore.Pixelman -->
