<?xml version="1.0" encoding="UTF-8"?>
<!-- Generated by org.testng.reporters.JUnitReportReporter -->
<testsuite hostname="baclark77-mac1.home" name="com.nbcuni.test.publisher.tests.Metrics.AddAbilityOverrideSiteCatalystVariablesPerNodeBasis.AddAbilityOverrideSiteCatalystVariablesPerNodeBasis" tests="1" failures="0" timestamp="17 Feb 2014 15:44:08 GMT" time="48.632" errors="1">
  <testcase name="AddAbilityOverrideSiteCatalystVariablesPerNodeBasis_Test" time="48.632" classname="com.nbcuni.test.publisher.tests.Metrics.AddAbilityOverrideSiteCatalystVariablesPerNodeBasis.AddAbilityOverrideSiteCatalystVariablesPerNodeBasis">
    <error type="java.lang.AssertionError" message="this is not working">
      <![CDATA[java.lang.AssertionError: this is not working
	at org.testng.Assert.fail(Assert.java:94)
	at com.nbcuni.test.publisher.tests.Metrics.AddAbilityOverrideSiteCatalystVariablesPerNodeBasis.AddAbilityOverrideSiteCatalystVariablesPerNodeBasis.AddAbilityOverrideSiteCatalystVariablesPerNodeBasis_Test(AddAbilityOverrideSiteCatalystVariablesPerNodeBasis.java:80)
	at sun.reflect.NativeMethodAccessorImpl.invoke0(Native Method)
	at sun.reflect.NativeMethodAccessorImpl.invoke(NativeMethodAccessorImpl.java:39)
	at sun.reflect.DelegatingMethodAccessorImpl.invoke(DelegatingMethodAccessorImpl.java:25)
	at java.lang.reflect.Method.invoke(Method.java:597)
	at org.testng.internal.MethodInvocationHelper.invokeMethod(MethodInvocationHelper.java:84)
	at org.testng.internal.Invoker.invokeMethod(Invoker.java:714)
	at org.testng.internal.Invoker.invokeTestMethod(Invoker.java:901)
	at org.testng.internal.Invoker.invokeTestMethods(Invoker.java:1231)
	at org.testng.internal.TestMethodWorker.invokeTestMethods(TestMethodWorker.java:127)
	at org.testng.internal.TestMethodWorker.run(TestMethodWorker.java:111)
	at org.testng.TestRunner.privateRun(TestRunner.java:767)
	at org.testng.TestRunner.run(TestRunner.java:617)
	at org.testng.SuiteRunner.runTest(SuiteRunner.java:334)
	at org.testng.SuiteRunner.runSequentially(SuiteRunner.java:329)
	at org.testng.SuiteRunner.privateRun(SuiteRunner.java:291)
	at org.testng.SuiteRunner.run(SuiteRunner.java:240)
	at org.testng.SuiteRunnerWorker.runSuite(SuiteRunnerWorker.java:52)
	at org.testng.SuiteRunnerWorker.run(SuiteRunnerWorker.java:86)
	at org.testng.TestNG.runSuitesSequentially(TestNG.java:1224)
	at org.testng.TestNG.runSuitesLocally(TestNG.java:1149)
	at org.testng.TestNG.run(TestNG.java:1057)
	at org.testng.remote.RemoteTestNG.run(RemoteTestNG.java:111)
	at org.testng.remote.RemoteTestNG.initAndRun(RemoteTestNG.java:204)
	at org.testng.remote.RemoteTestNG.main(RemoteTestNG.java:175)
]]>
    </error>
  </testcase> <!-- AddAbilityOverrideSiteCatalystVariablesPerNodeBasis_Test -->
</testsuite> <!-- com.nbcuni.test.publisher.tests.Metrics.AddAbilityOverrideSiteCatalystVariablesPerNodeBasis.AddAbilityOverrideSiteCatalystVariablesPerNodeBasis -->
