<?xml version="1.0" encoding="UTF-8"?>
<!-- Generated by org.testng.reporters.JUnitReportReporter -->
<testsuite hostname="BACLARK77-MAC1.local" name="com.nbcuni.test.publisher.tests.SocialIntegration.FunctionalImplementGigyaShareBar.FunctionalImplementGigyaShareBar" tests="1" failures="0" timestamp="3 Jul 2014 14:00:33 GMT" time="114.672" errors="0">
  <testcase name="FunctionalImplementGigyaShareBar_Test" time="114.672" classname="com.nbcuni.test.publisher.tests.SocialIntegration.FunctionalImplementGigyaShareBar.FunctionalImplementGigyaShareBar"/>
</testsuite> <!-- com.nbcuni.test.publisher.tests.SocialIntegration.FunctionalImplementGigyaShareBar.FunctionalImplementGigyaShareBar -->
