<?xml version="1.0" encoding="UTF-8"?>
<!-- Generated by org.testng.reporters.JUnitReportReporter -->
<testsuite hostname="baclark77-mac1.home" name="com.nbcuni.test.publisher.tests.ContentEntityCreationManagement.ContentandEntityManagement.ContentandEntityModerationStatesandWorkflows.PublishContenttoUnauthenticatedUsers" tests="1" failures="0" timestamp="25 Jan 2014 15:55:09 GMT" time="29.461" errors="0">
  <testcase name="PublishContenttoUnauthenticatedUsers" time="29.461" classname="com.nbcuni.test.publisher.tests.ContentEntityCreationManagement.ContentandEntityManagement.ContentandEntityModerationStatesandWorkflows.PublishContenttoUnauthenticatedUsers"/>
</testsuite> <!-- com.nbcuni.test.publisher.tests.ContentEntityCreationManagement.ContentandEntityManagement.ContentandEntityModerationStatesandWorkflows.PublishContenttoUnauthenticatedUsers -->
