<?xml version="1.0" encoding="UTF-8"?>
<!-- Generated by org.testng.reporters.JUnitReportReporter -->
<testsuite hostname="baclark77-mac1.home" name="com.nbcuni.test.publisher.tests.Setup.TestSetup" tests="1" failures="0" timestamp="14 Mar 2014 12:09:48 GMT" time="36.181" errors="0">
  <testcase name="TestSetup_Test" time="36.181" classname="com.nbcuni.test.publisher.tests.Setup.TestSetup"/>
</testsuite> <!-- com.nbcuni.test.publisher.tests.Setup.TestSetup -->
