<?xml version="1.0" encoding="UTF-8"?>
<!-- Generated by org.testng.reporters.JUnitReportReporter -->
<testsuite hostname="baclark77-mac1.home" name="com.nbcuni.test.publisher.tests.Advertising.GooglePublisherTagsGPT.GPTTagsVerification" tests="1" failures="0" timestamp="5 Feb 2014 15:57:05 GMT" time="23.588" errors="0">
  <testcase name="GPTTagsVerification_Test" time="23.588" classname="com.nbcuni.test.publisher.tests.Advertising.GooglePublisherTagsGPT.GPTTagsVerification"/>
</testsuite> <!-- com.nbcuni.test.publisher.tests.Advertising.GooglePublisherTagsGPT.GPTTagsVerification -->
