<?xml version="1.0" encoding="UTF-8"?>
<!-- Generated by org.testng.reporters.JUnitReportReporter -->
<testsuite hostname="BACLARK77-MAC1.local" name="com.nbcuni.test.publisher.tests.Video.DeIngestingMPXAccountsAndCorrespondingAssets.DeleteMultipleAccounts" tests="1" failures="0" timestamp="13 Feb 2014 21:38:22 GMT" time="190.055" errors="0">
  <testcase name="DeleteMultipleAccounts_Test" time="190.055" classname="com.nbcuni.test.publisher.tests.Video.DeIngestingMPXAccountsAndCorrespondingAssets.DeleteMultipleAccounts"/>
</testsuite> <!-- com.nbcuni.test.publisher.tests.Video.DeIngestingMPXAccountsAndCorrespondingAssets.DeleteMultipleAccounts -->
