<?xml version="1.0" encoding="UTF-8"?>
<!-- Generated by org.testng.reporters.JUnitReportReporter -->
<testsuite hostname="baclark77-mac1.home" name="com.nbcuni.test.publisher.tests.ContentEntityCreationManagement.ContentandEntityRelationships.AddAbilityRelateShowSeasonEpisodeSpecifiableContentTypes" tests="1" failures="0" timestamp="31 Mar 2014 01:23:01 GMT" time="115.039" errors="0">
  <testcase name="AddAbilityRelateShowSeasonEpisodeSpecifiableContentTypes_Test" time="115.039" classname="com.nbcuni.test.publisher.tests.ContentEntityCreationManagement.ContentandEntityRelationships.AddAbilityRelateShowSeasonEpisodeSpecifiableContentTypes"/>
</testsuite> <!-- com.nbcuni.test.publisher.tests.ContentEntityCreationManagement.ContentandEntityRelationships.AddAbilityRelateShowSeasonEpisodeSpecifiableContentTypes -->
