<?xml version="1.0" encoding="UTF-8"?>
<!-- Generated by org.testng.reporters.JUnitReportReporter -->
<testsuite hostname="baclark77-mac1.home" name="com.nbcuni.test.publisher.tests.UserCreationAndManagement.Permissions.CreatePermissionSetsGUI" tests="1" failures="0" timestamp="30 Mar 2014 15:48:36 GMT" time="78.209" errors="0">
  <testcase name="CreatePermissionSetsGUI_Test" time="78.209" classname="com.nbcuni.test.publisher.tests.UserCreationAndManagement.Permissions.CreatePermissionSetsGUI"/>
</testsuite> <!-- com.nbcuni.test.publisher.tests.UserCreationAndManagement.Permissions.CreatePermissionSetsGUI -->
