<?xml version="1.0" encoding="UTF-8"?>
<!-- Generated by org.testng.reporters.JUnitReportReporter -->
<testsuite hostname="localhost" name="com.nbcuni.test.publisher.tests.ContentEntityCreationManagement.ContentandEntityManagement.EnhanceMediaGalleriesTab.EnhanceMediaGalleriesTab" tests="1" failures="0" timestamp="13 Jun 2014 20:35:56 GMT" time="46.303" errors="0">
  <testcase name="EnhanceMediaGalleriesTab_TC1293" time="46.303" classname="com.nbcuni.test.publisher.tests.ContentEntityCreationManagement.ContentandEntityManagement.EnhanceMediaGalleriesTab.EnhanceMediaGalleriesTab"/>
</testsuite> <!-- com.nbcuni.test.publisher.tests.ContentEntityCreationManagement.ContentandEntityManagement.EnhanceMediaGalleriesTab.EnhanceMediaGalleriesTab -->
