<?xml version="1.0" encoding="UTF-8"?>
<!-- Generated by org.testng.reporters.JUnitReportReporter -->
<testsuite hostname="BACLARK77-MAC1.local" name="com.nbcuni.test.publisher.tests.UserCreationAndManagement.Permissions.EditorPermissionsContentAndContentRevisionsView" tests="1" failures="0" timestamp="2 Oct 2014 17:15:36 GMT" time="146.067" errors="0">
  <testcase name="EditorPermissionsContentAndContentRevisionsView_TC1393" time="146.067" classname="com.nbcuni.test.publisher.tests.UserCreationAndManagement.Permissions.EditorPermissionsContentAndContentRevisionsView"/>
</testsuite> <!-- com.nbcuni.test.publisher.tests.UserCreationAndManagement.Permissions.EditorPermissionsContentAndContentRevisionsView -->
