<?xml version="1.0" encoding="UTF-8"?>
<!-- Generated by org.testng.reporters.JUnitReportReporter -->
<testsuite hostname="localhost" name="com.nbcuni.test.publisher.tests.ContentEntityCreationManagement.ContentandEntityManagement.MyWorkbench.EditContentMyWorkbench" tests="1" failures="0" timestamp="13 Jun 2014 20:35:56 GMT" time="33.816" errors="0">
  <testcase name="EditContentMyWorkbench_TC1394" time="33.816" classname="com.nbcuni.test.publisher.tests.ContentEntityCreationManagement.ContentandEntityManagement.MyWorkbench.EditContentMyWorkbench"/>
</testsuite> <!-- com.nbcuni.test.publisher.tests.ContentEntityCreationManagement.ContentandEntityManagement.MyWorkbench.EditContentMyWorkbench -->
