<?xml version="1.0" encoding="UTF-8"?>
<!-- Generated by org.testng.reporters.JUnitReportReporter -->
<testsuite hostname="BACLARK77-MAC1.local" name="com.nbcuni.test.publisher.tests.Video.Configuration.ConfigurationMultipleMPXAccounts" tests="1" failures="1" timestamp="30 Apr 2014 19:09:58 GMT" time="86.818" errors="0">
  <testcase name="ConfigurationMultipleMPXAccounts_TC1073" time="86.818" classname="com.nbcuni.test.publisher.tests.Video.Configuration.ConfigurationMultipleMPXAccounts">
    <failure type="org.openqa.selenium.WebDriverException" message="Build info: version: &#039;2.35.0&#039;, revision: &#039;8df0c6bedf70ff9f22c647788f9fe9c8d22210e2&#039;, time: &#039;2013-08-17 12:46:41&#039;
System info: os.name: &#039;Mac OS X&#039;, os.arch: &#039;x86_64&#039;, os.version: &#039;10.9.2&#039;, java.version: &#039;1.7.0_25&#039;
Session ID: e3588d3e-116b-49ce-a9ad-5ebdee9ffa03
Driver info: com.nbcuni.test.publisher.common.Driver.Driver
Capabilities [{platform=MAC, acceptSslCerts=true, javascriptEnabled=true, browserName=chrome, chrome={userDataDir=/var/folders/33/xf0ch4pd75qbhlq2gf2s58l40000gn/T/.org.chromium.Chromium.3taF5k}, rotatable=false, locationContextEnabled=true, webdriver.remote.sessionid=e3588d3e-116b-49ce-a9ad-5ebdee9ffa03, version=34.0.1847.131, takesHeapSnapshot=true, cssSelectorsEnabled=true, databaseEnabled=false, handlesAlerts=true, browserConnectionEnabled=false, webStorageEnabled=true, nativeEvents=true, applicationCacheEnabled=false, takesScreenshot=true}]">
      <![CDATA[org.openqa.selenium.WebDriverException: Build info: version: '2.35.0', revision: '8df0c6bedf70ff9f22c647788f9fe9c8d22210e2', time: '2013-08-17 12:46:41'
System info: os.name: 'Mac OS X', os.arch: 'x86_64', os.version: '10.9.2', java.version: '1.7.0_25'
Session ID: e3588d3e-116b-49ce-a9ad-5ebdee9ffa03
Driver info: com.nbcuni.test.publisher.common.Driver.Driver
Capabilities [{platform=MAC, acceptSslCerts=true, javascriptEnabled=true, browserName=chrome, chrome={userDataDir=/var/folders/33/xf0ch4pd75qbhlq2gf2s58l40000gn/T/.org.chromium.Chromium.3taF5k}, rotatable=false, locationContextEnabled=true, webdriver.remote.sessionid=e3588d3e-116b-49ce-a9ad-5ebdee9ffa03, version=34.0.1847.131, takesHeapSnapshot=true, cssSelectorsEnabled=true, databaseEnabled=false, handlesAlerts=true, browserConnectionEnabled=false, webStorageEnabled=true, nativeEvents=true, applicationCacheEnabled=false, takesScreenshot=true}]
	at sun.reflect.NativeConstructorAccessorImpl.newInstance0(Native Method)
	at sun.reflect.NativeConstructorAccessorImpl.newInstance(NativeConstructorAccessorImpl.java:57)
	at sun.reflect.DelegatingConstructorAccessorImpl.newInstance(DelegatingConstructorAccessorImpl.java:45)
	at java.lang.reflect.Constructor.newInstance(Constructor.java:526)
	at org.openqa.selenium.remote.ErrorHandler.createThrowable(ErrorHandler.java:191)
	at org.openqa.selenium.remote.ErrorHandler.throwIfResponseFailed(ErrorHandler.java:145)
	at org.openqa.selenium.remote.RemoteWebDriver.execute(RemoteWebDriver.java:554)
	at org.openqa.selenium.remote.RemoteWebDriver.findElement(RemoteWebDriver.java:307)
	at org.openqa.selenium.remote.RemoteWebDriver.findElementByXPath(RemoteWebDriver.java:404)
	at org.openqa.selenium.By$ByXPath.findElement(By.java:344)
	at org.openqa.selenium.remote.RemoteWebDriver.findElement(RemoteWebDriver.java:299)
	at com.nbcuni.test.publisher.pageobjects.Taxonomy.Taxonomy.Tier3_Lnk(Taxonomy.java:43)
	at com.nbcuni.test.publisher.pageobjects.Taxonomy.Taxonomy.NavigateSite(Taxonomy.java:162)
	at com.nbcuni.test.publisher.tests.Video.Configuration.ConfigurationMultipleMPXAccounts.ConfigurationMultipleMPXAccounts_TC1073(ConfigurationMultipleMPXAccounts.java:84)
	at sun.reflect.NativeMethodAccessorImpl.invoke0(Native Method)
	at sun.reflect.NativeMethodAccessorImpl.invoke(NativeMethodAccessorImpl.java:57)
	at sun.reflect.DelegatingMethodAccessorImpl.invoke(DelegatingMethodAccessorImpl.java:43)
	at java.lang.reflect.Method.invoke(Method.java:606)
	at org.testng.internal.MethodInvocationHelper.invokeMethod(MethodInvocationHelper.java:84)
	at org.testng.internal.Invoker.invokeMethod(Invoker.java:714)
	at org.testng.internal.Invoker.invokeTestMethod(Invoker.java:901)
	at org.testng.internal.Invoker.invokeTestMethods(Invoker.java:1231)
	at org.testng.internal.TestMethodWorker.invokeTestMethods(TestMethodWorker.java:127)
	at org.testng.internal.TestMethodWorker.run(TestMethodWorker.java:111)
	at org.testng.TestRunner.privateRun(TestRunner.java:767)
	at org.testng.TestRunner.run(TestRunner.java:617)
	at org.testng.SuiteRunner.runTest(SuiteRunner.java:334)
	at org.testng.SuiteRunner.runSequentially(SuiteRunner.java:329)
	at org.testng.SuiteRunner.privateRun(SuiteRunner.java:291)
	at org.testng.SuiteRunner.run(SuiteRunner.java:240)
	at org.testng.SuiteRunnerWorker.runSuite(SuiteRunnerWorker.java:52)
	at org.testng.SuiteRunnerWorker.run(SuiteRunnerWorker.java:86)
	at org.testng.TestNG.runSuitesSequentially(TestNG.java:1224)
	at org.testng.TestNG.runSuitesLocally(TestNG.java:1149)
	at org.testng.TestNG.run(TestNG.java:1057)
	at org.testng.remote.RemoteTestNG.run(RemoteTestNG.java:111)
	at org.testng.remote.RemoteTestNG.initAndRun(RemoteTestNG.java:204)
	at org.testng.remote.RemoteTestNG.main(RemoteTestNG.java:175)
Caused by: java.lang.NullPointerException
	at org.openqa.selenium.support.events.EventFiringWebDriver.extractInterfaces(EventFiringWebDriver.java:117)
	at org.openqa.selenium.support.events.EventFiringWebDriver.access$500(EventFiringWebDriver.java:63)
	at org.openqa.selenium.support.events.EventFiringWebDriver$EventFiringWebElement.<init>(EventFiringWebDriver.java:318)
	at org.openqa.selenium.support.events.EventFiringWebDriver$EventFiringWebElement.<init>(EventFiringWebDriver.java:312)
	at org.openqa.selenium.support.events.EventFiringWebDriver.createWebElement(EventFiringWebDriver.java:282)
	at org.openqa.selenium.support.events.EventFiringWebDriver.findElement(EventFiringWebDriver.java:182)
	at org.openqa.selenium.remote.server.handler.FindElement.call(FindElement.java:47)
	at org.openqa.selenium.remote.server.handler.FindElement.call(FindElement.java:33)
	at java.util.concurrent.FutureTask$Sync.innerRun(FutureTask.java:334)
	at java.util.concurrent.FutureTask.run(FutureTask.java:166)
	at org.openqa.selenium.remote.server.DefaultSession$1.run(DefaultSession.java:169)
	at java.util.concurrent.ThreadPoolExecutor.runWorker(ThreadPoolExecutor.java:1145)
	at java.util.concurrent.ThreadPoolExecutor$Worker.run(ThreadPoolExecutor.java:615)
	at java.lang.Thread.run(Thread.java:724)
]]>
    </failure>
  </testcase> <!-- ConfigurationMultipleMPXAccounts_TC1073 -->
</testsuite> <!-- com.nbcuni.test.publisher.tests.Video.Configuration.ConfigurationMultipleMPXAccounts -->
