<?xml version="1.0" encoding="UTF-8"?>
<!-- Generated by org.testng.reporters.JUnitReportReporter -->
<testsuite hostname="localhost" name="com.nbcuni.test.publisher.tests.UserCreationAndManagement.Permissions.EditorPermissionsContentAndContentRevisionsView" tests="1" failures="0" timestamp="13 Jun 2014 20:35:56 GMT" time="120.195" errors="0">
  <testcase name="EditorPermissionsContentAndContentRevisionsView_TC1393" time="120.195" classname="com.nbcuni.test.publisher.tests.UserCreationAndManagement.Permissions.EditorPermissionsContentAndContentRevisionsView"/>
</testsuite> <!-- com.nbcuni.test.publisher.tests.UserCreationAndManagement.Permissions.EditorPermissionsContentAndContentRevisionsView -->
