<?xml version="1.0" encoding="UTF-8"?>
<!-- Generated by org.testng.reporters.JUnitReportReporter -->
<testsuite hostname="baclark77-mac1.home" name="com.nbcuni.test.publisher.tests.SocialIntegration.ImplementAutoPublishingToTwitter.SeeIt" tests="1" failures="0" timestamp="5 May 2014 15:53:44 GMT" time="30.181" errors="0">
  <testcase name="SeeIt_TC1060" time="30.181" classname="com.nbcuni.test.publisher.tests.SocialIntegration.ImplementAutoPublishingToTwitter.SeeIt"/>
</testsuite> <!-- com.nbcuni.test.publisher.tests.SocialIntegration.ImplementAutoPublishingToTwitter.SeeIt -->
