<?xml version="1.0" encoding="UTF-8"?>
<!-- Generated by org.testng.reporters.JUnitReportReporter -->
<testsuite hostname="BACLARK77-MAC1.local" name="com.nbcuni.test.publisher.tests.UserCreationAndManagement.Permissions.EditorPermissionsContentAndContentRevisionsView" tests="1" failures="0" timestamp="7 Oct 2014 03:04:11 GMT" time="137.058" errors="0">
  <testcase name="EditorPermissionsContentAndContentRevisionsView_TC1393" time="137.058" classname="com.nbcuni.test.publisher.tests.UserCreationAndManagement.Permissions.EditorPermissionsContentAndContentRevisionsView"/>
</testsuite> <!-- com.nbcuni.test.publisher.tests.UserCreationAndManagement.Permissions.EditorPermissionsContentAndContentRevisionsView -->
