<?xml version="1.0" encoding="UTF-8"?>
<!-- Generated by org.testng.reporters.JUnitReportReporter -->
<testsuite hostname="baclark77-mac1.home" name="com.nbcuni.test.publisher.tests.ContentEntityCreationManagement.ContentTypesEntities.CustomContentType.AddingNewCustomContentType" tests="1" failures="0" timestamp="5 May 2014 15:53:43 GMT" time="48.164" errors="0">
  <testcase name="AddingNewCustomContentType_Test" time="48.164" classname="com.nbcuni.test.publisher.tests.ContentEntityCreationManagement.ContentTypesEntities.CustomContentType.AddingNewCustomContentType"/>
</testsuite> <!-- com.nbcuni.test.publisher.tests.ContentEntityCreationManagement.ContentTypesEntities.CustomContentType.AddingNewCustomContentType -->
