<?xml version="1.0" encoding="UTF-8"?>
<!-- Generated by org.testng.reporters.JUnitReportReporter -->
<testsuite hostname="baclark77-mac1.home" name="com.nbcuni.test.publisher.tests.Video.MPXConfigurationP7.AllowSitesToConfigureMultipleMPXAccounts.MPXMediaSyncVerification" tests="1" failures="0" timestamp="28 Jan 2014 03:31:42 GMT" time="356.156" errors="1">
  <testcase name="MPXMediaSyncVerification" time="356.156" classname="com.nbcuni.test.publisher.tests.Video.MPXConfigurationP7.AllowSitesToConfigureMultipleMPXAccounts.MPXMediaSyncVerification">
    <error type="java.lang.AssertionError" message="timeout: Timed out receiving message from renderer: 251.464
  (Session info: chrome=32.0.1700.102)
  (Driver info: chromedriver=2.8.241036,platform=Mac OS X 10.8.5 x86_64) (WARNING: The server did not provide any stacktrace information)
Command duration or timeout: 300.08 seconds
Build info: version: &#039;2.35.0&#039;, revision: &#039;8df0c6bedf70ff9f22c647788f9fe9c8d22210e2&#039;, time: &#039;2013-08-17 12:46:41&#039;
System info: os.name: &#039;Mac OS X&#039;, os.arch: &#039;x86_64&#039;, os.version: &#039;10.8.5&#039;, java.version: &#039;1.6.0_65&#039;
Session ID: 1b59a902296cce404d094397d4b37394
Driver info: org.openqa.selenium.chrome.ChromeDriver
Capabilities [{platform=MAC, acceptSslCerts=true, javascriptEnabled=true, browserName=chrome, chrome={userDataDir=/var/folders/33/xf0ch4pd75qbhlq2gf2s58l40000gn/T/.org.chromium.Chromium.qN6VAw}, rotatable=false, locationContextEnabled=true, version=32.0.1700.102, takesHeapSnapshot=true, cssSelectorsEnabled=true, databaseEnabled=false, handlesAlerts=true, browserConnectionEnabled=false, webStorageEnabled=true, nativeEvents=true, applicationCacheEnabled=false, takesScreenshot=true}]
Command duration or timeout: 300.34 seconds
Build info: version: &#039;2.35.0&#039;, revision: &#039;8df0c6bedf70ff9f22c647788f9fe9c8d22210e2&#039;, time: &#039;2013-08-17 12:46:41&#039;
System info: os.name: &#039;Mac OS X&#039;, os.arch: &#039;x86_64&#039;, os.version: &#039;10.8.5&#039;, java.version: &#039;1.6.0_65&#039;
Session ID: 0ea6146f-1cd7-46eb-bba3-48fb5fa716f8
Driver info: com.nbcuni.test.webdriver.CustomWebDriver
Capabilities [{platform=MAC, acceptSslCerts=true, javascriptEnabled=true, browserName=chrome, chrome={userDataDir=/var/folders/33/xf0ch4pd75qbhlq2gf2s58l40000gn/T/.org.chromium.Chromium.qN6VAw}, rotatable=false, locationContextEnabled=true, webdriver.remote.sessionid=0ea6146f-1cd7-46eb-bba3-48fb5fa716f8, version=32.0.1700.102, takesHeapSnapshot=true, cssSelectorsEnabled=true, databaseEnabled=false, handlesAlerts=true, browserConnectionEnabled=false, webStorageEnabled=true, nativeEvents=true, applicationCacheEnabled=false, takesScreenshot=true}]">
      <![CDATA[java.lang.AssertionError: timeout: Timed out receiving message from renderer: 251.464
  (Session info: chrome=32.0.1700.102)
  (Driver info: chromedriver=2.8.241036,platform=Mac OS X 10.8.5 x86_64) (WARNING: The server did not provide any stacktrace information)
Command duration or timeout: 300.08 seconds
Build info: version: '2.35.0', revision: '8df0c6bedf70ff9f22c647788f9fe9c8d22210e2', time: '2013-08-17 12:46:41'
System info: os.name: 'Mac OS X', os.arch: 'x86_64', os.version: '10.8.5', java.version: '1.6.0_65'
Session ID: 1b59a902296cce404d094397d4b37394
Driver info: org.openqa.selenium.chrome.ChromeDriver
Capabilities [{platform=MAC, acceptSslCerts=true, javascriptEnabled=true, browserName=chrome, chrome={userDataDir=/var/folders/33/xf0ch4pd75qbhlq2gf2s58l40000gn/T/.org.chromium.Chromium.qN6VAw}, rotatable=false, locationContextEnabled=true, version=32.0.1700.102, takesHeapSnapshot=true, cssSelectorsEnabled=true, databaseEnabled=false, handlesAlerts=true, browserConnectionEnabled=false, webStorageEnabled=true, nativeEvents=true, applicationCacheEnabled=false, takesScreenshot=true}]
Command duration or timeout: 300.34 seconds
Build info: version: '2.35.0', revision: '8df0c6bedf70ff9f22c647788f9fe9c8d22210e2', time: '2013-08-17 12:46:41'
System info: os.name: 'Mac OS X', os.arch: 'x86_64', os.version: '10.8.5', java.version: '1.6.0_65'
Session ID: 0ea6146f-1cd7-46eb-bba3-48fb5fa716f8
Driver info: com.nbcuni.test.webdriver.CustomWebDriver
Capabilities [{platform=MAC, acceptSslCerts=true, javascriptEnabled=true, browserName=chrome, chrome={userDataDir=/var/folders/33/xf0ch4pd75qbhlq2gf2s58l40000gn/T/.org.chromium.Chromium.qN6VAw}, rotatable=false, locationContextEnabled=true, webdriver.remote.sessionid=0ea6146f-1cd7-46eb-bba3-48fb5fa716f8, version=32.0.1700.102, takesHeapSnapshot=true, cssSelectorsEnabled=true, databaseEnabled=false, handlesAlerts=true, browserConnectionEnabled=false, webStorageEnabled=true, nativeEvents=true, applicationCacheEnabled=false, takesScreenshot=true}]
	at org.testng.AssertJUnit.fail(AssertJUnit.java:59)
	at com.nbcuni.test.webdriver.CustomWebDriver.click(CustomWebDriver.java:199)
	at com.nbcuni.test.publisher.pageobjects.UserLogin.ClickLoginBtn(UserLogin.java:55)
	at com.nbcuni.test.publisher.pageobjects.UserLogin.Login(UserLogin.java:63)
	at com.nbcuni.test.publisher.tests.Video.MPXConfigurationP7.AllowSitesToConfigureMultipleMPXAccounts.MPXMediaSyncVerification.MPXMediaSyncVerification(MPXMediaSyncVerification.java:45)
	at sun.reflect.NativeMethodAccessorImpl.invoke0(Native Method)
	at sun.reflect.NativeMethodAccessorImpl.invoke(NativeMethodAccessorImpl.java:39)
	at sun.reflect.DelegatingMethodAccessorImpl.invoke(DelegatingMethodAccessorImpl.java:25)
	at java.lang.reflect.Method.invoke(Method.java:597)
	at org.testng.internal.MethodInvocationHelper.invokeMethod(MethodInvocationHelper.java:84)
	at org.testng.internal.Invoker.invokeMethod(Invoker.java:714)
	at org.testng.internal.Invoker.invokeTestMethod(Invoker.java:901)
	at org.testng.internal.Invoker.invokeTestMethods(Invoker.java:1231)
	at org.testng.internal.TestMethodWorker.invokeTestMethods(TestMethodWorker.java:127)
	at org.testng.internal.TestMethodWorker.run(TestMethodWorker.java:111)
	at java.util.concurrent.ThreadPoolExecutor$Worker.runTask(ThreadPoolExecutor.java:895)
	at java.util.concurrent.ThreadPoolExecutor$Worker.run(ThreadPoolExecutor.java:918)
	at java.lang.Thread.run(Thread.java:695)
]]>
    </error>
  </testcase> <!-- MPXMediaSyncVerification -->
</testsuite> <!-- com.nbcuni.test.publisher.tests.Video.MPXConfigurationP7.AllowSitesToConfigureMultipleMPXAccounts.MPXMediaSyncVerification -->
