<?xml version="1.0" encoding="UTF-8"?>
<!-- Generated by org.testng.reporters.JUnitReportReporter -->
<testsuite hostname="baclark77-mac1.home" name="com.nbcuni.test.publisher.tests.Video.Player.SelectVideoPlayerPerVideoFile" tests="3" failures="0" timestamp="5 May 2014 15:53:43 GMT" time="149.276" errors="3">
  <testcase name="SelectVideoPlayerPerVideoFile_Test" time="60.040" classname="com.nbcuni.test.publisher.tests.Video.Player.SelectVideoPlayerPerVideoFile">
    <error type="java.lang.AssertionError" message="Error text of &#039;Error message
Failed to update URI to &quot;mpx://m/4EE8C875-1894-4F4E-034E-2BF8926D3FA7/p/594/a/2312945284&quot; for file 647 in the file_managed table.&#039; is present in application.">
      <![CDATA[java.lang.AssertionError: Error text of 'Error message
Failed to update URI to "mpx://m/4EE8C875-1894-4F4E-034E-2BF8926D3FA7/p/594/a/2312945284" for file 647 in the file_managed table.' is present in application.
	at org.testng.Assert.fail(Assert.java:94)
	at com.nbcuni.test.publisher.pageobjects.ErrorChecking.ErrorChecking.VerifyNoMessageErrorsPresent(ErrorChecking.java:179)
	at com.nbcuni.test.publisher.pageobjects.Overlay.switchToDefaultContent(Overlay.java:57)
	at com.nbcuni.test.publisher.tests.Video.Player.SelectVideoPlayerPerVideoFile.SelectVideoPlayerPerVideoFile_Test(SelectVideoPlayerPerVideoFile.java:87)
	at sun.reflect.NativeMethodAccessorImpl.invoke0(Native Method)
	at sun.reflect.NativeMethodAccessorImpl.invoke(NativeMethodAccessorImpl.java:57)
	at sun.reflect.DelegatingMethodAccessorImpl.invoke(DelegatingMethodAccessorImpl.java:43)
	at java.lang.reflect.Method.invoke(Method.java:606)
	at org.testng.internal.MethodInvocationHelper.invokeMethod(MethodInvocationHelper.java:84)
	at org.testng.internal.Invoker.invokeMethod(Invoker.java:714)
	at org.testng.internal.Invoker.retryFailed(Invoker.java:1049)
	at org.testng.internal.Invoker.invokeTestMethods(Invoker.java:1254)
	at org.testng.internal.TestMethodWorker.invokeTestMethods(TestMethodWorker.java:127)
	at org.testng.internal.TestMethodWorker.run(TestMethodWorker.java:111)
	at java.util.concurrent.ThreadPoolExecutor.runWorker(ThreadPoolExecutor.java:1145)
	at java.util.concurrent.ThreadPoolExecutor$Worker.run(ThreadPoolExecutor.java:615)
	at java.lang.Thread.run(Thread.java:724)
]]>
    </error>
  </testcase> <!-- SelectVideoPlayerPerVideoFile_Test -->
  <testcase name="SelectVideoPlayerPerVideoFile_Test" time="41.160" classname="com.nbcuni.test.publisher.tests.Video.Player.SelectVideoPlayerPerVideoFile">
    <error type="java.lang.AssertionError" message="Error text of &#039;Error message
Failed to update URI to &quot;mpx://m/4EE8C875-1894-4F4E-034E-2BF8926D3FA7/p/594/a/2312945284&quot; for file 647 in the file_managed table.&#039; is present in application.">
      <![CDATA[java.lang.AssertionError: Error text of 'Error message
Failed to update URI to "mpx://m/4EE8C875-1894-4F4E-034E-2BF8926D3FA7/p/594/a/2312945284" for file 647 in the file_managed table.' is present in application.
	at org.testng.Assert.fail(Assert.java:94)
	at com.nbcuni.test.publisher.pageobjects.ErrorChecking.ErrorChecking.VerifyNoMessageErrorsPresent(ErrorChecking.java:179)
	at com.nbcuni.test.publisher.pageobjects.Overlay.switchToDefaultContent(Overlay.java:57)
	at com.nbcuni.test.publisher.tests.Video.Player.SelectVideoPlayerPerVideoFile.SelectVideoPlayerPerVideoFile_Test(SelectVideoPlayerPerVideoFile.java:87)
	at sun.reflect.NativeMethodAccessorImpl.invoke0(Native Method)
	at sun.reflect.NativeMethodAccessorImpl.invoke(NativeMethodAccessorImpl.java:57)
	at sun.reflect.DelegatingMethodAccessorImpl.invoke(DelegatingMethodAccessorImpl.java:43)
	at java.lang.reflect.Method.invoke(Method.java:606)
	at org.testng.internal.MethodInvocationHelper.invokeMethod(MethodInvocationHelper.java:84)
	at org.testng.internal.Invoker.invokeMethod(Invoker.java:714)
	at org.testng.internal.Invoker.invokeTestMethod(Invoker.java:901)
	at org.testng.internal.Invoker.invokeTestMethods(Invoker.java:1231)
	at org.testng.internal.TestMethodWorker.invokeTestMethods(TestMethodWorker.java:127)
	at org.testng.internal.TestMethodWorker.run(TestMethodWorker.java:111)
	at java.util.concurrent.ThreadPoolExecutor.runWorker(ThreadPoolExecutor.java:1145)
	at java.util.concurrent.ThreadPoolExecutor$Worker.run(ThreadPoolExecutor.java:615)
	at java.lang.Thread.run(Thread.java:724)
]]>
    </error>
  </testcase> <!-- SelectVideoPlayerPerVideoFile_Test -->
  <testcase name="SelectVideoPlayerPerVideoFile_Test" time="48.076" classname="com.nbcuni.test.publisher.tests.Video.Player.SelectVideoPlayerPerVideoFile">
    <error type="java.lang.AssertionError" message="Error text of &#039;Error message
Failed to update URI to &quot;mpx://m/4EE8C875-1894-4F4E-034E-2BF8926D3FA7/p/594/a/2312945284&quot; for file 647 in the file_managed table.&#039; is present in application.">
      <![CDATA[java.lang.AssertionError: Error text of 'Error message
Failed to update URI to "mpx://m/4EE8C875-1894-4F4E-034E-2BF8926D3FA7/p/594/a/2312945284" for file 647 in the file_managed table.' is present in application.
	at org.testng.Assert.fail(Assert.java:94)
	at com.nbcuni.test.publisher.pageobjects.ErrorChecking.ErrorChecking.VerifyNoMessageErrorsPresent(ErrorChecking.java:179)
	at com.nbcuni.test.publisher.pageobjects.Overlay.switchToDefaultContent(Overlay.java:57)
	at com.nbcuni.test.publisher.tests.Video.Player.SelectVideoPlayerPerVideoFile.SelectVideoPlayerPerVideoFile_Test(SelectVideoPlayerPerVideoFile.java:80)
	at sun.reflect.NativeMethodAccessorImpl.invoke0(Native Method)
	at sun.reflect.NativeMethodAccessorImpl.invoke(NativeMethodAccessorImpl.java:57)
	at sun.reflect.DelegatingMethodAccessorImpl.invoke(DelegatingMethodAccessorImpl.java:43)
	at java.lang.reflect.Method.invoke(Method.java:606)
	at org.testng.internal.MethodInvocationHelper.invokeMethod(MethodInvocationHelper.java:84)
	at org.testng.internal.Invoker.invokeMethod(Invoker.java:714)
	at org.testng.internal.Invoker.retryFailed(Invoker.java:1049)
	at org.testng.internal.Invoker.invokeTestMethods(Invoker.java:1254)
	at org.testng.internal.TestMethodWorker.invokeTestMethods(TestMethodWorker.java:127)
	at org.testng.internal.TestMethodWorker.run(TestMethodWorker.java:111)
	at java.util.concurrent.ThreadPoolExecutor.runWorker(ThreadPoolExecutor.java:1145)
	at java.util.concurrent.ThreadPoolExecutor$Worker.run(ThreadPoolExecutor.java:615)
	at java.lang.Thread.run(Thread.java:724)
]]>
    </error>
  </testcase> <!-- SelectVideoPlayerPerVideoFile_Test -->
</testsuite> <!-- com.nbcuni.test.publisher.tests.Video.Player.SelectVideoPlayerPerVideoFile -->
