<?xml version="1.0" encoding="UTF-8"?>
<!-- Generated by org.testng.reporters.JUnitReportReporter -->
<testsuite hostname="localhost" name="com.nbcuni.test.publisher.tests.ContentEntityCreationManagement.ContentandEntityManagement.StickyEditActions.StickyButtons" tests="1" failures="0" timestamp="13 Jun 2014 20:35:56 GMT" time="54.554" errors="0">
  <testcase name="StickyButtons_Test" time="54.554" classname="com.nbcuni.test.publisher.tests.ContentEntityCreationManagement.ContentandEntityManagement.StickyEditActions.StickyButtons"/>
</testsuite> <!-- com.nbcuni.test.publisher.tests.ContentEntityCreationManagement.ContentandEntityManagement.StickyEditActions.StickyButtons -->
