<?xml version="1.0" encoding="UTF-8"?>
<!-- Generated by org.testng.reporters.JUnitReportReporter -->
<testsuite hostname="BACLARK77-MAC1.local" name="com.nbcuni.test.publisher.tests.Video.CanonicalURLSupport.CanonicalURL" tests="1" failures="0" timestamp="17 Sep 2014 18:47:46 GMT" time="104.346" errors="0">
  <testcase name="CanonicalURL_TC1080" time="104.346" classname="com.nbcuni.test.publisher.tests.Video.CanonicalURLSupport.CanonicalURL"/>
</testsuite> <!-- com.nbcuni.test.publisher.tests.Video.CanonicalURLSupport.CanonicalURL -->
