<?xml version="1.0" encoding="UTF-8"?>
<!-- Generated by org.testng.reporters.JUnitReportReporter -->
<testsuite hostname="BACLARK77-MAC1.local" name="com.nbcuni.test.publisher.tests.ContentEntityCreationManagement.ContentandEntityRelationships.CastCrewFieldCollectionsVerification_TVEpisode" tests="1" failures="0" timestamp="12 Feb 2014 17:43:15 GMT" time="127.397" errors="0">
  <testcase name="CastCrewFieldCollectionsVerificationTVEpisode_Test" time="127.397" classname="com.nbcuni.test.publisher.tests.ContentEntityCreationManagement.ContentandEntityRelationships.CastCrewFieldCollectionsVerification_TVEpisode"/>
</testsuite> <!-- com.nbcuni.test.publisher.tests.ContentEntityCreationManagement.ContentandEntityRelationships.CastCrewFieldCollectionsVerification_TVEpisode -->
