<?xml version="1.0" encoding="UTF-8"?>
<!-- Generated by org.testng.reporters.JUnitReportReporter -->
<testsuite hostname="BACLARK77-MAC1.local" name="com.nbcuni.test.publisher.tests.Core.Profiles.FileFieldsTokenBasedPath" tests="1" failures="0" timestamp="7 Oct 2014 03:04:11 GMT" time="58.697" errors="0">
  <testcase name="FileFieldsTokenBasedPath_TC4355" time="58.697" classname="com.nbcuni.test.publisher.tests.Core.Profiles.FileFieldsTokenBasedPath"/>
</testsuite> <!-- com.nbcuni.test.publisher.tests.Core.Profiles.FileFieldsTokenBasedPath -->
