<?xml version="1.0" encoding="UTF-8"?>
<!-- Generated by org.testng.reporters.JUnitReportReporter -->
<testsuite hostname="localhost" name="com.nbcuni.test.publisher.tests.SiteManagementAndReporting.EmailReRouting.EmailRedirect" tests="1" failures="0" timestamp="13 Jun 2014 20:35:56 GMT" time="49.856" errors="0">
  <testcase name="EmailRedirect_TC1067" time="49.856" classname="com.nbcuni.test.publisher.tests.SiteManagementAndReporting.EmailReRouting.EmailRedirect"/>
</testsuite> <!-- com.nbcuni.test.publisher.tests.SiteManagementAndReporting.EmailReRouting.EmailRedirect -->
