<?xml version="1.0" encoding="UTF-8"?>
<!-- Generated by org.testng.reporters.JUnitReportReporter -->
<testsuite hostname="BACLARK77-MAC1.local" name="com.nbcuni.test.publisher.tests.ContentEntityCreationManagement.ContentTypesEntities.TVEpisode.CreateTVEpisode" tests="2" failures="1" timestamp="29 Apr 2014 12:35:46 GMT" time="111.630" errors="0">
  <testcase name="CreateTVEpisode_Test" time="70.780" classname="com.nbcuni.test.publisher.tests.ContentEntityCreationManagement.ContentTypesEntities.TVEpisode.CreateTVEpisode"/>
  <testcase name="CreateTVEpisode_Test" time="40.850" classname="com.nbcuni.test.publisher.tests.ContentEntityCreationManagement.ContentTypesEntities.TVEpisode.CreateTVEpisode">
    <failure type="java.lang.NullPointerException">
      <![CDATA[java.lang.NullPointerException
	at org.openqa.selenium.remote.ErrorHandler.createUnhandledAlertException(ErrorHandler.java:170)
	at org.openqa.selenium.remote.ErrorHandler.rebuildServerError(ErrorHandler.java:221)
	at org.openqa.selenium.remote.ErrorHandler.throwIfResponseFailed(ErrorHandler.java:107)
	at org.openqa.selenium.remote.RemoteWebDriver.execute(RemoteWebDriver.java:554)
	at org.openqa.selenium.remote.RemoteWebElement.execute(RemoteWebElement.java:268)
	at org.openqa.selenium.remote.RemoteWebElement.isDisplayed(RemoteWebElement.java:320)
	at org.openqa.selenium.support.ui.ExpectedConditions.elementIfVisible(ExpectedConditions.java:228)
	at org.openqa.selenium.support.ui.ExpectedConditions.access$100(ExpectedConditions.java:39)
	at org.openqa.selenium.support.ui.ExpectedConditions$7.apply(ExpectedConditions.java:213)
	at org.openqa.selenium.support.ui.ExpectedConditions$7.apply(ExpectedConditions.java:210)
	at org.openqa.selenium.support.ui.FluentWait.until(FluentWait.java:208)
	at com.nbcuni.test.publisher.pageobjects.Content.SelectFile.WaitForFileUploaded(SelectFile.java:237)
	at com.nbcuni.test.publisher.pageobjects.Content.SelectFile.SelectDefaultCoverImg(SelectFile.java:336)
	at com.nbcuni.test.publisher.tests.ContentEntityCreationManagement.ContentTypesEntities.TVEpisode.CreateTVEpisode.CreateTVEpisode_Test(CreateTVEpisode.java:54)
	at sun.reflect.NativeMethodAccessorImpl.invoke0(Native Method)
	at sun.reflect.NativeMethodAccessorImpl.invoke(NativeMethodAccessorImpl.java:57)
	at sun.reflect.DelegatingMethodAccessorImpl.invoke(DelegatingMethodAccessorImpl.java:43)
	at java.lang.reflect.Method.invoke(Method.java:606)
	at org.testng.internal.MethodInvocationHelper.invokeMethod(MethodInvocationHelper.java:84)
	at org.testng.internal.Invoker.invokeMethod(Invoker.java:714)
	at org.testng.internal.Invoker.invokeTestMethod(Invoker.java:901)
	at org.testng.internal.Invoker.invokeTestMethods(Invoker.java:1231)
	at org.testng.internal.TestMethodWorker.invokeTestMethods(TestMethodWorker.java:127)
	at org.testng.internal.TestMethodWorker.run(TestMethodWorker.java:111)
	at java.util.concurrent.ThreadPoolExecutor.runWorker(ThreadPoolExecutor.java:1145)
	at java.util.concurrent.ThreadPoolExecutor$Worker.run(ThreadPoolExecutor.java:615)
	at java.lang.Thread.run(Thread.java:724)
]]>
    </failure>
  </testcase> <!-- CreateTVEpisode_Test -->
</testsuite> <!-- com.nbcuni.test.publisher.tests.ContentEntityCreationManagement.ContentTypesEntities.TVEpisode.CreateTVEpisode -->
