<?xml version="1.0" encoding="UTF-8"?>
<!-- Generated by org.testng.reporters.JUnitReportReporter -->
<testsuite hostname="baclark77-mac1.home" name="com.nbcuni.test.publisher.tests.ContentEntityCreationManagement.ContentandEntityManagement.ContentandEntityScheduling.EnhanceOperationsDropdownonScheduleTab" tests="1" failures="0" timestamp="27 Jan 2014 23:53:00 GMT" time="46.453" errors="0">
  <testcase name="ScheduletopublishContentbyDateTime" time="46.453" classname="com.nbcuni.test.publisher.tests.ContentEntityCreationManagement.ContentandEntityManagement.ContentandEntityScheduling.EnhanceOperationsDropdownonScheduleTab"/>
</testsuite> <!-- com.nbcuni.test.publisher.tests.ContentEntityCreationManagement.ContentandEntityManagement.ContentandEntityScheduling.EnhanceOperationsDropdownonScheduleTab -->
