<?xml version="1.0" encoding="UTF-8"?>
<!-- Generated by org.testng.reporters.JUnitReportReporter -->
<testsuite hostname="baclark77-mac1.home" name="com.nbcuni.test.publisher.tests.Advertising.Comscore.PixelmanModuleSetupAndVerification" tests="1" failures="0" timestamp="22 Feb 2014 16:37:25 GMT" time="141.385" errors="0">
  <testcase name="PixelmanModuleSetupAndVerification_Test" time="141.385" classname="com.nbcuni.test.publisher.tests.Advertising.Comscore.PixelmanModuleSetupAndVerification"/>
</testsuite> <!-- com.nbcuni.test.publisher.tests.Advertising.Comscore.PixelmanModuleSetupAndVerification -->
