<?xml version="1.0" encoding="UTF-8"?>
<!-- Generated by org.testng.reporters.JUnitReportReporter -->
<testsuite hostname="baclark77-mac1.home" name="com.nbcuni.test.publisher.tests.UserCreationAndManagement.Permissions.EditorPermissionsContentAndContentRevisionsView" tests="1" failures="0" timestamp="28 May 2014 14:33:52 GMT" time="106.480" errors="0">
  <testcase name="EditorPermissionsContentAndContentRevisionsView_TC1393" time="106.480" classname="com.nbcuni.test.publisher.tests.UserCreationAndManagement.Permissions.EditorPermissionsContentAndContentRevisionsView"/>
</testsuite> <!-- com.nbcuni.test.publisher.tests.UserCreationAndManagement.Permissions.EditorPermissionsContentAndContentRevisionsView -->
