<?xml version="1.0" encoding="UTF-8"?>
<!-- Generated by org.testng.reporters.JUnitReportReporter -->
<testsuite hostname="baclark77-mac1.home" name="com.nbcuni.test.publisher.tests.ContentEntityCreationManagement.ContentandEntityManagement.ContentandEntityScheduling.ScheduleToPublishContentByDateTime" tests="1" failures="0" timestamp="17 Jan 2014 21:54:53 GMT" time="65.050" errors="0">
  <testcase name="ScheduletopublishContentbyDateTime" time="65.050" classname="com.nbcuni.test.publisher.tests.ContentEntityCreationManagement.ContentandEntityManagement.ContentandEntityScheduling.ScheduleToPublishContentByDateTime"/>
</testsuite> <!-- com.nbcuni.test.publisher.tests.ContentEntityCreationManagement.ContentandEntityManagement.ContentandEntityScheduling.ScheduleToPublishContentByDateTime -->
