<?xml version="1.0" encoding="UTF-8"?>
<!-- Generated by org.testng.reporters.JUnitReportReporter -->
<testsuite hostname="baclark77-mac1.home" name="com.nbcuni.test.publisher.tests.Video.Thumbnails.ThumbnailsAreNotUpdated" tests="1" failures="0" timestamp="8 May 2014 15:45:07 GMT" time="189.568" errors="0">
  <testcase name="ThumbnailsAreNotUpdated_Test" time="189.568" classname="com.nbcuni.test.publisher.tests.Video.Thumbnails.ThumbnailsAreNotUpdated"/>
</testsuite> <!-- com.nbcuni.test.publisher.tests.Video.Thumbnails.ThumbnailsAreNotUpdated -->
