<?xml version="1.0" encoding="UTF-8"?>
<!-- Generated by org.testng.reporters.JUnitReportReporter -->
<testsuite hostname="baclark77-mac1.home" name="com.nbcuni.test.publisher.tests.Queues.SchedulingQueues.ScheduleRevisionsOfQueues" tests="1" failures="0" timestamp="30 Mar 2014 15:48:36 GMT" time="58.783" errors="0">
  <testcase name="ScheduleRevisionsOfQueues_Test" time="58.783" classname="com.nbcuni.test.publisher.tests.Queues.SchedulingQueues.ScheduleRevisionsOfQueues"/>
</testsuite> <!-- com.nbcuni.test.publisher.tests.Queues.SchedulingQueues.ScheduleRevisionsOfQueues -->
