<?xml version="1.0" encoding="UTF-8"?>
<!-- Generated by org.testng.reporters.JUnitReportReporter -->
<testsuite hostname="baclark77-mac1.home" name="com.nbcuni.test.publisher.tests.Video.CanonicalURLSupport.MPXCanonicalURLImportableURLAlias" tests="1" failures="0" timestamp="18 Mar 2014 15:04:22 GMT" time="146.405" errors="0">
  <testcase name="MPXCanonicalURLImportableURLAlias_Test" time="146.405" classname="com.nbcuni.test.publisher.tests.Video.CanonicalURLSupport.MPXCanonicalURLImportableURLAlias"/>
</testsuite> <!-- com.nbcuni.test.publisher.tests.Video.CanonicalURLSupport.MPXCanonicalURLImportableURLAlias -->
