<?xml version="1.0" encoding="UTF-8"?>
<!-- Generated by org.testng.reporters.JUnitReportReporter -->
<testsuite hostname="BACLARK77-MAC1.local" name="com.nbcuni.test.publisher.tests.SiteManagementAndReporting.AdminViews.NoWhiteScreen" tests="1" failures="0" timestamp="3 Sep 2014 22:23:03 GMT" time="21.761" errors="0">
  <testcase name="NoWhiteScreen_TC4147" time="21.761" classname="com.nbcuni.test.publisher.tests.SiteManagementAndReporting.AdminViews.NoWhiteScreen"/>
</testsuite> <!-- com.nbcuni.test.publisher.tests.SiteManagementAndReporting.AdminViews.NoWhiteScreen -->
