<?xml version="1.0" encoding="UTF-8"?>
<!-- Generated by org.testng.reporters.JUnitReportReporter -->
<testsuite hostname="baclark77-mac1.home" name="com.nbcuni.test.publisher.tests.Advertising.GooglePublisherTagsGPT.GPTConfiguration" tests="1" failures="0" timestamp="16 Apr 2014 19:33:33 GMT" time="33.807" errors="0">
  <testcase name="GPTConfiguration_Test" time="33.807" classname="com.nbcuni.test.publisher.tests.Advertising.GooglePublisherTagsGPT.GPTConfiguration"/>
</testsuite> <!-- com.nbcuni.test.publisher.tests.Advertising.GooglePublisherTagsGPT.GPTConfiguration -->
