<?xml version="1.0" encoding="UTF-8"?>
<!-- Generated by org.testng.reporters.JUnitReportReporter -->
<testsuite hostname="BACLARK77-MAC1.local" name="com.nbcuni.test.publisher.tests.SiteManagementAndReporting.SSO.SSOManageUsers" tests="2" failures="0" timestamp="25 Jul 2014 18:01:20 GMT" time="141.888" errors="0">
  <testcase name="SSOManageUsers_TC3853" time="139.151" classname="com.nbcuni.test.publisher.tests.SiteManagementAndReporting.SSO.SSOManageUsers"/>
  <testcase name="Cleanup" time="2.737" classname="com.nbcuni.test.publisher.tests.SiteManagementAndReporting.SSO.SSOManageUsers"/>
</testsuite> <!-- com.nbcuni.test.publisher.tests.SiteManagementAndReporting.SSO.SSOManageUsers -->
