<?xml version="1.0" encoding="UTF-8"?>
<!-- Generated by org.testng.reporters.JUnitReportReporter -->
<testsuite hostname="baclark77-mac1.home" name="com.nbcuni.test.publisher.tests.SiteManagementAndReporting.SiteReportVisualization.SiteReportVisualization" tests="1" failures="1" timestamp="31 Dec 2013 20:53:25 GMT" time="17.647" errors="0">
  <testcase name="SiteReportVisualization" time="17.647" classname="com.nbcuni.test.publisher.tests.SiteManagementAndReporting.SiteReportVisualization.SiteReportVisualization">
    <failure type="junit.framework.AssertionFailedError" message="Test steps indicate that I should be able to filter with results on columns but no action taken results in data present. Emailing pete/sruthi.">
      <![CDATA[junit.framework.AssertionFailedError: Test steps indicate that I should be able to filter with results on columns but no action taken results in data present. Emailing pete/sruthi.
	at junit.framework.Assert.fail(Assert.java:47)
	at com.nbcuni.test.publisher.tests.SiteManagementAndReporting.SiteReportVisualization.SiteReportVisualization.SiteReportVisualization(SiteReportVisualization.java:84)
	at sun.reflect.NativeMethodAccessorImpl.invoke0(Native Method)
	at sun.reflect.NativeMethodAccessorImpl.invoke(NativeMethodAccessorImpl.java:57)
	at sun.reflect.DelegatingMethodAccessorImpl.invoke(DelegatingMethodAccessorImpl.java:43)
	at java.lang.reflect.Method.invoke(Method.java:606)
	at org.testng.internal.MethodInvocationHelper.invokeMethod(MethodInvocationHelper.java:84)
	at org.testng.internal.Invoker.invokeMethod(Invoker.java:714)
	at org.testng.internal.Invoker.invokeTestMethod(Invoker.java:901)
	at org.testng.internal.Invoker.invokeTestMethods(Invoker.java:1231)
	at org.testng.internal.TestMethodWorker.invokeTestMethods(TestMethodWorker.java:127)
	at org.testng.internal.TestMethodWorker.run(TestMethodWorker.java:111)
	at java.util.concurrent.ThreadPoolExecutor.runWorker(ThreadPoolExecutor.java:1145)
	at java.util.concurrent.ThreadPoolExecutor$Worker.run(ThreadPoolExecutor.java:615)
	at java.lang.Thread.run(Thread.java:724)
]]>
    </failure>
  </testcase> <!-- SiteReportVisualization -->
</testsuite> <!-- com.nbcuni.test.publisher.tests.SiteManagementAndReporting.SiteReportVisualization.SiteReportVisualization -->
