<?xml version="1.0" encoding="UTF-8"?>
<!-- Generated by org.testng.reporters.JUnitReportReporter -->
<testsuite hostname="baclark77-mac1.home" name="com.nbcuni.test.publisher.tests.ContentEntityCreationManagement.Images.ProvideUniqueURLImages.UniqueURL" tests="1" failures="0" timestamp="23 May 2014 12:43:31 GMT" time="31.294" errors="0">
  <testcase name="UniqueURL_TC1056" time="31.294" classname="com.nbcuni.test.publisher.tests.ContentEntityCreationManagement.Images.ProvideUniqueURLImages.UniqueURL"/>
</testsuite> <!-- com.nbcuni.test.publisher.tests.ContentEntityCreationManagement.Images.ProvideUniqueURLImages.UniqueURL -->
