<?xml version="1.0" encoding="UTF-8"?>
<!-- Generated by org.testng.reporters.JUnitReportReporter -->
<testsuite hostname="baclark77-mac1.home" name="com.nbcuni.test.publisher.tests.Video.NotificationPlayerUnavailability.NotificationPlayerUnavailability" tests="1" failures="0" timestamp="30 Mar 2014 15:48:36 GMT" time="284.139" errors="0">
  <testcase name="NotificationPlayerUnavailability_Test" time="284.139" classname="com.nbcuni.test.publisher.tests.Video.NotificationPlayerUnavailability.NotificationPlayerUnavailability"/>
</testsuite> <!-- com.nbcuni.test.publisher.tests.Video.NotificationPlayerUnavailability.NotificationPlayerUnavailability -->
