<?xml version="1.0" encoding="UTF-8"?>
<!-- Generated by org.testng.reporters.JUnitReportReporter -->
<testsuite hostname="baclark77-mac1.home" name="com.nbcuni.test.publisher.tests.Video.Player.SelectVideoPlayerPerVideoFile" tests="1" failures="0" timestamp="17 Jan 2014 21:54:53 GMT" time="75.902" errors="0">
  <testcase name="SelectVideoPlayerPerVideoFile" time="75.902" classname="com.nbcuni.test.publisher.tests.Video.Player.SelectVideoPlayerPerVideoFile"/>
</testsuite> <!-- com.nbcuni.test.publisher.tests.Video.Player.SelectVideoPlayerPerVideoFile -->
