<?xml version="1.0" encoding="UTF-8"?>
<!-- Generated by org.testng.reporters.JUnitReportReporter -->
<testsuite hostname="baclark77-mac1.home" name="com.nbcuni.test.publisher.tests.UserCreationAndManagement.Permissions.EditorPermissionCustomQueuesOperationsMenu" tests="1" failures="0" timestamp="30 Mar 2014 15:48:36 GMT" time="3.298" errors="0">
  <testcase name="EditorPermissionCustomQueuesOperationsMenu_Test" time="3.298" classname="com.nbcuni.test.publisher.tests.UserCreationAndManagement.Permissions.EditorPermissionCustomQueuesOperationsMenu"/>
</testsuite> <!-- com.nbcuni.test.publisher.tests.UserCreationAndManagement.Permissions.EditorPermissionCustomQueuesOperationsMenu -->
