<?xml version="1.0" encoding="UTF-8"?>
<!-- Generated by org.testng.reporters.JUnitReportReporter -->
<testsuite hostname="baclark77-mac1.home" name="com.nbcuni.test.publisher.tests.homepage.TC1_VerifyHomePage" tests="1" failures="0" timestamp="13 Dec 2013 16:29:15 GMT" time="0.008" errors="0">
  <testcase name="verifyHomePage" time="0.008" classname="com.nbcuni.test.publisher.tests.homepage.TC1_VerifyHomePage"/>
</testsuite> <!-- com.nbcuni.test.publisher.tests.homepage.TC1_VerifyHomePage -->
