<?xml version="1.0" encoding="UTF-8"?>
<!-- Generated by org.testng.reporters.JUnitReportReporter -->
<testsuite hostname="localhost" name="com.nbcuni.test.publisher.tests.SocialIntegration.ImplementAutoPublishingToTwitter.TwitterAutoPublishing" tests="1" failures="0" timestamp="26 Jun 2014 17:40:49 GMT" time="66.598" errors="0">
  <testcase name="TwitterAutoPublishing_Test" time="66.598" classname="com.nbcuni.test.publisher.tests.SocialIntegration.ImplementAutoPublishingToTwitter.TwitterAutoPublishing"/>
</testsuite> <!-- com.nbcuni.test.publisher.tests.SocialIntegration.ImplementAutoPublishingToTwitter.TwitterAutoPublishing -->
