<?xml version="1.0" encoding="UTF-8"?>
<!-- Generated by org.testng.reporters.JUnitReportReporter -->
<testsuite hostname="baclark77-mac1.home" name="com.nbcuni.test.publisher.tests.ContentEntityCreationManagement.ContentandEntityManagement.ContentandEntityScheduling.SchedulingContentPublishUnpublished" tests="1" failures="0" timestamp="4 May 2014 20:52:25 GMT" time="640.068" errors="0">
  <testcase name="SchedulingContentPublishUnpublished_TC2159" time="640.068" classname="com.nbcuni.test.publisher.tests.ContentEntityCreationManagement.ContentandEntityManagement.ContentandEntityScheduling.SchedulingContentPublishUnpublished"/>
</testsuite> <!-- com.nbcuni.test.publisher.tests.ContentEntityCreationManagement.ContentandEntityManagement.ContentandEntityScheduling.SchedulingContentPublishUnpublished -->
