<?xml version="1.0" encoding="UTF-8"?>
<!-- Generated by org.testng.reporters.JUnitReportReporter -->
<testsuite hostname="BACLARK77-MAC1.local" name="com.nbcuni.tests.publisher.tests.advertising.GPTConfiguration" tests="1" failures="0" timestamp="17 Dec 2013 20:33:06 GMT" time="43.936" errors="0">
  <testcase name="Test" time="43.936" classname="com.nbcuni.tests.publisher.tests.advertising.GPTConfiguration"/>
</testsuite> <!-- com.nbcuni.tests.publisher.tests.advertising.GPTConfiguration -->
