<?xml version="1.0" encoding="UTF-8"?>
<!-- Generated by org.testng.reporters.JUnitReportReporter -->
<testsuite hostname="new-host.home" name="com.nbcuni.test.publisher.tests.Video.Thumbnails.ThumbnailsAreNotUpdated" tests="1" failures="0" timestamp="18 Jun 2014 17:37:01 GMT" time="171.148" errors="0">
  <testcase name="ThumbnailsAreNotUpdated_Test" time="171.148" classname="com.nbcuni.test.publisher.tests.Video.Thumbnails.ThumbnailsAreNotUpdated"/>
</testsuite> <!-- com.nbcuni.test.publisher.tests.Video.Thumbnails.ThumbnailsAreNotUpdated -->
