<?xml version="1.0" encoding="UTF-8"?>
<!-- Generated by org.testng.reporters.JUnitReportReporter -->
<testsuite hostname="BACLARK77-MAC1.local" name="com.nbcuni.test.publisher.tests.Queues.DynamicQueues.AddTaxonomyParameters" tests="1" failures="0" timestamp="25 Aug 2014 19:16:40 GMT" time="91.834" errors="0">
  <testcase name="AddTaxonomyParameters_TC4420" time="91.834" classname="com.nbcuni.test.publisher.tests.Queues.DynamicQueues.AddTaxonomyParameters"/>
</testsuite> <!-- com.nbcuni.test.publisher.tests.Queues.DynamicQueues.AddTaxonomyParameters -->
