<?xml version="1.0" encoding="UTF-8"?>
<!-- Generated by org.testng.reporters.JUnitReportReporter -->
<testsuite hostname="baclark77-mac1.home" name="com.nbcuni.test.publisher.tests.SiteManagementAndReporting.SEOModules.TurnOnSEOOptimizationModule" tests="1" failures="0" timestamp="15 Mar 2014 12:59:09 GMT" time="108.380" errors="0">
  <testcase name="TurnOnSEOOptimizationModule_Test" time="108.380" classname="com.nbcuni.test.publisher.tests.SiteManagementAndReporting.SEOModules.TurnOnSEOOptimizationModule"/>
</testsuite> <!-- com.nbcuni.test.publisher.tests.SiteManagementAndReporting.SEOModules.TurnOnSEOOptimizationModule -->
