<?xml version="1.0" encoding="UTF-8"?>
<!-- Generated by org.testng.reporters.JUnitReportReporter -->
<testsuite hostname="localhost" name="com.nbcuni.test.publisher.tests.UserCreationAndManagement.Roles.RolesPredefinedInPublisher7" tests="1" failures="0" timestamp="13 Jun 2014 20:35:56 GMT" time="16.748" errors="0">
  <testcase name="RolesPredefinedInPublisher7_TC2184" time="16.748" classname="com.nbcuni.test.publisher.tests.UserCreationAndManagement.Roles.RolesPredefinedInPublisher7"/>
</testsuite> <!-- com.nbcuni.test.publisher.tests.UserCreationAndManagement.Roles.RolesPredefinedInPublisher7 -->
