<?xml version="1.0" encoding="UTF-8"?>
<!-- Generated by org.testng.reporters.JUnitReportReporter -->
<testsuite hostname="BACLARK77-MAC1.local" name="com.nbcuni.test.publisher.tests.Advertising.Comscore.Pixelman" tests="1" failures="0" timestamp="2 Oct 2014 17:15:36 GMT" time="256.979" errors="0">
  <testcase name="Pixelman_TC1155" time="256.979" classname="com.nbcuni.test.publisher.tests.Advertising.Comscore.Pixelman"/>
</testsuite> <!-- com.nbcuni.test.publisher.tests.Advertising.Comscore.Pixelman -->
