<?xml version="1.0" encoding="UTF-8"?>
<!-- Generated by org.testng.reporters.JUnitReportReporter -->
<testsuite hostname="BACLARK77-MAC1.local" name="com.nbcuni.test.publisher.tests.ContentEntityCreationManagement.ContentandEntityManagement.CountdownClock.CountdownClockEvents" tests="2" failures="0" timestamp="5 Sep 2014 12:22:45 GMT" time="214.554" errors="0">
  <testcase name="Cleanup" time="17.892" classname="com.nbcuni.test.publisher.tests.ContentEntityCreationManagement.ContentandEntityManagement.CountdownClock.CountdownClockEvents"/>
  <testcase name="CountdownClockEvents_TC4887" time="196.662" classname="com.nbcuni.test.publisher.tests.ContentEntityCreationManagement.ContentandEntityManagement.CountdownClock.CountdownClockEvents"/>
</testsuite> <!-- com.nbcuni.test.publisher.tests.ContentEntityCreationManagement.ContentandEntityManagement.CountdownClock.CountdownClockEvents -->
