<?xml version="1.0" encoding="UTF-8"?>
<!-- Generated by org.testng.reporters.JUnitReportReporter -->
<testsuite hostname="baclark77-mac1.home" name="com.nbcuni.test.publisher.tests.Video.DeIngestingMPXAccountsAndCorrespondingAssets.MPXAccountDeletion" tests="1" failures="0" timestamp="13 May 2014 14:23:56 GMT" time="189.698" errors="0">
  <testcase name="MPXAccountDeletion_TC1884" time="189.698" classname="com.nbcuni.test.publisher.tests.Video.DeIngestingMPXAccountsAndCorrespondingAssets.MPXAccountDeletion"/>
</testsuite> <!-- com.nbcuni.test.publisher.tests.Video.DeIngestingMPXAccountsAndCorrespondingAssets.MPXAccountDeletion -->
