<?xml version="1.0" encoding="UTF-8"?>
<!-- Generated by org.testng.reporters.JUnitReportReporter -->
<testsuite hostname="BACLARK77-MAC1.local" name="com.nbcuni.test.publisher.tests.UserCreationAndManagement.Passwords.PasswordRules" tests="1" failures="0" timestamp="7 Oct 2014 03:04:11 GMT" time="59.558" errors="0">
  <testcase name="PasswordRules_TC2185" time="59.558" classname="com.nbcuni.test.publisher.tests.UserCreationAndManagement.Passwords.PasswordRules"/>
</testsuite> <!-- com.nbcuni.test.publisher.tests.UserCreationAndManagement.Passwords.PasswordRules -->
