<?xml version="1.0" encoding="UTF-8"?>
<!-- Generated by org.testng.reporters.JUnitReportReporter -->
<testsuite hostname="BACLARK77-MAC1.local" name="com.nbcuni.test.publisher.tests.Setup.A1_TestSetup" tests="1" failures="0" timestamp="12 Sep 2014 13:39:40 GMT" time="136.567" errors="0">
  <testcase name="TestSetup_Test" time="136.567" classname="com.nbcuni.test.publisher.tests.Setup.A1_TestSetup"/>
</testsuite> <!-- com.nbcuni.test.publisher.tests.Setup.A1_TestSetup -->
