<?xml version="1.0" encoding="UTF-8"?>
<!-- Generated by org.testng.reporters.JUnitReportReporter -->
<testsuite hostname="baclark77-mac1.home" name="com.nbcuni.test.publisher.tests.ContentEntityCreationManagement.Images.ProvideUniqueURLImages.DisplayUniqueURLEachAssetEditForm" tests="1" failures="0" timestamp="16 Apr 2014 19:33:33 GMT" time="31.952" errors="0">
  <testcase name="DisplayUniqueURLEachAssetEditForm_Test" time="31.952" classname="com.nbcuni.test.publisher.tests.ContentEntityCreationManagement.Images.ProvideUniqueURLImages.DisplayUniqueURLEachAssetEditForm"/>
</testsuite> <!-- com.nbcuni.test.publisher.tests.ContentEntityCreationManagement.Images.ProvideUniqueURLImages.DisplayUniqueURLEachAssetEditForm -->
