<?xml version="1.0" encoding="UTF-8"?>
<!-- Generated by org.testng.reporters.JUnitReportReporter -->
<testsuite hostname="BACLARK77-MAC1.local" name="com.nbcuni.test.publisher.tests.Advertising.MPS.ImplementMPS" tests="1" failures="0" timestamp="25 Jul 2014 20:57:51 GMT" time="119.910" errors="0">
  <testcase name="ImplementMPS_TC2901" time="119.910" classname="com.nbcuni.test.publisher.tests.Advertising.MPS.ImplementMPS"/>
</testsuite> <!-- com.nbcuni.test.publisher.tests.Advertising.MPS.ImplementMPS -->
