<?xml version="1.0" encoding="UTF-8"?>
<!-- Generated by org.testng.reporters.JUnitReportReporter -->
<testsuite hostname="BACLARK77-MAC1.local" name="com.nbcuni.test.publisher.tests.Advertising.MPS.AutomaticallyCreatedMPSAdSlots" tests="1" failures="0" timestamp="4 Sep 2014 18:27:50 GMT" time="115.676" errors="0">
  <testcase name="AutomaticallyCreatedMPSAdSlots_TC4128" time="115.676" classname="com.nbcuni.test.publisher.tests.Advertising.MPS.AutomaticallyCreatedMPSAdSlots"/>
</testsuite> <!-- com.nbcuni.test.publisher.tests.Advertising.MPS.AutomaticallyCreatedMPSAdSlots -->
