<?xml version="1.0" encoding="UTF-8"?>
<!-- Generated by org.testng.reporters.JUnitReportReporter -->
<testsuite hostname="localhost" name="com.nbcuni.test.publisher.tests.Video.MPXReporting.MPXReportingBeta" tests="1" failures="0" timestamp="13 Jun 2014 20:35:56 GMT" time="21.549" errors="0">
  <testcase name="MPXReportingBeta_TC3085" time="21.549" classname="com.nbcuni.test.publisher.tests.Video.MPXReporting.MPXReportingBeta"/>
</testsuite> <!-- com.nbcuni.test.publisher.tests.Video.MPXReporting.MPXReportingBeta -->
