<?xml version="1.0" encoding="UTF-8"?>
<!-- Generated by org.testng.reporters.JUnitReportReporter -->
<testsuite hostname="BACLARK77-MAC1.local" name="com.nbcuni.test.publisher.tests.SocialIntegration.FunctionalImplementGigyaShareBar.ContentCommenting" tests="1" failures="0" timestamp="16 Jul 2014 19:54:15 GMT" time="36.691" errors="0">
  <testcase name="ContentCommenting_TC3977" time="36.691" classname="com.nbcuni.test.publisher.tests.SocialIntegration.FunctionalImplementGigyaShareBar.ContentCommenting"/>
</testsuite> <!-- com.nbcuni.test.publisher.tests.SocialIntegration.FunctionalImplementGigyaShareBar.ContentCommenting -->
