<?xml version="1.0" encoding="UTF-8"?>
<!-- Generated by org.testng.reporters.JUnitReportReporter -->
<testsuite hostname="baclark77-mac1.home" name="com.nbcuni.test.publisher.tests.Advertising.GooglePublisherTagsGPT.GPTTagsVerification" tests="1" failures="0" timestamp="30 Jan 2014 22:19:55 GMT" time="26.090" errors="0">
  <testcase name="GPTTagsVerification_Test" time="26.090" classname="com.nbcuni.test.publisher.tests.Advertising.GooglePublisherTagsGPT.GPTTagsVerification"/>
</testsuite> <!-- com.nbcuni.test.publisher.tests.Advertising.GooglePublisherTagsGPT.GPTTagsVerification -->
