<?xml version="1.0" encoding="UTF-8"?>
<!-- Generated by org.testng.reporters.JUnitReportReporter -->
<testsuite hostname="baclark77-mac1.home" name="com.nbcuni.test.publisher.tests.Advertising.GooglePublisherTagsGPT.GPTConfiguration" tests="1" failures="0" timestamp="31 Mar 2014 01:23:01 GMT" time="37.220" errors="0">
  <testcase name="GPTConfiguration_Test" time="37.220" classname="com.nbcuni.test.publisher.tests.Advertising.GooglePublisherTagsGPT.GPTConfiguration"/>
</testsuite> <!-- com.nbcuni.test.publisher.tests.Advertising.GooglePublisherTagsGPT.GPTConfiguration -->
