<?xml version="1.0" encoding="UTF-8"?>
<!-- Generated by org.testng.reporters.JUnitReportReporter -->
<testsuite hostname="BACLARK77-MAC1.local" name="com.nbcuni.test.publisher.tests.Advertising.MPS.MPSSupportTokens" tests="1" failures="0" timestamp="9 Jul 2014 19:03:49 GMT" time="127.197" errors="0">
  <testcase name="MPSSupportTokens_TC3641" time="127.197" classname="com.nbcuni.test.publisher.tests.Advertising.MPS.MPSSupportTokens"/>
</testsuite> <!-- com.nbcuni.test.publisher.tests.Advertising.MPS.MPSSupportTokens -->
