<?xml version="1.0" encoding="UTF-8"?>
<!-- Generated by org.testng.reporters.JUnitReportReporter -->
<testsuite hostname="baclark77-mac1.home" name="com.nbcuni.test.publisher.tests.ContentEntityCreationManagement.ContentandEntityManagement.StickyEditActions.StickyButtons" tests="1" failures="0" timestamp="5 May 2014 15:53:44 GMT" time="75.581" errors="0">
  <testcase name="StickyButtons_Test" time="75.581" classname="com.nbcuni.test.publisher.tests.ContentEntityCreationManagement.ContentandEntityManagement.StickyEditActions.StickyButtons"/>
</testsuite> <!-- com.nbcuni.test.publisher.tests.ContentEntityCreationManagement.ContentandEntityManagement.StickyEditActions.StickyButtons -->
