<?xml version="1.0" encoding="UTF-8"?>
<!-- Generated by org.testng.reporters.JUnitReportReporter -->
<testsuite hostname="localhost" name="com.nbcuni.test.publisher.tests.Video.Thumbnails.ThumbnailsAreNotUpdated" tests="1" failures="0" timestamp="20 Jun 2014 13:20:58 GMT" time="153.661" errors="0">
  <testcase name="ThumbnailsAreNotUpdated_Test" time="153.661" classname="com.nbcuni.test.publisher.tests.Video.Thumbnails.ThumbnailsAreNotUpdated"/>
</testsuite> <!-- com.nbcuni.test.publisher.tests.Video.Thumbnails.ThumbnailsAreNotUpdated -->
