<?xml version="1.0" encoding="UTF-8"?>
<!-- Generated by org.testng.reporters.JUnitReportReporter -->
<testsuite hostname="BACLARK77-MAC1.local" name="com.nbcuni.test.publisher.tests.Advertising.Comscore.Pixelman" tests="1" failures="0" timestamp="15 Oct 2014 12:19:05 GMT" time="149.854" errors="0">
  <testcase name="Pixelman_TC1155" time="149.854" classname="com.nbcuni.test.publisher.tests.Advertising.Comscore.Pixelman"/>
</testsuite> <!-- com.nbcuni.test.publisher.tests.Advertising.Comscore.Pixelman -->
