<?xml version="1.0" encoding="UTF-8"?>
<!-- Generated by org.testng.reporters.JUnitReportReporter -->
<testsuite hostname="localhost" name="com.nbcuni.test.publisher.tests.Metrics.SiteCatalyst.ImplementSiteCatalyst" tests="1" failures="0" timestamp="13 Jun 2014 20:35:57 GMT" time="34.144" errors="0">
  <testcase name="ImplementSiteCatalyst_TC1061" time="34.144" classname="com.nbcuni.test.publisher.tests.Metrics.SiteCatalyst.ImplementSiteCatalyst"/>
</testsuite> <!-- com.nbcuni.test.publisher.tests.Metrics.SiteCatalyst.ImplementSiteCatalyst -->
