<?xml version="1.0" encoding="UTF-8"?>
<!-- Generated by org.testng.reporters.JUnitReportReporter -->
<testsuite hostname="baclark77-mac1.home" name="com.nbcuni.test.publisher.tests.ContentEntityCreationManagement.ContentandEntityManagement.ContentandEntityScheduling.SchedulingContentPublishUnpublished" tests="1" failures="0" timestamp="16 Apr 2014 19:33:33 GMT" time="216.436" errors="0">
  <testcase name="SchedulingContentPublishUnpublished_TC2159" time="216.436" classname="com.nbcuni.test.publisher.tests.ContentEntityCreationManagement.ContentandEntityManagement.ContentandEntityScheduling.SchedulingContentPublishUnpublished"/>
</testsuite> <!-- com.nbcuni.test.publisher.tests.ContentEntityCreationManagement.ContentandEntityManagement.ContentandEntityScheduling.SchedulingContentPublishUnpublished -->
