<?xml version="1.0" encoding="UTF-8"?>
<!-- Generated by org.testng.reporters.JUnitReportReporter -->
<testsuite hostname="baclark77-mac1.home" name="com.nbcuni.test.publisher.tests.Advertising.MPS.ImplementMPS" tests="1" failures="0" timestamp="2 Jun 2014 19:30:23 GMT" time="52.142" errors="1">
  <testcase name="ImplementMPS_TC2901" time="52.142" classname="com.nbcuni.test.publisher.tests.Advertising.MPS.ImplementMPS">
    <error type="java.lang.AssertionError" message="Source &#039;var mpscall = {&#039;site&#039;:&#039;install&#039;, &#039;path&#039;:&#039;node/79&#039;&#039; is not present in page. expected [true] but found [false]">
      <![CDATA[java.lang.AssertionError: Source 'var mpscall = {'site':'install', 'path':'node/79'' is not present in page. expected [true] but found [false]
	at org.testng.Assert.fail(Assert.java:94)
	at org.testng.Assert.failNotEquals(Assert.java:494)
	at org.testng.Assert.assertTrue(Assert.java:42)
	at com.nbcuni.test.publisher.pageobjects.Content.ContentParent.VerifySourceInPage(ContentParent.java:158)
	at com.nbcuni.test.publisher.tests.Advertising.MPS.ImplementMPS.ImplementMPS_TC2901(ImplementMPS.java:87)
	at sun.reflect.NativeMethodAccessorImpl.invoke0(Native Method)
	at sun.reflect.NativeMethodAccessorImpl.invoke(NativeMethodAccessorImpl.java:57)
	at sun.reflect.DelegatingMethodAccessorImpl.invoke(DelegatingMethodAccessorImpl.java:43)
	at java.lang.reflect.Method.invoke(Method.java:606)
	at org.testng.internal.MethodInvocationHelper.invokeMethod(MethodInvocationHelper.java:84)
	at org.testng.internal.Invoker.invokeMethod(Invoker.java:714)
	at org.testng.internal.Invoker.invokeTestMethod(Invoker.java:901)
	at org.testng.internal.Invoker.invokeTestMethods(Invoker.java:1231)
	at org.testng.internal.TestMethodWorker.invokeTestMethods(TestMethodWorker.java:127)
	at org.testng.internal.TestMethodWorker.run(TestMethodWorker.java:111)
	at org.testng.TestRunner.privateRun(TestRunner.java:767)
	at org.testng.TestRunner.run(TestRunner.java:617)
	at org.testng.SuiteRunner.runTest(SuiteRunner.java:334)
	at org.testng.SuiteRunner.runSequentially(SuiteRunner.java:329)
	at org.testng.SuiteRunner.privateRun(SuiteRunner.java:291)
	at org.testng.SuiteRunner.run(SuiteRunner.java:240)
	at org.testng.SuiteRunnerWorker.runSuite(SuiteRunnerWorker.java:52)
	at org.testng.SuiteRunnerWorker.run(SuiteRunnerWorker.java:86)
	at org.testng.TestNG.runSuitesSequentially(TestNG.java:1224)
	at org.testng.TestNG.runSuitesLocally(TestNG.java:1149)
	at org.testng.TestNG.run(TestNG.java:1057)
	at org.testng.remote.RemoteTestNG.run(RemoteTestNG.java:111)
	at org.testng.remote.RemoteTestNG.initAndRun(RemoteTestNG.java:204)
	at org.testng.remote.RemoteTestNG.main(RemoteTestNG.java:175)
]]>
    </error>
  </testcase> <!-- ImplementMPS_TC2901 -->
</testsuite> <!-- com.nbcuni.test.publisher.tests.Advertising.MPS.ImplementMPS -->
