<?xml version="1.0" encoding="UTF-8"?>
<!-- Generated by org.testng.reporters.JUnitReportReporter -->
<testsuite hostname="BACLARK77-MAC1.local" name="com.nbcuni.test.publisher.tests.SocialIntegration.FunctionalImplementGigyaShareBar.ContentCommenting" tests="1" failures="0" timestamp="4 Aug 2014 16:57:11 GMT" time="59.107" errors="0">
  <testcase name="ContentCommenting_TC3977" time="59.107" classname="com.nbcuni.test.publisher.tests.SocialIntegration.FunctionalImplementGigyaShareBar.ContentCommenting"/>
</testsuite> <!-- com.nbcuni.test.publisher.tests.SocialIntegration.FunctionalImplementGigyaShareBar.ContentCommenting -->
