<?xml version="1.0" encoding="UTF-8"?>
<!-- Generated by org.testng.reporters.JUnitReportReporter -->
<testsuite hostname="baclark77-mac1.home" name="com.nbcuni.test.publisher.tests.SocialIntegration.FunctionalImplementGigyaShareBar.FunctionalImplementGigyaShareBar" tests="1" failures="0" timestamp="15 Apr 2014 00:06:30 GMT" time="192.808" errors="0">
  <testcase name="FunctionalImplementGigyaShareBar_Test" time="192.808" classname="com.nbcuni.test.publisher.tests.SocialIntegration.FunctionalImplementGigyaShareBar.FunctionalImplementGigyaShareBar"/>
</testsuite> <!-- com.nbcuni.test.publisher.tests.SocialIntegration.FunctionalImplementGigyaShareBar.FunctionalImplementGigyaShareBar -->
