<?xml version="1.0" encoding="UTF-8"?>
<!-- Generated by org.testng.reporters.JUnitReportReporter -->
<testsuite hostname="baclark77-mac1.home" name="com.nbcuni.test.publisher.tests.Video.SyncFromMPXButtonToVideoFileEntitiesEditForm.SyncFromMPXButtonToVideoFileEntitiesEditForm" tests="1" failures="0" timestamp="25 Jan 2014 14:03:45 GMT" time="14.184" errors="0">
  <testcase name="SyncFromMPXButtonToVideoFileEntitiesEditForm" time="14.184" classname="com.nbcuni.test.publisher.tests.Video.SyncFromMPXButtonToVideoFileEntitiesEditForm.SyncFromMPXButtonToVideoFileEntitiesEditForm"/>
</testsuite> <!-- com.nbcuni.test.publisher.tests.Video.SyncFromMPXButtonToVideoFileEntitiesEditForm.SyncFromMPXButtonToVideoFileEntitiesEditForm -->
