<?xml version="1.0" encoding="UTF-8"?>
<!-- Generated by org.testng.reporters.JUnitReportReporter -->
<testsuite hostname="BACLARK77-MAC1.local" name="com.nbcuni.test.publisher.tests.SiteManagementAndReporting.TVE.ImplementTVEModulesCore" tests="2" failures="0" timestamp="25 Jul 2014 18:13:16 GMT" time="169.996" errors="0">
  <testcase name="Cleanup" time="33.989" classname="com.nbcuni.test.publisher.tests.SiteManagementAndReporting.TVE.ImplementTVEModulesCore"/>
  <testcase name="ImplementTVEModulesCore_TC3261" time="136.007" classname="com.nbcuni.test.publisher.tests.SiteManagementAndReporting.TVE.ImplementTVEModulesCore"/>
</testsuite> <!-- com.nbcuni.test.publisher.tests.SiteManagementAndReporting.TVE.ImplementTVEModulesCore -->
