<?xml version="1.0" encoding="UTF-8"?>
<!-- Generated by org.testng.reporters.JUnitReportReporter -->
<testsuite hostname="baclark77-mac1.home" name="com.nbcuni.test.publisher.tests.Video.MPXConfigurationP7.MultipleMPXAccountsPerLoginVerification.MPXPlayersSyncVerification" tests="1" failures="0" timestamp="6 Jan 2014 14:55:35 GMT" time="84.704" errors="0">
  <testcase name="MPXPlayersSyncVerification" time="84.704" classname="com.nbcuni.test.publisher.tests.Video.MPXConfigurationP7.MultipleMPXAccountsPerLoginVerification.MPXPlayersSyncVerification"/>
</testsuite> <!-- com.nbcuni.test.publisher.tests.Video.MPXConfigurationP7.MultipleMPXAccountsPerLoginVerification.MPXPlayersSyncVerification -->
