<?xml version="1.0" encoding="UTF-8"?>
<!-- Generated by org.testng.reporters.JUnitReportReporter -->
<testsuite hostname="baclark77-mac1.home" name="com.nbcuni.test.publisher.tests.Video.UndefinedIndexesDisplayingForMPXPlayers.UndefinedIndexesDisplayingForMPXPlayers" tests="1" failures="1" timestamp="17 Jan 2014 22:04:59 GMT" time="10.204" errors="0">
  <testcase name="UndefinedIndexesDisplayingForMPXPlayers" time="10.204" classname="com.nbcuni.test.publisher.tests.Video.UndefinedIndexesDisplayingForMPXPlayers.UndefinedIndexesDisplayingForMPXPlayers">
    <failure type="org.sikuli.script.FindFailed" message="can not find /Users/brandonclark/SQE-TEST-Pub7/main/src/test/java/com/nbcuni/test/publisher/lib/sikuli/images/Login/UserName_Txb.png on the screen.">
      <![CDATA[FindFailed: can not find /Users/brandonclark/SQE-TEST-Pub7/main/src/test/java/com/nbcuni/test/publisher/lib/sikuli/images/Login/UserName_Txb.png on the screen.
Line ?, in File ?
	at org.sikuli.script.Region.handleFindFailed(Region.java:421)
	at org.sikuli.script.Region.wait(Region.java:512)
	at org.sikuli.script.Region.find(Region.java:382)
	at org.sikuli.script.Region.getLocationFromPSRML(Region.java:1134)
	at org.sikuli.script.Region.doubleClick(Region.java:636)
	at org.sikuli.script.Region.doubleClick(Region.java:623)
	at com.nbcuni.test.publisher.pageobjects.MPX.MPXLogin.Login(MPXLogin.java:56)
	at com.nbcuni.test.publisher.tests.Video.UndefinedIndexesDisplayingForMPXPlayers.UndefinedIndexesDisplayingForMPXPlayers.UndefinedIndexesDisplayingForMPXPlayers(UndefinedIndexesDisplayingForMPXPlayers.java:57)
	at sun.reflect.NativeMethodAccessorImpl.invoke0(Native Method)
	at sun.reflect.NativeMethodAccessorImpl.invoke(NativeMethodAccessorImpl.java:39)
	at sun.reflect.DelegatingMethodAccessorImpl.invoke(DelegatingMethodAccessorImpl.java:25)
	at java.lang.reflect.Method.invoke(Method.java:597)
	at org.testng.internal.MethodInvocationHelper.invokeMethod(MethodInvocationHelper.java:84)
	at org.testng.internal.Invoker.invokeMethod(Invoker.java:714)
	at org.testng.internal.Invoker.invokeTestMethod(Invoker.java:901)
	at org.testng.internal.Invoker.invokeTestMethods(Invoker.java:1231)
	at org.testng.internal.TestMethodWorker.invokeTestMethods(TestMethodWorker.java:127)
	at org.testng.internal.TestMethodWorker.run(TestMethodWorker.java:111)
	at java.util.concurrent.ThreadPoolExecutor$Worker.runTask(ThreadPoolExecutor.java:895)
	at java.util.concurrent.ThreadPoolExecutor$Worker.run(ThreadPoolExecutor.java:918)
	at java.lang.Thread.run(Thread.java:695)
]]>
    </failure>
  </testcase> <!-- UndefinedIndexesDisplayingForMPXPlayers -->
</testsuite> <!-- com.nbcuni.test.publisher.tests.Video.UndefinedIndexesDisplayingForMPXPlayers.UndefinedIndexesDisplayingForMPXPlayers -->
