<?xml version="1.0" encoding="UTF-8"?>
<!-- Generated by org.testng.reporters.JUnitReportReporter -->
<testsuite hostname="BACLARK77-MAC1.local" name="com.nbcuni.test.publisher.tests.Video.Thumbnails.ThumbnailsAreNotUpdated" tests="1" failures="0" timestamp="6 Mar 2014 16:57:39 GMT" time="188.834" errors="0">
  <testcase name="ThumbnailsAreNotUpdated_Test" time="188.834" classname="com.nbcuni.test.publisher.tests.Video.Thumbnails.ThumbnailsAreNotUpdated"/>
</testsuite> <!-- com.nbcuni.test.publisher.tests.Video.Thumbnails.ThumbnailsAreNotUpdated -->
