<?xml version="1.0" encoding="UTF-8"?>
<!-- Generated by org.testng.reporters.JUnitReportReporter -->
<testsuite hostname="baclark77-mac1.home" name="com.nbcuni.test.publisher.tests.ContentEntityCreationManagement.ContentandEntityManagement.ContentandEntityModerationStatesandWorkflows.PublishContenttoUnauthenticatedUsers" tests="1" failures="0" timestamp="2 Feb 2014 17:57:37 GMT" time="20.690" errors="0">
  <testcase name="PublishContenttoUnauthenticatedUsers_Test" time="20.690" classname="com.nbcuni.test.publisher.tests.ContentEntityCreationManagement.ContentandEntityManagement.ContentandEntityModerationStatesandWorkflows.PublishContenttoUnauthenticatedUsers"/>
</testsuite> <!-- com.nbcuni.test.publisher.tests.ContentEntityCreationManagement.ContentandEntityManagement.ContentandEntityModerationStatesandWorkflows.PublishContenttoUnauthenticatedUsers -->
