<?xml version="1.0" encoding="UTF-8"?>
<!-- Generated by org.testng.reporters.JUnitReportReporter -->
<testsuite hostname="baclark77-mac1.home" name="com.nbcuni.test.publisher.tests.SocialIntegration.Facebook.ConfiguringPublisherAutopublishingToFacebookTimeandWall" tests="1" failures="0" timestamp="8 Apr 2014 11:52:08 GMT" time="52.727" errors="0">
  <testcase name="ConfiguringPublisherAutopublishingToFacebookTimeandWall_Test" time="52.727" classname="com.nbcuni.test.publisher.tests.SocialIntegration.Facebook.ConfiguringPublisherAutopublishingToFacebookTimeandWall"/>
</testsuite> <!-- com.nbcuni.test.publisher.tests.SocialIntegration.Facebook.ConfiguringPublisherAutopublishingToFacebookTimeandWall -->
