<?xml version="1.0" encoding="UTF-8"?>
<!-- Generated by org.testng.reporters.JUnitReportReporter -->
<testsuite hostname="baclark77-mac1.home" name="com.nbcuni.test.publisher.tests.ContentEntityCreationManagement.ContentandEntityManagement.LockContentWhenEditing.ContentLocking" tests="1" failures="0" timestamp="8 May 2014 16:14:59 GMT" time="69.109" errors="0">
  <testcase name="ContentLocking_Test" time="69.109" classname="com.nbcuni.test.publisher.tests.ContentEntityCreationManagement.ContentandEntityManagement.LockContentWhenEditing.ContentLocking"/>
</testsuite> <!-- com.nbcuni.test.publisher.tests.ContentEntityCreationManagement.ContentandEntityManagement.LockContentWhenEditing.ContentLocking -->
