<?xml version="1.0" encoding="UTF-8"?>
<!-- Generated by org.testng.reporters.JUnitReportReporter -->
<testsuite hostname="baclark77-mac1.home" name="com.nbcuni.test.publisher.tests.ContentEntityCreationManagement.ContentandEntityManagement.ContentandEntityScheduling.SchedulingContentPublishUnpublished" tests="1" failures="0" timestamp="13 May 2014 13:38:58 GMT" time="345.730" errors="1">
  <testcase name="SchedulingContentPublishUnpublished_TC2159" time="345.730" classname="com.nbcuni.test.publisher.tests.ContentEntityCreationManagement.ContentandEntityManagement.ContentandEntityScheduling.SchedulingContentPublishUnpublished">
    <error type="java.lang.AssertionError" message="The message status &#039;b9255ccdca0140f has been scheduled to Moderate to Published on 05/14/2014 - &#039; is not present.">
      <![CDATA[java.lang.AssertionError: The message status 'b9255ccdca0140f has been scheduled to Moderate to Published on 05/14/2014 - ' is not present.
	at org.testng.Assert.fail(Assert.java:94)
	at com.nbcuni.test.publisher.pageobjects.Content.ContentParent.VerifyMessageStatus(ContentParent.java:89)
	at com.nbcuni.test.publisher.tests.ContentEntityCreationManagement.ContentandEntityManagement.ContentandEntityScheduling.SchedulingContentPublishUnpublished.SchedulingContentPublishUnpublished_TC2159(SchedulingContentPublishUnpublished.java:233)
	at sun.reflect.NativeMethodAccessorImpl.invoke0(Native Method)
	at sun.reflect.NativeMethodAccessorImpl.invoke(NativeMethodAccessorImpl.java:57)
	at sun.reflect.DelegatingMethodAccessorImpl.invoke(DelegatingMethodAccessorImpl.java:43)
	at java.lang.reflect.Method.invoke(Method.java:606)
	at org.testng.internal.MethodInvocationHelper.invokeMethod(MethodInvocationHelper.java:84)
	at org.testng.internal.Invoker.invokeMethod(Invoker.java:714)
	at org.testng.internal.Invoker.invokeTestMethod(Invoker.java:901)
	at org.testng.internal.Invoker.invokeTestMethods(Invoker.java:1231)
	at org.testng.internal.TestMethodWorker.invokeTestMethods(TestMethodWorker.java:127)
	at org.testng.internal.TestMethodWorker.run(TestMethodWorker.java:111)
	at org.testng.TestRunner.privateRun(TestRunner.java:767)
	at org.testng.TestRunner.run(TestRunner.java:617)
	at org.testng.SuiteRunner.runTest(SuiteRunner.java:334)
	at org.testng.SuiteRunner.runSequentially(SuiteRunner.java:329)
	at org.testng.SuiteRunner.privateRun(SuiteRunner.java:291)
	at org.testng.SuiteRunner.run(SuiteRunner.java:240)
	at org.testng.SuiteRunnerWorker.runSuite(SuiteRunnerWorker.java:52)
	at org.testng.SuiteRunnerWorker.run(SuiteRunnerWorker.java:86)
	at org.testng.TestNG.runSuitesSequentially(TestNG.java:1224)
	at org.testng.TestNG.runSuitesLocally(TestNG.java:1149)
	at org.testng.TestNG.run(TestNG.java:1057)
	at org.testng.remote.RemoteTestNG.run(RemoteTestNG.java:111)
	at org.testng.remote.RemoteTestNG.initAndRun(RemoteTestNG.java:204)
	at org.testng.remote.RemoteTestNG.main(RemoteTestNG.java:175)
]]>
    </error>
  </testcase> <!-- SchedulingContentPublishUnpublished_TC2159 -->
</testsuite> <!-- com.nbcuni.test.publisher.tests.ContentEntityCreationManagement.ContentandEntityManagement.ContentandEntityScheduling.SchedulingContentPublishUnpublished -->
