<?xml version="1.0" encoding="UTF-8"?>
<!-- Generated by org.testng.reporters.JUnitReportReporter -->
<testsuite hostname="BACLARK77-MAC1.local" name="com.nbcuni.test.publisher.tests.Video.MPXConfigurationP7.AllowSitesToConfigureMultipleMPXAccounts.MPXMediaSyncVerification" tests="1" failures="0" timestamp="25 Apr 2014 11:41:16 GMT" time="51.440" errors="0">
  <testcase name="MPXMediaSyncVerification_Test" time="51.440" classname="com.nbcuni.test.publisher.tests.Video.MPXConfigurationP7.AllowSitesToConfigureMultipleMPXAccounts.MPXMediaSyncVerification"/>
</testsuite> <!-- com.nbcuni.test.publisher.tests.Video.MPXConfigurationP7.AllowSitesToConfigureMultipleMPXAccounts.MPXMediaSyncVerification -->
